number,value,datetime_start,datetime_complete,duration,params_background_amplitude_fraction,params_background_center,params_background_offset,params_background_width,params_peak_1_amplitude_fraction,params_peak_1_center,params_peak_1_sigma,params_peak_2_amplitude_fraction,params_peak_2_center,params_peak_2_sigma,system_attrs_fixed_params,state
1367,0.3040365690919122,2026-07-17 16:29:29.899654,2026-07-17 16:29:29.939008,0 days 00:00:00.039354,-0.27969627504830874,783.6002694048458,225.72867596389509,1.1866446754431033,0.8849404847969335,780.5228113953154,0.3054304226841563,0.2055235398430408,777.610916605444,2.6634943728517966,,COMPLETE
1368,0.2939400289403491,2026-07-17 16:29:29.939008,2026-07-17 16:29:29.964473,0 days 00:00:00.025465,-0.014273299325245792,776.90500315584,-34.754847453445514,0.6531263866578453,0.6829653362259279,781.7563294113711,1.3423810316615779,0.9638422611239087,779.4400370305266,0.5051241049815883,,COMPLETE
1369,0.58144695779503,2026-07-17 16:29:29.964473,2026-07-17 16:29:29.992578,0 days 00:00:00.028105,-0.031145914598280845,783.3138580516988,75.51225572741114,2.3153224527018628,1.1355840193660034,781.4353890298357,1.1538157616739784,0.1396325429190221,783.0099241380731,2.6792559891215584,,COMPLETE
1370,0.7600235062307167,2026-07-17 16:29:29.994320,2026-07-17 16:29:30.024825,0 days 00:00:00.030505,-0.4087017798136462,780.112875915188,739.2665769931175,0.12043857783679715,0.5540790957214763,781.7434606312663,0.9211878496335857,0.9898365988703481,777.8036420356578,1.624813192088046,,COMPLETE
1371,0.5299836268395018,2026-07-17 16:29:30.024825,2026-07-17 16:29:30.050863,0 days 00:00:00.026038,0.19633917406874146,783.2450299823543,272.8216683576618,7.541894574354513,0.9104323430690525,780.3508766846483,0.9855900199381238,0.34832638720120496,781.6662568966589,2.2072386685083627,,COMPLETE
1372,0.7389514016437465,2026-07-17 16:29:30.050863,2026-07-17 16:29:30.087935,0 days 00:00:00.037072,0.589734162226998,777.5857637791216,186.47462671163427,2.9843224448089103,0.37870769896840367,782.0418302821021,0.13006023021183483,0.9886860957288841,780.4846326323378,1.5022882425656345,,COMPLETE
1373,0.24576503325478044,2026-07-17 16:29:30.087935,2026-07-17 16:29:30.119656,0 days 00:00:00.031721,-0.07042100791257205,782.1980366779119,13.975759706654639,7.524346499466879,0.9660658118323506,778.8345995715503,0.771260869588116,0.05935450520865013,781.7888454307757,2.929485345074655,,COMPLETE
1374,0.4399772479143225,2026-07-17 16:29:30.119656,2026-07-17 16:29:30.144693,0 days 00:00:00.025037,-0.2615197286763473,776.4755355094255,-249.06793548040042,0.22170664206700386,0.07885296750487095,781.1189915237544,0.9720649646468019,0.6125844585979456,779.8245896372952,2.422610949483173,,COMPLETE
1375,1.8465806431310325,2026-07-17 16:29:30.144693,2026-07-17 16:29:30.169064,0 days 00:00:00.024371,1.0847026923915366,779.5388522249185,628.8951745595734,0.14000706832650586,1.2490114249027386,778.9258726157179,0.35338160579331834,1.254497120322004,780.5886400450578,2.396182384676701,,COMPLETE
1376,0.4893748745471315,2026-07-17 16:29:30.169064,2026-07-17 16:29:30.198114,0 days 00:00:00.029050,-0.4805906594025694,776.7469445931716,-241.88892419141806,2.4872345946182115,0.6772685462908896,779.8259033076806,0.20813935490276103,0.9744027370562158,780.6249684245596,1.5566314720830032,,COMPLETE
1377,0.2686940656976065,2026-07-17 16:29:30.198114,2026-07-17 16:29:30.224100,0 days 00:00:00.025986,0.11089233315679065,776.6201430453777,-270.3941194342152,3.500551603652866,0.3476882570533988,779.1693607475131,1.6264106996822467,0.658306682338957,781.3779675930076,2.538332402031731,,COMPLETE
1378,0.34053667316946,2026-07-17 16:29:30.224100,2026-07-17 16:29:30.249241,0 days 00:00:00.025141,-0.17983718740729196,780.5006368239295,-146.22532926292664,5.4303564976927765,0.9115163597008574,780.4507396201451,1.1529870623284966,0.12256417443485627,783.7427499069304,2.308066535970272,,COMPLETE
1379,0.59173865248105,2026-07-17 16:29:30.249241,2026-07-17 16:29:30.272450,0 days 00:00:00.023209,-0.8807425548686116,776.9059694763002,195.72378258892613,2.9708937184737128,0.3385238508651176,782.973440819205,0.1167521891619715,0.715124580005317,778.6135636477902,1.602582931253003,,COMPLETE
1380,0.4022070428879355,2026-07-17 16:29:30.272450,2026-07-17 16:29:30.297859,0 days 00:00:00.025409,-1.2954919920141728,781.6807519160449,344.4340986280448,7.1663020437958265,0.9632896818501181,778.4163053665144,1.712622541141083,0.03289575780212461,782.1734577185607,2.5991008873853194,,COMPLETE
1381,0.43384004013131744,2026-07-17 16:29:30.297859,2026-07-17 16:29:30.323563,0 days 00:00:00.025704,-0.7055026314751558,782.1386819979804,68.87459110980313,2.4887230568988596,0.49767279980575235,780.6282762036587,1.153938960392683,0.11171897226716138,783.2060029830014,0.3069518745794872,,COMPLETE
1382,0.44660004146579685,2026-07-17 16:29:30.323563,2026-07-17 16:29:30.347778,0 days 00:00:00.024215,-0.8834676501527647,781.079253613152,1178.577552332542,4.139006287617121,0.40527003472215056,781.0050412593864,0.14618835436833022,0.9236718999313263,781.5001358754683,0.15578697297567068,,COMPLETE
1383,0.08571929894607226,2026-07-17 16:29:30.347778,2026-07-17 16:29:30.370703,0 days 00:00:00.022925,-0.2266360270307668,783.4636599723705,85.3356747257919,6.812056068599883,0.5962398437457265,779.2770045799535,0.620016261015306,0.41221368755529175,779.7579523518982,2.1113404936684783,,COMPLETE
1384,1.856118480790606,2026-07-17 16:29:30.370703,2026-07-17 16:29:30.397123,0 days 00:00:00.026420,0.38872826921264614,779.2591563521921,1197.3312559761882,5.0738635882105925,0.5309293366961912,780.3840472430683,2.8923392172509006,1.2278250161698647,778.9329408120618,1.7989747425613145,,COMPLETE
1385,0.2096356181424624,2026-07-17 16:29:30.397123,2026-07-17 16:29:30.422666,0 days 00:00:00.025543,0.19091079477646666,783.2441920888482,176.59496157434853,1.8275425582346165,0.30999997852217004,778.7665742927163,0.8846362643058718,0.3043156016842438,780.318503077024,1.6658170598849105,,COMPLETE
1386,1000.0005018538722,2026-07-17 16:29:30.422666,2026-07-17 16:29:30.467797,0 days 00:00:00.045131,0.47945639789783623,782.5152592741133,400.0394062841624,6.702848474315277,0.38958949123037656,779.3207262808911,0.6528752111980303,0.5931043895868502,779.4167616353014,2.255438683754609,,COMPLETE
1387,0.526799784745589,2026-07-17 16:29:30.467797,2026-07-17 16:29:30.496437,0 days 00:00:00.028640,0.2979369563828906,776.4675967959791,115.77183843496384,0.4320376676377209,0.13029455985232058,782.1659083720236,0.21020676298428898,1.0513427665490018,778.703380530831,1.4748824204252036,,COMPLETE
1388,1000.0020862545377,2026-07-17 16:29:30.496437,2026-07-17 16:29:30.521209,0 days 00:00:00.024772,-0.782675794016918,783.6828560713624,-303.6249513549623,6.754152237199058,1.0509513073296175,779.9000788012221,1.4178412419659003,0.09090684817233777,779.8165602120699,2.9033744693847945,,COMPLETE
1389,0.4884405136633903,2026-07-17 16:29:30.521209,2026-07-17 16:29:30.544572,0 days 00:00:00.023363,0.573160049614732,782.6454715755677,-54.17684248883026,7.770627697788718,0.9194971915423431,780.4417751658964,1.6057714916050432,0.1768837697110831,780.2871904396516,2.484689265056483,,COMPLETE
1390,0.1754784340865549,2026-07-17 16:29:30.544572,2026-07-17 16:29:30.569370,0 days 00:00:00.024798,0.2308275858387016,779.9803423971551,-164.63405747272407,0.8763293586765212,0.7367757304571216,778.8900205329787,1.3391602476080053,0.05551828994779334,783.1634478342587,2.6368026090078915,,COMPLETE
1391,0.4952384760277852,2026-07-17 16:29:30.569370,2026-07-17 16:29:30.592809,0 days 00:00:00.023439,-0.7040453756134846,782.0610753044994,-80.00682998401882,2.7046278985421903,0.625915621305432,776.658985626472,0.4369671346308446,0.5234340346528403,780.4377100526906,1.4260987737954876,,COMPLETE
1392,0.31569061056227604,2026-07-17 16:29:30.592809,2026-07-17 16:29:30.617191,0 days 00:00:00.024382,-0.1342824298399942,783.0273842133275,182.88535110920225,3.663720631987711,0.7054718113597932,781.164366380589,0.18567041702378229,0.5187143451189608,780.0554593098955,2.4656719259819955,,COMPLETE
1393,0.510728689591398,2026-07-17 16:29:30.617191,2026-07-17 16:29:30.639706,0 days 00:00:00.022515,-1.1086548039329365,783.6994063232698,390.509065819327,3.9506429588785013,0.7925215037641624,777.2961918378656,1.0968959625329977,0.11643783447761324,781.5222074612311,2.224117698020364,,COMPLETE
1394,0.6307922583424528,2026-07-17 16:29:30.639706,2026-07-17 16:29:30.666351,0 days 00:00:00.026645,-0.20549527011401453,776.7256547090165,-255.84066393143735,0.38444310500782836,0.274578470222002,782.3737760239062,2.529840183198153,1.342671661685478,778.678015856502,0.19923754448813835,,COMPLETE
1395,0.2709472197367726,2026-07-17 16:29:30.666351,2026-07-17 16:29:30.691277,0 days 00:00:00.024926,0.01848076563921283,781.9707381912087,8.026106181432127,5.083959330576653,0.7547392457737623,779.2871948886485,0.33137951888678296,0.7190729139405496,778.2347090482834,1.9982392737868053,,COMPLETE
1396,0.2790774560347052,2026-07-17 16:29:30.691277,2026-07-17 16:29:30.726315,0 days 00:00:00.035038,0.04095827770383055,777.2334175067261,14.646865449653319,2.4578585364253174,0.3865482219534093,782.2466952000099,0.3336816573534398,0.5734536494497413,779.8430388887829,2.2338438217330703,,COMPLETE
1397,0.8075033622641964,2026-07-17 16:29:30.726315,2026-07-17 16:29:30.752129,0 days 00:00:00.025814,-1.055097415868046,776.7565872906065,-192.73615882665396,3.1972876194786037,0.6406871617629599,777.1621054442911,1.5670984247138353,0.7586366023672582,779.1287194459135,1.7742734917610434,,COMPLETE
1398,0.4091580182389399,2026-07-17 16:29:30.752129,2026-07-17 16:29:30.788162,0 days 00:00:00.036033,-0.3321188048155843,776.9262991660216,-183.99158922854224,2.7861049415355676,0.7003596644737062,780.0510635909343,1.5995272579561144,0.6513300678460814,776.1751786728435,1.1838131341518277,,COMPLETE
1399,0.9008358210992394,2026-07-17 16:29:30.788162,2026-07-17 16:29:30.817129,0 days 00:00:00.028967,0.7164236595772875,782.6800011754676,657.8364929155553,0.5546337083405917,1.3741561087174403,783.378268571825,0.15180720543916792,0.8377641235355823,778.3844662375122,1.8221369559744383,,COMPLETE
1400,0.24312346807887877,2026-07-17 16:29:30.818133,2026-07-17 16:29:30.852029,0 days 00:00:00.033896,-0.4581866963844279,782.8146338540654,204.936023724032,5.7975813820616695,0.3651161004186752,778.5091887193811,0.3350265807669659,0.3981404238325217,779.8480407733473,2.3316138629149625,,COMPLETE
1401,0.5551995544330215,2026-07-17 16:29:30.853047,2026-07-17 16:29:30.880974,0 days 00:00:00.027927,-0.5647249953817719,783.9073043969735,-219.16927662379018,6.464323300884142,1.07929728855002,782.4559685980183,0.44204713383027094,0.5221154013762428,779.8256565452846,1.1837367319565837,,COMPLETE
1402,0.31200614231984725,2026-07-17 16:29:30.880974,2026-07-17 16:29:30.906019,0 days 00:00:00.025045,0.10177932245158294,781.4175446218161,282.1285708962147,2.5475357332008914,0.745664074718821,778.8052227095708,1.1368335554209459,0.16408987654878557,781.3993432344023,2.4473993840368258,,COMPLETE
1403,0.3813555920760217,2026-07-17 16:29:30.906019,2026-07-17 16:29:30.930963,0 days 00:00:00.024944,-0.5181863857598838,783.5679327678926,312.3149385150005,5.530139525953121,0.5529624693783142,780.5705152071454,0.2770781279268224,0.05508448543898009,777.8602602592504,2.7086461714846117,,COMPLETE
1404,0.3453283864608927,2026-07-17 16:29:30.930963,2026-07-17 16:29:30.958026,0 days 00:00:00.027063,0.10411189488625865,778.6669723726928,129.90687465550366,2.370243120521261,0.2607811873622389,783.212493350619,0.35545840347472357,0.6359946166461409,778.0215635606319,1.9208839218699634,,COMPLETE
1405,1.4344178563457746,2026-07-17 16:29:30.958026,2026-07-17 16:29:30.989453,0 days 00:00:00.031427,1.4382407719919492,782.4561174795697,921.134969313209,2.096285605265694,0.6865084458893603,779.8906032692736,0.3630989631698378,0.8525563615338194,783.383077143124,2.232686238103261,,COMPLETE
1406,0.37484291822127946,2026-07-17 16:29:30.989453,2026-07-17 16:29:31.023301,0 days 00:00:00.033848,-0.31081911705591364,777.8766216708552,-200.62013799924023,0.9148713440455798,0.34208164364589827,780.9682180865095,0.7117102913781455,0.7372037515976623,779.0087139923824,1.763070001174616,,COMPLETE
1407,0.7459696135823992,2026-07-17 16:29:31.023301,2026-07-17 16:29:31.056187,0 days 00:00:00.032886,0.17739934659268114,777.8843313224688,407.17804939030566,0.46598748106560095,0.16382658556609542,782.1510014891325,0.6457474920993803,0.9783411392240415,780.7862881245625,1.7273799113602293,,COMPLETE
1408,0.6322056828523002,2026-07-17 16:29:31.056187,2026-07-17 16:29:31.090784,0 days 00:00:00.034597,0.893308706442456,776.6869731693189,-289.4488601180795,2.0150688329051163,0.5143948499729983,782.0908968536093,2.4554784390112645,0.20697601339106245,777.8992779533551,0.669677002017556,,COMPLETE
1409,0.44864620558080737,2026-07-17 16:29:31.090784,2026-07-17 16:29:31.123661,0 days 00:00:00.032877,-0.16633540122748403,776.9724635723679,-215.29625288066003,1.3109705227672381,0.1193877364483698,781.7399210007263,0.2756843138502484,0.46935823870547394,779.7913498293705,2.097219771757119,,COMPLETE
1410,0.9271656839757393,2026-07-17 16:29:31.123661,2026-07-17 16:29:31.156111,0 days 00:00:00.032450,-1.3925819525907448,776.3063757876391,1096.8064581724366,3.5102904540020785,1.0158269667503634,777.7510551469984,0.3841304628150004,1.344847788577224,777.5842124765408,1.0624402683448664,,COMPLETE
1411,0.8861064777967557,2026-07-17 16:29:31.156111,2026-07-17 16:29:31.191323,0 days 00:00:00.035212,1.4004459178318336,780.787769228175,-84.94211497635627,0.22214882934169294,0.1222692285505722,780.2378174164055,0.4497971439914168,0.23379525541403512,779.9041691997921,2.291554143500808,,COMPLETE
1412,0.6292222021589748,2026-07-17 16:29:31.191323,2026-07-17 16:29:31.225449,0 days 00:00:00.034126,1.0691131478463491,781.8101427891206,132.40920348813836,2.3994063865266395,0.4166997347597552,781.0735822727702,1.5151831016678576,1.2107992776538632,776.644996850393,0.18687752077784592,,COMPLETE
1413,0.9172554453886231,2026-07-17 16:29:31.225449,2026-07-17 16:29:31.255771,0 days 00:00:00.030322,0.9834259193976447,776.8436545832201,35.443043567939654,0.2786183461533213,0.027427391961324675,782.0171526457136,1.5733771731920445,0.5311776322352564,779.94240047725,2.005334481902416,,COMPLETE
1414,1000.0113217314546,2026-07-17 16:29:31.255771,2026-07-17 16:29:31.287959,0 days 00:00:00.032188,0.9763847906531102,783.8284936706765,298.77968767750906,1.943621947552522,0.8035269564595896,779.1415646204343,0.2187571244539832,0.25337882838997783,779.1521229419428,1.7067174211568172,,COMPLETE
1415,0.4598000679291442,2026-07-17 16:29:31.287959,2026-07-17 16:29:31.318380,0 days 00:00:00.030421,-1.394565674512596,783.6128568908921,9.654779548145058,0.9246088810770875,1.2760498795076967,780.6816138208878,0.8377793770272105,0.06778757571218723,780.1124016826473,2.344737228526971,,COMPLETE
1416,0.17254874289316355,2026-07-17 16:29:31.318380,2026-07-17 16:29:31.350370,0 days 00:00:00.031990,-0.083412782061423,783.722153534588,224.45307709053716,3.604962911361199,0.5489632120513948,779.6786271208152,0.512993707158404,0.2296179734271211,780.10907413668,2.175811941067069,,COMPLETE
1417,0.5508197705788569,2026-07-17 16:29:31.350370,2026-07-17 16:29:31.382940,0 days 00:00:00.032570,-0.17163704602711588,783.5917116171519,485.6749243110445,4.622116190864896,0.6349623868776415,777.0592413057537,0.6418426748324952,0.7463265804959547,779.1899854799291,1.573107899060147,,COMPLETE
1418,0.6805864376019212,2026-07-17 16:29:31.382940,2026-07-17 16:29:31.418357,0 days 00:00:00.035417,0.6241843073342411,783.4478167045557,64.16443308805435,5.808470551615799,0.7069443279580367,777.9898353036971,0.8506150087847695,0.7723715765771666,780.060035616233,2.499712627307653,,COMPLETE
1419,0.6762883868107792,2026-07-17 16:29:31.418357,2026-07-17 16:29:31.454867,0 days 00:00:00.036510,0.8074722597771591,781.6930841578046,42.09998832402684,6.255725520121938,1.1495014029445885,776.8178126937594,0.9919440793179528,0.0859530680721423,781.3779146980802,2.97634507400882,,COMPLETE
1420,0.41052499922579355,2026-07-17 16:29:31.454867,2026-07-17 16:29:31.492082,0 days 00:00:00.037215,-0.05728075823247627,778.4156485886508,110.07506421092552,3.171397301027506,0.07020566797381685,783.0576885315008,0.1643100576055753,0.6213702173797346,781.8714840336366,2.0401659950260953,,COMPLETE
1421,0.6117068098652856,2026-07-17 16:29:31.492082,2026-07-17 16:29:31.524554,0 days 00:00:00.032472,-1.3689220432431826,781.3758743941972,644.6998219309535,6.31145780245618,1.2580222733529567,777.7152623550045,0.4577835418839824,0.4333268056068843,783.8624767255886,0.7893215017667906,,COMPLETE
1422,0.19680772904638388,2026-07-17 16:29:31.525562,2026-07-17 16:29:31.555581,0 days 00:00:00.030019,-0.8028254971260079,782.8122227214641,113.35846180025067,4.394923975645831,0.752743901119457,780.135474309074,1.2871637145917574,0.25969611699912565,782.2129746763128,2.89474033425487,,COMPLETE
1423,0.2163491638355552,2026-07-17 16:29:31.555581,2026-07-17 16:29:31.582703,0 days 00:00:00.027122,-0.44474133673746974,783.6344309046754,187.52049973498416,3.9584593842716536,0.7925556665982296,780.2188838357179,1.1355152338047776,0.2965254447569438,779.5369154750597,2.6925528421634817,,COMPLETE
1424,0.2920602187736089,2026-07-17 16:29:31.582703,2026-07-17 16:29:31.611289,0 days 00:00:00.028586,-0.9460481534234875,780.4975017566367,586.8075153245402,4.0403516936097015,0.48187907925316575,780.4166191259355,1.0635294759387297,0.0885399874610477,783.5930859675473,0.9993948539903597,,COMPLETE
1425,0.25369280051374055,2026-07-17 16:29:31.611289,2026-07-17 16:29:31.646000,0 days 00:00:00.034711,0.32940770612894466,782.5468805877624,116.24029331999508,6.296008611688328,0.3988755367144797,779.4193083489627,0.9133176354271666,0.45425506648513636,778.0011829691803,1.2709954649088675,,COMPLETE
1426,1.5229414500478793,2026-07-17 16:29:31.646000,2026-07-17 16:29:31.683382,0 days 00:00:00.037382,1.345226129969586,777.5508364382451,21.494113612411923,1.3572567809487017,1.2834645433964997,779.2758438620201,1.9887522586477275,0.12192695265212283,777.8383649915604,2.9695675128429375,,COMPLETE
1427,0.40295479422899383,2026-07-17 16:29:31.683382,2026-07-17 16:29:31.713848,0 days 00:00:00.030466,-0.3374902950714233,783.7708842008442,240.92578641503238,6.08855252600167,0.41849587073419026,778.6090672647625,1.2096643759866283,0.7409536071031908,779.0007161076701,2.2530440156147207,,COMPLETE
1428,0.24831383383086703,2026-07-17 16:29:31.713848,2026-07-17 16:29:31.754104,0 days 00:00:00.040256,-0.5034036894294851,776.94499119965,13.7860203447336,1.1091900445655465,0.7001478062171564,780.378814745096,1.3451727335001578,0.477587356964774,779.758427258475,2.337478111613592,,COMPLETE
1429,0.710492237936965,2026-07-17 16:29:31.754104,2026-07-17 16:29:31.791734,0 days 00:00:00.037630,-0.36766609817707085,778.81813497902,-261.365670819347,1.2431615638015034,0.1100796385608067,782.5107865265084,0.29229061237481857,0.7016863146870078,781.5324604375948,1.0361414152150907,,COMPLETE
1430,0.39454818665335495,2026-07-17 16:29:31.791734,2026-07-17 16:29:31.829148,0 days 00:00:00.037414,0.4367914501124234,782.3556358021643,18.73595792762925,4.801873628836454,1.149739884323975,778.6855026781818,1.3363409755262514,0.04022630523707356,778.4092378521345,2.3409740960158443,,COMPLETE
1431,0.7910905927165953,2026-07-17 16:29:31.829148,2026-07-17 16:29:31.868125,0 days 00:00:00.038977,-0.11574594266697957,779.169063863259,1075.4446856364532,0.29131352870035987,0.714451785888168,778.2278695789953,1.3118487104298622,0.10691008809282465,778.4539515722932,0.26534543449305814,,COMPLETE
1432,0.5425845808262458,2026-07-17 16:29:31.868125,2026-07-17 16:29:31.906991,0 days 00:00:00.038866,0.04456967203729019,782.3993283167915,-87.62360669484464,1.0759696426359884,0.8444794122228427,781.3444223730212,0.5752607463466423,0.28969155575870076,783.2054493558511,1.7605389079080571,,COMPLETE
1433,1.0345580469441147,2026-07-17 16:29:31.906991,2026-07-17 16:29:31.944926,0 days 00:00:00.037935,0.2703523097371592,783.5408301803682,520.1493126366086,6.406715009804542,1.462764891028371,780.7408501414363,0.25615054606432186,1.3885066819302758,783.7256737789287,1.619679078154916,,COMPLETE
1434,0.15904543010291222,2026-07-17 16:29:31.944926,2026-07-17 16:29:31.973914,0 days 00:00:00.028988,-0.07214317894016758,783.1515217695343,-115.83263898930173,4.289423225025761,0.3673919835234719,778.896357406001,0.24757891566731188,0.6719911190760586,779.3851620220472,2.0365116852145144,,COMPLETE
1435,0.5653213057244089,2026-07-17 16:29:31.973914,2026-07-17 16:29:32.003983,0 days 00:00:00.030069,0.8303569892121863,783.1281684193686,-303.36442638967367,3.216304078961498,0.7337356009536867,781.784987119223,1.3678548143478315,0.09739867103517577,781.2799876790209,1.5486708943548162,,COMPLETE
1436,0.44814821179245795,2026-07-17 16:29:32.003983,2026-07-17 16:29:32.038268,0 days 00:00:00.034285,0.17215843771569223,783.5629167376659,-257.7623725936107,6.1784237909613795,1.0705978673171768,780.8292521506195,0.8193578051851975,0.12026697367133572,781.2407971376354,2.7068218871486893,,COMPLETE
1437,0.19193317122537173,2026-07-17 16:29:32.038268,2026-07-17 16:29:32.075450,0 days 00:00:00.037182,-0.10159489176350944,777.4773813156852,5.926351914483931,3.0915759949022896,0.41349784962974523,783.818901585449,0.6864398703558916,0.7350869057382472,779.84865069077,1.6069690328695145,,COMPLETE
1438,0.1096863617464501,2026-07-17 16:29:32.075450,2026-07-17 16:29:32.113429,0 days 00:00:00.037979,0.35821894553080924,783.9644941930652,-106.40259303332539,7.31008313786224,0.9423791480829328,779.4398861840156,1.290767958990088,0.0638771852595949,780.6369611797752,2.640726724504026,,COMPLETE
