number,value,datetime_start,datetime_complete,duration,params_background_amplitude_fraction,params_background_center,params_background_offset,params_background_width,params_peak_1_amplitude_fraction,params_peak_1_center,params_peak_1_sigma,params_peak_2_amplitude_fraction,params_peak_2_center,params_peak_2_sigma,system_attrs_fixed_params,state
503,2.224268976752221,2026-07-17 16:29:11.270315,2026-07-17 16:29:11.290103,0 days 00:00:00.019788,0.5185975470637698,776.5027294448803,1208.972944650025,1.0695657684619668,0.4912322513197065,781.1366976466512,2.2612449353248487,1.308959361667131,782.2860384169329,2.3311447756709334,,COMPLETE
504,0.3361859229801401,2026-07-17 16:29:11.290103,2026-07-17 16:29:11.307714,0 days 00:00:00.017611,-0.20385400050000124,783.5895444579515,235.6299143563101,6.236712621569196,1.0867003332736842,779.2029996012584,1.4979245288702652,0.6276790501733869,783.8112949825094,0.3490528698403216,,COMPLETE
505,0.3225041551510572,2026-07-17 16:29:11.307714,2026-07-17 16:29:11.327835,0 days 00:00:00.020121,-0.05483665798694015,777.1004188960014,87.80344581802241,4.1280022494290955,0.1602911043637792,780.4566962682334,2.8386354109337626,0.7009475178188183,778.6194074713774,2.476648707936611,,COMPLETE
506,0.19498850305304438,2026-07-17 16:29:11.327835,2026-07-17 16:29:11.345949,0 days 00:00:00.018114,-0.08150465475521083,779.4202029159442,-17.98426307305422,5.597000593387179,1.0350160618685444,779.7750640653563,1.4909286494968517,0.4055390612149321,782.6362898426518,0.5710521074398072,,COMPLETE
507,0.18827585813272746,2026-07-17 16:29:11.345949,2026-07-17 16:29:11.366088,0 days 00:00:00.020139,-0.15109975639073414,781.8827801933691,79.11722238844004,7.699187170746995,0.7175078307220444,779.9532240695135,2.0084559925366268,0.02766155801733296,780.0911336138479,2.703966997838825,,COMPLETE
508,0.34619880154383775,2026-07-17 16:29:11.366088,2026-07-17 16:29:11.385190,0 days 00:00:00.019102,-0.6746158680420384,781.965211477229,-36.37181823093701,4.218208490796799,0.4594934388236161,779.3674024398744,2.475296596705666,0.1419952882353318,779.1811855491966,2.4558264877965312,,COMPLETE
509,0.25576065920691854,2026-07-17 16:29:11.386202,2026-07-17 16:29:11.396313,0 days 00:00:00.010111,0.8395079564233443,782.9778503450273,-230.54209990825873,0.768352359644755,1.0350651770210675,779.0555439911602,0.7145366281753442,0.2542488571505238,780.3191098358822,1.912348097869391,,COMPLETE
510,0.9033555160474593,2026-07-17 16:29:11.396313,2026-07-17 16:29:11.406784,0 days 00:00:00.010471,0.024096262124094256,780.5048470638571,343.4639743379467,3.9536268489613398,1.079064791037844,780.7172752325,1.7842041335979646,0.6912371197990848,781.5690798289048,1.0272889771072014,,COMPLETE
511,0.7178403006929763,2026-07-17 16:29:11.406784,2026-07-17 16:29:11.422203,0 days 00:00:00.015419,1.1015514497373826,781.3911010898431,-26.90125812901826,0.2131084001450692,1.2740555652263554,778.2953461174621,0.45208718976646217,0.42531596086193574,778.7423812069986,1.9705657380325106,,COMPLETE
512,0.37626266045597256,2026-07-17 16:29:11.422203,2026-07-17 16:29:11.437474,0 days 00:00:00.015271,0.47167738131616754,782.8099026193561,-223.76745825320558,3.870062539720016,1.2582430509814229,778.3718812268274,1.4696415558295028,0.34630273625349606,783.9763545528361,0.1668285744920212,,COMPLETE
513,0.25663689474329887,2026-07-17 16:29:11.437474,2026-07-17 16:29:11.452821,0 days 00:00:00.015347,-0.5915214433058156,780.3283181179736,-4.551973671808856,6.903895297020955,0.8962957787417603,779.8596586980324,1.73977830694498,0.5228902801159641,781.6434837322823,0.3449005812941267,,COMPLETE
514,0.5977142395409277,2026-07-17 16:29:11.452821,2026-07-17 16:29:11.467892,0 days 00:00:00.015071,0.17241596848762286,777.2628289405033,-54.23112161615493,3.6337084431766327,1.4375232014784252,778.2727895915037,1.2480732304171238,0.7323451721469774,782.9997864267442,0.7972073710081736,,COMPLETE
515,0.2503791686477993,2026-07-17 16:29:11.467892,2026-07-17 16:29:11.483373,0 days 00:00:00.015481,-0.2864326715219508,777.4660329876422,-218.80737476356413,4.432147239777568,0.962851091174935,780.060894882491,1.7864646922129754,0.0068861235192373416,782.7472005171011,0.8962897060233008,,COMPLETE
516,1000.009664832001,2026-07-17 16:29:11.483373,2026-07-17 16:29:11.501037,0 days 00:00:00.017664,-0.8601141239973971,783.651941958677,441.187114220767,2.1316711867543474,1.1467401660524228,780.7379619570411,1.1066890767980193,0.16556366711743445,780.7616097842333,2.078284387794076,,COMPLETE
517,0.29624587020962145,2026-07-17 16:29:11.501037,2026-07-17 16:29:11.518488,0 days 00:00:00.017451,-0.0158912512535912,781.7573677788064,-18.745967833661112,6.861096711395644,0.5682505950438165,780.5843978711055,1.249220133171558,0.05970153565708969,780.8621215886402,2.6725514039685967,,COMPLETE
518,0.5974413876354897,2026-07-17 16:29:11.518488,2026-07-17 16:29:11.533569,0 days 00:00:00.015081,-1.3932606936528285,776.4491434569941,-171.11828450287717,4.200372977766803,0.31281669536048357,782.5274560928386,2.9765886042302476,1.122618551871432,778.3553116333633,2.8746501641561557,,COMPLETE
519,0.39622113293826977,2026-07-17 16:29:11.533569,2026-07-17 16:29:11.550652,0 days 00:00:00.017083,0.1632411339203424,779.2618040335361,-221.27649727730025,2.936725492307889,0.8197630727997882,781.3892221501205,2.9624013612431845,0.35539933453445033,780.3365153616517,0.23439542146335307,,COMPLETE
520,0.28233313070249544,2026-07-17 16:29:11.550652,2026-07-17 16:29:11.568753,0 days 00:00:00.018101,-0.35071251862775865,776.7107690866371,-85.54127791964677,5.884164420652371,0.30760683465271654,779.4801133686086,2.9247004289756826,0.35461216717478244,780.0156393569998,2.8362523851914703,,COMPLETE
521,0.31660368361498703,2026-07-17 16:29:11.568753,2026-07-17 16:29:11.583830,0 days 00:00:00.015077,-0.42059258415135564,777.4425418564223,378.343561295003,4.598486436411766,0.605093699639853,780.5700327620011,2.9418278100581694,0.1500069169226313,777.4482928634919,2.425578340151909,,COMPLETE
522,0.3614273075479946,2026-07-17 16:29:11.583830,2026-07-17 16:29:11.603513,0 days 00:00:00.019683,0.2452991330733038,778.9418440834824,259.6093567099312,5.581252222639153,0.9844264092700965,779.3905814904609,1.2483615472880236,0.05684416562127609,783.7066462772865,0.3212447766266048,,COMPLETE
523,1.0139602322304817,2026-07-17 16:29:11.603513,2026-07-17 16:29:11.618721,0 days 00:00:00.015208,-0.03601061514329919,782.1984502523328,436.97116889060743,5.586133169985416,1.0403741386639929,781.3400296535689,2.851623361114346,0.4560456789527088,778.3030443556626,2.417571824947622,,COMPLETE
524,0.3589476286067009,2026-07-17 16:29:11.618721,2026-07-17 16:29:11.638941,0 days 00:00:00.020220,-0.6553138199527332,776.3664250346638,189.58245237191616,2.5509350959873327,0.3670860790518388,778.6481662514761,1.5739578708914583,0.49282544393419714,782.2966707296629,2.679032267720684,,COMPLETE
525,0.5382437435010815,2026-07-17 16:29:11.638941,2026-07-17 16:29:11.658123,0 days 00:00:00.019182,-1.124609921840773,776.934157714375,-193.70015592475454,5.99675413633028,0.6426819925979219,780.3052785288571,2.5411387710194444,0.6274013988671768,782.4386369026707,2.372490547225429,,COMPLETE
526,0.36392566187544345,2026-07-17 16:29:11.658123,2026-07-17 16:29:11.676610,0 days 00:00:00.018487,-0.6867851370088613,776.3355726900865,356.52855991704547,6.454196497031403,0.7557327817225157,780.7369085237156,2.76612429735732,0.33697236316369983,780.2205605205437,2.952539653113561,,COMPLETE
527,0.4851742615832603,2026-07-17 16:29:11.676610,2026-07-17 16:29:11.697749,0 days 00:00:00.021139,-0.641277053754203,781.4484517499991,48.84558751817268,5.7913143418816935,1.398696194944256,781.1667311968035,1.8038732861214395,0.10745178229381964,779.8955847951661,2.7530758528485655,,COMPLETE
528,0.30019594043393105,2026-07-17 16:29:11.697749,2026-07-17 16:29:11.714855,0 days 00:00:00.017106,-0.8447494226831995,776.6440814096125,244.256353552375,0.330348747288218,0.5837370999367584,779.9112440452565,1.8168203903858355,0.7346415584654609,780.5622673483205,1.9317862045026628,,COMPLETE
529,0.13534299706243721,2026-07-17 16:29:11.716871,2026-07-17 16:29:11.740262,0 days 00:00:00.023391,-0.8460669200702885,783.4857054220367,381.5556911131554,3.075517861291823,0.6599120091529956,779.4170907472686,1.1938868369724787,0.053088776175247696,780.883785362786,2.7980443212688932,,COMPLETE
530,0.541147019933397,2026-07-17 16:29:11.740262,2026-07-17 16:29:11.757488,0 days 00:00:00.017226,-0.5311956575502597,779.393443325764,-2.8331018180464937,3.9447384186854713,1.200578248888229,780.9901868072379,0.8818157753842444,0.12127735556282379,782.4524235292781,0.4428562879448388,,COMPLETE
531,0.5228281985355551,2026-07-17 16:29:11.757488,2026-07-17 16:29:11.779769,0 days 00:00:00.022281,-1.0627394315945544,781.7721560536327,439.0944390894247,5.809007211591718,0.2771803236832626,778.9211004194942,0.20032947082693342,1.3731031655179424,779.3472681957481,2.4179325429328338,,COMPLETE
532,0.9260942827878671,2026-07-17 16:29:11.779769,2026-07-17 16:29:11.796145,0 days 00:00:00.016376,0.5797664499637121,778.3350004779006,-297.91520064811255,0.29795167675759054,1.2378171802167925,782.6744853519039,0.9938162531909887,1.3401635663831875,780.499021773279,0.7020264821360909,,COMPLETE
533,0.43367589761585296,2026-07-17 16:29:11.796145,2026-07-17 16:29:11.815752,0 days 00:00:00.019607,-1.1404327679757542,783.8355188813277,529.7042281920251,0.7259467385283669,0.678384362414985,779.9539227662459,1.3163270070779995,0.24845291881082843,782.1814258305953,2.488890762965256,,COMPLETE
534,0.27487708360734936,2026-07-17 16:29:11.815752,2026-07-17 16:29:11.841914,0 days 00:00:00.026162,-1.0387765005677636,781.9949730899634,655.5460794020275,2.1857047519088812,0.5485820632203504,779.8396573579822,1.5631180212760536,0.19760142748883536,780.8587106671376,2.3020979042083654,,COMPLETE
535,0.20128783068993034,2026-07-17 16:29:11.841914,2026-07-17 16:29:11.905439,0 days 00:00:00.063525,0.022557328068394764,780.4505189591274,-92.54630991830642,3.2015847165091738,0.7388757867385303,779.4425181102448,1.2429974257313832,0.4264738664857448,783.6552402499552,0.5562498897772106,,COMPLETE
536,0.6351999191558558,2026-07-17 16:29:11.905439,2026-07-17 16:29:11.928112,0 days 00:00:00.022673,-0.7924588506964978,783.8764978126942,-199.788167994162,5.036638664106962,0.7323280477218722,778.1335727327064,1.2397400300470554,0.0050933783156712695,779.2612569600933,2.8108242747190215,,COMPLETE
537,0.46713510483823,2026-07-17 16:29:11.928112,2026-07-17 16:29:11.946177,0 days 00:00:00.018065,-0.8008111473693813,777.1193550409448,126.43356080397115,5.937196626035819,0.23377619280149967,779.4765837772673,1.833377449550182,1.0232944663188235,782.650437082923,2.289311247011947,,COMPLETE
538,0.6634945347862393,2026-07-17 16:29:11.946177,2026-07-17 16:29:11.966240,0 days 00:00:00.020063,0.5571641543320909,779.669222910999,-284.10574302265394,4.080669246908416,1.1938325926456013,780.4780875173674,1.9254622593135218,0.4636670894105616,780.6127534853986,0.898540969011524,,COMPLETE
539,0.16373816344501532,2026-07-17 16:29:11.966240,2026-07-17 16:29:11.985318,0 days 00:00:00.019078,-0.9124290155146835,783.2024340373872,391.13839331466204,4.605787825806688,1.0042377265445481,779.015238778737,0.9006366329276811,0.3682100250658119,782.4449024859944,1.3919532807819979,,COMPLETE
540,0.49075494178798396,2026-07-17 16:29:11.985318,2026-07-17 16:29:12.004432,0 days 00:00:00.019114,-0.7656785001636983,783.0979898772948,438.4192510382118,3.9564324285590833,1.053252323598658,778.4414346609634,0.23839548531201193,0.8054227660962037,783.723630515688,1.4034617706132446,,COMPLETE
541,0.4207856394019298,2026-07-17 16:29:12.004432,2026-07-17 16:29:12.023507,0 days 00:00:00.019075,-0.45230366321453086,778.3638964017556,522.2813138497228,4.321882859323025,0.4804964858581205,780.5657171108472,1.705226498965158,0.41346337515820186,782.1740157246268,2.8547494757464307,,COMPLETE
542,0.582898406488416,2026-07-17 16:29:12.023507,2026-07-17 16:29:12.040672,0 days 00:00:00.017165,0.5207055648420899,783.1316078778401,111.10687698645819,5.706207537961393,0.7166037195020832,782.1581092926513,2.1688081204378746,0.05202524318010515,778.733941969223,2.789089005993342,,COMPLETE
543,0.2662397575793517,2026-07-17 16:29:12.040672,2026-07-17 16:29:12.053716,0 days 00:00:00.013044,0.5127545874302616,780.9014367460143,-287.4863336197075,4.892488075105268,0.9231567181824846,779.3768119597257,0.8839719303078658,0.629335498902913,783.0755998487263,0.4856039381720089,,COMPLETE
544,0.5019920022853955,2026-07-17 16:29:12.053716,2026-07-17 16:29:12.070817,0 days 00:00:00.017101,0.20639701581238534,781.276164199674,188.54649098048372,5.816031885547488,0.9651998965647377,779.2391877443217,1.9365921656875265,0.09194427509968704,780.4503884099196,2.4495641255057494,,COMPLETE
545,0.43374480488299777,2026-07-17 16:29:12.070817,2026-07-17 16:29:12.087712,0 days 00:00:00.016895,-0.2882748059208263,780.1342449523411,-220.3199982243498,7.008320622613317,0.6521363582071255,779.0091545790375,1.4102244030004156,0.41988217194940036,783.6624857828928,0.19760159894302953,,COMPLETE
546,0.7635326925872222,2026-07-17 16:29:12.087712,2026-07-17 16:29:12.106242,0 days 00:00:00.018530,0.09180406028514233,779.2384802272383,83.28674986775977,6.632237537707057,0.8727856604303144,782.1238785303575,1.5747012892129661,0.5261946059407194,782.8851366925654,1.023103505607276,,COMPLETE
547,0.2687528391118134,2026-07-17 16:29:12.106242,2026-07-17 16:29:12.122825,0 days 00:00:00.016583,-0.11735046556275791,781.3456124541782,197.45111333459286,6.218814917417916,0.8820847667867641,778.6094699199352,0.9940253628785846,0.46370909798991505,781.5462649119914,1.1854448956378365,,COMPLETE
548,1.7600770555413632,2026-07-17 16:29:12.122825,2026-07-17 16:29:12.141922,0 days 00:00:00.019097,-0.4080766682010557,780.7936974851735,909.1642080447075,5.790684975126547,0.9404686751044637,780.7787419104206,1.8727468663678561,1.4099900609868454,781.5502161014585,2.7427095377666477,,COMPLETE
549,0.21188930030617964,2026-07-17 16:29:12.141922,2026-07-17 16:29:12.160014,0 days 00:00:00.018092,-1.4041318347303697,783.5908761640253,500.7248098601796,1.2670728763857964,0.9597408666214198,779.205287597597,0.6226693958836128,0.3036044066402276,782.3148780253296,1.1631414230451762,,COMPLETE
550,0.2708868860235346,2026-07-17 16:29:12.160014,2026-07-17 16:29:12.180116,0 days 00:00:00.020102,-0.886361904892178,777.4761115807825,500.80676922412,5.7535166972258205,0.25414018007033556,778.7461506415178,1.030675801905923,0.8888590914602812,780.2187495293462,2.7520296447561265,,COMPLETE
551,0.49655239356415987,2026-07-17 16:29:12.180116,2026-07-17 16:29:12.199869,0 days 00:00:00.019753,-0.31941221980918366,783.5525867593431,339.081601686524,1.214382746332961,0.7423106167705175,779.0031945777108,1.3895927025853203,0.42208042028351656,779.9617382406485,2.5937218335286127,,COMPLETE
552,0.23804255356105639,2026-07-17 16:29:12.199869,2026-07-17 16:29:12.218056,0 days 00:00:00.018187,-0.5639430568376682,782.5957594384703,150.52208886025875,3.4554296021528446,0.8908219969490365,778.5564783086004,1.1555618759758906,0.4605737663647877,781.7621527046912,2.079445008838775,,COMPLETE
553,0.38864074236985013,2026-07-17 16:29:12.218056,2026-07-17 16:29:12.239092,0 days 00:00:00.021036,-0.42816805923179274,780.8569432622559,-42.6045322504602,3.174283172106671,0.6651857193963078,780.4153578128771,1.1154012291063886,0.3027167497490737,783.3171401498142,1.2550741120312605,,COMPLETE
554,0.6030902334029622,2026-07-17 16:29:12.239092,2026-07-17 16:29:12.253155,0 days 00:00:00.014063,0.5694500085128119,782.6710677266509,315.27252123466224,4.669506175286053,0.5281319090319485,777.7294874412662,2.803174046443598,0.16933982205173137,779.8279811484665,2.611034042515037,,COMPLETE
555,0.19626952237259368,2026-07-17 16:29:12.253155,2026-07-17 16:29:12.273536,0 days 00:00:00.020381,-0.9173280732159688,782.8305070718005,611.17426132376,7.780126096724475,0.6492488415504144,779.0889948146126,1.162129477128631,0.24459302584453918,783.3823314819049,1.0768473055680272,,COMPLETE
556,0.2436152944071772,2026-07-17 16:29:12.273536,2026-07-17 16:29:12.293471,0 days 00:00:00.019935,-0.7324538816668462,782.6673088091994,350.0038756328473,2.5801570737436967,0.3362917703801934,778.4642217361754,0.8851236169460462,0.57123584541102,781.0076362891098,0.9696720927146041,,COMPLETE
557,0.28303164790454044,2026-07-17 16:29:12.293471,2026-07-17 16:29:12.314328,0 days 00:00:00.020857,-0.21440042199164683,778.3296915663586,-187.381576604216,5.8709044675108135,1.1564917108315786,778.8252535688448,1.2142714736681488,0.46925587547553205,782.0287184064174,0.360865209759333,,COMPLETE
558,0.15537179766930276,2026-07-17 16:29:12.314328,2026-07-17 16:29:12.332644,0 days 00:00:00.018316,-0.6067653372535522,783.6623654064053,487.8426773003447,4.9965877349461625,0.8626171287168642,779.7438319899578,1.1775167895816063,0.042418195469329456,783.8893780513541,0.628057381122995,,COMPLETE
559,0.8100254914936863,2026-07-17 16:29:12.332644,2026-07-17 16:29:12.352753,0 days 00:00:00.020109,0.38998889074334664,782.8530991573049,878.3395943917071,3.5182836473935764,0.7359760951284802,778.6752361545477,1.3042635312823965,0.13779547269136205,782.0175478875047,0.6698863415709344,,COMPLETE
560,0.4260489620934602,2026-07-17 16:29:12.352753,2026-07-17 16:29:12.372870,0 days 00:00:00.020117,-0.8769120581455543,782.9046238509758,847.0956078180632,3.806433380260277,0.8182758861116342,779.3105364642807,0.8253893324027906,0.6391300120636262,782.8774726188464,0.7120357109733416,,COMPLETE
561,0.4903821088834567,2026-07-17 16:29:12.372870,2026-07-17 16:29:12.395008,0 days 00:00:00.022138,-0.17550650591750616,782.147366763268,356.1362285748986,3.6235086430137797,0.866918847159159,780.0104035874916,2.473496897254507,0.03956335695418732,782.0724765522866,0.3500648267850366,,COMPLETE
562,0.5513701047252664,2026-07-17 16:29:12.395008,2026-07-17 16:29:12.414626,0 days 00:00:00.019618,-1.2033362528034353,783.4486673234458,1088.750492531158,7.10632176322617,0.704985588447725,780.3246476051696,1.9685332067299968,0.25068107851979454,783.6014450933236,1.0220878763746415,,COMPLETE
563,0.5150493596900783,2026-07-17 16:29:12.415638,2026-07-17 16:29:12.433052,0 days 00:00:00.017414,-0.8396200719298719,782.1410267945529,104.22597582178429,7.607561179591491,0.4644436785030749,777.828112613495,1.9561142719226428,0.03507032321301947,781.8609524623696,2.788265602534875,,COMPLETE
564,0.4005233104016677,2026-07-17 16:29:12.433052,2026-07-17 16:29:12.446513,0 days 00:00:00.013461,-0.2858350927282132,782.7690984114298,376.1348230974449,3.4675027026462066,1.2258843550030092,779.3413629064137,1.2894935328078572,0.24014865547318268,783.3697742143844,1.1737164041555181,,COMPLETE
565,0.4783357942451649,2026-07-17 16:29:12.446513,2026-07-17 16:29:12.461959,0 days 00:00:00.015446,-1.2239163336820233,783.5569975260353,430.2175264766778,3.59422707851206,0.7272347469701589,777.7925128904966,1.1943230983334112,0.09397646255849176,783.9294522145276,0.599614187499021,,COMPLETE
566,0.4521995133766727,2026-07-17 16:29:12.461959,2026-07-17 16:29:12.487555,0 days 00:00:00.025596,-0.2789063925385137,781.9774710035031,226.6358789816524,4.667767626699629,0.5457297255393991,777.6353345689521,0.4866860980039517,0.08830928387598191,782.7730043912517,0.7063806070551615,,COMPLETE
567,0.282846791355159,2026-07-17 16:29:12.487555,2026-07-17 16:29:12.503565,0 days 00:00:00.016010,0.6776543123848063,781.0320418617697,-171.72591818564356,5.013354879880825,0.3947019987121013,778.6393569599845,1.672873444921206,0.2934842002771684,778.1789759349303,2.3168999043900396,,COMPLETE
568,0.45382264969186314,2026-07-17 16:29:12.503565,2026-07-17 16:29:12.519238,0 days 00:00:00.015673,0.041932172944991755,778.9021036872716,-1.6566932006579123,2.3097504960116115,0.5483078839802835,776.5425433631532,1.7086821265577625,0.21889833626817626,783.1238872924049,0.6837044614624688,,COMPLETE
569,0.41598247779649766,2026-07-17 16:29:12.519238,2026-07-17 16:29:12.541610,0 days 00:00:00.022372,0.22337059858513653,779.0401712363526,59.45320910210792,1.8086827508021763,0.12315986194327277,780.6628367050113,1.6159776697155785,0.6601475003271855,783.8199450083424,0.25413245327692763,,COMPLETE
570,0.6419742004117002,2026-07-17 16:29:12.541610,2026-07-17 16:29:12.563382,0 days 00:00:00.021772,-0.755321157261861,777.056041446229,-175.17555051057047,6.131978461959533,0.29573548850945275,780.5086341987278,2.1441462463071184,0.31121755101183823,778.6976915588868,2.2281704499451025,,COMPLETE
571,0.3040908355774563,2026-07-17 16:29:12.563382,2026-07-17 16:29:12.583871,0 days 00:00:00.020489,-0.72259212204446,782.8223059222865,379.1290058322909,5.136137759605069,1.2483530949072905,780.2675416847038,1.3202207692742192,0.025972318250521872,781.8992276400928,1.312459012670146,,COMPLETE
572,0.5136117195186359,2026-07-17 16:29:12.583871,2026-07-17 16:29:12.603507,0 days 00:00:00.019636,0.7870809799352735,780.1329719104415,32.138195534124876,2.117298135332975,0.6276623735788093,778.5464805903711,1.3575412222501952,0.33336367073441103,783.1974101801268,0.8720823980018164,,COMPLETE
573,0.38950884963216986,2026-07-17 16:29:12.603507,2026-07-17 16:29:12.622730,0 days 00:00:00.019223,-0.5085798918691872,783.938335169256,455.53568006699265,3.374791699152142,0.6191147442802636,780.6751233145069,1.1472121208765151,0.45092013569544837,782.9323642653269,0.7658595401536654,,COMPLETE
574,0.43688714190680644,2026-07-17 16:29:12.622730,2026-07-17 16:29:12.651890,0 days 00:00:00.029160,-1.1277000205889893,782.9779194903454,447.63047823735315,7.702853303144328,0.6649720587950928,778.7383962931909,0.39456936451579994,0.23269582957491902,782.48222833729,1.1889018156859588,,COMPLETE
