number,value,datetime_start,datetime_complete,duration,params_background_amplitude_fraction,params_background_center,params_background_offset,params_background_width,params_peak_1_amplitude_fraction,params_peak_1_center,params_peak_1_sigma,params_peak_2_amplitude_fraction,params_peak_2_center,params_peak_2_sigma,system_attrs_fixed_params,state
1727,0.6627676231652466,2026-07-17 16:29:40.939886,2026-07-17 16:29:40.983982,0 days 00:00:00.044096,0.8253160371003944,780.6686209802123,-158.97425622359776,3.940226119802629,1.021321227705827,783.6018607850749,0.7727135936155238,0.20327011670745798,776.9729799881687,0.5302484080157834,,COMPLETE
1728,0.20828725648906157,2026-07-17 16:29:40.983982,2026-07-17 16:29:41.021271,0 days 00:00:00.037289,0.14446291709712789,782.2487295442774,-221.3619369280375,4.691610503732094,0.7245411977540889,779.0313007196124,1.4644325753548157,0.14716297343511173,776.6111270649097,2.4715761833941077,,COMPLETE
1729,0.40132316107587124,2026-07-17 16:29:41.021271,2026-07-17 16:29:41.050944,0 days 00:00:00.029673,-0.6345705876259862,782.8085683420042,665.4364370001492,7.660131452259708,0.3199567709267296,777.3607549376943,1.9121897845808045,0.3208759854627263,781.1976468589602,2.8423076072024127,,COMPLETE
1730,0.44126198711719855,2026-07-17 16:29:41.050944,2026-07-17 16:29:41.078976,0 days 00:00:00.028032,-1.4657837140259706,783.2480328607178,669.0500592613581,2.333312416621665,0.3455597734363922,779.7393079986473,1.6089075322267834,0.47077649713868436,777.7791520253379,2.2124907063576353,,COMPLETE
1731,0.27803339743372013,2026-07-17 16:29:41.078976,2026-07-17 16:29:41.110237,0 days 00:00:00.031261,0.6174075966549851,783.7912162835412,-305.08051566368147,5.007040619245461,1.0250022502610796,779.1622753988986,1.9468595646255726,0.18406309705907245,780.6214318774098,1.4413701730196309,,COMPLETE
1732,0.5206009424060746,2026-07-17 16:29:41.110237,2026-07-17 16:29:41.144613,0 days 00:00:00.034376,0.8473103795453618,783.512589222918,192.32207388533539,2.251705088813427,0.8113799271965401,779.0939661655822,1.2562771034155287,0.3661328939066698,780.5682123904496,2.0090061589370904,,COMPLETE
1733,0.36157481923484747,2026-07-17 16:29:41.144613,2026-07-17 16:29:41.179858,0 days 00:00:00.035245,0.6541273289930027,777.5061092084286,-239.51981420075913,5.617046471472101,0.7678684107477822,780.694542810965,0.6851901721983944,0.5204292713691987,777.5295505538144,1.816221982375848,,COMPLETE
1734,0.23426880094801145,2026-07-17 16:29:41.179858,2026-07-17 16:29:41.209850,0 days 00:00:00.029992,-0.034488144942531274,776.7008553068151,15.302288252430426,1.1957066147020392,0.24255546489825794,782.2507098397815,1.7461216284941243,0.9715604965381865,779.7595250082064,0.6039919194669565,,COMPLETE
1735,0.4009381408234796,2026-07-17 16:29:41.209850,2026-07-17 16:29:41.240855,0 days 00:00:00.031005,0.6182638881805086,783.6598338883923,250.3828677574476,6.559893321657484,0.8837125782849905,778.781329005348,0.994201888645427,0.02415203115826369,778.164192806785,1.960507347216748,,COMPLETE
1736,0.30749346325432886,2026-07-17 16:29:41.240855,2026-07-17 16:29:41.271048,0 days 00:00:00.030193,-0.2697147144593454,783.7391196345127,24.632468737739487,3.2568052692897704,1.2372167344085783,779.2958561855484,1.701716861764508,0.14478250041093893,783.9751297944426,2.7152183308286095,,COMPLETE
1737,0.6463918461131768,2026-07-17 16:29:41.271048,2026-07-17 16:29:41.302548,0 days 00:00:00.031500,-0.8788760274564478,776.7593311025611,-60.34246786575727,3.9728831640582207,0.38736935196964095,780.8974942186604,1.3677712829806747,1.201584680401357,780.1820067723513,0.7937712290181929,,COMPLETE
1738,1.4243122612189996,2026-07-17 16:29:41.302548,2026-07-17 16:29:41.334004,0 days 00:00:00.031456,1.2112517327959997,780.4198423997967,-5.525272454518529,3.499256133029162,1.4643691631726519,777.937625527611,0.9459542733686204,1.1662611155517228,776.8570553852451,2.5959125240524035,,COMPLETE
1739,0.43355357087260094,2026-07-17 16:29:41.334004,2026-07-17 16:29:41.360561,0 days 00:00:00.026557,0.14280497265052244,780.5988437806427,-254.58318817176948,2.233742894713689,0.5180087977851889,777.6023193091805,0.9348202610586065,0.23050287652980048,778.7533471121311,1.9501137554053323,,COMPLETE
1740,0.5990700708319597,2026-07-17 16:29:41.360561,2026-07-17 16:29:41.393611,0 days 00:00:00.033050,-0.014892383742533821,776.3351980140377,-133.73719056588834,0.8119960474597925,0.21603253611973477,783.098839200054,1.582155955561732,1.2125539084063948,777.164816656087,1.1874274195079129,,COMPLETE
1741,1.3747267712483584,2026-07-17 16:29:41.393611,2026-07-17 16:29:41.425834,0 days 00:00:00.032223,1.0387407310908774,779.2461419148952,885.1090918214825,0.11745428943227376,1.1287055653018903,781.4665567731769,0.33113666831926203,0.33525515502048137,776.1129267732704,2.4141312814457683,,COMPLETE
1742,0.29265397994532727,2026-07-17 16:29:41.425834,2026-07-17 16:29:41.461254,0 days 00:00:00.035420,0.47474709955447963,782.2856688942755,-236.49438536025895,1.96925229547439,0.4435084964309428,778.1295797479551,1.2064246996893992,0.5381330169051833,780.9601947145455,2.490843832177078,,COMPLETE
1743,1.394279259280309,2026-07-17 16:29:41.461254,2026-07-17 16:29:41.489685,0 days 00:00:00.028431,1.3935756583199963,776.4038014674361,686.7277743836241,2.3958872169747525,0.3888779829266748,780.4441590879521,0.17022697755598215,0.2837125990574959,779.9639367541494,0.6980386256962834,,COMPLETE
1744,1.640261802860295,2026-07-17 16:29:41.489685,2026-07-17 16:29:41.521990,0 days 00:00:00.032305,1.4051843572171496,778.8451820776992,585.0469090558901,0.34857631757853413,0.4529861204949829,781.4753126144456,0.1797175696541018,1.1232251956726724,777.5202668542063,2.2161378891899557,,COMPLETE
1745,0.1682769782638786,2026-07-17 16:29:41.521990,2026-07-17 16:29:41.555537,0 days 00:00:00.033547,0.6944643191415696,783.0014795075409,-134.05837502291786,2.3797840049049617,0.7571828780901353,778.9826527357019,1.3010082195201784,0.05021981304374096,779.0926409257672,2.312572882818386,,COMPLETE
1746,1.6486516802775233,2026-07-17 16:29:41.555537,2026-07-17 16:29:41.585596,0 days 00:00:00.030059,-0.2999030312195626,779.9193196309257,1107.5994305381348,1.8434761818434007,1.1214203009749941,782.8554826826959,2.9617230654209723,0.9910102458777379,783.7975774082338,2.3807463062157557,,COMPLETE
1747,0.630175674787702,2026-07-17 16:29:41.585596,2026-07-17 16:29:41.609563,0 days 00:00:00.023967,1.012652711117012,783.1715300351002,-58.08949068728231,1.7468234706668861,0.969404233960303,778.0947355507385,2.1048065355104106,0.3396102268160477,779.193499063754,2.874641672369377,,COMPLETE
1748,0.3030122335079198,2026-07-17 16:29:41.609563,2026-07-17 16:29:41.645315,0 days 00:00:00.035752,0.33789108465976503,776.3153244945843,-102.70479720788668,5.927426076730128,0.6650088939981984,779.7627482877735,2.0733824280995523,0.27282652606017954,779.4051084564051,1.2949502762226293,,COMPLETE
1749,0.41862758670593825,2026-07-17 16:29:41.645315,2026-07-17 16:29:41.669926,0 days 00:00:00.024611,1.0702200910470705,783.9534949031959,39.82682285795545,1.8821424523355013,0.6264654470855481,779.9327371066337,1.9446773318108654,0.26183512247049734,777.5186798834983,2.5494156315694934,,COMPLETE
1750,0.14242571698674616,2026-07-17 16:29:41.669926,2026-07-17 16:29:41.704913,0 days 00:00:00.034987,0.10093581794498974,776.6005591178524,-115.05913731536822,7.6755642282776675,0.665196984749191,779.3907845526138,0.6411116701505494,0.5736557694584569,778.7236842495289,2.107400623630524,,COMPLETE
1751,0.4583410454532508,2026-07-17 16:29:41.704913,2026-07-17 16:29:41.739411,0 days 00:00:00.034498,-0.20390467844257815,783.4829779887039,127.46503010129263,6.506316225213002,1.015685395502787,778.5914688064153,1.700755998368642,0.27060376492003246,776.5229957722396,2.458731122889744,,COMPLETE
1752,0.4714211786859099,2026-07-17 16:29:41.739411,2026-07-17 16:29:41.781597,0 days 00:00:00.042186,0.0006897111784069931,783.3332133900905,-294.53955757770024,7.734517668307059,0.4843377499749971,781.6193409242704,0.3776834950043111,0.5284699069479006,776.8469379616042,2.506173070579006,,COMPLETE
1753,0.20273491390381945,2026-07-17 16:29:41.781597,2026-07-17 16:29:41.825879,0 days 00:00:00.044282,0.5135930311796923,783.8307581127598,108.11029315996107,7.506221636708732,0.5448568776846148,779.0897364473187,0.9241601778127692,0.030962879334650036,780.6768598609433,2.16969066564345,,COMPLETE
1754,0.4571845153082339,2026-07-17 16:29:41.825879,2026-07-17 16:29:41.861122,0 days 00:00:00.035243,-0.28460045328044525,776.1397033531292,1.9553787725230194,0.6484940395424936,0.678165532322498,781.5819585556561,2.1307784574047517,1.4406145278956979,779.5683060547011,1.3496389541504135,,COMPLETE
1755,0.2762916066333315,2026-07-17 16:29:41.861122,2026-07-17 16:29:41.904656,0 days 00:00:00.043534,0.2218381851893919,782.8341688999396,-49.641488103865925,6.8799993688320376,0.6862610566008845,780.4389502553275,0.9331711350677366,0.0356567581231811,778.5896838957168,2.806139887147645,,COMPLETE
1756,1.131134443968202,2026-07-17 16:29:41.904656,2026-07-17 16:29:41.940168,0 days 00:00:00.035512,1.0605917326415897,776.4642782037589,114.98360335181718,0.16131420405875938,1.17016694302776,779.1669830682432,0.7566169465877949,0.24574345076385984,779.2946714410142,1.2367877581005113,,COMPLETE
1757,0.7487187846043896,2026-07-17 16:29:41.940168,2026-07-17 16:29:41.972983,0 days 00:00:00.032815,-0.6583744647434547,777.7221355449084,-306.59597361103965,1.0241998803843448,0.3055702485822135,782.1703512675784,2.00683509838122,1.4090839087728653,780.5796607385425,0.7896758788765406,,COMPLETE
1758,0.7139055087421522,2026-07-17 16:29:41.972983,2026-07-17 16:29:42.001660,0 days 00:00:00.028677,1.1809530913448956,780.0411357792957,-128.44189816382323,1.2269328186254533,0.841320162727794,779.8125395270802,1.0172042399893138,0.22848826529014746,780.1007713105458,2.739106445786763,,COMPLETE
1759,0.21507843733473656,2026-07-17 16:29:42.001660,2026-07-17 16:29:42.026799,0 days 00:00:00.025139,-0.5737925755412671,777.4304657491917,244.7919601035301,4.26874511508973,0.48961100371596084,782.4809154980386,1.8862293308878857,1.2231935139324628,779.7665518442884,1.0533040915648428,,COMPLETE
1760,0.12488585476728724,2026-07-17 16:29:42.026799,2026-07-17 16:29:42.060012,0 days 00:00:00.033213,0.09055317074049547,783.6012385312558,-106.70822643750155,3.767341697439683,0.8040022814901299,779.3277649275667,0.6877041897284382,0.3289265070300481,778.2897288016993,2.758167144025461,,COMPLETE
1761,0.44767789672651226,2026-07-17 16:29:42.060012,2026-07-17 16:29:42.095636,0 days 00:00:00.035624,-1.2164529114837621,783.6781708031788,516.0414265814491,6.141554840072158,0.761657439682904,782.5236627456782,2.0789589788964062,0.13461382073162237,781.5603182145081,2.944736870129323,,COMPLETE
1762,0.36940651643979483,2026-07-17 16:29:42.095636,2026-07-17 16:29:42.129111,0 days 00:00:00.033475,0.3663286349033611,779.958217267966,-250.45624614385034,1.3597686789671446,1.002559275973184,778.3865672685394,1.1301004560823569,0.4014412182656015,778.8690781238694,2.5953209688206273,,COMPLETE
1763,0.5726473108337583,2026-07-17 16:29:42.129111,2026-07-17 16:29:42.151825,0 days 00:00:00.022714,-1.2111760415424895,782.7663572744524,70.26012148649055,3.4911951287573713,0.5272766309534956,780.2813948638612,0.2164200234130867,0.3962124914021834,778.3077399650865,1.8375846966881748,,COMPLETE
1764,1.510093273966109,2026-07-17 16:29:42.151825,2026-07-17 16:29:42.186411,0 days 00:00:00.034586,1.4534458063075475,778.790394382615,541.2111541896769,0.3452739731156997,0.8823720162235594,776.8487430945808,2.3762122459266752,0.8274746965722025,779.8358695295697,0.1376797605892821,,COMPLETE
1765,0.2881598808364278,2026-07-17 16:29:42.186411,2026-07-17 16:29:42.218565,0 days 00:00:00.032154,0.5034859696077865,783.1465651288257,-290.90518518512476,1.927005120387036,0.6706293665040781,779.7604514422334,1.0651395523872924,0.06221857525804704,777.4339660025163,2.7164538200762096,,COMPLETE
1766,0.25634808952653393,2026-07-17 16:29:42.218565,2026-07-17 16:29:42.254291,0 days 00:00:00.035726,0.29518835701177865,782.4085025756631,-183.45580988241682,1.075918982931312,0.7823995012258594,780.5368992119917,1.0196380872635689,0.2543972923896723,778.6179323067985,1.3946211582038976,,COMPLETE
1767,0.27810941034783565,2026-07-17 16:29:42.254291,2026-07-17 16:29:42.288929,0 days 00:00:00.034638,0.6070067229055203,783.8506219843347,-237.50142593314692,3.2252604514802394,0.9473288059850997,779.6996501682044,0.8772574544615945,0.7145166486143553,776.7989282217134,2.754818824847078,,COMPLETE
1768,0.09802857392098943,2026-07-17 16:29:42.288929,2026-07-17 16:29:42.321036,0 days 00:00:00.032107,0.4636169045371603,782.8894373206966,-235.80485377503877,4.77418566098676,0.6945274264137252,779.3138364961868,1.1748736465223435,0.15133773076116103,778.9297614241889,2.556223302702211,,COMPLETE
1769,0.4502752464619186,2026-07-17 16:29:42.321036,2026-07-17 16:29:42.354283,0 days 00:00:00.033247,0.4099114499912908,783.8691490739101,-244.77616620615385,2.8183038114246712,0.8723489549457741,778.7115613681998,2.019904591290256,0.5018564213891507,777.615189866813,2.9500422492596923,,COMPLETE
1770,0.33149114975044097,2026-07-17 16:29:42.354283,2026-07-17 16:29:42.385494,0 days 00:00:00.031211,0.20586624878962934,783.5084560904571,375.3541622080579,1.7826946083781354,0.6787512993785059,778.8519745800127,1.0390119955266983,0.1348563693852258,776.5060177449263,2.8603935527085182,,COMPLETE
1771,0.5760205925181404,2026-07-17 16:29:42.385494,2026-07-17 16:29:42.417682,0 days 00:00:00.032188,-0.07002057209981663,782.4907216579526,-149.00270453319354,0.6961714001472286,0.26915216174389023,780.1789357639019,0.47316443572726774,0.9450197116945067,776.7575725576191,0.44323025351419676,,COMPLETE
1772,1000.0054751150734,2026-07-17 16:29:42.417682,2026-07-17 16:29:42.449048,0 days 00:00:00.031366,0.08301405606097112,782.7823084388457,1040.3679860398229,2.798448828104364,1.435666665848976,782.8512417163217,0.10788251401276971,1.0352369623153355,782.7944951254012,0.20543324884681335,,COMPLETE
1773,0.39464068032401933,2026-07-17 16:29:42.449048,2026-07-17 16:29:42.479764,0 days 00:00:00.030716,0.9617589107089182,782.5722770578064,8.40868858598462,2.5506311537671946,0.706868703189284,778.3508548348556,0.5486746866056957,0.2247562398489667,777.2741814270648,2.9659757794859503,,COMPLETE
1774,0.5074950426050708,2026-07-17 16:29:42.479764,2026-07-17 16:29:42.509630,0 days 00:00:00.029866,-0.2658752187498147,783.9567048360585,-275.18422371980625,2.6437632859995737,0.5498550141796832,778.3989748402163,0.5354585438159133,0.2723535263862585,777.6849130715158,2.6206289895666814,,COMPLETE
1775,0.22826659761222104,2026-07-17 16:29:42.509630,2026-07-17 16:29:42.539984,0 days 00:00:00.030354,0.3457059154168742,781.0129802749889,-152.22481142489374,2.4114781466065724,0.7316745772219735,779.3006099919493,1.9506798775487078,0.14678678372315657,778.4580608914397,2.8880684803510097,,COMPLETE
1776,0.3409232874438668,2026-07-17 16:29:42.539984,2026-07-17 16:29:42.571065,0 days 00:00:00.031081,-0.1850896156757572,783.4883666288498,58.665910863616006,2.388922431843643,0.8650338982021587,778.4822202663837,1.2585425919946778,0.4418594790030824,781.9123545970359,2.994019437431912,,COMPLETE
1777,0.5737839578759706,2026-07-17 16:29:42.571065,2026-07-17 16:29:42.600624,0 days 00:00:00.029559,-0.6379360692812975,783.3492728265824,-123.49112974881072,3.0022996193123173,1.144304558023443,778.239682145394,0.5529178478271689,0.40546346759348983,776.8977485142137,2.548695355886236,,COMPLETE
1778,1.0102232069243353,2026-07-17 16:29:42.600624,2026-07-17 16:29:42.632139,0 days 00:00:00.031515,-0.6197485129135761,777.6931994567941,811.4673122403883,0.5897117754658647,0.13748978975846982,782.3154385439292,2.22495394268154,1.4838077155901241,781.3184751260032,2.9268111960130545,,COMPLETE
1779,0.17358094093308796,2026-07-17 16:29:42.632139,2026-07-17 16:29:42.661606,0 days 00:00:00.029467,-0.13612201933845958,783.4417703607792,-137.98022078062758,2.741266378362649,0.7980514726350872,779.6620248613015,1.3270967798204576,0.43947417013615814,777.2562466295874,2.754423451303305,,COMPLETE
1780,0.8865075839921129,2026-07-17 16:29:42.661606,2026-07-17 16:29:42.689067,0 days 00:00:00.027461,0.9740834820405966,776.9019053894299,-54.74941503252148,1.9483512612903653,0.5672326292590589,781.9286903589509,1.674418721771082,0.5625323113865437,778.8524567713541,1.1582352996070568,,COMPLETE
1781,1.0808826921657988,2026-07-17 16:29:42.689067,2026-07-17 16:29:42.717337,0 days 00:00:00.028270,-0.24529616024476075,777.3869580235889,240.88773775405082,0.1882224988227282,0.7905550732223788,782.8237859563671,1.5310321234980697,1.2849562001977635,783.4170415674047,2.77747495650903,,COMPLETE
1782,1.084600678903376,2026-07-17 16:29:42.717337,2026-07-17 16:29:42.749246,0 days 00:00:00.031909,0.3752231908689114,776.2745935861399,364.2628089402524,1.1335428323036598,0.5283262618517365,781.608151805523,1.963501042392979,1.2968955753943638,776.9418610284988,1.493973140014361,,COMPLETE
1783,0.23676014480186922,2026-07-17 16:29:42.749246,2026-07-17 16:29:42.781372,0 days 00:00:00.032126,-0.05816517935447246,781.2902285991163,-234.11315753169058,4.372572887334764,0.7617702624595071,779.1383494815635,0.7775611859674534,0.3316997313336198,778.144628181893,2.8890217403448397,,COMPLETE
1784,0.15281941540456578,2026-07-17 16:29:42.781372,2026-07-17 16:29:42.801213,0 days 00:00:00.019841,0.32309550188597924,783.9519588334641,72.4116813603938,1.867105582136957,0.7170998343186861,779.8622984257112,1.082028304160529,0.25211201484458545,777.1293556762092,1.9369645122479526,,COMPLETE
1785,0.3792791835392861,2026-07-17 16:29:42.801213,2026-07-17 16:29:42.833359,0 days 00:00:00.032146,0.2702184510032305,783.9313739740344,-296.8669142554531,5.173912319652262,0.26866284252064154,779.3234809075587,1.797078010553333,0.15114056421639627,777.6431618307744,2.655407606354289,,COMPLETE
1786,0.5075743325654795,2026-07-17 16:29:42.833359,2026-07-17 16:29:42.865184,0 days 00:00:00.031825,0.8364521789460594,783.4030186365127,71.15100749776678,7.587691485504419,0.9174741571870751,780.7085170891602,0.9946624587219022,0.10177161499721596,779.3708769087428,2.2539892623242723,,COMPLETE
1787,0.46995447704076027,2026-07-17 16:29:42.865184,2026-07-17 16:29:42.899209,0 days 00:00:00.034025,-0.3253389039198656,780.1516006212971,101.91050102832364,5.6660466709336434,1.1022192031541511,781.09765484148,0.8226677847554268,0.02214221535587773,778.5644340100827,2.6383308470757094,,COMPLETE
1788,0.32276597320358696,2026-07-17 16:29:42.899209,2026-07-17 16:29:42.931717,0 days 00:00:00.032508,0.5891256140019457,781.1943829722957,192.7975652124525,3.829697299446007,0.6009190790244158,779.3000339244365,0.693596348137572,0.1866963662750773,780.032115399182,1.9510072216069254,,COMPLETE
1789,0.16501280704957255,2026-07-17 16:29:42.931717,2026-07-17 16:29:42.969489,0 days 00:00:00.037772,0.4964236320551519,780.8336219372466,-270.1566294266114,4.571818107065096,0.5418804628509162,779.1943761917555,1.0704095818718222,0.2928524586075822,778.0464920567064,1.7347037986099771,,COMPLETE
1790,0.13712261023391784,2026-07-17 16:29:42.969489,2026-07-17 16:29:42.986711,0 days 00:00:00.017222,-0.38954591433649094,783.2111545547867,-238.3615431737653,6.715421334687011,1.040617368940255,779.8716885837525,2.064999042467892,0.0727221136115418,779.5373869369936,2.1822588718764795,,COMPLETE
1791,0.7455756101648183,2026-07-17 16:29:42.986711,2026-07-17 16:29:43.021541,0 days 00:00:00.034830,-0.4436560205742923,776.7462277325646,1018.8135632778392,0.530864550573931,1.4940699090599059,781.1817334314128,0.921672528799762,0.045881306650152553,779.0122702007952,1.1107937496040865,,COMPLETE
1792,0.7042332320017508,2026-07-17 16:29:43.021541,2026-07-17 16:29:43.063594,0 days 00:00:00.042053,0.9025882242332071,782.9754134967072,-281.82888903503397,0.4452414215790646,0.3777637831174273,777.6352652412572,2.3234072193665125,1.2633577637435387,776.4333762198406,1.4483797812892494,,COMPLETE
1793,0.11865786847170291,2026-07-17 16:29:43.063594,2026-07-17 16:29:43.087443,0 days 00:00:00.023849,0.16188995764066666,782.9205887240975,-160.76856831238075,2.3677909099276997,0.773368808526625,779.1738307118063,1.1907712687911922,0.3154376131726636,778.9504073461537,2.771782853120285,,COMPLETE
1794,0.40764725212714403,2026-07-17 16:29:43.087443,2026-07-17 16:29:43.119718,0 days 00:00:00.032275,-0.767986717289838,783.1576670633393,447.46509377782127,0.10970513950956254,0.023308912148973016,783.2057832578652,0.9828113595000293,0.7576313617576705,780.90003693475,0.9793380082172635,,COMPLETE
1795,0.3514130780887916,2026-07-17 16:29:43.119718,2026-07-17 16:29:43.167125,0 days 00:00:00.047407,0.5921292116747404,783.7627168053344,-283.319529396601,3.0422807619356456,1.0073978454616648,780.5658680813114,1.3467731981550854,0.0676701972647101,780.9025926422704,2.754521834548383,,COMPLETE
1796,1.8055749656968398,2026-07-17 16:29:43.167125,2026-07-17 16:29:43.224076,0 days 00:00:00.056951,0.6180862724347558,778.5088195205137,1093.5833556251762,0.13967597974860035,1.0529632488795495,782.935497258619,2.7456547561282374,0.2186388239364534,781.6226220727387,1.8521877676428382,,COMPLETE
1797,0.27468688350328513,2026-07-17 16:29:43.224076,2026-07-17 16:29:43.271527,0 days 00:00:00.047451,-0.5092584434909109,776.5736227667152,163.89367197087353,0.5697650270902463,0.07204043368633295,781.644945565928,1.260095457514794,1.1479421435798938,780.455954466616,1.7359827295752939,,COMPLETE
1798,0.4607101557939781,2026-07-17 16:29:43.271527,2026-07-17 16:29:43.310260,0 days 00:00:00.038733,0.23623508685181022,783.3407106187512,110.88877144108307,1.8791918524714233,0.6929985585601738,776.9573541929327,0.6852659344635871,0.28876589967354627,778.5008314170136,2.538002296252822,,COMPLETE
