number,value,datetime_start,datetime_complete,duration,params_background_amplitude_fraction,params_background_center,params_background_offset,params_background_width,params_peak_1_amplitude_fraction,params_peak_1_center,params_peak_1_sigma,params_peak_2_amplitude_fraction,params_peak_2_center,params_peak_2_sigma,system_attrs_fixed_params,state
647,0.3398841442398659,2026-07-17 16:29:14.131319,2026-07-17 16:29:14.153908,0 days 00:00:00.022589,-1.1551478889221747,783.6782747151965,-280.889433746607,0.987631151297988,0.8534445130575956,780.4007971718696,1.0487096491963768,0.3800342610044539,781.1457883398136,2.752142236078388,,COMPLETE
648,0.368836213211534,2026-07-17 16:29:14.153908,2026-07-17 16:29:14.174125,0 days 00:00:00.020217,-0.9951570727110786,783.644045316877,-260.91001790072676,1.4516930149471379,1.2542968296130121,778.9258589988016,1.4972374559130097,0.39420058908696587,783.7317515473852,0.12934277948499914,,COMPLETE
649,0.2678302402989151,2026-07-17 16:29:14.174125,2026-07-17 16:29:14.192491,0 days 00:00:00.018366,-0.6061830018012121,781.0291478920011,-130.33876146602526,1.6482511708284597,1.1853781066577238,780.0210253429735,2.5751107952250636,0.3760324789367483,781.0904054273628,0.2797174383966315,,COMPLETE
650,0.4383221196595943,2026-07-17 16:29:14.192491,2026-07-17 16:29:14.212663,0 days 00:00:00.020172,-0.3691619538036593,782.0831814788277,-268.3672496280605,4.566428117006019,1.3644424480254018,780.9742855155652,1.5466035201487194,0.6157962516834576,783.7767204064822,0.13260684374031445,,COMPLETE
651,1000.0067779808139,2026-07-17 16:29:14.212663,2026-07-17 16:29:14.234799,0 days 00:00:00.022136,-0.8829394459186897,779.5125000190409,171.45566969527846,0.8438954253711382,1.0036521118454336,780.0740231973987,0.896414444557194,0.8019120721493578,780.120477148969,2.0637045586139995,,COMPLETE
652,1.6045538788818232,2026-07-17 16:29:14.234799,2026-07-17 16:29:14.256923,0 days 00:00:00.022124,0.457326716822229,783.775572970256,1249.2347278387974,0.15083425122972607,1.2783733991432806,781.926972861195,2.8869884344611005,0.019718334104404822,780.796562822908,2.110896258725731,,COMPLETE
653,0.29605535603125577,2026-07-17 16:29:14.256923,2026-07-17 16:29:14.277038,0 days 00:00:00.020115,-1.0510150343543903,776.7073241672636,87.4586758515042,5.864537997344145,0.9145282222139919,779.8172327335244,1.8975382963875758,0.7641652328175527,778.350803964638,2.6738444276208564,,COMPLETE
654,0.18082224911179764,2026-07-17 16:29:14.278048,2026-07-17 16:29:14.298170,0 days 00:00:00.020122,-1.4208441329168293,783.8488994190383,396.2821566845985,3.641507876933164,0.961606172124665,780.1042644536737,1.2141419737363814,0.05547417407411133,781.3137431404328,2.7479204156279775,,COMPLETE
655,0.3257963539593858,2026-07-17 16:29:14.298170,2026-07-17 16:29:14.314571,0 days 00:00:00.016401,-1.0640598178799532,782.5699871393551,206.42430115164095,6.2951980744142295,1.250009883501698,779.7794803807994,0.7515560860362251,0.09449501882902092,780.8997918595946,2.8065267501997586,,COMPLETE
656,0.6894699401658604,2026-07-17 16:29:14.314571,2026-07-17 16:29:14.324514,0 days 00:00:00.009943,-0.32109323685442026,783.4832940733139,-204.12779572181154,5.961001286047386,1.2785111261791022,777.0506309752137,0.5350989170030542,0.4022297503588812,782.5664595623482,1.2207856034348663,,COMPLETE
657,1.1375407707671343,2026-07-17 16:29:14.324514,2026-07-17 16:29:14.351707,0 days 00:00:00.027193,-1.1472325584237915,778.1763200903514,-76.00006127562258,0.32748123179522504,0.5130135489849833,779.3525735102984,2.0258925473041973,0.8808918305247586,777.4806894140547,0.7366957527083065,,COMPLETE
658,0.28460367034212913,2026-07-17 16:29:14.351707,2026-07-17 16:29:14.370171,0 days 00:00:00.018464,-1.4636734618833378,780.1278305215031,348.0697691985937,4.572608724153356,0.6872635539919556,781.8436206588085,1.8249261181511056,0.6642676509358623,780.1839718926406,2.209350884628955,,COMPLETE
659,0.24277954508509703,2026-07-17 16:29:14.370171,2026-07-17 16:29:14.387198,0 days 00:00:00.017027,-1.4060453032433384,780.9743931595713,95.32128547425805,1.1627993030787085,1.0606174992588566,781.1939292710339,2.3584159817115427,0.6200129889751551,782.9270806751906,0.43592350647248834,,COMPLETE
660,1.129609058866081,2026-07-17 16:29:14.387198,2026-07-17 16:29:14.408338,0 days 00:00:00.021140,-0.33668402370603034,776.357584154589,830.1028912755473,1.0913062933033901,0.409510187812474,779.6445732866504,2.8427370834029952,1.1798948578956592,778.2794081283246,2.68043181041065,,COMPLETE
661,0.2966368841154849,2026-07-17 16:29:14.408338,2026-07-17 16:29:14.424822,0 days 00:00:00.016484,0.03417192217607856,783.3890916311382,61.32377886708643,2.46219266154548,0.9853247652860031,780.0786030315172,0.58988411977099,0.43875545354070333,782.3741855665966,0.4118441638957837,,COMPLETE
662,1.0281050442684874,2026-07-17 16:29:14.424822,2026-07-17 16:29:14.439293,0 days 00:00:00.014471,0.8697522462983421,777.2764474821093,458.4154286332896,0.1465811611991693,0.12381007955622314,783.2726740468337,2.2218673551306605,0.9294302326187109,779.1810702831222,0.6622281945076703,,COMPLETE
663,0.3524456785395618,2026-07-17 16:29:14.439293,2026-07-17 16:29:14.455747,0 days 00:00:00.016454,-0.9149580228111364,778.5328767995122,235.58425344251538,5.199291186117944,0.7173536912460705,780.1735993429543,1.7709119392394508,0.8599899598522159,780.5648747548615,2.414766510429565,,COMPLETE
664,0.8216398827666597,2026-07-17 16:29:14.455747,2026-07-17 16:29:14.477759,0 days 00:00:00.022012,-1.1524379981872777,776.3846704855531,490.84366638715494,0.7651880651795837,0.18319970230815494,780.0186454050164,2.3631047112255077,0.6551972603621113,777.2409625852725,1.702563271526696,,COMPLETE
665,0.8635592151126412,2026-07-17 16:29:14.477759,2026-07-17 16:29:14.495531,0 days 00:00:00.017772,-1.3593275372649296,782.4134577158675,807.0229049189102,2.8987646228831285,1.1822180733191858,782.6088243234074,0.8957872990847822,0.7791147514085476,780.8001197204158,2.6635393932336937,,COMPLETE
666,0.25305366193577267,2026-07-17 16:29:14.495531,2026-07-17 16:29:14.520204,0 days 00:00:00.024673,-0.8800774630279204,781.604837969375,714.4965282493313,6.109966382726726,0.5625881069350506,778.7853763339809,1.3610679759757527,0.08320295245964426,782.9462767625762,0.7417299768552713,,COMPLETE
667,0.3011514447572979,2026-07-17 16:29:14.520204,2026-07-17 16:29:14.541578,0 days 00:00:00.021374,-1.431172814681185,783.7835548404131,673.8116554748796,2.883370139103683,0.951700472719405,779.623613550869,1.2433086262528357,0.0903768508640409,782.0364179639799,2.6699809427546186,,COMPLETE
668,0.44670357181399506,2026-07-17 16:29:14.541578,2026-07-17 16:29:14.562626,0 days 00:00:00.021048,-1.3298255501511729,782.907632014948,404.80396131244925,5.5488995363936,1.2002485734435928,779.8590172740967,1.6487573903428538,0.4340954460168879,779.9623568310931,2.8060351746687995,,COMPLETE
669,0.36517504109228166,2026-07-17 16:29:14.562626,2026-07-17 16:29:14.582915,0 days 00:00:00.020289,-1.1004925776667276,780.6027345649069,339.8969290692889,5.762858193724975,0.31871565954467146,777.9704326660493,1.8893014870626597,0.8507053848012914,783.6821038602272,2.936943021464038,,COMPLETE
670,0.48134264137297894,2026-07-17 16:29:14.582915,2026-07-17 16:29:14.605663,0 days 00:00:00.022748,-0.6726975839237944,783.2535651504015,525.6449587100951,5.813520712684726,0.9983417707089622,780.6761095176316,1.8877175465711227,0.2424814631073275,783.1601658876536,0.4234633100397176,,COMPLETE
671,0.6477287632692714,2026-07-17 16:29:14.605663,2026-07-17 16:29:14.624037,0 days 00:00:00.018374,-0.8798066096546433,776.3419495980337,-1.2351293659258715,0.8027321478077193,0.4084954137239304,777.5052443319759,2.737085859507128,0.9203792907444249,778.6510040607725,1.713379540363815,,COMPLETE
672,0.6341417122011229,2026-07-17 16:29:14.624037,2026-07-17 16:29:14.645855,0 days 00:00:00.021818,-1.3571156826217072,779.1018636366646,453.6059984875095,7.364081973639121,1.0080198576029737,778.3537620597299,1.9868492767298789,1.2739488530424705,780.874222874181,2.072187732227392,,COMPLETE
673,1000.0122038350387,2026-07-17 16:29:14.645855,2026-07-17 16:29:14.665710,0 days 00:00:00.019855,1.0783765513341064,781.7865681814088,1074.4230620529015,0.4605344475028006,0.5128600098597668,778.8621488089218,1.5852339217441587,0.7057383939007743,778.8657385121161,2.091579112868326,,COMPLETE
674,0.4900902061549519,2026-07-17 16:29:14.665710,2026-07-17 16:29:14.682502,0 days 00:00:00.016792,-0.896043672590747,776.1765788483308,88.32200334906474,3.033512339537557,0.4230530229115679,781.9961081288843,2.815365222688543,1.1433984087074553,781.6919635247036,2.2859512412625387,,COMPLETE
675,0.48954286371087324,2026-07-17 16:29:14.682502,2026-07-17 16:29:14.700808,0 days 00:00:00.018306,-1.200964831643635,783.7341523806662,153.47261825575237,2.6078357569145516,1.1691754248402968,778.2447225612627,0.909413942221025,0.09702347940993794,781.8357192848894,2.2372032403044613,,COMPLETE
676,1000.0030635917133,2026-07-17 16:29:14.700808,2026-07-17 16:29:14.724428,0 days 00:00:00.023620,-1.4057066434723107,776.8096678954444,821.9154235685089,3.598698838904235,0.697843931096646,777.0474826873684,0.879890557786327,0.8693535919609109,777.1232803128335,2.48402929784442,,COMPLETE
677,0.7793006694440625,2026-07-17 16:29:14.724428,2026-07-17 16:29:14.748559,0 days 00:00:00.024131,-1.4144205226916966,781.9042605468454,-161.22812821108917,0.5336697690641488,0.3305787282634829,777.9790677456996,1.8388100380677699,0.1513913110577294,780.8992295323644,2.9677322457253177,,COMPLETE
678,0.2629802908835898,2026-07-17 16:29:14.748559,2026-07-17 16:29:14.766811,0 days 00:00:00.018252,-1.088871246931069,781.1924346363598,22.600961889667076,1.5655293584047465,1.0975886430925392,780.216865507266,1.7069897707944048,0.14846145134345945,783.2713682696535,0.7227824182514987,,COMPLETE
679,0.8464594100187801,2026-07-17 16:29:14.766811,2026-07-17 16:29:14.782084,0 days 00:00:00.015273,-0.3632877354589208,780.4742271940702,807.6377743992185,4.634801849660128,0.6873235684989847,778.9190372549012,2.5605070129980403,0.3586752080707416,780.5733394671408,2.7008634610252598,,COMPLETE
680,1.477915260549922,2026-07-17 16:29:14.782084,2026-07-17 16:29:14.802219,0 days 00:00:00.020135,0.48713110295022455,783.5895766388858,1037.1502499818312,6.869757579219791,1.1357136114991302,776.1368736221954,2.271108526546915,0.6367708325142983,777.5794408759389,1.4911080706523907,,COMPLETE
681,0.49479023146353635,2026-07-17 16:29:14.802219,2026-07-17 16:29:14.812665,0 days 00:00:00.010446,0.14383196510239665,782.2573761265162,307.65848097974197,3.3583378288098467,0.6970293881015576,778.8415865068289,2.223103052752924,0.13866589235030485,777.5709963280431,2.9814978591991417,,COMPLETE
682,0.09646930961896928,2026-07-17 16:29:14.812665,2026-07-17 16:29:14.828351,0 days 00:00:00.015686,-1.0020781039910331,781.2755694902773,640.3577253937141,6.3960547265185195,0.9194606319239922,779.5195406766143,0.899067331186373,0.21076009453526887,783.3155392887671,0.9205297315898929,,COMPLETE
683,0.44028288567615936,2026-07-17 16:29:14.828351,2026-07-17 16:29:14.848948,0 days 00:00:00.020597,-1.3794208704525988,777.5435179330282,372.60250016865075,4.288787757812604,0.0029708729743928575,779.2303593560711,1.3011385919530964,0.8949556599693196,780.9891468289625,2.3025260746205123,,COMPLETE
684,0.4266909373563431,2026-07-17 16:29:14.848948,2026-07-17 16:29:14.872436,0 days 00:00:00.023488,-0.4683097878603224,783.7154473094926,126.93850479682762,5.093567572616997,0.8242497106342297,777.4842308150304,1.5215404372049541,0.20903528963257081,783.8385086907942,2.9492171610544413,,COMPLETE
685,0.4886233123813581,2026-07-17 16:29:14.872436,2026-07-17 16:29:14.893546,0 days 00:00:00.021110,0.6464321360211394,778.2070037295205,-281.10168313268497,6.628610559834425,0.7607906684651573,780.6877600082556,2.1197109686134348,0.25354252836225605,780.9807145136989,1.3009994415405792,,COMPLETE
686,0.34335560810503,2026-07-17 16:29:14.893546,2026-07-17 16:29:14.914798,0 days 00:00:00.021252,-0.954151430472632,783.0685923821532,-116.26799143928044,0.9627263978456816,0.7124829274266511,777.5474707123374,1.6362677319775325,0.5119934006138547,781.3988100618484,2.825705799683443,,COMPLETE
687,0.5765761219153938,2026-07-17 16:29:14.914798,2026-07-17 16:29:14.930355,0 days 00:00:00.015557,-0.4402717311709819,783.9365453151156,275.0879361331541,5.09044209312005,1.0584428116769473,780.8592945945062,1.8399505123267823,0.24027974691510626,781.2173313559517,2.873555143159717,,COMPLETE
688,0.7560799611012977,2026-07-17 16:29:14.930355,2026-07-17 16:29:14.955798,0 days 00:00:00.025443,-0.5692145216788204,783.843869605387,915.2441974615376,0.9894047223104468,0.7921201990171419,780.5663783331028,1.5862334111939767,0.21086052265910066,783.3090252224235,0.4011037788566402,,COMPLETE
689,0.4903964398940182,2026-07-17 16:29:14.955798,2026-07-17 16:29:14.977792,0 days 00:00:00.021994,-0.6334604816229314,776.7858424090779,160.31493325942202,5.454619494735237,0.3276417217173587,779.7121607687965,2.948541385767782,0.567003508799004,776.7986853654004,1.1573251815123657,,COMPLETE
690,1000.0105918412302,2026-07-17 16:29:14.977792,2026-07-17 16:29:15.000935,0 days 00:00:00.023143,-1.0788567146357224,777.792283357269,-85.45423296642619,6.363802827505494,0.5107129720597621,780.3134623609717,2.8571179474837436,0.3714487993221075,780.2971379066901,0.7650729769152237,,COMPLETE
691,0.28160314862216385,2026-07-17 16:29:15.000935,2026-07-17 16:29:15.024328,0 days 00:00:00.023393,0.10697204397307969,778.9788468538653,-216.85242950943848,3.7585693241220715,0.8126595915506994,780.4836445973257,2.7353268821699808,0.0459670626668503,777.2568271654205,2.0914017943120378,,COMPLETE
692,0.5570218579132448,2026-07-17 16:29:15.024328,2026-07-17 16:29:15.048053,0 days 00:00:00.023725,-1.4929309331960419,777.9321950390903,-165.13589021313086,3.2487151354087476,1.0460817054204996,777.7700946745032,2.497826678360955,0.7502944624985292,780.4193723144668,2.8956580348062446,,COMPLETE
693,0.1438450713761482,2026-07-17 16:29:15.048053,2026-07-17 16:29:15.068135,0 days 00:00:00.020082,-0.9632475124089886,782.9265170924748,315.0935326637233,7.697574679297039,0.8689471974507634,779.486179499291,1.8609636596452566,0.030367483843868302,783.1561649585186,2.2843057010569763,,COMPLETE
694,0.3625076943888912,2026-07-17 16:29:15.068135,2026-07-17 16:29:15.088204,0 days 00:00:00.020069,-1.4351699357948937,782.749233262094,424.56602981889966,3.3737143892129455,1.0457058408866289,781.2725065118939,1.3484473074816994,0.08753682523514811,780.5332612896756,2.3251262253796896,,COMPLETE
695,0.20391297257183996,2026-07-17 16:29:15.088204,2026-07-17 16:29:15.112799,0 days 00:00:00.024595,-1.3564596392216302,782.2370747300289,417.114131790956,7.49091461007738,1.2445086502697207,779.961388900548,1.3350454661946063,0.4671808846067618,782.9066391472344,1.4144135818481092,,COMPLETE
696,0.8777896047536693,2026-07-17 16:29:15.112799,2026-07-17 16:29:15.132704,0 days 00:00:00.019905,0.18796058206500071,780.2588001937037,235.68637878728833,7.546097386934108,0.8350238282311362,780.8765682230938,2.0793451245043246,0.5455902875244786,779.8913463168403,2.9364335333575227,,COMPLETE
697,1.5048379802195628,2026-07-17 16:29:15.132704,2026-07-17 16:29:15.156289,0 days 00:00:00.023585,1.2473523173029202,779.1445681448755,923.4486893373148,2.986114692435332,0.6549781149096485,776.6154304641711,1.6896094530118804,1.1809188125451944,781.287011389907,0.34853507900495173,,COMPLETE
698,0.3181146164838252,2026-07-17 16:29:15.158297,2026-07-17 16:29:15.177496,0 days 00:00:00.019199,-1.1159374785766052,781.6483374785856,268.17382523569097,5.394711952629396,0.8826384261696291,778.633361250909,1.4368760615294796,0.2913465649839325,783.9614741256704,1.949597165603519,,COMPLETE
699,0.37539819043229433,2026-07-17 16:29:15.177496,2026-07-17 16:29:15.197616,0 days 00:00:00.020120,-0.3408524607980266,780.8810937880197,42.616452472865554,5.52884573115709,0.6180285933739474,777.8984762775183,1.8066624454451385,0.05285084682036954,779.1275012073964,2.7319012555849493,,COMPLETE
700,0.16409985967349494,2026-07-17 16:29:15.197616,2026-07-17 16:29:15.215154,0 days 00:00:00.017538,-0.5065408577870414,776.9160931842152,48.12435674253706,0.8776154605874924,0.6279314912259923,781.302336232432,1.9336893973691374,0.737548642841981,778.9681350311843,1.333259959880056,,COMPLETE
701,0.7340358581010298,2026-07-17 16:29:15.215154,2026-07-17 16:29:15.238294,0 days 00:00:00.023140,0.035321725100531776,776.6640044689018,512.7011810304351,0.8275735985572195,0.6277311081029227,782.7622531039125,1.3991045282830759,1.3570379915420911,778.612791923035,0.8153188721403922,,COMPLETE
702,0.4970840911659864,2026-07-17 16:29:15.238294,2026-07-17 16:29:15.258457,0 days 00:00:00.020163,-0.8323339352436139,777.3001400236093,724.6109358895018,0.8553368648567733,0.6703592898246019,779.420817029743,1.0181592195133728,1.1051425482575972,781.7963964022603,2.638457325220931,,COMPLETE
703,0.36054655583206746,2026-07-17 16:29:15.258457,2026-07-17 16:29:15.282210,0 days 00:00:00.023753,-0.6128464116327407,776.1260902861691,228.0138227464506,0.8603460489998641,0.7854943011954004,781.7101864074608,1.3654266595990845,0.5878757487637696,779.220501138379,1.0644782621774067,,COMPLETE
704,0.37805824348350664,2026-07-17 16:29:15.282210,2026-07-17 16:29:15.303289,0 days 00:00:00.021079,-0.32188388313018373,777.5166384770524,145.0866591142059,0.45001794128337896,0.6360298284881494,781.5095285635705,2.0739880998019853,0.9416043228242323,779.6373870310167,1.6549507079058563,,COMPLETE
705,0.7336088741543064,2026-07-17 16:29:15.303289,2026-07-17 16:29:15.325904,0 days 00:00:00.022615,0.4334283235150048,783.9076494809401,265.01676246302367,0.25620373581703104,1.059908547323618,781.3544931515302,2.6925066103556166,0.45690755667935995,776.309946732554,0.34378387941176336,,COMPLETE
706,0.286715018839814,2026-07-17 16:29:15.325904,2026-07-17 16:29:15.346907,0 days 00:00:00.021003,-0.8388778542570088,782.6894950891922,483.2779444344937,5.415269450640078,1.2134680154265274,779.4841272700296,0.5556854211941955,0.5768805501561929,780.9732144126351,1.8013377332410336,,COMPLETE
707,0.30503136253874286,2026-07-17 16:29:15.346907,2026-07-17 16:29:15.370908,0 days 00:00:00.024001,-0.019250444875336892,777.6177134176659,-217.2219858419252,0.5923847553730583,0.8830638298185365,781.2802995741148,1.266183096785944,0.6851530765342151,777.7313176592463,1.449413031055556,,COMPLETE
708,1.1169026450978135,2026-07-17 16:29:15.370908,2026-07-17 16:29:15.394918,0 days 00:00:00.024010,-0.8797140751207045,776.3041540278099,-184.8712642205798,0.4030575072978633,0.009410395511817243,782.5254386059506,2.339369059714359,0.659782918145247,777.8645318851856,1.7665950540242863,,COMPLETE
709,0.8950440892508722,2026-07-17 16:29:15.394918,2026-07-17 16:29:15.418897,0 days 00:00:00.023979,-0.0069632491968029415,782.5517750524318,741.5362624227569,0.13866856294166985,1.0398777121486074,777.9671296852101,0.7426651616730819,0.483171528382369,780.3044127819041,2.651634798428358,,COMPLETE
710,0.3439090907533669,2026-07-17 16:29:15.418897,2026-07-17 16:29:15.439727,0 days 00:00:00.020830,-0.45223609356297345,777.9641405785538,39.625560416388055,1.681503805263686,0.306451232143874,783.2980237241851,2.780274712561927,0.6640437002519861,780.950534015003,2.0955247783396787,,COMPLETE
711,0.3204922236017437,2026-07-17 16:29:15.440730,2026-07-17 16:29:15.464730,0 days 00:00:00.024000,-1.0232701342360284,783.8156462766409,229.15617705917902,3.9223187638090153,1.1662486371210758,780.1912857301147,2.168026323782569,0.054502015685973834,783.8880528733453,2.286217183965383,,COMPLETE
712,1.2876584573946916,2026-07-17 16:29:15.464730,2026-07-17 16:29:15.487952,0 days 00:00:00.023222,1.2376244083399786,783.1276900046525,479.8505973158059,0.637464766470895,1.2251960595072178,781.77205412126,2.254511398779809,1.3642984388884893,776.6474638314413,0.44888203596555587,,COMPLETE
713,0.2883607296143304,2026-07-17 16:29:15.487952,2026-07-17 16:29:15.504709,0 days 00:00:00.016757,-1.4125916470018034,780.4643429363376,696.1105393961654,4.605345698018281,0.8834734527747922,779.2583913203705,1.0328692809491815,0.012815168362419211,780.7719991483044,1.2380730388014354,,COMPLETE
714,0.12962820774211278,2026-07-17 16:29:15.504709,2026-07-17 16:29:15.522869,0 days 00:00:00.018160,-0.3060456193000316,776.303824258392,45.66523860888275,0.8417406029796741,0.48490967104249993,781.7210493453264,2.0048203393580795,1.0597795404227441,778.9894319344905,0.903746242364809,,COMPLETE
715,0.3214546094813715,2026-07-17 16:29:15.522869,2026-07-17 16:29:15.545477,0 days 00:00:00.022608,-1.3966653157668727,777.807163334363,555.4724190605003,7.74462220015592,0.358796329247831,777.0033043874532,1.6424545502608963,0.6404834878573602,781.1922880308529,2.6700117277786135,,COMPLETE
716,0.40252038800822404,2026-07-17 16:29:15.545477,2026-07-17 16:29:15.568925,0 days 00:00:00.023448,-0.3157245230838578,782.1202917808605,747.442631687545,4.2438723748765135,1.1815743793225182,780.6452760298711,0.11065377958246336,0.07777954318785171,782.5559958758284,1.4381235041154123,,COMPLETE
717,0.46191807088240183,2026-07-17 16:29:15.568925,2026-07-17 16:29:15.593150,0 days 00:00:00.024225,-0.36872811729199895,776.9910039948311,-248.59077968153548,1.441116908445188,0.6021578924146717,783.2869010782757,2.8500870459794254,1.0890698402762875,780.2885061996772,0.786635174939891,,COMPLETE
718,0.25257288783462906,2026-07-17 16:29:15.593150,2026-07-17 16:29:15.615692,0 days 00:00:00.022542,-0.9556462187337615,780.761602886707,510.60696554785466,6.146773824424085,0.8863231332075396,778.952748115333,0.8829424136117425,0.27702451006379714,783.4128198173659,0.823275007979396,,COMPLETE
