number,value,datetime_start,datetime_complete,duration,params_background_amplitude_fraction,params_background_center,params_background_offset,params_background_width,params_peak_1_amplitude_fraction,params_peak_1_center,params_peak_1_sigma,params_peak_2_amplitude_fraction,params_peak_2_center,params_peak_2_sigma,system_attrs_fixed_params,state
791,0.2725583112392578,2026-07-17 16:29:17.280366,2026-07-17 16:29:17.302059,0 days 00:00:00.021693,-1.446465925101517,783.4228602875609,-170.79527667533702,5.456762435106372,1.0536590252031295,779.2220993596007,2.24711529067517,0.3420690123984442,780.4386602733233,2.209051190419199,,COMPLETE
792,0.359946546824522,2026-07-17 16:29:17.303059,2026-07-17 16:29:17.327118,0 days 00:00:00.024059,-1.0374958277046125,777.2615561403767,777.3445374057139,3.6846637334002983,1.2099167589493764,783.9654840030347,0.304988188668182,0.8178309352689027,779.7259933549204,2.605252419956895,,COMPLETE
793,0.8048633413956432,2026-07-17 16:29:17.327118,2026-07-17 16:29:17.352118,0 days 00:00:00.025000,-0.072609928425176,781.9628972877516,939.0590097236005,1.2549351933465527,0.6605979096717429,782.8793334785274,1.3631881833102948,0.17003970770015098,777.4403830041192,0.9108606018179618,,COMPLETE
794,0.3837582673236602,2026-07-17 16:29:17.352118,2026-07-17 16:29:17.370119,0 days 00:00:00.018001,-1.3059913673903036,782.1636955302646,989.1042306302596,4.674316442328237,0.7198798867255982,781.3221550163292,0.3828314749227264,0.10982978407068708,783.4693395749316,1.3129115648854293,,COMPLETE
795,0.5543991191591562,2026-07-17 16:29:17.370119,2026-07-17 16:29:17.395127,0 days 00:00:00.025008,-0.8615665863145233,782.7948219924702,709.3041847443064,6.8374614596370265,0.8555500776314988,780.3396218529265,2.1662905361215694,0.22812752918168605,782.5011444606185,1.9093630506153003,,COMPLETE
796,0.7846422527286462,2026-07-17 16:29:17.395127,2026-07-17 16:29:17.416946,0 days 00:00:00.021819,0.7078500718027992,776.9905900580139,121.3811890844957,1.0552972601924844,0.07894506846085361,780.522597839497,1.8818989966107615,0.8856823736384087,780.4102905692412,1.2485672840574507,,COMPLETE
797,0.5722242078720692,2026-07-17 16:29:17.416946,2026-07-17 16:29:17.438947,0 days 00:00:00.022001,0.05569970557258261,779.9969423714659,-238.62095185830574,0.5447941345099531,0.42804547537676263,780.8317192335646,1.5472379880625153,1.1342613478418773,781.1496714030734,1.0307925054932434,,COMPLETE
798,0.6854401599496159,2026-07-17 16:29:17.438947,2026-07-17 16:29:17.459947,0 days 00:00:00.021000,-0.9292382804536848,778.2620158189845,-266.52568120751624,0.7396427295516027,0.060662506441870434,780.6656629252594,2.736091978921526,1.1324559704737267,779.4310515788225,1.8702611896086467,,COMPLETE
799,0.4094829001234061,2026-07-17 16:29:17.459947,2026-07-17 16:29:17.474948,0 days 00:00:00.015001,-0.17189308769696812,776.9824897898237,-31.437305533514348,0.37526981007410776,0.22801460171559704,781.3488153047757,1.0602934589043072,0.844680420764524,780.4391387056008,0.8684068339150469,,COMPLETE
800,0.320449812344677,2026-07-17 16:29:17.474948,2026-07-17 16:29:17.500325,0 days 00:00:00.025377,-0.8274209846886824,783.6792621170526,525.1870197055681,3.704093085631363,0.8097603624860753,780.8279348880088,1.246708974398504,0.045108030283351364,779.4378872106729,2.8254380341715257,,COMPLETE
801,0.4933361022274425,2026-07-17 16:29:17.500325,2026-07-17 16:29:17.523362,0 days 00:00:00.023037,-1.3633748491139777,783.281088871979,108.28522163613098,3.6814434228759723,0.6115386586032232,780.8255877398988,0.7503596292994296,0.21356547392216083,779.5846723755056,2.981089674446247,,COMPLETE
802,0.3157318941432104,2026-07-17 16:29:17.523362,2026-07-17 16:29:17.549364,0 days 00:00:00.026002,-0.7360487564618328,776.4574636460384,292.50372029397556,1.4984071614441112,0.9523898542151795,783.0202296554312,2.9641914741645934,0.9239615404259408,779.113808872441,1.6765547189493073,,COMPLETE
803,1.0135511661324004,2026-07-17 16:29:17.549364,2026-07-17 16:29:17.573849,0 days 00:00:00.024485,0.2555632150061835,776.1701361663178,196.3345646724535,1.0835666880125339,0.709589971948425,778.8322908922106,2.262726484861366,1.2524867368083155,781.05637190409,1.2216589727299672,,COMPLETE
804,1.2646186953661414,2026-07-17 16:29:17.573849,2026-07-17 16:29:17.603065,0 days 00:00:00.029216,-1.200344666186777,779.8482356249041,1159.4111103266882,0.41138470231307106,1.499730828551444,781.5197818169584,2.9392518893503556,0.39772285472181174,777.331073808468,2.862446664458153,,COMPLETE
805,0.14445119748353022,2026-07-17 16:29:17.603065,2026-07-17 16:29:17.627648,0 days 00:00:00.024583,-0.5420395403468615,783.9422796548079,-53.43538125016616,5.965592508578014,0.9602318122118451,779.8707927883157,1.4655343440655726,0.11577135925231838,781.0120114137949,2.5740662815569024,,COMPLETE
806,0.6605268556897893,2026-07-17 16:29:17.627648,2026-07-17 16:29:17.652009,0 days 00:00:00.024361,-1.319513689749341,781.2352231605886,-223.691750512808,2.8437766695126547,1.0531935946440847,778.5309072209376,0.953781777053818,0.38984611045261186,780.5454834209338,2.321914432796902,,COMPLETE
807,0.4751372470099619,2026-07-17 16:29:17.652009,2026-07-17 16:29:17.678959,0 days 00:00:00.026950,-0.4910679233154999,783.9021063098982,224.836483793435,4.14384339877939,0.9803694659939817,780.1877845707457,1.0123274727273706,0.5929815030737053,780.6915653317898,2.6331167013549823,,COMPLETE
808,0.8861939360651013,2026-07-17 16:29:17.678959,2026-07-17 16:29:17.705022,0 days 00:00:00.026063,-1.2459361534158555,783.051925108483,-246.05334397960465,3.7470443971010554,1.3200739075684902,782.2412083161586,0.7030466505367106,0.033006164425311735,783.1508649632333,2.4926216384127273,,COMPLETE
809,0.2192313797154421,2026-07-17 16:29:17.705022,2026-07-17 16:29:17.728073,0 days 00:00:00.023051,-0.3356204743505633,782.0701334948133,-182.72826764722024,6.291786558105135,0.9017268665556487,779.5592012322807,1.28991590672448,0.14738206266221376,781.7374589123139,2.1638323584674897,,COMPLETE
810,0.8418226252894757,2026-07-17 16:29:17.728073,2026-07-17 16:29:17.745619,0 days 00:00:00.017546,-0.1682838153011319,778.7227285916704,81.24138306156644,2.370789972827772,0.32895202550672287,781.5744352085364,2.978972757642503,1.3427266686730517,782.2130546589433,1.8641290243577975,,COMPLETE
811,0.1527755170217965,2026-07-17 16:29:17.745619,2026-07-17 16:29:17.771886,0 days 00:00:00.026267,-0.29045006127917905,783.7683343176933,217.6333119412585,7.719491787062566,0.6629080452565874,779.6589058342935,1.5741689545399231,0.09155983262976689,783.7134513245343,1.654022185757418,,COMPLETE
812,0.29721770958389554,2026-07-17 16:29:17.771886,2026-07-17 16:29:17.795794,0 days 00:00:00.023908,-0.12994280213874865,777.4965932713428,-7.304483425575608,0.6676528617945102,0.3421388409021806,779.4011283296378,1.0279638355313616,1.3283268108045478,779.1083114139057,1.0669483687550272,,COMPLETE
813,0.42453110779344344,2026-07-17 16:29:17.795794,2026-07-17 16:29:17.822141,0 days 00:00:00.026347,-0.54753357974457,783.9427191990688,150.5187783532944,5.665581575309796,1.178511696930825,778.2294057726265,1.3777763845137585,0.03535408102041517,783.0428867137922,1.9341126659844474,,COMPLETE
814,0.3894338926274503,2026-07-17 16:29:17.822141,2026-07-17 16:29:17.847254,0 days 00:00:00.025113,0.05756198204013063,779.4803809255978,89.7034571252454,1.1460778167833914,1.192109358542608,778.9165809727941,1.0335044031329592,0.3709118240055726,782.1920526121561,2.7576729941530935,,COMPLETE
815,0.5315229604372497,2026-07-17 16:29:17.847254,2026-07-17 16:29:17.873440,0 days 00:00:00.026186,-0.7367617223805654,780.9189084935831,163.2538155386382,0.567129236338208,0.8501840116328482,777.2871682774803,1.1528211642945025,0.4118093156519088,780.4074077410127,1.7460107957739595,,COMPLETE
816,0.22215274163071785,2026-07-17 16:29:17.873440,2026-07-17 16:29:17.899960,0 days 00:00:00.026520,-0.8061586618521407,777.892962807469,-37.4135989391138,1.8165298768892442,0.3544055303382861,781.667913447107,2.7715119417355045,1.0472382706650407,780.0823472374905,1.8127298374936758,,COMPLETE
817,0.2743518934259257,2026-07-17 16:29:17.899960,2026-07-17 16:29:17.926476,0 days 00:00:00.026516,-1.3789001960240823,783.4525538666252,-72.6837460978303,3.8380738155922467,0.8503605505639102,780.6247507755087,2.3167538709146807,0.518697366459296,782.7424185193282,2.8848107794851257,,COMPLETE
818,0.2419016491693352,2026-07-17 16:29:17.926476,2026-07-17 16:29:17.953477,0 days 00:00:00.027001,-0.5886925274762833,778.0025018363281,-302.2845308282944,3.1136888154004265,0.6881471791378819,779.8567980082389,2.478888422692737,0.9543998281279709,779.343599226168,1.42842686093646,,COMPLETE
819,0.24613063298096305,2026-07-17 16:29:17.953477,2026-07-17 16:29:17.979477,0 days 00:00:00.026000,-0.22258184830587024,783.1221589026019,118.06066420099752,4.794748976643046,0.604233469080273,779.4310867933195,1.8521624774149001,0.3590457529157888,783.7415438497077,1.4223208621853052,,COMPLETE
820,0.2605750447826478,2026-07-17 16:29:17.979477,2026-07-17 16:29:18.005489,0 days 00:00:00.026012,-0.8134653299698034,782.8571209919904,705.0827296345285,4.9924193586337715,1.0708760070665873,779.8950524543334,0.896532269350498,0.17322027465365453,783.4917620895415,0.7253248120778855,,COMPLETE
821,0.21102111584837505,2026-07-17 16:29:18.005489,2026-07-17 16:29:18.030004,0 days 00:00:00.024515,-0.35543251718799285,777.9518843818546,-285.6147978313753,2.4663020395323314,0.7075838454137028,779.9734122024411,2.7229610973294256,0.3487509444437321,779.063387183108,1.7148671372376656,,COMPLETE
822,1.1586077373675578,2026-07-17 16:29:18.030004,2026-07-17 16:29:18.055002,0 days 00:00:00.024998,-1.0616748058938175,777.7387448533594,-297.37546496843015,0.5021536125344599,1.4319172393593564,777.114094399149,2.1366845940682175,0.3149843111470083,782.3894756903939,0.5281895092390803,,COMPLETE
823,0.16659612399974028,2026-07-17 16:29:18.055002,2026-07-17 16:29:18.082640,0 days 00:00:00.027638,-0.07993942005215376,783.5593643403057,-258.8957566594744,5.954644814112865,1.1314930085114023,779.1578005709949,0.8854608634456719,0.3575578668018973,779.6917752342332,2.666667273293987,,COMPLETE
824,0.4230288696669037,2026-07-17 16:29:18.082640,2026-07-17 16:29:18.107652,0 days 00:00:00.025012,0.2776854470513205,781.8950575786846,-261.81638062185107,5.421825855838167,0.932407100330214,780.9790324848963,0.5262401946638087,0.21451554518229798,779.6693771825996,2.4245498069990608,,COMPLETE
825,0.5155436054005272,2026-07-17 16:29:18.107652,2026-07-17 16:29:18.133185,0 days 00:00:00.025533,-0.9003415248168294,782.4256610981238,-207.06963777516359,0.9129058123733478,0.48578913383107397,778.9050518827569,0.48968777409601183,0.2734860320443704,780.5903332652181,2.5169636395014403,,COMPLETE
826,0.31668260812596405,2026-07-17 16:29:18.133185,2026-07-17 16:29:18.158186,0 days 00:00:00.025001,0.023837044405534052,781.5104802452859,-202.31688963603108,5.583453762557736,1.2978951401268088,779.967205320043,1.3293535479678238,0.3105210914116069,779.2934355632837,2.1487452607701636,,COMPLETE
827,0.44509604982682033,2026-07-17 16:29:18.158186,2026-07-17 16:29:18.178660,0 days 00:00:00.020474,-0.3262902758847123,783.8344422192695,-221.0744785750033,2.708407188319524,0.9496293469767044,777.7666725564154,1.1135627299901816,0.34337878174361547,779.7757384878869,2.9087711474460534,,COMPLETE
828,0.3610963037746066,2026-07-17 16:29:18.178660,2026-07-17 16:29:18.203819,0 days 00:00:00.025159,-1.1057193478661596,783.8360012689267,-294.9633249798846,7.007434470059839,1.1125122068486806,778.2452917386497,0.9628339560750983,0.713630426143355,781.4311540796303,2.8424793991863044,,COMPLETE
829,0.8147228366422952,2026-07-17 16:29:18.205830,2026-07-17 16:29:18.231034,0 days 00:00:00.025204,0.23592889081573418,776.7737091391521,1126.0393435086153,3.917069605732175,0.14031050457120675,781.983595446272,0.6282272821471172,0.03401268991047346,777.4119209623082,1.368933363191004,,COMPLETE
830,0.34224069785395084,2026-07-17 16:29:18.231034,2026-07-17 16:29:18.247428,0 days 00:00:00.016394,-0.24321816304777882,782.6802310084903,152.4310325030424,7.123622832340916,0.5407248981820691,781.116856105022,2.068220801661128,0.11617824597811696,783.3560590998324,2.3035936300687196,,COMPLETE
831,0.3377138927683606,2026-07-17 16:29:18.247428,2026-07-17 16:29:18.269988,0 days 00:00:00.022560,-0.8062643263918202,782.6789933271267,217.6982300846712,7.6623141492818485,0.7526248794135283,778.4435352110823,0.8376615439721877,0.20608322573927867,781.4817411641894,2.9086311926561033,,COMPLETE
832,0.18976898983007348,2026-07-17 16:29:18.269988,2026-07-17 16:29:18.291680,0 days 00:00:00.021692,-0.17788443238311052,783.9466422947278,172.15748506340748,5.153571304651578,0.8276774156251687,779.9877270331574,1.6421848924820233,0.0019298773409783254,779.821129042395,1.3406543745273827,,COMPLETE
833,0.4589635902766839,2026-07-17 16:29:18.291680,2026-07-17 16:29:18.318250,0 days 00:00:00.026570,-1.3018866368206303,783.8293387003915,417.6102205377582,3.5797522617304494,0.9366937693065533,780.971802508527,1.2785556720611355,0.4408140460117974,782.2408781407726,2.6644785906803663,,COMPLETE
834,0.7045201802822701,2026-07-17 16:29:18.318250,2026-07-17 16:29:18.344250,0 days 00:00:00.026000,-1.28461508798597,778.7609860042693,137.07791370672498,1.8825209808627092,1.1467668805279805,779.0440534348827,0.5937938006853574,0.669203536144326,783.3578279896499,1.5897311590230134,,COMPLETE
835,0.5172586845199331,2026-07-17 16:29:18.344250,2026-07-17 16:29:18.370246,0 days 00:00:00.025996,0.2429822466222234,783.4142776876193,-108.66670007970129,4.299172509818564,1.0597422021177973,777.7415632745741,0.9027258591851732,0.3351853703711138,778.4225301695228,2.467301998329803,,COMPLETE
836,0.3031430273193315,2026-07-17 16:29:18.370246,2026-07-17 16:29:18.394042,0 days 00:00:00.023796,-0.24710303453982196,776.1714015138438,217.41986507171703,0.4103313537689207,0.07841582856885465,779.9137062153494,2.688050094541336,0.8889914313339659,779.0910427090207,2.538240483586842,,COMPLETE
837,0.24334881820650547,2026-07-17 16:29:18.394042,2026-07-17 16:29:18.415906,0 days 00:00:00.021864,-0.4621094447889922,779.860263576873,25.163800405874554,7.108398282130204,0.9580024524888215,780.5307560874577,2.093648714906745,0.05089292598127425,783.8728681194486,2.651911326915503,,COMPLETE
838,0.9914292794193807,2026-07-17 16:29:18.415906,2026-07-17 16:29:18.437923,0 days 00:00:00.022017,-1.007816518590191,780.2677038906251,-294.40456873943094,0.7953833565837773,0.048429942566099005,776.6439568889776,0.4037738886014015,0.6482716005932757,778.4818671566113,1.2433098007511048,,COMPLETE
839,0.6329835532466804,2026-07-17 16:29:18.437923,2026-07-17 16:29:18.460929,0 days 00:00:00.023006,-0.6984964644394038,778.9292015887052,-230.61072935305882,5.195976921005299,0.7999644431558275,782.5164793288244,2.3257004477241874,0.22137980955506276,781.7889801061067,1.6976142291951353,,COMPLETE
840,0.640357043174398,2026-07-17 16:29:18.460929,2026-07-17 16:29:18.481186,0 days 00:00:00.020257,0.5034053367173318,782.2640773441675,148.45553731817495,1.1190031583395132,1.0366405454415721,779.4388350149441,0.22010975980587055,0.8486323177766746,781.9169244592907,1.606136543069144,,COMPLETE
841,0.29108527286872266,2026-07-17 16:29:18.482183,2026-07-17 16:29:18.505527,0 days 00:00:00.023344,-0.8825280287276187,783.2702118425677,198.95981279932403,0.6715574752923343,0.42066843895108036,780.763708667246,1.3040001718199072,0.2454188419770732,777.0718459708067,1.4058432766418871,,COMPLETE
842,0.4283791026880987,2026-07-17 16:29:18.505527,2026-07-17 16:29:18.530789,0 days 00:00:00.025262,-0.25821087452045144,783.4883386622457,-134.8833297943611,4.070623324826192,1.1381474134012655,780.9509778407635,1.0483190592681317,0.2631400356741394,780.2460112056691,2.282190120060907,,COMPLETE
843,0.3198719440654884,2026-07-17 16:29:18.530789,2026-07-17 16:29:18.556606,0 days 00:00:00.025817,-0.2110301115865918,783.157576460765,-266.92045654330474,6.1318534575493535,1.3203002722346662,779.3253744754326,0.6593057926000603,0.2168202694813806,778.8751780407946,2.3862767797803563,,COMPLETE
844,1.4441985969360291,2026-07-17 16:29:18.556606,2026-07-17 16:29:18.582702,0 days 00:00:00.026096,-0.2403136237647887,783.3366762958627,1070.9704672548003,6.241686726438819,0.8273272588387138,782.4113670723766,0.34182963840469305,1.36840454099503,781.9128703472244,2.1432991317814425,,COMPLETE
845,1.166150601788815,2026-07-17 16:29:18.582702,2026-07-17 16:29:18.604750,0 days 00:00:00.022048,-0.3350266970013808,777.3279336369568,618.9355649801373,4.024379659608432,1.2004076911083028,783.4816432126089,0.6083297945261998,1.3402571525664833,783.1070886617042,1.2941953734969969,,COMPLETE
846,0.624298007445345,2026-07-17 16:29:18.604750,2026-07-17 16:29:18.619473,0 days 00:00:00.014723,-0.40244138082158376,783.9490966559607,-152.5711047202799,5.6748670763753575,1.1599389803688198,778.09245885161,1.2525744128565321,0.6986242768323722,778.4796667001831,2.109269005214051,,COMPLETE
847,0.6784833181431886,2026-07-17 16:29:18.619473,2026-07-17 16:29:18.634475,0 days 00:00:00.015002,0.7485885968865786,783.3276027836241,-279.770085574706,5.647697422526704,1.3363785054510535,778.27760147207,1.0604723903420996,0.7750698739606148,780.3726469107055,2.1509818581281497,,COMPLETE
848,0.9620803699919669,2026-07-17 16:29:18.634475,2026-07-17 16:29:18.654116,0 days 00:00:00.019641,0.8123426810070722,781.1740486405383,91.7954132995406,7.018549463439356,0.029140438014960135,779.3327568848589,2.5903847572503707,1.3111776153455903,783.4176314098218,1.7770287192645937,,COMPLETE
849,0.5746791849690202,2026-07-17 16:29:18.654116,2026-07-17 16:29:18.680116,0 days 00:00:00.026000,-0.23102404109123184,782.193217207836,511.7903526012908,0.4256489535175341,0.9931874518933358,777.9317570780086,0.6030881204064504,0.6947996591110239,780.5295709305092,1.4523490613615153,,COMPLETE
850,0.4884118764704083,2026-07-17 16:29:18.680116,2026-07-17 16:29:18.706127,0 days 00:00:00.026011,-0.14580263170198385,777.0983391324482,629.5475050737186,0.10094897112442916,0.9184145454353648,776.9824118489965,0.2981426224822865,0.01750116360394749,779.1540271331135,0.7747590150158511,,COMPLETE
851,0.6231664839950465,2026-07-17 16:29:18.706127,2026-07-17 16:29:18.732167,0 days 00:00:00.026040,-0.2199564618627723,777.5470002951165,514.5060136114603,0.498350769721656,0.21344371236304874,778.721956262122,2.0179766317223966,1.0985281702176162,778.9347463005477,1.7357016047097835,,COMPLETE
852,0.6438483968433746,2026-07-17 16:29:18.732167,2026-07-17 16:29:18.758167,0 days 00:00:00.026000,-0.11890571129677893,780.0471146929129,-304.79371328582766,4.67659361778737,1.4787509928888458,777.3337394444117,1.1567829204934805,0.24059636228680142,780.655870805726,2.7623227251296756,,COMPLETE
853,0.3828391664185917,2026-07-17 16:29:18.758167,2026-07-17 16:29:18.785102,0 days 00:00:00.026935,0.3167148001903597,783.5053097079781,360.4841021165562,5.048154348557536,0.3402572529165731,779.3505093805323,1.493985155248397,0.20133977428243227,782.7089449610258,1.3837369316526105,,COMPLETE
854,0.6889003633743868,2026-07-17 16:29:18.785102,2026-07-17 16:29:18.811168,0 days 00:00:00.026066,-1.1251896680916236,783.8335083311962,-86.81176446608367,6.646836073173613,0.540535576729806,778.8073460235414,1.2038044597796254,0.013348511545935016,783.4086927125134,2.019578491369878,,COMPLETE
855,0.579098256492034,2026-07-17 16:29:18.812168,2026-07-17 16:29:18.829185,0 days 00:00:00.017017,-0.5332905603312453,783.0092551619003,-273.4126318884162,5.934752282593011,0.8136121348726185,780.5305472549809,0.20574195918838756,0.4590544213758728,781.6976617248728,2.3268411437957295,,COMPLETE
856,0.4018154886095768,2026-07-17 16:29:18.829185,2026-07-17 16:29:18.854186,0 days 00:00:00.025001,-0.9494625631955603,782.5152544101268,265.7893362878325,7.049036685130237,0.49576757845452146,780.3478315308781,1.1408378085130773,0.05672273114577274,780.7152180064072,2.228824982896553,,COMPLETE
857,0.5343752956524204,2026-07-17 16:29:18.854186,2026-07-17 16:29:18.880545,0 days 00:00:00.026359,-0.4276986388594075,781.0354520075891,611.7453720268912,2.769950489728646,0.7938203658785767,777.1056376826793,0.7672417483181051,0.01657040300474502,783.1945571767934,1.8795889723064696,,COMPLETE
858,0.2225420540677458,2026-07-17 16:29:18.880545,2026-07-17 16:29:18.905637,0 days 00:00:00.025092,-0.9284183304681488,783.8153404980012,355.2574705425189,7.627404425727909,0.6179535007589062,779.2928410611466,1.366614184990536,0.024808723061650453,780.5947435378184,2.9731797762008716,,COMPLETE
859,0.7130514292328333,2026-07-17 16:29:18.905637,2026-07-17 16:29:18.932987,0 days 00:00:00.027350,-1.417558799852162,778.0892578567835,359.53896953570774,0.32844073684162733,1.131652419421449,780.9679450881968,1.2358293498655146,0.509446239280354,783.9517681854664,2.9697343283088253,,COMPLETE
860,0.39198727753719,2026-07-17 16:29:18.932987,2026-07-17 16:29:18.963267,0 days 00:00:00.030280,-1.3610010969717168,783.4400660912185,319.49063228081957,7.823336697767652,0.6699468061736319,781.094080720007,1.9350396953222788,0.0007988152516395126,783.5271546264571,2.1424772425807146,,COMPLETE
861,1.0753403494401281,2026-07-17 16:29:18.963267,2026-07-17 16:29:18.988430,0 days 00:00:00.025163,0.9555586836906945,783.5932129760655,705.9688006904194,0.17748973102551602,0.6255433490124176,780.5695223195207,0.27589459902888525,1.0398046826002103,783.3091188848082,2.764103816265478,,COMPLETE
862,0.313060900394067,2026-07-17 16:29:18.989430,2026-07-17 16:29:19.014960,0 days 00:00:00.025530,-0.5419427617800743,783.9055535444179,202.2065139902054,7.789251431856141,0.8141338164967675,778.3187523594979,1.5100881317641501,0.2568529616784918,783.6997355108668,1.3526553547160807,,COMPLETE
