number,value,datetime_start,datetime_complete,duration,params_background_amplitude_fraction,params_background_center,params_background_offset,params_background_width,params_peak_1_amplitude_fraction,params_peak_1_center,params_peak_1_sigma,params_peak_2_amplitude_fraction,params_peak_2_center,params_peak_2_sigma,system_attrs_fixed_params,state
215,0.22370012038615045,2026-07-17 16:29:07.209166,2026-07-17 16:29:07.219166,0 days 00:00:00.010000,-1.0099390343934105,781.7219590659186,372.8875341103446,0.5707108253483724,0.7063376241329862,782.1815996279139,2.892794681919746,0.052553539484425926,782.9588262747197,0.37916532130701375,,COMPLETE
216,0.2729154153374715,2026-07-17 16:29:07.219166,2026-07-17 16:29:07.222076,0 days 00:00:00.002910,-1.249743338534925,782.4773814534084,263.1840170571577,2.283243394610095,0.5013002079715494,780.1593518967132,2.291394830008182,0.4791049708488251,783.7722534667773,0.7940377995335868,,COMPLETE
217,0.5145578334114274,2026-07-17 16:29:07.227558,2026-07-17 16:29:07.235148,0 days 00:00:00.007590,-1.322411188621312,782.5738029485578,-39.9948143685815,1.277845269697101,0.27224849949923585,781.0470319634439,1.848036244460624,0.8850786524275107,783.8090213822404,0.7839183342412904,,COMPLETE
218,0.45128211519615624,2026-07-17 16:29:07.235148,2026-07-17 16:29:07.243195,0 days 00:00:00.008047,-1.2660830368450209,783.1214505574849,487.6230605270314,0.2717764039425692,0.31615161931711583,777.6488606667084,1.7150079904887208,0.5986964591736812,783.5521634599326,2.716244503806184,,COMPLETE
219,0.4816471005910543,2026-07-17 16:29:07.243195,2026-07-17 16:29:07.252257,0 days 00:00:00.009062,-1.364411439860251,781.6943349880864,278.6694417826915,2.1034569261903946,0.7413522812526602,783.4335196888254,1.7469344624319754,0.47542615494133467,779.1846986390639,0.22457888429275719,,COMPLETE
220,1.033633920388594,2026-07-17 16:29:07.252257,2026-07-17 16:29:07.259294,0 days 00:00:00.007037,-1.355624659852771,779.5350518530889,85.85089935955693,0.13932661246800965,0.24667015788729088,782.1840280949874,0.9149445219978288,0.3199486497406476,783.1881295328974,2.2884537403401386,,COMPLETE
221,0.3901582670109444,2026-07-17 16:29:07.259294,2026-07-17 16:29:07.268156,0 days 00:00:00.008862,-0.813050446703669,781.4831435623627,600.2764629276609,0.5250170364984417,1.234432273417935,783.930087252639,0.7290591062277366,0.12845465986334828,778.7297159320254,0.15350136245104096,,COMPLETE
222,0.29965056729295036,2026-07-17 16:29:07.268156,2026-07-17 16:29:07.276529,0 days 00:00:00.008373,-0.763813945919764,781.1312079916657,405.59338207228757,0.43468819197946107,0.8569553686662064,782.8110765816303,2.805052394619688,0.07990379073772501,783.0404278416001,0.557760446731949,,COMPLETE
223,0.417277932620668,2026-07-17 16:29:07.276529,2026-07-17 16:29:07.285586,0 days 00:00:00.009057,-0.2410785452198752,782.2281027440714,617.3362630003445,2.8143048643025064,0.14427597838043968,779.0459088321333,2.55778411854837,0.4987426599722561,783.2923247469839,0.38766367073103297,,COMPLETE
224,0.35762356993964195,2026-07-17 16:29:07.285586,2026-07-17 16:29:07.293643,0 days 00:00:00.008057,-0.08665124362192478,782.2776937774037,12.882610055655618,0.16349200007904613,0.33527571937896594,779.1384223906472,0.7039932850859238,0.07782623018478746,783.5089017967183,2.7372335863922657,,COMPLETE
225,0.3958821474483,2026-07-17 16:29:07.293643,2026-07-17 16:29:07.303863,0 days 00:00:00.010220,-1.470079747300416,782.6256097252561,808.5183250560598,1.704210265874359,0.41742449404610277,778.7245020934148,1.5546167644486135,0.6481746292120091,783.2904406938891,0.8741899114814945,,COMPLETE
226,0.20943368283604913,2026-07-17 16:29:07.303863,2026-07-17 16:29:07.316926,0 days 00:00:00.013063,-1.1456515340845879,783.257248223261,315.1696598287844,5.82016696099024,0.7695032743703081,779.1448641724339,1.8153575167689706,0.29875560131830387,781.7399512169532,0.9064366638912232,,COMPLETE
227,0.2527011124132481,2026-07-17 16:29:07.316926,2026-07-17 16:29:07.322324,0 days 00:00:00.005398,-1.033966199804144,782.7470245619767,355.09190643045105,2.4696071278717824,0.9163062623913029,779.2686010557981,1.561228546153865,0.023383099614606495,781.8237350075123,0.8387063283263856,,COMPLETE
228,0.3278237661085657,2026-07-17 16:29:07.322324,2026-07-17 16:29:07.333605,0 days 00:00:00.011281,-0.8302242484045657,782.3210077793448,-292.14182699922026,1.679651664039804,0.7551081774240144,780.3051859664407,2.560171151944888,0.29546670119435453,783.8736315405054,0.5002073470893196,,COMPLETE
229,0.5101224369364948,2026-07-17 16:29:07.333605,2026-07-17 16:29:07.338985,0 days 00:00:00.005380,-0.6617156325283258,781.813355250073,79.48248522318232,3.2629192716728297,0.5843373678831514,777.3554558339553,1.7051322021686728,0.039542225780429915,780.653848115245,1.6513249179756664,,COMPLETE
230,0.3799386310543648,2026-07-17 16:29:07.338985,2026-07-17 16:29:07.351763,0 days 00:00:00.012778,-1.2130175063216,783.9655760876981,212.3766199565745,2.8205061785034484,0.7069626619801599,777.6355304308993,2.723228863794635,0.610160232195379,783.9107755771063,1.6406567304620017,,COMPLETE
231,0.41675036509314833,2026-07-17 16:29:07.351763,2026-07-17 16:29:07.360023,0 days 00:00:00.008260,-0.7267679709835863,783.0880771015277,488.6103433262279,6.557161245626463,0.841927859719997,777.8412752664531,1.592961527215499,0.300835176477319,781.1366989669793,0.5567615361037876,,COMPLETE
232,0.16835568547852559,2026-07-17 16:29:07.360023,2026-07-17 16:29:07.368369,0 days 00:00:00.008346,-1.0571692093900087,783.6053424924132,560.0237636896701,5.3807197586542435,1.0433115480437216,779.9511009869094,1.135704448280779,0.032580291569545006,781.3311490328825,1.3375261567639372,,COMPLETE
233,0.38495466440444753,2026-07-17 16:29:07.368369,2026-07-17 16:29:07.377369,0 days 00:00:00.009000,-1.3939072613509442,781.2751082988218,432.33753205680654,0.5850890646540213,0.1668809762489667,776.9028267870947,0.10354793777109628,0.5872037264188443,781.2397102744884,1.9212823809933615,,COMPLETE
234,0.23130217291143443,2026-07-17 16:29:07.377369,2026-07-17 16:29:07.385378,0 days 00:00:00.008009,-1.203737036975511,780.8605064336476,489.49796922138194,2.2292885025414764,0.9543430342947319,780.5854884948161,1.5265393210002565,0.015513330973861313,782.8451010339055,1.5583077880899714,,COMPLETE
235,0.6841240366841962,2026-07-17 16:29:07.385378,2026-07-17 16:29:07.393377,0 days 00:00:00.007999,-1.3775229651426795,783.0045918917905,646.4009803133521,3.3394393205612563,1.3567903630899505,778.093485547776,1.4894556127197909,0.042793571170277,781.1995979509778,1.2406906730490879,,COMPLETE
236,0.397756152412805,2026-07-17 16:29:07.393377,2026-07-17 16:29:07.401933,0 days 00:00:00.008556,-0.6157632008456707,780.6141702682734,414.92304774841364,3.7629857407563465,0.9290362438349633,781.2309114513959,2.131596025232837,0.033705225032185294,783.921495219314,1.1985831484986327,,COMPLETE
237,0.3731659566130243,2026-07-17 16:29:07.401933,2026-07-17 16:29:07.409459,0 days 00:00:00.007526,-1.2645828527644603,780.3918218996486,303.40132815831237,2.6476091516762206,1.1008652070730656,781.8371588640945,2.0624137854641775,0.08087542829650707,782.2757497154225,2.0214806640071474,,COMPLETE
238,0.2450352355627868,2026-07-17 16:29:07.409459,2026-07-17 16:29:07.417455,0 days 00:00:00.007996,-0.8996253967290271,781.3252544530911,394.46312149194347,2.0342091661380417,0.9308635039130604,779.3617025370414,1.6078716902911556,0.1352106687645696,783.1186920989434,1.193314246211131,,COMPLETE
239,0.478085275930621,2026-07-17 16:29:07.417455,2026-07-17 16:29:07.424704,0 days 00:00:00.007249,-1.2523789867231354,781.4814409647047,344.54158802347274,2.5822659234057967,0.7505731023674362,779.4339231952774,0.32660337650019833,0.19461590611560814,781.0115529254393,1.4894394143068515,,COMPLETE
240,0.2826077041474613,2026-07-17 16:29:07.427634,2026-07-17 16:29:07.436882,0 days 00:00:00.009248,-1.280432620149924,781.9751635129736,439.26854970163436,3.244701324164035,0.6814970915712775,779.7756085971458,1.243336150730638,0.06534420189832793,781.871510136122,0.6171725723838714,,COMPLETE
241,0.3429626320697345,2026-07-17 16:29:07.436882,2026-07-17 16:29:07.443734,0 days 00:00:00.006852,-0.7622071417230307,781.7624328063783,276.22413116213704,2.376686529350166,0.7092353090773799,780.3245820279159,2.1339391789511573,0.5636672667413256,782.846068271984,0.9619296537810953,,COMPLETE
242,0.3990902004816013,2026-07-17 16:29:07.443734,2026-07-17 16:29:07.448977,0 days 00:00:00.005243,-0.844769079437062,779.0570400239211,267.0477171032947,0.793547707893651,1.2934183002446362,781.1158584305783,2.2625897900385987,0.8533246043215645,780.1789023930834,0.638024578667511,,COMPLETE
243,0.48435265327442734,2026-07-17 16:29:07.448977,2026-07-17 16:29:07.459433,0 days 00:00:00.010456,-0.6510973072482723,783.3109620965147,346.000219336191,3.158453442315241,1.072955847204599,780.8502085988837,1.9009796380068094,0.13000040623666337,782.2301648040053,1.0009644716893595,,COMPLETE
244,0.48603395427190693,2026-07-17 16:29:07.459433,2026-07-17 16:29:07.469896,0 days 00:00:00.010463,-1.2683413153236789,781.3824389437491,321.7389203612528,0.9995665949008825,0.9488133557541663,779.1661119924692,1.192810685032168,0.08417563353355909,781.8628052836227,0.9159058868392906,,COMPLETE
245,1000.0019974099038,2026-07-17 16:29:07.469896,2026-07-17 16:29:07.475041,0 days 00:00:00.005145,0.06353772734338325,777.295306359854,505.5414516309486,0.22086620174682772,0.03313924539064908,783.0257929239054,1.0948666621587986,0.15684463043547442,782.9415724621449,1.3569538352904105,,COMPLETE
246,0.3189681354743388,2026-07-17 16:29:07.475041,2026-07-17 16:29:07.490246,0 days 00:00:00.015205,-0.3940476815281793,780.5561498136171,286.6309622182005,0.6189234538279097,0.4151323264522717,777.9178560894887,1.4829258737288193,0.4514224816613096,782.8974808974551,2.0230882184671715,,COMPLETE
247,0.432959678904815,2026-07-17 16:29:07.490246,2026-07-17 16:29:07.500546,0 days 00:00:00.010300,-0.8587178283022711,783.7738557072901,971.2812461434228,7.095369138653737,1.0159488102069256,778.4711980982684,0.5161628292249608,0.017005395857309955,782.4207731960668,1.6648785429691568,,COMPLETE
248,0.351900048439654,2026-07-17 16:29:07.500546,2026-07-17 16:29:07.511678,0 days 00:00:00.011132,-0.2714066694737525,778.3762466667223,512.229351193254,0.46373965885545354,0.030141439294986264,780.3920999562613,2.2422725805691446,0.4839014801063125,781.082154571272,0.9345031650455453,,COMPLETE
249,0.4294679051870753,2026-07-17 16:29:07.511678,2026-07-17 16:29:07.522353,0 days 00:00:00.010675,-0.4744378509155564,779.494999367263,347.2519478866214,0.10462457843887217,0.3045519091463132,779.548766536523,0.1455553847083726,0.21130336247354842,782.9218941436119,2.270981760387243,,COMPLETE
250,0.3515979313092406,2026-07-17 16:29:07.522353,2026-07-17 16:29:07.531436,0 days 00:00:00.009083,-1.2674601561131684,783.3624558650941,690.8809502354665,7.152803060909928,0.7077527420781209,781.0348079842446,1.0573660474197764,0.18100296677815955,781.724003013761,0.2501374564212461,,COMPLETE
251,0.9033082361345215,2026-07-17 16:29:07.531436,2026-07-17 16:29:07.542144,0 days 00:00:00.010708,-0.3759743537887589,781.1950150677549,1029.8130955515664,0.9675907981636774,0.9698230213121534,777.4643341303541,1.7235417919688865,0.02411798906569619,783.4260840874102,1.4087840340903168,,COMPLETE
252,0.4892367689542401,2026-07-17 16:29:07.542144,2026-07-17 16:29:07.552946,0 days 00:00:00.010802,-1.1535402609235241,777.5777167290507,119.99270197849847,1.5815480875138395,0.7289021958483142,778.7040104605086,2.7247245838237526,0.5220653753597496,780.5959181409895,1.669456737541842,,COMPLETE
253,0.28004296797666933,2026-07-17 16:29:07.552946,2026-07-17 16:29:07.560978,0 days 00:00:00.008032,-0.48889041603532996,783.1128081527629,346.0676851106981,0.10314718936641898,0.382392557161668,780.2131629828749,1.6016485387553119,0.19773649092006607,783.8453720501702,1.8444740144679048,,COMPLETE
254,0.3491165750897332,2026-07-17 16:29:07.560978,2026-07-17 16:29:07.571405,0 days 00:00:00.010427,-0.5245973442108242,782.2712974584279,233.80964917154458,0.13170628275103222,0.15678772647398034,777.8401331110258,1.3740754812119254,0.1893945480354476,783.531011564892,1.4824297832357125,,COMPLETE
255,0.4700935452170747,2026-07-17 16:29:07.571405,2026-07-17 16:29:07.576429,0 days 00:00:00.005024,-1.3871010362941874,782.1753573224267,348.28583737283225,3.95960597084694,0.36951665297268976,780.0135860471967,1.7061909613755115,0.09483206505831454,783.1271082189645,0.9313385067966276,,COMPLETE
256,0.6210059306069818,2026-07-17 16:29:07.576429,2026-07-17 16:29:07.586797,0 days 00:00:00.010368,-1.0382756008193126,782.3121079736201,843.7160072863346,1.1121803953397766,1.1703375219184813,780.8759994100252,1.0394381885756,0.088940324811247,781.7944380877778,1.5830182349419175,,COMPLETE
257,0.2841351646398332,2026-07-17 16:29:07.586797,2026-07-17 16:29:07.598207,0 days 00:00:00.011410,-0.4992356601946914,781.9317158465883,417.33389461350555,0.18963628331491764,0.314790005286975,781.7664660351093,1.9180155427722956,0.14888095022210698,783.4157956456698,1.6820627825556356,,COMPLETE
258,0.32609168580627634,2026-07-17 16:29:07.598207,2026-07-17 16:29:07.610530,0 days 00:00:00.012323,-0.43967571040661324,780.412539357859,218.20596457866017,0.16545061121013602,0.31189240814978014,781.8513414103206,2.0424591522801925,0.11667737359568596,783.3739536787413,1.9539653010468374,,COMPLETE
259,0.31143101431475806,2026-07-17 16:29:07.610530,2026-07-17 16:29:07.619372,0 days 00:00:00.008842,-0.547910194877308,782.8032300558846,399.2320129985259,0.33715979298594756,0.34863497370102225,780.6390314840958,1.439016014887819,0.2345452353501225,782.7998784882076,2.1154367192326724,,COMPLETE
260,0.555069035736239,2026-07-17 16:29:07.619372,2026-07-17 16:29:07.631652,0 days 00:00:00.012280,-0.14863835846548512,780.1967824811129,18.96310919186749,4.128784516086059,1.331531518131996,777.700444888785,1.929949301797358,0.2198991767207048,782.0846411337741,1.614828161420524,,COMPLETE
261,0.8507304652020685,2026-07-17 16:29:07.631652,2026-07-17 16:29:07.642739,0 days 00:00:00.011087,-0.7216004540301852,783.7262957188841,933.9708744486318,7.410797679100793,1.2741377819948068,781.7981631584393,1.2780524595379792,0.03508929741292059,781.4066183714411,1.362158532964668,,COMPLETE
262,0.24803337372820278,2026-07-17 16:29:07.642739,2026-07-17 16:29:07.647846,0 days 00:00:00.005107,-0.49345815795570747,776.2512164532311,-161.35877129870153,1.1911701160638448,0.7473678294051982,780.2103099572561,2.7758264886937862,0.5712195376422573,777.8488906647975,2.5385063809071475,,COMPLETE
263,0.22934411625094436,2026-07-17 16:29:07.647846,2026-07-17 16:29:07.658370,0 days 00:00:00.010524,-0.2929140541032408,777.5609582729357,-95.01295648624485,1.3080150434694788,0.8023211766930168,779.8237779807558,2.1915398123271332,0.39543487794312415,777.6855438327161,2.341540906367549,,COMPLETE
264,0.581766469074446,2026-07-17 16:29:07.658370,2026-07-17 16:29:07.663398,0 days 00:00:00.005028,-0.9463768765354024,777.8069408321982,-284.2145403837158,0.49097263685403075,0.6961184783068244,780.6414946006208,2.6802340259240496,0.8295520849627582,777.841215879948,2.708847451157018,,COMPLETE
265,0.41840885872496664,2026-07-17 16:29:07.663398,2026-07-17 16:29:07.673887,0 days 00:00:00.010489,-0.23112510352596566,778.3762780534711,205.7931016437824,1.4200982280401577,1.1079712679755203,780.5975678842087,1.471025860877358,0.523779327631876,776.7966513360269,2.002644752975114,,COMPLETE
266,0.6441004155169433,2026-07-17 16:29:07.673887,2026-07-17 16:29:07.684045,0 days 00:00:00.010158,-0.2753262057374075,780.0190315253565,669.8664433806857,0.9891869712857431,0.5203602620869361,782.5689980874093,2.5976723907914963,0.564563987258022,783.4294237259469,0.6657966219482303,,COMPLETE
267,0.3153334830823854,2026-07-17 16:29:07.684045,2026-07-17 16:29:07.689465,0 days 00:00:00.005420,-1.4579157740100581,783.7640359598751,425.16439526809745,6.284698513921838,0.7407027601916575,780.0226278866586,2.2992490687600156,0.5905519489212843,781.1428320769348,1.3687910902077134,,COMPLETE
268,0.44192000789304303,2026-07-17 16:29:07.689465,2026-07-17 16:29:07.699064,0 days 00:00:00.009599,-0.7088236053739735,776.3463862735667,-65.93485731507488,2.594900183968017,0.634008895753597,779.1891628325716,2.7502766770650657,0.3802795910272935,777.1876592566055,2.9027146938950965,,COMPLETE
269,0.31459818583909893,2026-07-17 16:29:07.699064,2026-07-17 16:29:07.709169,0 days 00:00:00.010105,-0.5082755027309903,781.5405756061917,261.672226244405,5.640649878464189,1.0444958963629605,780.5841654110444,0.9706294012975494,0.04612071892500466,780.0544784133101,0.7898601587490055,,COMPLETE
270,0.2665128502413522,2026-07-17 16:29:07.709169,2026-07-17 16:29:07.720568,0 days 00:00:00.011399,-1.1525994767324852,781.9092054197455,143.14245897493885,6.541786261293438,1.2424367279468278,779.8374218089488,1.372078058954998,0.09231507106966332,783.5465620988211,0.16286558689977504,,COMPLETE
271,0.2807867315821344,2026-07-17 16:29:07.720568,2026-07-17 16:29:07.729692,0 days 00:00:00.009124,-0.46859524268967717,782.8584693463091,214.86665280498386,0.17963376886292634,0.5934610067147553,779.7314503371896,2.081894325596834,0.21371920643943143,783.2457069286894,1.7363975517177095,,COMPLETE
272,0.6126316675234238,2026-07-17 16:29:07.729692,2026-07-17 16:29:07.736737,0 days 00:00:00.007045,-1.4270752117550707,783.5643071372524,445.62264410681576,2.6273751401595398,1.357485536351207,780.5276302645248,0.9891099537854805,0.7142957443433676,781.7781170488391,1.1766864740310965,,COMPLETE
273,0.31394062087047253,2026-07-17 16:29:07.736737,2026-07-17 16:29:07.745038,0 days 00:00:00.008301,0.06678807745592935,777.2780997534437,-222.92197480355085,3.038904519511508,0.7631722907350714,779.1764455468256,1.715761070718652,0.5195106250505617,777.3523790441931,2.28790690436486,,COMPLETE
274,0.4946502137605537,2026-07-17 16:29:07.745038,2026-07-17 16:29:07.755763,0 days 00:00:00.010725,-0.621823247894342,780.8607058209899,-238.3007266200824,1.555967346521054,0.05789028105331456,778.8177775671569,0.7977649821141667,0.8312720442647668,782.4005425144203,2.292015872806743,,COMPLETE
275,0.19006238150632793,2026-07-17 16:29:07.755763,2026-07-17 16:29:07.766169,0 days 00:00:00.010406,-0.38497456078350456,783.5373211926271,-52.52064740101093,4.006062081254621,1.4200755637760039,779.6526371792512,1.0043426488078713,0.44786458859961154,782.605451300902,0.15829700946299374,,COMPLETE
276,0.9328328386010403,2026-07-17 16:29:07.766169,2026-07-17 16:29:07.780246,0 days 00:00:00.014077,0.23079334517886274,782.959366507704,77.27720781001409,4.4770143042568495,1.4729550691963216,781.6021915782511,0.9886297922632666,0.6937877197388914,783.4409800292208,1.2035196115463989,,COMPLETE
277,0.7806035197693791,2026-07-17 16:29:07.780246,2026-07-17 16:29:07.791764,0 days 00:00:00.011518,-1.4818796179348483,782.4107325231515,-175.26407010387481,7.511026385184743,0.6916632216991919,779.4494472864966,1.7139089526333044,0.2334017596651844,782.1013351396718,0.28763013958639905,,COMPLETE
278,0.10687240744484644,2026-07-17 16:29:07.791764,2026-07-17 16:29:07.807469,0 days 00:00:00.015705,-0.8283367109056881,783.9030946773061,370.1651388721498,7.066339410177509,0.8788444977670019,779.6719219717141,1.5102470735334708,0.02551544432804992,781.2783957825058,2.8867789774724217,,COMPLETE
279,1000.0050977647716,2026-07-17 16:29:07.807469,2026-07-17 16:29:07.822563,0 days 00:00:00.015094,-1.0454081485477218,783.2983996355277,8.399098863395807,3.8679945454069946,0.8706856747631295,781.0244520353956,1.2533074940170188,0.22590295163372442,781.0841796937004,2.5952069466246384,,COMPLETE
280,0.5276371996648365,2026-07-17 16:29:07.822563,2026-07-17 16:29:07.836054,0 days 00:00:00.013491,-1.4673497885539746,783.8346051617627,182.91359103010046,5.760356358970188,0.7656812151788946,777.5015802794666,1.4320646392700453,0.5467140921399907,782.7104921125983,1.2898584122333918,,COMPLETE
281,0.1636383052638314,2026-07-17 16:29:07.836054,2026-07-17 16:29:07.852934,0 days 00:00:00.016880,-0.7099736644130188,782.0263158330897,62.33494233545916,2.8996553457708116,1.0959897030140004,780.1488495351159,1.6880353228001497,0.1042507806448072,782.6511977278366,0.2934583121123472,,COMPLETE
282,0.2341657403134463,2026-07-17 16:29:07.852934,2026-07-17 16:29:07.868452,0 days 00:00:00.015518,-0.8982049101678703,783.8152332620747,290.93294565873873,6.363460684765435,0.9490781881907508,780.499716517693,1.4991277203070843,0.05955063500549691,783.7584236885152,2.903394394995175,,COMPLETE
283,0.479912725746358,2026-07-17 16:29:07.868452,2026-07-17 16:29:07.882098,0 days 00:00:00.013646,-0.8895325849100304,780.2531395676781,-25.836931332392652,6.937544591303285,1.2955981684544484,781.2076853618116,1.8303223151969192,0.5712215200202456,783.180589383559,0.3405862033891365,,COMPLETE
284,0.5958552448823455,2026-07-17 16:29:07.883849,2026-07-17 16:29:07.897658,0 days 00:00:00.013809,-0.46708303428337183,778.3450651756501,44.44534690312612,0.7136704507400178,0.8649160977395137,776.496118772082,2.3273310521089763,0.3497967052969492,778.9321754752276,2.5281829679735326,,COMPLETE
285,0.5876057357919352,2026-07-17 16:29:07.897658,2026-07-17 16:29:07.904438,0 days 00:00:00.006780,-0.6812268793281242,782.7199256383886,108.67194948924066,6.449336622891514,0.8777238427097414,783.1117107124404,1.81911904362706,0.06733361317684437,783.3134447456481,2.9115340320357483,,COMPLETE
286,0.4397735980592668,2026-07-17 16:29:07.909450,2026-07-17 16:29:07.918742,0 days 00:00:00.009292,-0.7455714399418426,783.4566460686665,207.90627034810586,2.313176468699425,0.8654277981427658,778.3928518582566,2.5082167574265144,0.15356516764311856,779.8366424254943,2.9708904487156667,,COMPLETE
