number,value,datetime_start,datetime_complete,duration,params_background_amplitude_fraction,params_background_center,params_background_offset,params_background_width,params_peak_1_amplitude_fraction,params_peak_1_center,params_peak_1_sigma,params_peak_2_amplitude_fraction,params_peak_2_center,params_peak_2_sigma,system_attrs_fixed_params,state
1439,0.796895298276903,2026-07-17 16:29:32.114473,2026-07-17 16:29:32.145128,0 days 00:00:00.030655,1.2208892102166744,777.9399783073688,-155.91960765624435,0.46246285564080736,0.40228082700642603,781.01931132183,0.33358379531036597,0.28472543334328326,783.6436806158965,1.4294806743074089,,COMPLETE
1440,0.2106033160183156,2026-07-17 16:29:32.145128,2026-07-17 16:29:32.180504,0 days 00:00:00.035376,-0.2158573090177548,781.9846688857548,-46.45067573391054,1.1890986428091221,0.9261745067648446,779.4349924473817,0.8446194582520156,0.06551759580342087,783.5241807160947,2.1434188552093563,,COMPLETE
1441,1.4512281858482774,2026-07-17 16:29:32.180504,2026-07-17 16:29:32.208859,0 days 00:00:00.028355,0.436967482362987,779.176736075859,734.8336358372699,0.6237888973912331,1.0168614868069732,783.5690024445868,0.9717523066120782,0.9802077156661964,783.0070441452959,1.2522542818720455,,COMPLETE
1442,0.2907140020231333,2026-07-17 16:29:32.208859,2026-07-17 16:29:32.233327,0 days 00:00:00.024468,0.06876762569825223,783.9154999966432,-84.22529526780536,3.2882902040058566,1.166655934649006,779.9349288051316,1.5966117579431345,0.12976923986587494,779.5009284330796,2.337055922689191,,COMPLETE
1443,0.39838462053086277,2026-07-17 16:29:32.233327,2026-07-17 16:29:32.257685,0 days 00:00:00.024358,0.2709172545111538,778.0123451011372,437.28611533219555,1.554331461404752,0.0710695046286603,782.8189693266636,1.2966708700992227,0.7731223485107535,779.0223997968762,0.1997968292367589,,COMPLETE
1444,0.36881368869803344,2026-07-17 16:29:32.257685,2026-07-17 16:29:32.283598,0 days 00:00:00.025913,-0.1758349550873367,776.2823887732228,316.4004439067055,6.318893829397529,0.6364823033216878,778.2132199600195,1.012642752016961,0.942527668631509,780.7283407633277,1.1802248915461802,,COMPLETE
1445,0.1644916252754786,2026-07-17 16:29:32.283598,2026-07-17 16:29:32.316999,0 days 00:00:00.033401,0.2036344082761187,783.4545782029289,-169.79485034357594,4.216527672886286,0.8294170212378614,779.1815909207056,0.44703327476766336,0.4383150647588475,780.4186131344329,2.069500934547192,,COMPLETE
1446,0.3244216066445045,2026-07-17 16:29:32.316999,2026-07-17 16:29:32.342901,0 days 00:00:00.025902,-0.007661228158873407,783.2059848921947,63.203993472419846,5.158675609931613,0.6661287678834709,778.4032119377396,0.3624884730647251,0.544689380800089,781.0231272132919,2.9663276696681797,,COMPLETE
1447,0.4804933249495413,2026-07-17 16:29:32.342901,2026-07-17 16:29:32.367421,0 days 00:00:00.024520,-0.13163972323577075,783.1432673612716,-43.54406055070959,5.297910765184878,0.42895150130821197,776.835853655471,0.7304908206164362,0.1700598263034187,778.7866923327636,1.666691984532147,,COMPLETE
1448,1.9675959974100092,2026-07-17 16:29:32.367421,2026-07-17 16:29:32.392529,0 days 00:00:00.025108,0.5378420485495472,777.8032112779231,550.0918234630841,3.8786201805020535,1.3746010667566624,777.2410962576671,2.794574755988355,1.1226907936370403,779.8570987592637,2.250046887062963,,COMPLETE
1449,0.29582702638972075,2026-07-17 16:29:32.392529,2026-07-17 16:29:32.417320,0 days 00:00:00.024791,0.0068334709967063645,781.930332336123,16.397672465064616,5.489976343947663,1.0978541439080576,779.9524999964333,1.2957747778203443,0.23182456980522725,783.1036393599308,2.98328055738838,,COMPLETE
1450,0.8080928639891843,2026-07-17 16:29:32.417320,2026-07-17 16:29:32.443987,0 days 00:00:00.026667,-1.230182874656627,781.4328393983888,-278.51260287329353,5.575409807025402,0.5254070712317106,779.0545095414666,0.693293077854511,0.39086034149394866,780.7457628221231,1.9417283441776008,,COMPLETE
1451,0.5537621338510268,2026-07-17 16:29:32.443987,2026-07-17 16:29:32.470135,0 days 00:00:00.026148,0.10958097350464102,782.5594741104103,-33.44418149782207,7.725843620705831,1.2409362549338154,781.2642177223727,1.1201258742715492,0.10192187428017602,780.6373236551826,1.54738703518976,,COMPLETE
1452,0.23919664539519125,2026-07-17 16:29:32.470135,2026-07-17 16:29:32.495463,0 days 00:00:00.025328,-0.9392408073612781,780.4829216670403,970.9530298171326,6.362813814596493,0.9118949855823208,779.5581990424715,0.49093766805056654,0.18347122294494256,783.9417255401464,1.0583796416199194,,COMPLETE
1453,0.0798073186094082,2026-07-17 16:29:32.495463,2026-07-17 16:29:32.521479,0 days 00:00:00.026016,0.11556580163932975,783.4166450010305,-190.81761626905006,6.109950061096123,0.83477775588244,779.5533233951719,1.2032498669269256,0.15550801690000776,779.3349920519154,2.201554932798774,,COMPLETE
1454,0.6838488085498022,2026-07-17 16:29:32.521479,2026-07-17 16:29:32.547502,0 days 00:00:00.026023,-0.0025646156433058653,777.2986672140335,682.8301891820283,0.3085848819684615,0.6724602361634766,782.3453047429279,1.0678413150475972,0.26883019194388336,778.5606659239029,1.9821233624041057,,COMPLETE
1455,0.9812827421489795,2026-07-17 16:29:32.547502,2026-07-17 16:29:32.572975,0 days 00:00:00.025473,1.4660457675148686,781.023742220234,-210.59914527584237,5.62776965559711,1.3674992302471927,777.9605195865482,2.349575417815413,0.06493601997218668,776.2679063027388,0.27288781690520225,,COMPLETE
1456,1.4013658266904128,2026-07-17 16:29:32.572975,2026-07-17 16:29:32.598470,0 days 00:00:00.025495,0.4602284828505935,776.7412427927934,307.4721912789279,0.7809038626285776,1.4621642841923244,776.1032925182496,1.711409037354562,0.8948533393047231,776.8325209772834,2.7530383288760625,,COMPLETE
1457,0.15390463957007405,2026-07-17 16:29:32.598470,2026-07-17 16:29:32.625063,0 days 00:00:00.026593,0.4949018030222462,777.536950517133,-306.4298007485902,6.5914936961171025,0.010449052112545404,783.5837654377581,0.21085083677906072,0.6530848536794547,779.2267247169465,1.643101199333843,,COMPLETE
1458,0.7854567471016153,2026-07-17 16:29:32.625063,2026-07-17 16:29:32.650240,0 days 00:00:00.025177,1.000064547359341,780.421719517975,201.5251953623581,2.2631382747452675,0.5959607034178471,780.47743671957,0.5647411514104321,0.3658983009548899,782.5020013123776,2.8957319937045325,,COMPLETE
1459,0.9403827726626572,2026-07-17 16:29:32.650240,2026-07-17 16:29:32.677465,0 days 00:00:00.027225,0.2740172624758901,776.3779189685029,549.3786563207028,0.9144959226523033,0.1956628352114022,782.560322929612,2.1948147475749105,1.1464123782215434,781.3737193837463,0.8966661030600261,,COMPLETE
1460,1.099075891506964,2026-07-17 16:29:32.677465,2026-07-17 16:29:32.701465,0 days 00:00:00.024000,1.145003402233508,777.0573616468874,201.32019390374774,0.3170264333125973,0.6392572836918942,777.3754586279537,0.6703487244368189,1.3610060047002706,780.5320768360775,0.22575981349528917,,COMPLETE
1461,0.1976448906728662,2026-07-17 16:29:32.701465,2026-07-17 16:29:32.729154,0 days 00:00:00.027689,0.5334724890757001,783.2654961716576,-166.21463879486404,5.091692731431754,0.9681505120051672,779.9827951540848,0.8968303266228385,0.011832854124414899,782.6984436496613,2.440601086471136,,COMPLETE
1462,0.37381341304066207,2026-07-17 16:29:32.729154,2026-07-17 16:29:32.754750,0 days 00:00:00.025596,0.7533156233412719,783.6047206195373,-142.43703492260886,5.747666152228981,1.2286481732082035,778.5766669909709,1.085923284779588,0.04413052178038265,778.9254825855616,2.9114932610355524,,COMPLETE
1463,0.3973306183845126,2026-07-17 16:29:32.754750,2026-07-17 16:29:32.778748,0 days 00:00:00.023998,0.40359839490310667,783.624874228836,303.14156701249414,7.226543807954781,0.8446568996224006,778.4258603878563,0.8836913961849596,0.0022269408110484473,782.7392792450183,2.4527308709145466,,COMPLETE
1464,0.9490925040736673,2026-07-17 16:29:32.778748,2026-07-17 16:29:32.802748,0 days 00:00:00.024000,-1.4713432810943328,781.2340311028352,539.4558642622201,1.0994871115433809,0.3785651086677696,783.7826861894899,0.7369926573504262,1.4921066824057143,776.7859684402445,1.0567314982828169,,COMPLETE
1465,0.1848462709674283,2026-07-17 16:29:32.802748,2026-07-17 16:29:32.829511,0 days 00:00:00.026763,0.6036534008745128,783.0034893403699,-227.5689264930984,3.1977767210451336,0.4421660328659348,779.8818759569161,0.9236124461511452,0.34562647670864827,777.7047929415454,2.4823968599029618,,COMPLETE
1466,0.3571314847413386,2026-07-17 16:29:32.829511,2026-07-17 16:29:32.855470,0 days 00:00:00.025959,0.12322208686945535,776.2852330098881,146.48797845482807,3.348315617735291,0.3941955655839754,776.7325442944468,0.6181727313205464,0.4695558874578833,779.5933863704303,2.1919447311162035,,COMPLETE
1467,0.42012520047569424,2026-07-17 16:29:32.855470,2026-07-17 16:29:32.879766,0 days 00:00:00.024296,-0.03326835840675635,776.196021359135,-230.77594270030886,4.7965530350779515,0.648546203926816,778.0180802727795,1.329675954992696,0.7153631374078855,778.4973385276244,2.8635125526494676,,COMPLETE
1468,0.5797773766609471,2026-07-17 16:29:32.880766,2026-07-17 16:29:32.902348,0 days 00:00:00.021582,-0.5760697001036579,780.6428064956924,-55.11183367345295,2.475984987429641,1.0832497575714262,778.130974634777,0.8294476283903387,0.11684441856055604,783.9370619213545,2.388707828271167,,COMPLETE
1469,0.25768624927923833,2026-07-17 16:29:32.902348,2026-07-17 16:29:32.928596,0 days 00:00:00.026248,0.28858208443632316,778.7364457522233,-245.54096430051266,1.5502646060294796,0.3131974617888415,783.5765318593196,0.4882156168860015,1.051636501533896,780.0373089898802,1.332387550652365,,COMPLETE
1470,0.9811430769409337,2026-07-17 16:29:32.928596,2026-07-17 16:29:32.954581,0 days 00:00:00.025985,-1.2522575638825735,776.8802382695471,233.70181369638107,0.5132566788014612,1.1954320759393653,782.749699259402,2.599835314316886,1.195654811781867,782.4362148984794,1.1752879354025136,,COMPLETE
1471,0.39163534067943134,2026-07-17 16:29:32.954581,2026-07-17 16:29:32.980451,0 days 00:00:00.025870,-0.05920341621209668,783.6031417825448,-299.3193694810715,4.727589009989876,0.7935071863293025,778.1069905644841,1.469803163294857,0.18988750557080084,778.6254402708604,2.3626916821307766,,COMPLETE
1472,1.2344656398928546,2026-07-17 16:29:32.980451,2026-07-17 16:29:33.006027,0 days 00:00:00.025576,0.7986727328566483,779.8180011123454,971.2047931559664,3.508286493606225,0.3597380071243646,778.3672412204439,2.9457521035932803,1.1336710555538212,783.3581726145745,0.22240002226135713,,COMPLETE
1473,0.2574069201164967,2026-07-17 16:29:33.006027,2026-07-17 16:29:33.032126,0 days 00:00:00.026099,-0.3900124073048084,783.5196660318658,-217.31957601412526,1.7703466904337088,0.9112793608381297,779.2743889585499,1.2040202765452388,0.0838072980407433,780.1549195351885,1.710159004313057,,COMPLETE
1474,0.20817063952226744,2026-07-17 16:29:33.032126,2026-07-17 16:29:33.057462,0 days 00:00:00.025336,-0.44994812828049496,776.6224507605184,138.70907017687273,1.3092460546693816,0.06309783196540267,782.371694178189,0.32825197614253576,0.9191319205993795,780.1788076038662,1.8918586558722617,,COMPLETE
1475,0.2703027973395526,2026-07-17 16:29:33.057462,2026-07-17 16:29:33.085668,0 days 00:00:00.028206,-0.09672001703247879,780.7122858875268,119.17110730931935,6.663542110733376,0.9372065262725636,778.8133091152652,0.6222496198909311,0.0219091253651552,780.372324661128,1.65709158384756,,COMPLETE
1476,0.25270374852197536,2026-07-17 16:29:33.085668,2026-07-17 16:29:33.115253,0 days 00:00:00.029585,0.566005462456998,783.8365952207558,-269.2240523931194,3.9857249543096396,0.6793676839943862,778.5175771904513,1.2546310429976506,0.08569315082207427,780.2540837704508,1.4591940506815089,,COMPLETE
1477,0.25562373546091843,2026-07-17 16:29:33.115253,2026-07-17 16:29:33.146597,0 days 00:00:00.031344,-0.060482340980855975,782.1395496223408,-97.16876616214083,7.661481874628448,0.46148534641476346,780.191301392518,0.618131398812426,0.3791817654941676,780.5112947969723,2.671863166103631,,COMPLETE
1478,0.4296548275551738,2026-07-17 16:29:33.146597,2026-07-17 16:29:33.172613,0 days 00:00:00.026016,-0.3193220421195915,783.299167766824,-57.203764401631815,5.257853981891522,1.0406202259956072,778.342740225323,0.9230077763503787,0.022557016041172558,779.531921875639,2.334114305662736,,COMPLETE
1479,0.7556532497345012,2026-07-17 16:29:33.172613,2026-07-17 16:29:33.193654,0 days 00:00:00.021041,0.4543040029459807,783.2795711844539,87.91206939482865,7.861449905807344,1.281657811073858,779.0598899003934,1.6022203439266118,0.3812761822918809,779.4190590256018,1.791859306397582,,COMPLETE
1480,1.1618799874729746,2026-07-17 16:29:33.193654,2026-07-17 16:29:33.222488,0 days 00:00:00.028834,-0.712483004947984,776.1147304498744,-135.31177677980048,0.7611603876218002,0.016333772889152914,782.1266619267532,0.7479854196821463,0.6067261725395885,777.6155608489316,0.3200907156236421,,COMPLETE
1481,0.8513651303689334,2026-07-17 16:29:33.222488,2026-07-17 16:29:33.245190,0 days 00:00:00.022702,-0.6894507106006947,779.2329371878834,1117.8452218484872,6.4278290583655,1.326497164137969,782.8412729692275,0.5225389950045389,0.7822779089167364,776.8658024161829,0.649787323783598,,COMPLETE
1482,0.4046332313186628,2026-07-17 16:29:33.245190,2026-07-17 16:29:33.270795,0 days 00:00:00.025605,-0.2868406764996196,783.6233780937897,-121.8512897682076,1.2790741007437192,0.618416713444927,782.8400512230709,1.1119884290920237,0.3736773359395689,778.0136999281409,2.510967387409481,,COMPLETE
1483,0.35202996670865083,2026-07-17 16:29:33.270795,2026-07-17 16:29:33.296626,0 days 00:00:00.025831,-0.8717603790281231,780.9940006096281,776.0163637403228,7.021797795144248,0.9106351204995181,779.6268074450414,1.4148673554503364,0.35873202566196816,782.7852179104185,0.8952577479993289,,COMPLETE
1484,0.63938167074991,2026-07-17 16:29:33.296626,2026-07-17 16:29:33.322867,0 days 00:00:00.026241,-0.6235736251792418,783.187189181162,541.4152440346676,0.1360129815210139,0.7553624094080382,780.4863462419643,1.5701394908613604,0.7662599300064921,778.6922379649205,0.9565798932093613,,COMPLETE
1485,0.5894613316386502,2026-07-17 16:29:33.322867,2026-07-17 16:29:33.349085,0 days 00:00:00.026218,-1.1625843574632533,781.2503811574928,-105.11996030995923,2.646465015289537,1.0317381290002121,781.0366942387947,1.163324729213623,0.1068147578103783,777.6071116418397,2.957214337164994,,COMPLETE
1486,1.1280644450201212,2026-07-17 16:29:33.349085,2026-07-17 16:29:33.374872,0 days 00:00:00.025787,1.3409884628468731,783.7985179771312,376.01622281347477,0.4501813250482492,1.1856796418880986,778.0158516530653,2.4736752189537246,0.8034666368296648,776.1279134554735,1.7746880371227256,,COMPLETE
1487,0.707271568973207,2026-07-17 16:29:33.374872,2026-07-17 16:29:33.401523,0 days 00:00:00.026651,0.3586057834722436,776.6610933084872,254.63807719729763,2.6919389828012688,0.4474140386915464,780.0809150667815,1.6549518940414036,1.3387652731892667,778.9612284843681,0.7968095188442198,,COMPLETE
1488,0.44707744909245295,2026-07-17 16:29:33.401523,2026-07-17 16:29:33.422826,0 days 00:00:00.021303,0.298932713092408,782.2156791577688,216.04908072321223,2.1244225962982033,0.8872020700261121,779.129130096101,1.5027673527961662,0.24363915118016327,780.37533727561,1.8775916692780086,,COMPLETE
1489,0.44471131970339,2026-07-17 16:29:33.422826,2026-07-17 16:29:33.452963,0 days 00:00:00.030137,0.5358853387798391,776.4585551240605,13.327445211651536,2.690720580665143,0.4993162064096342,779.1831544789409,0.7093187789188216,0.7911873587621174,778.9641645665472,1.0136728372371921,,COMPLETE
1490,2.1576056545321105,2026-07-17 16:29:33.452963,2026-07-17 16:29:33.478456,0 days 00:00:00.025493,1.0624455606828132,779.329848381816,1013.4175190162537,0.6941610411159866,1.4999607965491126,780.1299198013721,1.2808742576212193,0.6534580916598142,782.8844911950254,2.2480074077842387,,COMPLETE
1491,0.4276276377018855,2026-07-17 16:29:33.478456,2026-07-17 16:29:33.504261,0 days 00:00:00.025805,0.3100796282854516,783.3441323875596,-252.01318704115124,5.805784605460399,1.214713021188322,778.0992037004455,1.6370217923926078,0.13296329184257882,780.4660235410942,2.8464852146075263,,COMPLETE
1492,0.23767335599306016,2026-07-17 16:29:33.504261,2026-07-17 16:29:33.529915,0 days 00:00:00.025654,0.0712864958101877,783.5781798162584,119.14601147892253,6.802774337690599,0.2755994360096038,778.6000729310518,0.8516901489184817,0.377280777839976,780.8466938881885,1.9827583231904615,,COMPLETE
1493,0.34412108036898437,2026-07-17 16:29:33.529915,2026-07-17 16:29:33.556359,0 days 00:00:00.026444,0.3568891081082424,777.6878230535457,-126.96515224470605,1.3072787826990093,0.28770485521929,780.831872442522,2.1843127729150575,0.4437350394442108,776.7261903379688,1.3793528245771358,,COMPLETE
1494,0.19298751687303176,2026-07-17 16:29:33.556359,2026-07-17 16:29:33.582323,0 days 00:00:00.025964,-1.2293429045134197,782.3657359474173,385.8961553628377,6.544785361608437,0.8554810745088638,779.6055243238025,2.0648805998293542,0.34048286591915805,783.397960650035,2.6362268737802137,,COMPLETE
1495,1.8110222591804466,2026-07-17 16:29:33.582323,2026-07-17 16:29:33.607872,0 days 00:00:00.025549,1.1991619517677836,777.5589652822077,1010.2856011512534,0.2647001525784723,0.9687824908080481,781.5424737699776,0.3043986322584873,0.3866305576298276,781.1408230973256,1.7208188864983156,,COMPLETE
1496,0.255937099457326,2026-07-17 16:29:33.607872,2026-07-17 16:29:33.633251,0 days 00:00:00.025379,-0.027727189510159095,781.751542784448,-24.39866749011094,3.502744213099367,1.0729102880597663,779.323864029384,1.2919616365198603,0.27271586339986464,779.5600292575205,2.514107390755388,,COMPLETE
1497,0.2542706370753869,2026-07-17 16:29:33.633251,2026-07-17 16:29:33.659402,0 days 00:00:00.026151,-0.25369943688189117,778.9894808964096,-34.66491306603441,0.46050991921973483,0.04128535006991545,781.785991289103,0.759832373574827,1.1726629704163898,779.2732723470286,1.0129877083995016,,COMPLETE
1498,0.7858247351859706,2026-07-17 16:29:33.659402,2026-07-17 16:29:33.685005,0 days 00:00:00.025603,-0.9797096741567834,781.9234445285871,107.73681744929536,1.5892895808376257,0.71751898774773,776.5503553701889,2.7802522217841337,0.801889107579397,777.2084283983869,2.098185631273255,,COMPLETE
1499,0.1839972153851535,2026-07-17 16:29:33.685005,2026-07-17 16:29:33.716497,0 days 00:00:00.031492,0.17479696815152423,783.9680253363748,-77.37980841208481,2.6167156769316264,0.7110621186310521,778.7480474725179,1.3772169723283585,0.17693023762047347,779.4928351604857,2.253511166155607,,COMPLETE
1500,0.26954507782660714,2026-07-17 16:29:33.716497,2026-07-17 16:29:33.737877,0 days 00:00:00.021380,-0.6340661357667171,783.3258832468775,-43.001989123891406,7.197435656374314,0.6940901216355035,779.9579553067051,1.1634384330461136,0.34517555435141084,776.9728770797531,2.6762518903722845,,COMPLETE
1501,0.3056846689301479,2026-07-17 16:29:33.737877,2026-07-17 16:29:33.764085,0 days 00:00:00.026208,0.1728958380024042,782.9578323067151,0.02503764651783058,6.018686690800563,0.6814640828097218,778.1581296614495,1.2498787727381326,0.36048237383647574,780.0346237092008,2.162402917571169,,COMPLETE
1502,0.2840528744329304,2026-07-17 16:29:33.764085,2026-07-17 16:29:33.796039,0 days 00:00:00.031954,0.6478168824688078,781.9170349391152,-281.1101266985536,3.8612791073485617,1.027936174829624,778.5397461060855,1.067334691343934,0.22584257032908495,783.7736854960085,2.533904981379393,,COMPLETE
1503,1.6674616191963156,2026-07-17 16:29:33.796039,2026-07-17 16:29:33.821581,0 days 00:00:00.025542,0.3799938839718793,782.0983288773973,1045.6106341116679,0.675301628429988,0.315599030051336,782.0791088920944,2.8061601614133407,1.3242105586413153,780.9519887714097,2.1128151675111337,,COMPLETE
1504,0.9351657829706598,2026-07-17 16:29:33.821581,2026-07-17 16:29:33.852398,0 days 00:00:00.030817,-0.3072332272090915,776.1089512111163,1155.1694771066682,4.815335590302873,1.3863797207591795,777.218352648993,0.7625337548179235,0.08418477205083041,779.4401970207208,0.4564929315240207,,COMPLETE
1505,0.6096700403639084,2026-07-17 16:29:33.852398,2026-07-17 16:29:33.879398,0 days 00:00:00.027000,-1.2928201452927992,780.8360971009415,545.0113021247034,0.10907033742681359,0.23956692863134033,780.6445095417406,1.4470728943046,0.20824380661012665,776.8224087864158,1.793544473952781,,COMPLETE
1506,0.7045077430091299,2026-07-17 16:29:33.879398,2026-07-17 16:29:33.906397,0 days 00:00:00.026999,-0.25416803208237637,777.3187974338449,228.15979975745302,0.13898250980436136,1.2924335655280181,783.1481246088528,2.0813568592473315,0.34303347334868084,776.177506144463,1.910201488588169,,COMPLETE
1507,1.0684962783316365,2026-07-17 16:29:33.906397,2026-07-17 16:29:33.932446,0 days 00:00:00.026049,1.0587803314620627,779.8641037273964,124.89664420030982,7.874251109626204,1.360055133808242,783.1368485924322,1.1069026782191569,0.06581455985646201,783.2871837286701,2.682837096128604,,COMPLETE
1508,0.38985067278830643,2026-07-17 16:29:33.932446,2026-07-17 16:29:33.960431,0 days 00:00:00.027985,-1.1734469815535338,783.3505486342281,-157.2828346733806,3.798007655390231,1.3475915926246618,779.0657879935587,1.4795466967592938,0.07835540123514102,780.7661106598066,2.2781385550998188,,COMPLETE
1509,0.12050800293545595,2026-07-17 16:29:33.960431,2026-07-17 16:29:33.986430,0 days 00:00:00.025999,0.08589585555164847,783.5527887679514,-277.99056477165436,6.653496772663656,0.9846424525867515,779.7008333715194,1.5250588814972308,0.2523244789807192,779.1116705445115,1.9735580877906682,,COMPLETE
1510,0.27826230003391755,2026-07-17 16:29:33.986430,2026-07-17 16:29:34.015431,0 days 00:00:00.029001,0.4666063552713389,782.7215319632695,-292.7694908636056,3.3576503610274204,1.130748849272163,780.1694114900024,1.7347963485798494,0.08539521615769205,778.0877131839247,1.3668180729635173,,COMPLETE
