number,value,datetime_start,datetime_complete,duration,params_background_amplitude_fraction,params_background_center,params_background_offset,params_background_width,params_peak_1_amplitude_fraction,params_peak_1_center,params_peak_1_sigma,params_peak_2_amplitude_fraction,params_peak_2_center,params_peak_2_sigma,system_attrs_fixed_params,state
1655,0.5708354955609937,2026-07-17 16:29:38.491178,2026-07-17 16:29:38.524321,0 days 00:00:00.033143,-0.8882043939713401,780.8313242040607,978.4761469089199,7.0368238956979505,0.6062627245555352,777.4827674379356,1.2058006681258748,0.5846626843894659,781.4603357030499,1.4613578248480368,,COMPLETE
1656,0.5522825909292345,2026-07-17 16:29:38.524321,2026-07-17 16:29:38.558808,0 days 00:00:00.034487,-0.31100672793896966,776.860173003157,531.2290099976265,1.3886037332879861,0.271666630320724,783.8548447741729,2.6226255864867296,1.2436212602307475,778.0771561679088,0.9905352503036459,,COMPLETE
1657,1.2199906048850657,2026-07-17 16:29:38.558808,2026-07-17 16:29:38.593068,0 days 00:00:00.034260,-1.1287285066345918,779.5831691824783,-215.45142364826188,0.21018798450092607,0.6677626935313629,783.9524527774415,0.9084190655878055,0.15833973705411997,776.4770738138402,0.1481661746575602,,COMPLETE
1658,0.43990116481002633,2026-07-17 16:29:38.593068,2026-07-17 16:29:38.658242,0 days 00:00:00.065174,0.4035803538616662,776.6749583381453,-95.51787287409707,2.3205730378794134,0.5045306373864005,777.9181586137535,2.418579011065125,0.3824649522950272,778.2258054877565,1.6961798599930147,,COMPLETE
1659,2.2403905671109623,2026-07-17 16:29:38.658242,2026-07-17 16:29:38.691034,0 days 00:00:00.032792,0.9782397819905309,780.3070375555874,1093.5498402226995,2.1754234647277433,1.1190229255698,778.120155740421,2.5897314623405263,1.3167686859129077,783.3002512831838,1.78793839133342,,COMPLETE
1660,0.47923311877004593,2026-07-17 16:29:38.691034,2026-07-17 16:29:38.734402,0 days 00:00:00.043368,-0.022494688912819805,776.5285478979123,-137.4179275458939,0.6649767275170981,0.3267314174488048,779.794097359433,2.2222764591155024,1.4781848767620047,776.1178783997792,0.27909250136299213,,COMPLETE
1661,1.7005801359960981,2026-07-17 16:29:38.734402,2026-07-17 16:29:38.779962,0 days 00:00:00.045560,1.0138282531965372,783.9739011151623,1114.3664314659557,1.446926702920417,0.22847787579986834,781.4852997394847,1.4409906529147183,1.282944835316009,779.2151094233174,2.835466836233564,,COMPLETE
1662,0.6995373501733883,2026-07-17 16:29:38.780973,2026-07-17 16:29:38.831130,0 days 00:00:00.050157,0.3516480181610071,777.4921079010613,-25.53291875544922,0.9459640259126673,0.855321056389389,778.5398557563074,0.3251819490905234,1.1221870512173602,778.0791117995865,2.058599356932106,,COMPLETE
1663,0.40169126839815716,2026-07-17 16:29:38.831130,2026-07-17 16:29:38.866806,0 days 00:00:00.035676,-0.41691973262646387,776.9793996885339,276.24628181510633,0.953602627196701,0.7403822696202432,783.5927758870821,1.9541033895353357,1.1549798422655195,780.1173139365753,1.271692550358067,,COMPLETE
1664,1000.007464421245,2026-07-17 16:29:38.866806,2026-07-17 16:29:38.907779,0 days 00:00:00.040973,1.2288513274968238,783.5089171557091,7.71815648327231,1.6465760538755916,0.9113829347716489,779.8087514231522,0.915295220257672,0.5450204796300642,779.7677203509879,2.8259361946068102,,COMPLETE
1665,0.38732989821810826,2026-07-17 16:29:38.907779,2026-07-17 16:29:38.946418,0 days 00:00:00.038639,0.19228365062502184,776.1889968029174,73.2352894393338,1.5156765679812054,0.3813071236482299,780.3958089405949,2.4734048733738487,0.9617291724183151,779.8347718403514,0.7585320222924357,,COMPLETE
1666,1.4088355791618106,2026-07-17 16:29:38.946418,2026-07-17 16:29:38.977034,0 days 00:00:00.030616,0.16657237079840986,777.6480909750916,785.8749894398125,0.16109635844729964,1.2745331463224299,776.3089594865461,1.5952945367626261,1.4652716370501926,783.714177351901,1.7257017420958625,,COMPLETE
1667,0.24859068083371558,2026-07-17 16:29:38.977034,2026-07-17 16:29:39.015726,0 days 00:00:00.038692,0.6983609707953495,783.0910493092252,-229.72221323011019,4.315662125178847,0.9979806461876896,778.9359866502931,0.9950380974935247,0.28352543649902207,781.7445772536424,2.8821504669215896,,COMPLETE
1668,0.27818663147849476,2026-07-17 16:29:39.016941,2026-07-17 16:29:39.045985,0 days 00:00:00.029044,-0.19915841394062245,782.3028481187671,-128.9012413667643,1.2071987473258825,0.874543269628973,779.9581391254359,1.5240518853933713,0.5546617134215416,777.9701227631409,2.1438364458493315,,COMPLETE
1669,0.1994193706986692,2026-07-17 16:29:39.045985,2026-07-17 16:29:39.075526,0 days 00:00:00.029541,0.28572908537444386,782.820303078931,-128.3948266934724,3.8492063011589024,0.8405680940878577,780.0343461292382,0.9662201795711686,0.21541820493471403,780.542794307471,2.2279015942134466,,COMPLETE
1670,0.8272554391538683,2026-07-17 16:29:39.075526,2026-07-17 16:29:39.104129,0 days 00:00:00.028603,0.24519483189577318,777.1435967695573,355.13349628901915,1.0617942859363043,0.21115718926045596,782.082378367809,1.826762295057512,1.1812706492286928,779.4527259326596,1.6547956788769307,,COMPLETE
1671,0.6207098793863071,2026-07-17 16:29:39.104129,2026-07-17 16:29:39.133009,0 days 00:00:00.028880,-0.4790062732484114,776.5185128124909,295.68072299141556,3.1005643858548986,0.6796603208082637,782.8558717928208,1.4542958119086138,1.4850819499612733,778.8503118317759,1.9511564321117898,,COMPLETE
1672,0.07145454057599594,2026-07-17 16:29:39.133009,2026-07-17 16:29:39.171252,0 days 00:00:00.038243,-0.0877191506034915,782.8913509455166,-201.62523521294383,5.848289696690659,0.8013878659646568,779.5266659554231,1.268559897979714,0.38771374840522055,779.9842676405515,2.6114338466548075,,COMPLETE
1673,0.4976399672392355,2026-07-17 16:29:39.171252,2026-07-17 16:29:39.207002,0 days 00:00:00.035750,-1.3062478582882266,783.8555803404792,378.8149201159604,4.551622718876921,1.0695685683952267,778.0792740704477,1.1990332503994408,0.05575243196272606,780.1334747312453,2.891726278023834,,COMPLETE
1674,0.09799756816553928,2026-07-17 16:29:39.207002,2026-07-17 16:29:39.241457,0 days 00:00:00.034455,0.11554874056549158,782.9302442102556,-157.25363118031194,6.676890047302891,0.9748531794346427,779.840760139813,1.3550287854796839,0.06484275662427637,778.4585212637862,2.296334370309904,,COMPLETE
1675,1.6838442695326536,2026-07-17 16:29:39.241457,2026-07-17 16:29:39.275790,0 days 00:00:00.034333,0.22280059106113237,776.2411501104009,847.0447515782794,0.5234555527219098,1.3116227525964599,779.9234074806501,1.0883455851622321,1.1853252150539846,782.0929124994956,2.018669245023333,,COMPLETE
1676,0.3334450412417357,2026-07-17 16:29:39.275790,2026-07-17 16:29:39.309489,0 days 00:00:00.033699,-0.6568788776272136,781.7833057305585,-306.86065154357,4.835668026866336,1.1750479415368282,779.1966161333138,1.5068822541339406,0.3040566436694493,778.702697302264,2.222623400295323,,COMPLETE
1677,2.224250344002936,2026-07-17 16:29:39.309489,2026-07-17 16:29:39.344696,0 days 00:00:00.035207,1.4870332564232722,777.9886391014738,275.78527864739516,0.6272250340463625,1.1101870352003855,781.7698837283001,0.9498409281132745,1.0714849043512025,779.4891515459665,2.7566188688572066,,COMPLETE
1678,0.8634276924136677,2026-07-17 16:29:39.344696,2026-07-17 16:29:39.374891,0 days 00:00:00.030195,1.1355183753898814,780.6023721900806,-164.88864199841703,0.23996910434278754,0.5274789879113573,781.3735613067208,1.1517792110918843,0.8457399924262501,777.0612250033126,0.9705765699235408,,COMPLETE
1679,0.29733229219413204,2026-07-17 16:29:39.374891,2026-07-17 16:29:39.403640,0 days 00:00:00.028749,0.01113567684789539,783.8449578568737,-300.51615485404847,4.94524583747677,0.6647372186573721,781.1416356350461,1.6897650469697851,0.5949026496095582,779.2976487493657,2.657793935161638,,COMPLETE
1680,0.4109447369086111,2026-07-17 16:29:39.403640,2026-07-17 16:29:39.432485,0 days 00:00:00.028845,-0.2272731845098753,782.0254722033155,283.8857244777868,4.334496213626773,0.765927784427497,777.8282081938255,0.6914513583895285,0.13984270189138054,779.2324146392541,2.641779810072644,,COMPLETE
1681,0.28346860891246484,2026-07-17 16:29:39.432485,2026-07-17 16:29:39.464400,0 days 00:00:00.031915,-0.07334897457433179,776.7625142123613,-303.4097416344813,2.343402359802169,0.36151321068443437,780.6298018802735,1.7075651226302377,0.5029220846003913,778.5480029855541,1.765358152307813,,COMPLETE
1682,0.5343633400676501,2026-07-17 16:29:39.464400,2026-07-17 16:29:39.485895,0 days 00:00:00.021495,0.6975544927838482,782.2080014074072,-297.8721377249781,2.3828351760587805,0.8337877015373647,780.8505643408809,0.9147615810189937,0.5872850567363992,780.6067907902799,2.1688072068049036,,COMPLETE
1683,0.20899067285168144,2026-07-17 16:29:39.485895,2026-07-17 16:29:39.517410,0 days 00:00:00.031515,-0.3337294808899241,777.9310884269161,201.30537889965203,1.1960531038652336,0.2436643087047335,781.5450662686611,2.6279329704898204,1.4606177027937575,779.6701000081276,0.6952538286314287,,COMPLETE
1684,0.29521089215804286,2026-07-17 16:29:39.517410,2026-07-17 16:29:39.549635,0 days 00:00:00.032225,0.5730668502401224,783.4538699088703,-224.2781183452384,1.4559253878394713,0.5020192956793033,779.5258320970872,1.7129209850721363,0.21342093592074562,782.5065606849877,2.3842739549283807,,COMPLETE
1685,0.49484987145533726,2026-07-17 16:29:39.549635,2026-07-17 16:29:39.565794,0 days 00:00:00.016159,-0.5820052763864689,776.3034103210857,457.2474381767057,0.6874177732911055,0.3015308178537556,782.9292493080142,0.2847621521022482,0.76538904850414,781.0046822588889,0.934057770987668,,COMPLETE
1686,1.073637894443472,2026-07-17 16:29:39.565794,2026-07-17 16:29:39.609044,0 days 00:00:00.043250,1.1454117538647617,778.519894298794,482.05747235730234,7.718743887182382,1.1459341385087551,782.4623645691,0.5629306452968948,0.9953728923125956,779.7860075025349,0.16413993214392497,,COMPLETE
1687,0.1747841986872417,2026-07-17 16:29:39.609044,2026-07-17 16:29:39.635849,0 days 00:00:00.026805,-0.2605840950036233,778.3363887265124,53.650491550059684,2.4971246234652966,0.4915908238710687,780.039912845402,0.4411334902826682,0.8622055699300393,779.2534329682738,1.9818956141040323,,COMPLETE
1688,0.4904903101784325,2026-07-17 16:29:39.635849,2026-07-17 16:29:39.668494,0 days 00:00:00.032645,-0.24254480119936545,777.6434957264329,138.85662905280577,0.8998294848632346,0.8318298555543937,779.3575566437984,2.397680414303722,0.8133975020939468,777.5090528862595,0.564641763334264,,COMPLETE
1689,0.36505552558426585,2026-07-17 16:29:39.668494,2026-07-17 16:29:39.702253,0 days 00:00:00.033759,0.2496058749161862,783.2653458322052,-195.3210180972497,2.121389469060079,1.031790951612182,778.6213641405747,1.120925291931634,0.4406619117911752,778.3191668705292,2.365220306515723,,COMPLETE
1690,0.4356794237148283,2026-07-17 16:29:39.702253,2026-07-17 16:29:39.720558,0 days 00:00:00.018305,-1.3284141282880717,778.5400814780975,1006.7329696044454,1.647810282472001,0.3446895223608526,783.0388591999329,0.5165505718323151,0.9595623641344904,779.1274487023035,1.8568386837753181,,COMPLETE
1691,1.2728815514789298,2026-07-17 16:29:39.720558,2026-07-17 16:29:39.750349,0 days 00:00:00.029791,0.8253037509982528,778.0815936225196,953.1032722832952,0.253008827024635,0.8763003103149762,778.638344903371,0.5988650986331387,0.09082404496315077,778.094595505029,2.950941838126496,,COMPLETE
1692,0.5863395948854043,2026-07-17 16:29:39.750349,2026-07-17 16:29:39.784296,0 days 00:00:00.033947,-0.1332348466457489,781.1984325816383,-102.62753605580218,3.2242899776254608,1.1179433056011616,778.9460701227534,1.2544375547059312,0.8741087166591999,780.2011466197221,2.48523955089416,,COMPLETE
1693,1.7524994640601252,2026-07-17 16:29:39.784296,2026-07-17 16:29:39.815664,0 days 00:00:00.031368,0.6536784920458257,776.9065512682031,714.5865950017669,0.5339288821837125,0.19446461802527726,776.9619707992891,1.9511593635302336,1.2393718036916894,778.8089321177545,2.8399938306309833,,COMPLETE
1694,1.3534224104694175,2026-07-17 16:29:39.815664,2026-07-17 16:29:39.848910,0 days 00:00:00.033246,1.4863891681063164,778.5801132329132,242.18022178313817,2.967021934322687,1.0097365827725318,777.4880208769312,2.33287986750961,1.1906170734750503,778.284304771217,0.12638554448800288,,COMPLETE
1695,0.6672628281181189,2026-07-17 16:29:39.848910,2026-07-17 16:29:39.880902,0 days 00:00:00.031992,0.3328626848516144,781.9906708407265,441.39669690876656,3.2904040885033354,0.8066298318477154,781.831432351049,1.1218644005698581,0.15890585087109008,776.4087443468837,1.6498134857303075,,COMPLETE
1696,0.42059177184869423,2026-07-17 16:29:39.881601,2026-07-17 16:29:39.901012,0 days 00:00:00.019411,0.5816598110812823,782.7825741831986,-256.82051336723316,5.468172894050676,1.0899580563865594,780.7888849807285,1.5145357744750871,0.13035812126430546,777.0959866488816,2.847324984009765,,COMPLETE
1697,0.4860212244233778,2026-07-17 16:29:39.901012,2026-07-17 16:29:39.940491,0 days 00:00:00.039479,-0.5718333053390885,781.4135445585082,222.26285855012222,5.4753442820610605,0.14751143286508106,783.262652473635,2.570556248696205,0.49409400292401956,778.5689504223909,0.11996183961618634,,COMPLETE
1698,0.32587818901073,2026-07-17 16:29:39.940491,2026-07-17 16:29:39.965688,0 days 00:00:00.025197,-0.49283030604349576,782.6235522911036,-235.7593941917902,6.968552352566953,0.5779742213038646,779.6800161172064,2.0974148315168915,0.3258864002197208,777.9796149620788,1.7496163164855183,,COMPLETE
1699,1.637181405347901,2026-07-17 16:29:39.965688,2026-07-17 16:29:39.998897,0 days 00:00:00.033209,1.1243875099479503,776.4550137911724,1031.6965264971182,2.759292979626034,0.45554610389349015,780.28000299134,1.7359981304486956,0.13255134803043678,779.3131664166857,1.635708465395607,,COMPLETE
1700,0.7439060505272627,2026-07-17 16:29:39.998897,2026-07-17 16:29:40.017776,0 days 00:00:00.018879,1.3274034099240846,782.087803939182,40.89576955955857,5.948763537327865,0.9115175841242908,780.8351722043494,1.001543028746382,0.297084044021466,777.4380055073345,2.285132945218268,,COMPLETE
1701,0.46899889807524875,2026-07-17 16:29:40.017776,2026-07-17 16:29:40.049763,0 days 00:00:00.031987,0.207879350510259,777.4402395156972,268.8524294429398,0.2991910440546394,0.14080961370779604,782.5405220741322,1.3136819473378663,0.6519306837561893,777.720289156413,1.6482481054147846,,COMPLETE
1702,0.5863781995346463,2026-07-17 16:29:40.065245,2026-07-17 16:29:40.082237,0 days 00:00:00.016992,0.3483984785194154,780.7905753111177,-17.19493608015847,1.9989734920871356,1.0032445683594635,777.0524122719664,2.2163292741803082,0.2611433383935152,778.116313924568,2.1969993063116466,,COMPLETE
1703,0.17685021441665316,2026-07-17 16:29:40.082237,2026-07-17 16:29:40.115859,0 days 00:00:00.033622,-0.2916511869615688,781.6052256242436,-174.26167807071886,2.1440388728732644,0.6307537088037674,780.3160933725403,1.0989989199815584,0.5305862083410383,779.6781411324906,2.2866214920986203,,COMPLETE
1704,0.3291341788762746,2026-07-17 16:29:40.115859,2026-07-17 16:29:40.151140,0 days 00:00:00.035281,-0.9948436592816233,781.3523672410878,765.5567865432821,3.4540834700470806,0.8911215485177318,778.853267213913,1.175181950583383,0.12877642212637896,783.393788431333,1.44858005817987,,COMPLETE
1705,0.19117244949066922,2026-07-17 16:29:40.151140,2026-07-17 16:29:40.183119,0 days 00:00:00.031979,-0.004585454145350748,781.0805466877778,-136.4534480928173,5.841317704614728,0.7060795603616524,780.3577794993981,0.9464154962471231,0.3384117077784087,778.680798907556,2.2722101485200232,,COMPLETE
1706,1.745515372813421,2026-07-17 16:29:40.183119,2026-07-17 16:29:40.205706,0 days 00:00:00.022587,1.1993851496851602,778.9323929056022,-268.9150478821032,0.9675871744478607,0.8275915231723416,780.200270850562,2.4563180748723594,1.2907051897045754,781.9863556311819,2.0796475163425554,,COMPLETE
1707,0.5852208428585898,2026-07-17 16:29:40.205706,2026-07-17 16:29:40.242953,0 days 00:00:00.037247,0.5935457886754504,783.5553185674266,-254.53201045989996,3.951119874446171,1.3038879910326922,778.2740935779024,1.6856650775489646,0.3137427781385821,776.9173433851083,2.1765427004489517,,COMPLETE
1708,0.7838898211580403,2026-07-17 16:29:40.242953,2026-07-17 16:29:40.277732,0 days 00:00:00.034779,0.5205397198496982,782.4640323719585,19.899873444386714,7.649958110069227,0.8339139624772167,778.6220160158383,2.2443774263143412,0.5254454297401033,778.9150372744521,2.796514408345546,,COMPLETE
1709,0.9293066825272368,2026-07-17 16:29:40.277732,2026-07-17 16:29:40.310603,0 days 00:00:00.032871,0.9758843910918387,783.9633194615899,733.3975142852403,0.23899661453923968,0.5701003904099632,780.1265079043783,0.2069908398801703,1.0188645509559144,777.0693727173426,2.8055814736153133,,COMPLETE
1710,0.5766820084721864,2026-07-17 16:29:40.310603,2026-07-17 16:29:40.335426,0 days 00:00:00.024823,0.18697669078981594,782.6052390936076,248.77400840091104,1.828492567619447,1.0414350288178253,781.3464603206962,1.2548909033321476,0.0102630568576359,779.0166357495842,2.020033113157453,,COMPLETE
1711,1.147039139416752,2026-07-17 16:29:40.335426,2026-07-17 16:29:40.382126,0 days 00:00:00.046700,-0.2901514992181961,782.3079437431272,727.5511819035512,2.088598324214681,0.23465639035864827,778.9949557466223,1.2224460025128163,1.452457308462542,782.4987051925549,2.3322353758289487,,COMPLETE
1712,0.3832679413981803,2026-07-17 16:29:40.382126,2026-07-17 16:29:40.418098,0 days 00:00:00.035972,-0.26476060012918223,783.1486590563618,-270.2647612245591,6.633554838439798,1.2807912403764226,779.3180174821744,2.651542315592751,0.18570347237802268,778.6687809779935,2.1218356537614715,,COMPLETE
1713,0.4641268399005346,2026-07-17 16:29:40.418098,2026-07-17 16:29:40.452256,0 days 00:00:00.034158,-0.8109747485401919,783.0795273634465,-40.82798609815177,4.084118480063709,0.15586868619917343,779.5486914003415,0.8738883483006927,0.7671955693562478,781.9203252702744,1.6123095922263655,,COMPLETE
1714,1.8204764027261289,2026-07-17 16:29:40.452256,2026-07-17 16:29:40.487658,0 days 00:00:00.035402,1.1963686471323212,778.4071895001151,696.2783858484235,0.7969428902819339,0.971202242443133,776.2094680821727,2.99525466669305,1.1325670920367052,783.4168431217284,0.8401932240550145,,COMPLETE
1715,0.27478537716211265,2026-07-17 16:29:40.487658,2026-07-17 16:29:40.525947,0 days 00:00:00.038289,-0.1510771213913381,782.6872876318416,-105.21626129694945,7.490621611776768,0.6471769927302862,779.5306360113785,1.2308035104032073,0.7113299667363356,779.8018934175757,2.850106431050464,,COMPLETE
1716,1000.0018750234642,2026-07-17 16:29:40.525947,2026-07-17 16:29:40.558962,0 days 00:00:00.033015,0.021774360322950687,776.5397845252088,31.521373423807006,2.3611215702949915,0.48209221836112737,778.9798781977719,0.8854773811091459,0.6791177442860463,779.0650655124044,1.7654810750393282,,COMPLETE
1717,0.39389159688124326,2026-07-17 16:29:40.558962,2026-07-17 16:29:40.591765,0 days 00:00:00.032803,-0.5587608590443202,776.4958325137526,25.768381001808223,2.6047519542041595,0.7180018481565977,778.5478067230316,1.2567683793882896,0.3996618229188563,779.3440328391732,2.0257889324648484,,COMPLETE
1718,0.5100576636513686,2026-07-17 16:29:40.592765,2026-07-17 16:29:40.624755,0 days 00:00:00.031990,-0.21820116451107496,780.6842093730429,412.34414982890473,7.081172482292186,1.3640090527562287,779.1151924709799,1.26972866474573,0.11590923224431898,777.0106509598328,2.0153247208028744,,COMPLETE
1719,1.0885931286649773,2026-07-17 16:29:40.624755,2026-07-17 16:29:40.675675,0 days 00:00:00.050920,0.7801713821448834,783.2081822942453,408.50217579969893,0.1505020272336121,0.10813923000474635,778.529788649273,0.8506800613465509,1.4596442952966178,782.3821380227878,1.642617139814579,,COMPLETE
1720,0.46135704191999427,2026-07-17 16:29:40.675675,2026-07-17 16:29:40.715935,0 days 00:00:00.040260,-0.9069249035229647,776.8327624760229,137.60398912870292,0.5529371424883041,0.2972511953507224,782.1923275504422,1.8801569265724194,1.2643753713697479,779.6709589390854,1.2072354740377536,,COMPLETE
1721,0.32786070414285307,2026-07-17 16:29:40.715935,2026-07-17 16:29:40.747403,0 days 00:00:00.031468,0.20165221256036236,783.8142990955281,172.9592173250302,6.906165572135243,0.45905336928538615,780.7788648409596,1.4387258911578105,0.08798320364256447,782.0810441000228,2.6267553637372507,,COMPLETE
1722,0.11524708267406088,2026-07-17 16:29:40.747403,2026-07-17 16:29:40.783081,0 days 00:00:00.035678,0.2693908791524753,783.9818224134436,-293.71602828089334,3.6896590432922878,0.7544046091888402,779.7197157343891,1.1988823913383577,0.30459203697437687,777.5362569100064,2.448183839726748,,COMPLETE
1723,0.27802200951554223,2026-07-17 16:29:40.783081,2026-07-17 16:29:40.819908,0 days 00:00:00.036827,0.7046926740767683,783.6225237665118,-199.05837013750659,2.1030308774056183,0.8410432374093457,779.9519314360815,1.3164449943674772,0.33000518463554884,779.8486813392866,2.780804994367508,,COMPLETE
1724,0.2290998681201243,2026-07-17 16:29:40.819908,2026-07-17 16:29:40.848772,0 days 00:00:00.028864,-0.08963720297532204,776.100247670855,-210.6811844142166,2.9475385816582196,0.5410966542851439,780.1082424542535,2.3834227535379044,0.23799737310717137,779.2779654624981,0.9967664820992364,,COMPLETE
1725,1.5549688953079244,2026-07-17 16:29:40.848772,2026-07-17 16:29:40.884921,0 days 00:00:00.036149,0.7950714284608946,777.8099195212177,881.2159757027697,0.13828077490698762,0.7516076228792851,777.344275035501,1.235139363026384,0.876155420117151,776.9306492366005,1.3750959956559068,,COMPLETE
1726,0.3501752390350004,2026-07-17 16:29:40.884921,2026-07-17 16:29:40.939886,0 days 00:00:00.054965,-0.6619762417492114,782.0041705689949,-149.60241277137212,4.2353033649302,1.080296184930395,779.9609567853713,1.20608704583948,0.04480369267650728,777.2719010043224,2.3297423112618603,,COMPLETE
