number,value,datetime_start,datetime_complete,duration,params_background_amplitude_fraction,params_background_center,params_background_offset,params_background_width,params_peak_1_amplitude_fraction,params_peak_1_center,params_peak_1_sigma,params_peak_2_amplitude_fraction,params_peak_2_center,params_peak_2_sigma,system_attrs_fixed_params,state
71,0.8896017275764826,2026-07-17 16:29:06.229240,2026-07-17 16:29:06.231246,0 days 00:00:00.002006,1.1008083282151957,777.313318944364,-215.44293524076733,1.1122408514704365,0.7637930826499102,782.5250871236683,1.2251694525911299,0.21399700818945844,779.1213402633849,0.2393449843882919,,COMPLETE
72,0.7041765773100495,2026-07-17 16:29:06.231246,2026-07-17 16:29:06.233243,0 days 00:00:00.001997,0.390008136654735,776.5464308381426,163.021018565472,7.552215457341688,0.8042836334001513,778.4655676402557,2.5179830060073654,0.20619777190463673,778.6385153785055,2.817735023118388,,COMPLETE
73,0.8043733957319705,2026-07-17 16:29:06.233243,2026-07-17 16:29:06.234242,0 days 00:00:00.000999,0.6986757815860285,776.7343500218134,66.89052914149585,1.024326231651881,0.9871666592947106,777.7518120582887,1.0501273524928043,0.8257636150964126,780.7558811722548,0.5472309127634517,,COMPLETE
74,1.6087458576928857,2026-07-17 16:29:06.234242,2026-07-17 16:29:06.236240,0 days 00:00:00.001998,1.4991990425019175,778.6422360507366,333.77314584814957,3.092522988890177,0.3024208850056021,779.7384323112833,1.6026917068487534,0.8940274348890437,781.764458501158,2.408140093903327,,COMPLETE
75,0.9387628135721938,2026-07-17 16:29:06.236240,2026-07-17 16:29:06.237240,0 days 00:00:00.001000,0.9216015615297328,783.0940974257925,785.8495583437802,0.41576965617447287,1.2409639573463513,780.2028276662663,0.8523408120448762,0.25961055660190135,782.1341471519966,1.9462352027048506,,COMPLETE
76,0.4307158493487937,2026-07-17 16:29:06.237240,2026-07-17 16:29:06.238240,0 days 00:00:00.001000,0.2623611762657245,776.4469182944842,-197.43036191296187,0.5526600616361805,0.8567418569080993,781.2315377717767,0.557772991844753,0.0672549588218867,780.6455877375743,2.4744743425540734,,COMPLETE
77,1.2940401797590282,2026-07-17 16:29:06.238240,2026-07-17 16:29:06.239240,0 days 00:00:00.001000,-0.4210203253944651,780.6529138252919,936.5139331720657,2.3111097351097563,1.3097825860677919,779.9788555627786,2.6389503326500447,0.4765933198433919,777.8270919158398,0.9529575160921993,,COMPLETE
78,1.3184737815743306,2026-07-17 16:29:06.239240,2026-07-17 16:29:06.240240,0 days 00:00:00.001000,1.1554212399360138,779.8173392931269,832.092291357917,2.0921477137840854,0.20822063159313514,780.1036913531051,1.3610393154915743,0.6474063899575577,777.580552833613,1.9060650287209941,,COMPLETE
79,1.4739701939552707,2026-07-17 16:29:06.240240,2026-07-17 16:29:06.241240,0 days 00:00:00.001000,0.4089714449002506,781.9627749209552,741.9630402468215,0.7405202858343378,1.2788992357480065,780.6075763765458,2.6572490119407073,0.6152321297809342,781.6260950921115,0.6707345891505035,,COMPLETE
80,1000.0108025257321,2026-07-17 16:29:06.241240,2026-07-17 16:29:06.242240,0 days 00:00:00.001000,1.294507174636696,779.0246181846296,-178.1600810101247,0.1221008662380243,0.9276802687168035,783.4677636804004,2.330126096464557,1.480870669545531,783.4824237271172,1.4210470890537652,,COMPLETE
81,0.9616217660980353,2026-07-17 16:29:06.242240,2026-07-17 16:29:06.243240,0 days 00:00:00.001000,-1.304284548914521,778.244777405375,57.48108956484509,1.5833941324053773,1.3663369889463062,776.1084922365338,2.470704961730437,1.146697190055463,781.5537621075116,0.47084377336183914,,COMPLETE
82,0.9486106276284249,2026-07-17 16:29:06.243240,2026-07-17 16:29:06.244240,0 days 00:00:00.001000,0.7102626556689211,781.1621330081259,-224.73042845289135,0.5034178449060183,0.5182621001447096,776.3528825796985,2.9809593779015406,1.2549632281251046,783.7911070272093,2.472308675497273,,COMPLETE
83,1.3262481641203077,2026-07-17 16:29:06.244240,2026-07-17 16:29:06.246241,0 days 00:00:00.002001,1.0354943893523578,777.6620242169572,408.8792918906351,1.8884527786226832,0.35582901773869385,779.1955719842155,2.6278722866772792,0.6374266323931395,783.1553567476142,1.8387221923948003,,COMPLETE
84,0.9817087579605663,2026-07-17 16:29:06.246241,2026-07-17 16:29:06.247240,0 days 00:00:00.000999,-0.7189291055813521,776.1216550625188,150.9553732891792,1.217947990607895,1.257854351829991,777.8702759314627,1.4898049643996034,1.475844107188875,779.202760088057,2.821495813994632,,COMPLETE
85,0.7827112508531313,2026-07-17 16:29:06.247240,2026-07-17 16:29:06.248240,0 days 00:00:00.001000,-0.016162256776198536,781.1143768899832,983.3461902661725,0.13318406937123306,0.7746489090367549,782.0984752761324,0.7680631160107956,0.07723005233926278,776.3272694127578,0.5649156493304175,,COMPLETE
86,0.8962509162433497,2026-07-17 16:29:06.248240,2026-07-17 16:29:06.250282,0 days 00:00:00.002042,0.9162050622016391,779.722004865548,63.50674949864697,1.0382216621052909,0.46965158713022714,778.4557437914071,1.7051079277281118,1.118683519857482,777.522452313121,1.3604834047778556,,COMPLETE
87,2.2265535022206033,2026-07-17 16:29:06.250282,2026-07-17 16:29:06.251732,0 days 00:00:00.001450,1.3802816416469943,778.2232891263955,698.2453118216802,0.5565567452211003,0.8539534439738221,777.2159906851723,1.8735906179752897,1.46168587022934,778.255020041543,1.4936865199508933,,COMPLETE
88,0.37227885129250704,2026-07-17 16:29:06.252865,2026-07-17 16:29:06.253862,0 days 00:00:00.000997,0.054180754746393056,783.7704576549922,-124.15407962725052,1.069615983850324,0.32025217843401405,778.5499821962054,1.9165815749685322,1.2855351567185491,779.677157763323,1.5213483531937757,,COMPLETE
89,0.6304642653566895,2026-07-17 16:29:06.253862,2026-07-17 16:29:06.254861,0 days 00:00:00.000999,-1.1841188481220954,783.6098403097313,956.4216709004011,0.7619926313389745,0.49747478738961637,782.2455046684217,0.8437706091280127,0.21965494264925717,778.1341612950723,2.0503395223934606,,COMPLETE
90,0.3087268015804703,2026-07-17 16:29:06.254861,2026-07-17 16:29:06.255861,0 days 00:00:00.001000,-0.14607278179257843,777.9559186395668,-150.66445384554603,1.0851597341397907,0.20742066266584014,782.2093335087915,2.779346440835569,0.4790388266223554,778.8953806731658,1.834447195919727,,COMPLETE
91,0.9655790425102599,2026-07-17 16:29:06.255861,2026-07-17 16:29:06.256861,0 days 00:00:00.001000,-1.3251789501703612,781.4257477421884,846.231310080804,3.5086457987848445,1.1887818136934316,779.5599509174684,2.48603426236214,0.8206150258344578,777.5701282011164,0.9286368331141561,,COMPLETE
92,0.8607414071957702,2026-07-17 16:29:06.256861,2026-07-17 16:29:06.257860,0 days 00:00:00.000999,0.15742441031065635,782.4321293495548,618.0266179200898,2.2730094426161775,0.31959022449354946,779.2343520125179,2.3564151244150104,0.6871771913723037,777.8727390458067,2.8175748242139953,,COMPLETE
93,0.4475105394220097,2026-07-17 16:29:06.257860,2026-07-17 16:29:06.258860,0 days 00:00:00.001000,-0.5738192174369795,780.1339403379999,393.605513479516,0.37241814246412874,0.4055756395884863,781.3211011283487,2.4061765948273237,0.613247604957758,777.3664273094857,1.4798066248816764,,COMPLETE
94,0.5440338659728072,2026-07-17 16:29:06.258860,2026-07-17 16:29:06.259860,0 days 00:00:00.001000,-0.1928661025287528,777.9900203686079,319.44199000969917,2.886747624060929,0.3033414158101436,776.4003075470387,2.1303295306493544,1.1137517096630987,777.9811989121073,0.602877168779564,,COMPLETE
95,1.6402391766976414,2026-07-17 16:29:06.259860,2026-07-17 16:29:06.262119,0 days 00:00:00.002259,1.2588913027511417,778.1014680479736,598.9609030182219,1.0585870872322363,0.396567329657487,781.9540174714487,1.4545795327497617,0.5684345235226793,781.2785105488846,1.641116668099702,,COMPLETE
96,0.5346417794983296,2026-07-17 16:29:06.262119,2026-07-17 16:29:06.264135,0 days 00:00:00.002016,-0.2513632725125938,783.6512987125382,6.3039649962236695,3.313262811944533,0.76816290679919,781.3126596871169,0.5128771308546916,0.6197900595204253,783.1640493189084,0.6455489919931519,,COMPLETE
97,1.4087835360125347,2026-07-17 16:29:06.264135,2026-07-17 16:29:06.265138,0 days 00:00:00.001003,1.0443332543782384,781.5154119762066,1225.9981525810294,0.5116810243188058,0.1381163272548166,778.4230021007314,2.2488897760788555,0.632432046953564,782.4377996656108,0.7258097815594925,,COMPLETE
98,1.56079241932552,2026-07-17 16:29:06.265138,2026-07-17 16:29:06.267138,0 days 00:00:00.002000,1.080334750023249,781.800357592635,978.902481268901,0.24386122452803238,0.33433716146694714,776.6029257369707,0.24877390540812627,1.1086044482755866,779.9779814611253,2.3083825337978303,,COMPLETE
99,0.5166003045055226,2026-07-17 16:29:06.267138,2026-07-17 16:29:06.269138,0 days 00:00:00.002000,-0.4641993807461273,783.1631584104382,133.77161279879851,7.810192917627601,0.15263391371806867,782.2510915267461,1.7128308757386181,0.0068231830004406024,780.9657461479555,0.9117917437336961,,COMPLETE
100,0.321529579162679,2026-07-17 16:29:06.269138,2026-07-17 16:29:06.276136,0 days 00:00:00.006998,0.007331176160835638,778.8904239690675,310.58813732781016,0.8310930295895333,0.13657958410500456,781.0208928614259,1.1442989638927015,0.04721698458023099,779.8981516503799,0.7253829639334242,,COMPLETE
101,0.29310060813039884,2026-07-17 16:29:06.276136,2026-07-17 16:29:06.287145,0 days 00:00:00.011009,-0.3721850235689003,777.2411647438012,-246.68701201946703,0.7740207767449964,0.38458996655502375,780.0182545013046,2.262140930964949,0.814555339743158,780.403460100812,1.644259350301576,,COMPLETE
102,0.37098426874585216,2026-07-17 16:29:06.287145,2026-07-17 16:29:06.293145,0 days 00:00:00.006000,0.14345481212583405,778.1759022031065,276.1307996791168,5.437959777253879,0.2824901760162763,780.3044048077016,0.4652950887054542,0.30033861553922214,783.045032561829,0.6269909790242644,,COMPLETE
103,0.4686528646609466,2026-07-17 16:29:06.293145,2026-07-17 16:29:06.299667,0 days 00:00:00.006522,-0.40562545323339694,781.9305734545478,805.9685140788117,0.11381770501662924,0.424526912174989,779.0282713200136,0.8096699336474218,0.4008697971742942,783.8695464893026,2.3439455029094503,,COMPLETE
104,0.50646165758187,2026-07-17 16:29:06.299667,2026-07-17 16:29:06.306667,0 days 00:00:00.007000,-0.05189860249492008,783.1951059239843,-268.52605237294534,1.175373088771809,0.4683127549481887,779.2049694690479,1.5441943662083248,1.2793813165380847,778.8324699760468,2.0705503440932844,,COMPLETE
105,0.6300162731475388,2026-07-17 16:29:06.306667,2026-07-17 16:29:06.312665,0 days 00:00:00.005998,-0.7037592613619381,778.6708779258165,-87.77741394610646,5.817700526783211,1.3514482776813057,779.1200909299624,2.678196538065566,1.0529579294380587,776.9991702801201,0.6002802798055217,,COMPLETE
106,0.3847570239355342,2026-07-17 16:29:06.312665,2026-07-17 16:29:06.318898,0 days 00:00:00.006233,-0.046258596446343225,779.1236836175901,151.7586413106264,4.142929226070163,0.4597207316418268,780.0770330604795,0.33511963512122844,0.3401229327310592,782.8323573059527,1.5899135445566972,,COMPLETE
107,0.4191569160360809,2026-07-17 16:29:06.318898,2026-07-17 16:29:06.325904,0 days 00:00:00.007006,0.12495904919217504,778.094055433067,300.6370487972614,5.4500417512091275,0.3421631608635669,779.0997953283859,0.2508893352384373,0.42736011888789927,783.309722764254,0.8936179996139735,,COMPLETE
108,0.48547970943656715,2026-07-17 16:29:06.325904,2026-07-17 16:29:06.330902,0 days 00:00:00.004998,0.10516444364454361,779.4061378054347,-47.203470970696,0.8973704191470623,0.055331316929656815,782.0422884255604,0.815800356371325,0.01042610906919398,780.4530073012819,0.9331352979862966,,COMPLETE
109,0.1588640222078076,2026-07-17 16:29:06.330902,2026-07-17 16:29:06.337251,0 days 00:00:00.006349,-0.19180866912616448,777.084040426051,-169.7519275572149,1.2928101165082424,0.22312989000166383,782.3736210785731,2.8061344868837623,0.8265640086881526,779.7067863623314,1.8444505784363403,,COMPLETE
110,0.3370906071397776,2026-07-17 16:29:06.338251,2026-07-17 16:29:06.343732,0 days 00:00:00.005481,-0.8859317689089234,777.6251505460091,188.47806151817366,0.8086843120194526,0.27278775417262324,781.0336509360676,2.7153373766529,0.83317942970693,780.0673727961112,1.9107377795749454,,COMPLETE
111,0.17003321300327412,2026-07-17 16:29:06.343732,2026-07-17 16:29:06.351676,0 days 00:00:00.007944,-0.48939567481991536,776.3086539085965,155.8029970521623,0.7773835057991118,0.37165788494039886,779.8016764954036,2.495471772421911,0.7191905234722566,779.2644568645992,1.9754124052878679,,COMPLETE
112,0.37768598262294073,2026-07-17 16:29:06.351676,2026-07-17 16:29:06.356971,0 days 00:00:00.005295,-0.8048823741917218,776.7398012497936,175.57849717846605,0.6689122182756239,0.1668158799482668,777.6957227851167,2.592324911162513,0.8847303056098941,780.3803907601928,2.114938579486672,,COMPLETE
113,0.3206840825841726,2026-07-17 16:29:06.356971,2026-07-17 16:29:06.363971,0 days 00:00:00.007000,-0.30971802125828435,776.3996561992527,-153.8265916312355,1.2806001979611157,0.035380953775814405,781.8500677356814,2.112290452178896,0.9731030290353333,780.7203347623602,2.040129732613722,,COMPLETE
114,0.5438949910971448,2026-07-17 16:29:06.363971,2026-07-17 16:29:06.371185,0 days 00:00:00.007214,-0.1736567464160014,777.3022611675952,-188.92260278567647,1.2447170224226352,0.12275353019078254,781.795135142041,2.4452391398806452,0.2638761752782771,781.3924524378673,2.1605956110544353,,COMPLETE
115,0.2914311283729098,2026-07-17 16:29:06.371185,2026-07-17 16:29:06.377184,0 days 00:00:00.005999,-0.29852482543323205,778.3269368277187,-169.01776096928256,1.7601354264838698,0.827305957438432,783.1035634447053,2.9374288857861592,0.5196049562671128,778.7630875074339,1.9350478914865405,,COMPLETE
116,0.3340315493282953,2026-07-17 16:29:06.377184,2026-07-17 16:29:06.383809,0 days 00:00:00.006625,-0.336454650624023,777.3574210098461,23.877176851032004,2.01240976413829,0.03874696125143441,781.5646132154769,1.671713468554063,1.1084718354465037,780.9253634749384,2.3958237045972375,,COMPLETE
117,0.6208776041166547,2026-07-17 16:29:06.383809,2026-07-17 16:29:06.390098,0 days 00:00:00.006289,-1.060916259827946,778.5748966108189,-296.6562501808671,4.1414092974144,0.6739008731010196,781.7959607710433,2.3439433594770143,0.567456097268877,777.6096781380184,1.8655706827616376,,COMPLETE
118,0.4370486404797606,2026-07-17 16:29:06.391095,2026-07-17 16:29:06.396611,0 days 00:00:00.005516,0.5856611828370508,780.2387991991819,-152.3705376647999,4.897564681066906,1.0532178100474374,781.1616365072074,0.2656503376577142,0.6639479858731274,780.3260583102596,0.1073582584748243,,COMPLETE
119,0.6419792512517913,2026-07-17 16:29:06.396611,2026-07-17 16:29:06.402616,0 days 00:00:00.006005,-0.9904582942569062,777.7039889408725,-44.34675884082873,3.5445110321306683,0.13969250521123444,783.1888563625993,1.4180244716551385,1.1819979410390855,782.6400227784893,2.495918885520477,,COMPLETE
120,0.6567636200447099,2026-07-17 16:29:06.402616,2026-07-17 16:29:06.408616,0 days 00:00:00.006000,0.3070977096517201,778.428769253677,731.048768461094,0.647432310444973,0.32476036820026827,780.5495156616261,1.480743254573629,0.04046856440484915,779.2043946437872,0.8612582649427436,,COMPLETE
121,0.6763990443269565,2026-07-17 16:29:06.408616,2026-07-17 16:29:06.414615,0 days 00:00:00.005999,0.25205214690513716,777.0863328071382,-93.72046427663425,1.7143434645193483,0.7181752465285178,783.8381987449993,2.942931619789935,0.6469630960192893,779.7652738939752,2.477185970490651,,COMPLETE
122,0.344286980085638,2026-07-17 16:29:06.414615,2026-07-17 16:29:06.425796,0 days 00:00:00.011181,0.08048106569130153,778.4494482012407,-172.95375449820807,1.9677413312426022,0.18919285890805687,782.387018806152,2.8579608109324983,0.5563845660463516,778.2893653569956,0.9195685448868011,,COMPLETE
123,0.38931216328094953,2026-07-17 16:29:06.425796,2026-07-17 16:29:06.435415,0 days 00:00:00.009619,-0.45889721065581285,777.2859993833231,-185.44181157082585,0.7723013879820543,0.28363679831019384,781.3422449925072,1.5055545839131215,0.9257267927004257,778.1928450474776,2.4736974934701577,,COMPLETE
124,0.47251362153411003,2026-07-17 16:29:06.435415,2026-07-17 16:29:06.442422,0 days 00:00:00.007007,-0.49160910000679175,778.5825260172353,-198.65162573691197,0.8854639875461049,0.6056888749996003,781.3826054920523,2.6493213508435742,1.1627997558684138,781.2294867947344,1.5708436722116623,,COMPLETE
125,0.4312332517991177,2026-07-17 16:29:06.442422,2026-07-17 16:29:06.450641,0 days 00:00:00.008219,-1.034511205288924,776.677681021805,504.88182507852287,0.37153318499804283,0.10801150630555012,781.8632732417243,2.706747125860308,0.8872812484286244,779.7642763137277,1.7370520606518711,,COMPLETE
126,0.5465961735819612,2026-07-17 16:29:06.450641,2026-07-17 16:29:06.457640,0 days 00:00:00.006999,-0.08439545066488019,778.301824692367,-140.12715552616535,1.879924677216916,0.07454550461018483,780.6285928514627,2.083039152441872,1.1669425789099732,782.0273760480436,2.7662345348678707,,COMPLETE
127,0.7064863945051888,2026-07-17 16:29:06.457640,2026-07-17 16:29:06.464640,0 days 00:00:00.007000,-0.5400088699215231,776.9509137062216,-24.39130218901252,2.1215050234356445,0.1121518576886373,781.7797165965565,2.128851282728453,1.0464429144050753,781.9155979321829,0.9286751434519596,,COMPLETE
128,0.7804150434622968,2026-07-17 16:29:06.464640,2026-07-17 16:29:06.472642,0 days 00:00:00.008002,0.17561001577931917,776.9641392621522,402.4188217002808,0.5840758020375008,0.4647039590174632,779.7265825835614,2.0759813819322597,0.6735490112142806,779.3424925759775,1.9147045953111275,,COMPLETE
129,0.29575245672419814,2026-07-17 16:29:06.472642,2026-07-17 16:29:06.479640,0 days 00:00:00.006998,-0.7682351771786149,779.0798908326411,-250.92537206843235,0.9199747920636595,1.215172588696395,782.0220226676441,2.690787414115514,0.4357218774362662,780.3172100008069,1.5650890439601246,,COMPLETE
130,0.8363933466423323,2026-07-17 16:29:06.479640,2026-07-17 16:29:06.488650,0 days 00:00:00.009010,-0.03946615290408517,778.495329866979,-246.03221175462733,1.0155208668673592,1.1051111215079088,783.4472660249457,2.485206792624618,0.623966163543358,782.4739113538827,1.2537680054937541,,COMPLETE
131,0.7752666751693165,2026-07-17 16:29:06.488650,2026-07-17 16:29:06.495164,0 days 00:00:00.006514,1.1149204773725234,781.9114220189336,218.63883439917893,5.732151243942355,1.3342989778513752,778.988740337179,0.9616096244837913,0.43832692910125504,777.6429489736358,0.3956146998844049,,COMPLETE
132,0.42184964174406575,2026-07-17 16:29:06.496178,2026-07-17 16:29:06.504176,0 days 00:00:00.007998,0.20413248586235636,776.569290186485,-144.99605674888275,1.6141575032630042,0.08793883798628621,780.9458494687858,2.858722379062243,1.0647999959777652,778.6057243981875,2.0881173696957567,,COMPLETE
133,0.42426306034491923,2026-07-17 16:29:06.504176,2026-07-17 16:29:06.511215,0 days 00:00:00.007039,-1.4649779564258771,780.4785867155522,-172.23363607572242,1.666390557051851,1.309497068681298,783.2266199473453,2.3832863931511885,0.42739461876924295,779.4017614323317,1.8497458936926883,,COMPLETE
134,0.40920237519036734,2026-07-17 16:29:06.511215,2026-07-17 16:29:06.520505,0 days 00:00:00.009290,-0.4170079503252918,777.8422398812037,-124.12404422224787,0.9684786496239635,1.2256041155155917,781.4601878699111,2.7886618888817347,0.2944013074853578,780.0002529798012,2.1360061816795306,,COMPLETE
135,0.49218684478428126,2026-07-17 16:29:06.520505,2026-07-17 16:29:06.527539,0 days 00:00:00.007034,-0.5091034342492183,777.452064532831,-191.07052677680684,0.5278232619090372,0.6711572533079002,779.1364430043645,2.2321852529764588,0.34707694782756815,780.1586674520395,0.8384334933440788,,COMPLETE
136,0.5144398337052931,2026-07-17 16:29:06.527539,2026-07-17 16:29:06.537200,0 days 00:00:00.009661,0.6003660343717232,777.9327278980937,309.07068389709855,0.23002350199655688,0.19634594358329552,779.8738059110058,1.1442450145104694,0.4160016458068184,780.3159047643991,0.15022980623659288,,COMPLETE
137,0.4074208017658455,2026-07-17 16:29:06.537200,2026-07-17 16:29:06.544400,0 days 00:00:00.007200,0.29185140499145573,778.8195239227796,-293.1574188544694,0.2997423672103301,0.23987912833820862,779.1455472315329,2.528687153962114,0.6186723009758056,781.5053189214935,1.6207074589477073,,COMPLETE
138,0.4193494928420583,2026-07-17 16:29:06.544400,2026-07-17 16:29:06.552423,0 days 00:00:00.008023,-0.5674357325659781,777.1069444234903,527.646414659394,0.8977324486685073,0.2769151573730289,782.4106662097048,0.839882091858082,0.5091631195476074,779.3371681789242,0.5077694992270299,,COMPLETE
139,0.5348797508771079,2026-07-17 16:29:06.552423,2026-07-17 16:29:06.559424,0 days 00:00:00.007001,-0.8923216772804254,780.8136870846515,15.865187171567072,0.14979962000903885,0.5304870081433442,777.5999461645904,1.7335124494896241,0.3117478894643589,782.4346426812899,2.5223504878430334,,COMPLETE
140,1.0359396261795113,2026-07-17 16:29:06.559424,2026-07-17 16:29:06.567743,0 days 00:00:00.008319,-1.4473593488143697,776.3804562521489,-199.03308500362937,2.115481375396916,1.1051714849156458,782.4922080878767,2.959883694489753,0.12155458599113067,780.935676004979,0.8967004570043521,,COMPLETE
141,0.3650214904049688,2026-07-17 16:29:06.567743,2026-07-17 16:29:06.574834,0 days 00:00:00.007091,0.017156174000718782,776.1747927922202,-204.67063524327688,1.8260974971462745,0.23923419369274804,783.2988302436002,2.2332632320285666,0.791318055391133,780.75535063466,1.8621496246658187,,COMPLETE
142,0.3965096030211374,2026-07-17 16:29:06.574834,2026-07-17 16:29:06.581939,0 days 00:00:00.007105,0.4840200522221209,779.0978060708538,-50.385761789589964,0.876554002064393,0.24120242097132744,781.9212221320859,2.4705832619691157,0.5378499227165707,778.0993865409744,0.6642754688568734,,COMPLETE
