number,value,datetime_start,datetime_complete,duration,params_background_amplitude_fraction,params_background_center,params_background_offset,params_background_width,params_peak_1_amplitude_fraction,params_peak_1_center,params_peak_1_sigma,params_peak_2_amplitude_fraction,params_peak_2_center,params_peak_2_sigma,system_attrs_fixed_params,state
1583,0.270218500284527,2026-07-17 16:29:36.037584,2026-07-17 16:29:36.065292,0 days 00:00:00.027708,-0.6450128189428516,776.3040671853491,129.65226785037956,1.3738389973153722,0.5163553696979499,780.0143842888926,2.283546980499725,1.3988705070781897,779.3526408949051,1.0333339955850191,,COMPLETE
1584,0.2661901706963797,2026-07-17 16:29:36.065292,2026-07-17 16:29:36.098376,0 days 00:00:00.033084,0.9842004345889275,780.6387513111436,-279.2437476513641,3.0997006589236062,0.6267939239407032,779.6620311328171,0.6590877381524853,0.36955414764996153,777.1922797298957,0.9626927971303673,,COMPLETE
1585,0.13022049433808172,2026-07-17 16:29:36.098376,2026-07-17 16:29:36.132377,0 days 00:00:00.034001,0.5225132391734977,782.9841352014829,-300.01668939950093,2.780235814907459,0.9164704983798622,779.0864834598934,1.471073663324529,0.19558258440409682,779.7893785087538,2.511773766530111,,COMPLETE
1586,0.7311797913183286,2026-07-17 16:29:36.132377,2026-07-17 16:29:36.159623,0 days 00:00:00.027246,0.890913233073215,783.7900161078413,-9.19850273678221,5.0911516438336,1.461761887615998,776.9441681163273,0.9462184374740947,0.01699950772102575,782.666944349689,2.015503419011413,,COMPLETE
1587,0.34854406285076545,2026-07-17 16:29:36.159623,2026-07-17 16:29:36.188175,0 days 00:00:00.028552,-1.227090892455795,783.1851605025715,102.2617042792782,4.106243263382995,0.6781638699841371,778.5066953012041,1.0742084703721613,0.49056500902672706,779.5983442920033,2.259919870102952,,COMPLETE
1588,0.43404470269382156,2026-07-17 16:29:36.188175,2026-07-17 16:29:36.214466,0 days 00:00:00.026291,0.6543024083019391,783.5972577084802,-244.6218735050581,5.023924496729379,1.0959595612730897,780.4299516223415,1.9436260549755622,0.04243572425047014,779.9285603832329,2.6606271345478802,,COMPLETE
1589,0.15886431144623062,2026-07-17 16:29:36.214466,2026-07-17 16:29:36.240965,0 days 00:00:00.026499,-0.2974128692956344,777.6913350008912,-203.86834077241417,2.2520327811632734,0.3348839169994245,781.7022155732508,1.7421434599402126,1.2391567841489768,779.1451323820636,1.6884677699640478,,COMPLETE
1590,0.3341033394628198,2026-07-17 16:29:36.240965,2026-07-17 16:29:36.267367,0 days 00:00:00.026402,1.0519971104052401,781.7486026839714,-225.8211245037392,2.385718990945895,0.6812908341116097,779.4138422625866,1.4923660336520848,0.2969217651408764,778.0125768959249,2.0018131954038703,,COMPLETE
1591,1.124864524264452,2026-07-17 16:29:36.267367,2026-07-17 16:29:36.292978,0 days 00:00:00.025611,-0.4445001689285927,783.5467344901055,1102.5512209773974,0.20439536366467065,1.1967580781443545,776.1653420584636,0.14513217956141933,0.9883101178657319,781.914056446592,1.645704444908061,,COMPLETE
1592,0.5934466766033935,2026-07-17 16:29:36.292978,2026-07-17 16:29:36.319852,0 days 00:00:00.026874,0.18682450076267781,779.5550599136383,-44.29164826104157,7.361035206011545,0.43829222938314527,780.0870284016282,0.9306227866844212,1.230068334426089,780.5583906730708,1.7205659794836,,COMPLETE
1593,0.4663500249168785,2026-07-17 16:29:36.319852,2026-07-17 16:29:36.399618,0 days 00:00:00.079766,0.6574895843126286,782.2211031759206,-230.05816234425146,2.207214202101644,0.5263174972751238,780.4353778321396,2.0527271786874435,0.5426132876777284,779.7612235150968,2.8225979685947538,,COMPLETE
1594,0.6741058906316337,2026-07-17 16:29:36.399618,2026-07-17 16:29:36.455935,0 days 00:00:00.056317,0.6616782990111919,782.5229722057747,-166.29544493238643,1.3889102356191012,1.1184361842233372,778.3387492499996,1.861636143406662,0.6932447560939126,778.9879470980671,1.739860695235506,,COMPLETE
1595,0.4126470681107755,2026-07-17 16:29:36.455935,2026-07-17 16:29:36.493226,0 days 00:00:00.037291,0.49853538553893384,783.5103208083019,-19.389061220321253,4.836838930752995,0.32869304899861546,782.9303793436602,0.6865756145172119,0.15745692831016217,780.3508780679967,2.250764788003685,,COMPLETE
1596,0.31108146287755944,2026-07-17 16:29:36.493226,2026-07-17 16:29:36.528730,0 days 00:00:00.035504,0.39742489913932166,783.6011340117105,113.38659845317648,5.5368326655395395,0.5940415368919704,780.4283537783791,0.8557683368240151,0.4042946564598182,778.704860686332,2.0556444876024225,,COMPLETE
1597,0.6792321369812069,2026-07-17 16:29:36.528730,2026-07-17 16:29:36.565103,0 days 00:00:00.036373,0.550463344389027,783.9085328091021,-260.0369030602104,0.5296003956796582,0.7134302075597441,783.1532876859085,2.6877993697089195,1.4327075519965375,781.045042621802,0.46652920677945375,,COMPLETE
1598,0.31069139576205945,2026-07-17 16:29:36.565103,2026-07-17 16:29:36.603820,0 days 00:00:00.038717,-0.054516291558684496,782.9710727810716,52.35135138176247,7.443572926861907,1.0409308939501147,780.1094421059406,0.975233366420345,0.489330408786343,778.4958318988556,2.1389733170994636,,COMPLETE
1599,1.667973441897301,2026-07-17 16:29:36.603820,2026-07-17 16:29:36.638861,0 days 00:00:00.035041,1.2508515858707723,776.3685373322878,-71.8143277235614,1.2663716145067563,0.8148241206801756,782.1733342155434,2.2676134370074363,0.7555346947867468,781.9889514403404,1.5152884928523025,,COMPLETE
1600,0.5671431592433804,2026-07-17 16:29:36.638861,2026-07-17 16:29:36.673061,0 days 00:00:00.034200,-0.1345607649796533,782.7027050934913,-234.90916472144514,1.6225103388106483,1.3675269029886128,778.2625570286244,1.977583605182939,0.2403111635210089,777.7076651872012,2.8130205161175783,,COMPLETE
1601,0.3768663005715156,2026-07-17 16:29:36.673061,2026-07-17 16:29:36.701352,0 days 00:00:00.028291,-0.7163754671216995,783.9282271013222,152.25264649311742,1.9458848855619737,0.9041912840486952,777.9766071023587,0.337461754578733,0.8409589956512351,780.4185743177183,2.1160382239727356,,COMPLETE
1602,0.23326505988140434,2026-07-17 16:29:36.701352,2026-07-17 16:29:36.728229,0 days 00:00:00.026877,0.08073198444627366,783.9713866804582,-94.19552992566753,5.2392623799855444,0.7855570052021182,780.2150819569921,1.9240256913396936,0.09300025540217438,781.1183759205219,2.955368652974728,,COMPLETE
1603,0.4328462416505152,2026-07-17 16:29:36.728229,2026-07-17 16:29:36.755006,0 days 00:00:00.026777,0.08624060047314419,783.9286579717116,222.0842367621853,6.538702201938002,0.9059340100535965,780.759108199415,1.6114065231361911,0.0322400705271432,778.3750622076941,2.9021772065423876,,COMPLETE
1604,0.182831174444387,2026-07-17 16:29:36.755006,2026-07-17 16:29:36.781334,0 days 00:00:00.026328,-0.3754239923022792,783.27225328127,50.404018165042864,4.33566618552778,0.7400715979644615,780.2964142682208,0.6503200470293639,0.5678744970227289,779.153258789517,1.798595993382414,,COMPLETE
1605,1.2634711574395472,2026-07-17 16:29:36.781334,2026-07-17 16:29:36.807877,0 days 00:00:00.026543,0.6084266659126838,779.6632543092204,935.0437135859795,1.3968476318278038,1.3902591224299785,777.3892115419515,1.0614796458411746,0.023636873442084982,780.685100211659,2.6403027035487474,,COMPLETE
1606,0.1385151476000971,2026-07-17 16:29:36.807877,2026-07-17 16:29:36.826989,0 days 00:00:00.019112,0.015785780398658966,783.5726766547508,40.75326724242086,3.818865429643095,0.7710730324372619,779.9534532832241,1.4124244390918532,0.008834059574476583,780.3575525100806,2.0102426816982573,,COMPLETE
1607,1.3285857854615057,2026-07-17 16:29:36.826989,2026-07-17 16:29:36.864735,0 days 00:00:00.037746,1.4664726606681129,781.3111273814851,800.1990155919411,0.6029108997946464,0.15385095412165695,782.1870951893209,2.8615777429427265,0.8288065724340494,777.4736733970232,0.9278753088848211,,COMPLETE
1608,0.3968524300059572,2026-07-17 16:29:36.864735,2026-07-17 16:29:36.898874,0 days 00:00:00.034139,0.6184417101432845,783.8626461503435,108.93262712758906,7.129597956149071,0.9320453616621847,779.1657561321675,1.4066296368653117,0.04774889926541408,780.7890547882072,2.967533859787723,,COMPLETE
1609,0.8429511842149751,2026-07-17 16:29:36.898874,2026-07-17 16:29:36.917277,0 days 00:00:00.018403,0.11962211545571051,776.7311307207946,1162.804832978644,0.2103183505504025,0.1719000801744306,783.4037666543994,2.908944314119635,0.3416473948687181,779.762962786446,0.13229427135363347,,COMPLETE
1610,0.25697402969281,2026-07-17 16:29:36.917277,2026-07-17 16:29:36.971908,0 days 00:00:00.054631,0.13919998449448645,783.6816080846909,-222.32206812167064,5.092308250515497,0.9775885287551848,780.4910019876055,1.5894774146486523,0.048157099549463595,779.0270306461265,1.7744406015432836,,COMPLETE
1611,0.3478963679848817,2026-07-17 16:29:36.971908,2026-07-17 16:29:37.011542,0 days 00:00:00.039634,-0.8454135312646905,776.8681790712349,97.74691116871904,2.7732903928348276,0.1450943091330511,781.920965775126,1.933688123248255,1.2184957759609847,780.4153931096531,1.5778634644138094,,COMPLETE
1612,1.731805054485982,2026-07-17 16:29:37.011542,2026-07-17 16:29:37.044882,0 days 00:00:00.033340,1.10746020011389,780.9306886729145,100.58933400139358,0.23990206434433411,1.1619600642380188,776.6287519847292,2.623475396053021,1.4779534407288135,782.6483362050038,2.4749572913241065,,COMPLETE
1613,0.5646042466627044,2026-07-17 16:29:37.044882,2026-07-17 16:29:37.074741,0 days 00:00:00.029859,1.2685081665287106,783.0690183719487,-121.11090670223527,2.1929653667072904,0.962580503629741,776.8463867019528,0.8876545595669436,0.20387330868161171,779.7357085624027,2.660695767077361,,COMPLETE
1614,0.5201520039852753,2026-07-17 16:29:37.074741,2026-07-17 16:29:37.103261,0 days 00:00:00.028520,0.3734170301282118,783.7731026192635,293.1262615917731,4.322770013931863,1.2073696742754343,780.5441934789811,0.4530932708257197,0.2345152437421275,781.9272366735718,2.9640124741750813,,COMPLETE
1615,0.40036956456610534,2026-07-17 16:29:37.103261,2026-07-17 16:29:37.132068,0 days 00:00:00.028807,-0.1268736581372939,776.797801798016,-90.06980658431783,0.5584881722014159,0.5721345417360765,782.109655838937,2.450311866448702,1.0364946264195645,777.8420748359736,0.9810033418817212,,COMPLETE
1616,1.1680969116735471,2026-07-17 16:29:37.132068,2026-07-17 16:29:37.161379,0 days 00:00:00.029311,0.7665073215844413,782.780871826313,693.5524724755122,5.325249453931373,0.5333395633114086,783.4709325024323,0.7464457105042542,1.3926153166424065,780.4128321533668,1.1776428664744187,,COMPLETE
1617,0.30544986408268254,2026-07-17 16:29:37.161379,2026-07-17 16:29:37.194132,0 days 00:00:00.032753,-0.23641147788648514,778.4056767678169,-115.12931509320563,0.37909774323661305,0.4721440683025365,783.516273191346,1.8657530755027036,1.448080008238973,779.0319899070253,1.6063518336600349,,COMPLETE
1618,0.37511110236729345,2026-07-17 16:29:37.194132,2026-07-17 16:29:37.233339,0 days 00:00:00.039207,0.7186543913726717,781.0748139766408,-265.2687179194462,6.040629800772743,1.1415290923369497,779.6870419231813,0.8243509793956603,0.3889515028909533,780.8208898723466,2.571263386762672,,COMPLETE
1619,0.6146318973715342,2026-07-17 16:29:37.233339,2026-07-17 16:29:37.263625,0 days 00:00:00.030286,-0.6654889083702622,780.5402166029003,63.015577136868586,2.363152028314322,0.654433502065453,778.256730219263,0.5702960950036287,0.1111777792797971,777.0190315107242,1.7086842238728837,,COMPLETE
1620,0.7086110219903434,2026-07-17 16:29:37.263625,2026-07-17 16:29:37.291585,0 days 00:00:00.027960,0.9135748096445357,781.8462645155262,-145.66303712199533,5.107845081702,1.1527294355288997,779.7092951885253,2.120438526752122,0.1570677235777698,780.4211341088621,1.5604708504161338,,COMPLETE
1621,0.17957558443073657,2026-07-17 16:29:37.291585,2026-07-17 16:29:37.320641,0 days 00:00:00.029056,-0.1960601679381921,776.9967567986229,-242.88789527125783,5.241390972674985,0.7272121935448241,779.9214885548228,1.3776498697055857,0.5864530426877139,780.4143384744956,2.2366566704591517,,COMPLETE
1622,0.8060409785586263,2026-07-17 16:29:37.320641,2026-07-17 16:29:37.348937,0 days 00:00:00.028296,1.0539224231896156,783.4272849172769,568.0608083790776,0.22792547759694373,0.48969721613821005,783.2397112126708,0.9870661148599116,0.44076572739843844,779.6746219377067,2.729504678715364,,COMPLETE
1623,0.9592669883710224,2026-07-17 16:29:37.348937,2026-07-17 16:29:37.386428,0 days 00:00:00.037491,0.5162056882255287,776.8101608661286,-176.91219538673397,7.677612547472346,0.5583057553861258,778.6461209547315,0.4153455230884935,1.4187510859107904,780.0194196820673,2.9035453351859113,,COMPLETE
1624,0.22870579801441543,2026-07-17 16:29:37.386428,2026-07-17 16:29:37.419824,0 days 00:00:00.033396,-0.6540771384303787,781.9188305740985,618.3901552427176,7.150057151441221,0.9466282349238238,779.7473731539635,1.070945953532057,0.08112694686122474,779.5269125072778,2.9896484691483627,,COMPLETE
1625,1.818583803216851,2026-07-17 16:29:37.419824,2026-07-17 16:29:37.459170,0 days 00:00:00.039346,1.0194736703659664,779.9590180294769,1151.0663650695783,0.20102567421734924,1.1946104997960647,777.623953843048,2.5126068587930153,0.07455892515220586,783.4907421019827,1.5079460325220861,,COMPLETE
1626,0.31168881491172923,2026-07-17 16:29:37.460169,2026-07-17 16:29:37.488911,0 days 00:00:00.028742,0.4829051159345103,781.3615602190455,-279.2885404460411,5.581079871708477,0.8876840974456219,778.2356724339116,1.3288077296001322,0.009684724781466085,780.3731188842548,2.110694594070225,,COMPLETE
1627,0.45982923128426595,2026-07-17 16:29:37.488911,2026-07-17 16:29:37.526191,0 days 00:00:00.037280,1.1194017029757173,782.2298895929472,-175.71531630298674,7.226427369062976,0.6551913802674257,777.8454656148224,1.2687007713191254,0.14403015355041773,777.412371444066,2.9793421698300158,,COMPLETE
1628,0.5198668114601929,2026-07-17 16:29:37.526191,2026-07-17 16:29:37.565181,0 days 00:00:00.038990,1.2712907237772177,780.9457287866599,-242.58175153139933,2.5933225592248363,0.7766390397673392,777.4559985147218,0.982067476828198,0.4337233260949785,780.5961774820979,1.271400174079306,,COMPLETE
1629,0.7718231398407205,2026-07-17 16:29:37.565181,2026-07-17 16:29:37.610458,0 days 00:00:00.045277,-0.25623897005825996,777.3382570008099,395.352465380109,0.2602292417024134,1.2526517246600646,776.8726628856796,1.4174487419965731,0.5260310794791063,781.2625594645446,2.8269399067707957,,COMPLETE
1630,0.9458598757295497,2026-07-17 16:29:37.610458,2026-07-17 16:29:37.668713,0 days 00:00:00.058255,-0.44292394162259047,781.8779781601917,778.7854541693292,5.429506995384053,0.6507825856586783,778.6758038215173,1.1922550711571296,1.3605137039056414,776.1220291418332,1.6329286755988155,,COMPLETE
1631,0.8577846416612466,2026-07-17 16:29:37.668713,2026-07-17 16:29:37.727608,0 days 00:00:00.058895,0.7871586214717453,776.3249291437622,27.804374094102965,0.6771343788359281,0.14107186450311351,783.3306865739163,1.622183409901227,0.9522329577217902,780.2680769174099,1.277445236789115,,COMPLETE
1632,0.7413176147561571,2026-07-17 16:29:37.727608,2026-07-17 16:29:37.800503,0 days 00:00:00.072895,-1.115726803682466,781.7269203646977,796.8269819756745,0.10489984899707973,1.4365294318519657,783.0629417130122,0.20517730642315213,1.267934946360557,781.1272911263922,1.3558640701103593,,COMPLETE
1633,0.26597756416463214,2026-07-17 16:29:37.800503,2026-07-17 16:29:37.854928,0 days 00:00:00.054425,-0.0014994308827323832,777.7491184188715,-25.90114089679542,5.108525103027436,0.7068628797796689,779.4491347349326,1.0643477152947527,0.7581637033869332,778.8011245303297,1.3499045632180096,,COMPLETE
1634,0.49875680867537403,2026-07-17 16:29:37.854928,2026-07-17 16:29:37.897511,0 days 00:00:00.042583,-0.027633839804065377,776.3218846025201,-191.5861262028405,0.7011729601891544,0.12137667890428881,781.4370054228621,0.5894861808945208,1.053979323188794,781.0500113418703,1.0424209969613316,,COMPLETE
1635,1.0561078302878013,2026-07-17 16:29:37.897511,2026-07-17 16:29:37.938754,0 days 00:00:00.041243,0.9534608556311995,782.2178609537527,335.13216839842585,0.17797974571484285,1.2837976798969613,780.2638283975618,1.5354297212371013,1.4163918485873612,780.5832053098094,0.32218125469097125,,COMPLETE
1636,0.49150916614476536,2026-07-17 16:29:37.938754,2026-07-17 16:29:37.968231,0 days 00:00:00.029477,0.026293168428667246,780.6198410102982,-112.9036795197377,2.0484891305132127,0.17629405776770612,780.5398913812516,1.0465311599419038,0.029884001106478948,783.4593528875682,2.5392420113460874,,COMPLETE
1637,0.46287689391366305,2026-07-17 16:29:37.968231,2026-07-17 16:29:37.997544,0 days 00:00:00.029313,0.36344091105872295,783.9720875262288,-242.8739723976242,6.775051292156218,0.9203311207060629,779.8203050933405,2.071859511846072,0.6900175405424374,778.7396193207842,1.4265238064065426,,COMPLETE
1638,0.4557536224720989,2026-07-17 16:29:37.997544,2026-07-17 16:29:38.022652,0 days 00:00:00.025108,0.7668257659037025,778.3618729330746,9.494110086914475,1.7492227708400137,0.6207382406658875,776.9946355442981,0.17307372102541363,0.07183318814622963,776.7802270097571,2.198795252675218,,COMPLETE
1639,0.4069732441953878,2026-07-17 16:29:38.022652,2026-07-17 16:29:38.054910,0 days 00:00:00.032258,-0.21358580528292312,777.9751059188147,165.87453613347537,4.988390401728216,0.8411339593149971,782.1027431804376,1.7116410333902867,1.1557254923713578,779.382891720443,0.7311372584646663,,COMPLETE
1640,0.8684842752904949,2026-07-17 16:29:38.054910,2026-07-17 16:29:38.082549,0 days 00:00:00.027639,1.4729395180993443,783.154089150108,375.6408413637625,1.9914481448834758,0.7633757031916595,780.6457002497543,2.047542279387738,0.0020799072559198883,776.9297049562635,1.0220351536848424,,COMPLETE
1641,0.3291820879563228,2026-07-17 16:29:38.082549,2026-07-17 16:29:38.109211,0 days 00:00:00.026662,0.4060670731602083,783.48426815874,16.283498496642494,7.8447488600842465,0.6629275347659567,780.504710861361,1.5097693902649474,0.17137822842646433,779.8398994487147,2.1883938699675816,,COMPLETE
1642,0.37105298888396687,2026-07-17 16:29:38.109211,2026-07-17 16:29:38.130527,0 days 00:00:00.021316,-0.7960317100782568,779.8622409726516,38.93834406692401,4.048222412748527,0.2064147599983171,779.3350264467093,1.3425211531010053,0.9885632553196354,781.1910817077235,1.5079591566579895,,COMPLETE
1643,2.025542801489856,2026-07-17 16:29:38.130527,2026-07-17 16:29:38.158089,0 days 00:00:00.027562,0.9053718086465747,779.9615216259468,1107.9901829798032,0.10624748754635026,1.3946261448842916,783.110445824101,0.8647312860303592,0.6212889269316979,783.2216590886907,2.0503410682812055,,COMPLETE
1644,0.3511582596063059,2026-07-17 16:29:38.158089,2026-07-17 16:29:38.194236,0 days 00:00:00.036147,0.1095750157954386,782.1844054981549,-26.723629157139328,6.943210606576864,0.5704678014813178,777.924146749765,1.0725768679902032,0.37722142374245815,778.8534390365138,2.8475410712217983,,COMPLETE
1645,0.5295169504931151,2026-07-17 16:29:38.194236,2026-07-17 16:29:38.221409,0 days 00:00:00.027173,0.3297216868371202,783.2989831140604,-119.97683738175016,0.5925629642506334,0.8879627860131946,779.8553301645546,1.8799374260043398,0.6431573253189762,780.450388924508,2.2054267646704897,,COMPLETE
1646,0.6946067024415995,2026-07-17 16:29:38.221409,2026-07-17 16:29:38.253930,0 days 00:00:00.032521,0.6173321886377368,781.0206006278027,-221.42227725588822,1.0559865969271478,1.1033222924802524,780.3277939637176,2.436994418437468,0.30656822348436885,778.3461022632603,2.246942605358713,,COMPLETE
1647,1.286780250274567,2026-07-17 16:29:38.253930,2026-07-17 16:29:38.289064,0 days 00:00:00.035134,0.27597758557071317,776.9550090220811,317.8190666335271,0.2600924784991906,0.9592219293888585,780.5380874589687,2.8573702017712543,0.9029531036496956,783.3778769926259,1.625839170646046,,COMPLETE
1648,0.37041944449581155,2026-07-17 16:29:38.289064,2026-07-17 16:29:38.318001,0 days 00:00:00.028937,0.1410625183909303,783.9684369962483,168.53203948416908,7.327919594338795,1.25205520638877,779.5610670882037,0.9665843253591873,0.22719626802446047,780.4546226559512,2.129820820837437,,COMPLETE
1649,0.3836763579048812,2026-07-17 16:29:38.318001,2026-07-17 16:29:38.348998,0 days 00:00:00.030997,0.4564772614711047,783.0576142512298,-168.75104183590804,4.486467640353199,0.9294966448710242,777.9009683238854,1.0846227503143973,0.14318418708163075,780.6682224748703,2.485519097301323,,COMPLETE
1650,0.631790274759156,2026-07-17 16:29:38.348998,2026-07-17 16:29:38.375737,0 days 00:00:00.026739,-0.06771931911604856,781.0627159956431,537.8113563560964,0.41234348540145677,0.7934603234574402,783.3426769029528,1.5846239506054098,0.05246448615049837,781.1932749120037,1.607414599530778,,COMPLETE
1651,0.15843000894301285,2026-07-17 16:29:38.376738,2026-07-17 16:29:38.397253,0 days 00:00:00.020515,0.6511607996681869,783.2493586235945,-297.44840671230907,4.925448929504197,1.0496750859452202,778.9860835470635,1.0766504426434247,0.1705900574270607,779.9427695288059,2.0713107126536205,,COMPLETE
1652,0.4417054997317178,2026-07-17 16:29:38.397253,2026-07-17 16:29:38.433078,0 days 00:00:00.035825,1.1010140949846992,783.777076255697,-260.28072117809074,1.585148705685421,0.706988745837042,777.5495021824723,1.158314566591565,0.17181041556690943,781.7103633621477,2.173411757570272,,COMPLETE
1653,0.23882710388077974,2026-07-17 16:29:38.433078,2026-07-17 16:29:38.461178,0 days 00:00:00.028100,0.6757732675596172,781.6055798247413,-236.48350124623158,1.3746855630434298,0.6549643609484485,779.2629608401734,0.6689931652561999,0.23094751992767062,778.7639914682519,2.011694034949845,,COMPLETE
1654,0.38205408898871446,2026-07-17 16:29:38.461178,2026-07-17 16:29:38.491178,0 days 00:00:00.030000,-0.47374209230813336,780.132707502659,566.1342425317589,4.060628645964341,0.8952350218408442,780.3294266760652,1.0836439938481979,0.29260548945495296,783.8911923363402,2.737071815504956,,COMPLETE
