number,value,datetime_start,datetime_complete,duration,params_background_amplitude_fraction,params_background_center,params_background_offset,params_background_width,params_peak_1_amplitude_fraction,params_peak_1_center,params_peak_1_sigma,params_peak_2_amplitude_fraction,params_peak_2_center,params_peak_2_sigma,system_attrs_fixed_params,state
935,0.3096104379420414,2026-07-17 16:29:20.424383,2026-07-17 16:29:20.440387,0 days 00:00:00.016004,-0.5813419427116713,776.7262384099961,58.20068886694554,3.2134438836633956,0.7999324144105108,780.094604174311,1.5248733521027928,0.20791646621665455,781.1567000241923,1.698378043034738,,COMPLETE
936,0.30531083926050473,2026-07-17 16:29:20.440387,2026-07-17 16:29:20.457017,0 days 00:00:00.016630,-0.09912872777634844,777.1603482972766,-260.3565416556032,7.7947055499476985,1.1984404238461617,778.7747672386721,2.2615470507364233,0.09788655751950551,778.62147054978,1.532050222879737,,COMPLETE
937,1000.0081589005268,2026-07-17 16:29:20.457017,2026-07-17 16:29:20.476335,0 days 00:00:00.019318,1.0874406326998785,778.6731374786924,1154.1798495253943,0.7234820280643386,1.0925283986700507,780.5631577411652,2.258200555079663,0.2897604624620269,780.5276130553275,2.7003187346999233,,COMPLETE
938,0.7558943645726108,2026-07-17 16:29:20.476335,2026-07-17 16:29:20.493337,0 days 00:00:00.017002,-0.02315294544793456,780.9001647715866,813.4079985387307,5.216974853028883,0.9966334002968272,780.5171085236019,1.3668127468990665,0.03555535426826875,783.3826995190902,1.1995006357322158,,COMPLETE
939,0.26243122940714,2026-07-17 16:29:20.494341,2026-07-17 16:29:20.510877,0 days 00:00:00.016536,-0.3214920411205975,776.1904668832071,-23.788355161834502,0.5399976097983957,0.44770725550904544,782.0534311101533,2.1422732289989104,0.5764048577291518,779.3674892512943,1.79701001430989,,COMPLETE
940,0.8179126162904962,2026-07-17 16:29:20.510877,2026-07-17 16:29:20.526398,0 days 00:00:00.015521,-1.2330005108042732,776.247240341129,952.0468203948346,0.5363784976943419,0.24824073344008635,783.2729756394914,1.0304077599860317,0.4534790702375751,782.6804092008534,0.7517826206127435,,COMPLETE
941,0.43096884073918024,2026-07-17 16:29:20.526398,2026-07-17 16:29:20.542637,0 days 00:00:00.016239,-0.4123974077525321,783.0201543609681,-249.72503887184232,5.406022203827576,1.152188661431538,778.1639542047031,0.18492704281294992,0.5061534371483982,779.8027590195624,2.8454773539351885,,COMPLETE
942,0.5434792708320371,2026-07-17 16:29:20.542637,2026-07-17 16:29:20.558071,0 days 00:00:00.015434,-0.8077505162969372,783.5979212878773,43.222017819534265,4.5049245821149775,0.7464988006210673,781.4608792895067,0.936748337346795,0.18512723118403304,783.944330167958,0.886709987884561,,COMPLETE
943,0.35670739418020686,2026-07-17 16:29:20.559071,2026-07-17 16:29:20.575408,0 days 00:00:00.016337,-0.14220884050035135,778.5935633325619,65.51310693920979,2.6869479050259253,0.7242409525696676,778.3680796006607,1.8862124462505159,0.4200108554477332,778.9493980362316,1.7182995632218176,,COMPLETE
944,0.15281985351964056,2026-07-17 16:29:20.575408,2026-07-17 16:29:20.591408,0 days 00:00:00.016000,-0.26770646656410957,778.3629436273185,-14.729610728623996,2.589357703151681,0.31588547370246745,781.0662448134946,2.564095835261827,0.7225337934754348,779.8881967312022,1.6745574548133257,,COMPLETE
945,0.5648390563199058,2026-07-17 16:29:20.591408,2026-07-17 16:29:20.606716,0 days 00:00:00.015308,-1.4428648038412881,782.2275440672148,245.3041524341739,7.854218738082088,1.3239825984649154,777.7604773804683,1.5991993632598203,0.1787025545120877,782.0298973969907,2.9804978060328957,,COMPLETE
946,0.49190042776370974,2026-07-17 16:29:20.606716,2026-07-17 16:29:20.623537,0 days 00:00:00.016821,-0.1843344484642485,779.6896962659418,401.00563097918706,1.727867287319346,0.3705075270168491,782.7679496284364,2.9193243795785024,0.867818103653061,779.625308349185,1.5035280827239401,,COMPLETE
947,0.2680872548356894,2026-07-17 16:29:20.623537,2026-07-17 16:29:20.643185,0 days 00:00:00.019648,-0.4190411155001583,783.0771526086385,47.593072967650485,7.352963082300737,1.12934738155016,778.7949525178625,1.6768280973861156,0.018726698385870613,780.9508996741797,2.8294600453927554,,COMPLETE
948,0.8385065230112421,2026-07-17 16:29:20.643185,2026-07-17 16:29:20.659002,0 days 00:00:00.015817,0.9833489858612798,777.0527705433549,-244.30398519556547,1.4338046035882184,0.4556921441614322,776.7539883644736,1.614166680852901,0.9564227636359363,782.9811500983568,0.7689288422479081,,COMPLETE
949,0.5791418640663049,2026-07-17 16:29:20.659002,2026-07-17 16:29:20.674076,0 days 00:00:00.015074,-0.4682560715609647,780.8102721715264,686.8142098855928,7.563226496025147,1.1111752679580102,777.9684969066254,1.065420034759174,0.08733664242733602,782.9022814303041,1.0230023113043012,,COMPLETE
950,0.3108708179344262,2026-07-17 16:29:20.674076,2026-07-17 16:29:20.689148,0 days 00:00:00.015072,0.4352887960240032,776.132577952557,-267.76947148493247,0.9489280699455336,0.8190046666291636,779.3198575391469,1.7187605992241504,0.09981833488772335,779.8082437623646,1.8963652711053118,,COMPLETE
951,0.3363057572147215,2026-07-17 16:29:20.689148,2026-07-17 16:29:20.707644,0 days 00:00:00.018496,-0.007174948174562448,776.5629182239743,168.41191267491982,3.3213353854776586,0.9529282456393998,779.3595300648981,1.5362023242905631,0.23469917158991754,778.7871596605565,1.3890892006709623,,COMPLETE
952,0.8096808498025617,2026-07-17 16:29:20.707644,2026-07-17 16:29:20.722916,0 days 00:00:00.015272,-0.0553391379824741,782.6764334507549,994.4835072974458,6.452133212096476,0.8633259248109056,782.9816479372957,0.4934140789988557,1.2290723448708527,777.5141801477121,0.14185230891944323,,COMPLETE
953,0.3032118327793187,2026-07-17 16:29:20.722916,2026-07-17 16:29:20.738151,0 days 00:00:00.015235,-1.4086628319338794,783.6018460645657,159.9279881010242,1.117053846766661,0.7700939762204663,779.0644350710058,1.973233025677882,0.04615718660790141,781.064216622511,1.9960987874976293,,COMPLETE
954,1.1274669943408706,2026-07-17 16:29:20.738151,2026-07-17 16:29:20.755835,0 days 00:00:00.017684,1.16144430365641,777.7202732255209,197.56746708876378,1.3456670006521512,0.8672178423336268,777.605837297178,2.063830246927703,0.09436918969084601,778.9481648812545,0.5556742702612669,,COMPLETE
955,0.5056981891366298,2026-07-17 16:29:20.755835,2026-07-17 16:29:20.772824,0 days 00:00:00.016989,0.3837213275021464,778.8624792203555,-194.31113650432118,1.3864311717723834,0.21622374012499995,778.9551467091993,2.288532375262954,1.0151782231010638,780.231148419711,1.9300594996352889,,COMPLETE
956,0.6761756801927147,2026-07-17 16:29:20.772824,2026-07-17 16:29:20.791162,0 days 00:00:00.018338,0.5791477179891374,779.4519321018124,191.9763352379867,2.994689676531439,0.35914438198254744,780.8773205206606,2.3610308220969243,0.7513149817561408,779.4723980683493,1.3736250588238428,,COMPLETE
957,0.926249565474881,2026-07-17 16:29:20.791162,2026-07-17 16:29:20.809530,0 days 00:00:00.018368,-0.9336284114559755,777.3525898926271,-183.5083810898917,1.0698385961291386,0.7460715517009222,779.7042603305043,1.5437122229766662,0.12879643567453522,780.5126661508833,0.4506446704340078,,COMPLETE
958,0.0771580650388104,2026-07-17 16:29:20.809530,2026-07-17 16:29:20.824905,0 days 00:00:00.015375,-0.020268185670561545,783.7783874550967,79.6378236011981,7.8258019065452284,0.8084913944410341,779.2717901366535,1.0526428848238274,0.07617077190595004,781.1146076254848,2.6601235904217893,,COMPLETE
959,0.3051680012998988,2026-07-17 16:29:20.824905,2026-07-17 16:29:20.840785,0 days 00:00:00.015880,-0.16033061577686097,776.3640992297895,107.39150328835518,4.755497718632141,0.592697376367745,778.9555898266069,2.180588724496195,0.2783002762264035,776.7485142741385,1.3321095537922214,,COMPLETE
960,2.3111809047784084,2026-07-17 16:29:20.840785,2026-07-17 16:29:20.864664,0 days 00:00:00.023879,1.4675131745865984,777.8306966809348,729.0982597521452,0.23828909893230918,0.7006232909477755,777.7970022006938,1.7099356402246317,0.9362448968762584,780.8749394882631,2.1898255189977536,,COMPLETE
961,0.45507361753874326,2026-07-17 16:29:20.864664,2026-07-17 16:29:20.885239,0 days 00:00:00.020575,-0.8717804373186426,780.0772892046241,-120.44179637334597,4.200780009052466,0.30993717486616695,781.9404516553809,2.6282343162014437,0.8720580454209469,778.3088578310293,1.428393990005742,,COMPLETE
962,0.3755628151564185,2026-07-17 16:29:20.885239,2026-07-17 16:29:20.900221,0 days 00:00:00.014982,-0.2320834926291858,783.7654885670481,344.65656585075385,6.620237357566473,0.9301913424507611,780.6933310459403,1.0178368250686587,0.08123159201048921,782.1548760484509,2.7259751232606177,,COMPLETE
963,0.10598285410664801,2026-07-17 16:29:20.900221,2026-07-17 16:29:20.920343,0 days 00:00:00.020122,0.5430685263525801,783.7041898560452,-158.87813189180153,4.879036933352531,0.8274269696898156,779.613914012101,1.0833993943624374,0.023347860461732386,782.3069097351221,2.7874416186703943,,COMPLETE
964,0.32636886205237553,2026-07-17 16:29:20.920343,2026-07-17 16:29:20.937864,0 days 00:00:00.017521,-0.6356074187595473,781.750544728706,224.7801850972931,6.313176976193288,1.0308699758449813,780.6421568464938,1.38436817334934,0.14896599351326895,782.5891902542812,1.8778237129354347,,COMPLETE
965,0.31764532327876577,2026-07-17 16:29:20.937864,2026-07-17 16:29:20.956765,0 days 00:00:00.018901,0.10713490428955902,782.6840764177086,-179.63216201882318,4.429919041754582,1.0045373832124231,779.9605392660225,1.354419694943644,0.4067203971561134,780.2239512662181,2.977643405314186,,COMPLETE
966,0.469804822473171,2026-07-17 16:29:20.956765,2026-07-17 16:29:20.976884,0 days 00:00:00.020119,-0.2965101408186998,776.5472339489877,134.24164047453507,1.2181170071726601,0.6423488602929244,782.1874855756051,2.1546258185160805,1.4938101254276628,780.4220942581667,0.10733267207699304,,COMPLETE
967,1000.0058123132244,2026-07-17 16:29:20.976884,2026-07-17 16:29:20.993221,0 days 00:00:00.016337,0.79308603917868,783.5748747224214,-113.21683232118369,3.4676751473594414,0.8057050150942753,780.0221016986737,0.9008798003510115,0.0267965434319605,779.9680189731467,2.486134715245223,,COMPLETE
968,0.23256279958862058,2026-07-17 16:29:20.993221,2026-07-17 16:29:21.013796,0 days 00:00:00.020575,0.5115758308394884,782.3489670624807,157.47693116637254,5.913844403624962,0.7383023282869136,779.2721817381903,0.9168943856623094,0.03085331414487469,780.8409386799024,2.956870702250343,,COMPLETE
969,0.6406269092195214,2026-07-17 16:29:21.013796,2026-07-17 16:29:21.029214,0 days 00:00:00.015418,1.3576269476651284,782.9626150185659,-7.205252452899259,3.184237942704338,1.0073586095389548,778.9906801610612,1.8862454809529003,0.03874731884463882,781.7755800180248,2.7908386823119984,,COMPLETE
970,0.36857224791030385,2026-07-17 16:29:21.029214,2026-07-17 16:29:21.055755,0 days 00:00:00.026541,0.08169780950235644,779.0672130911411,-179.6161981610512,2.2965353139165705,0.31225508669646895,780.9369592497907,0.9087732253699898,0.23112893457131028,778.5098557549602,2.052449794125878,,COMPLETE
971,0.9540174360750178,2026-07-17 16:29:21.055755,2026-07-17 16:29:21.082197,0 days 00:00:00.026442,0.7324258293096102,776.4000661655637,-97.41470875649168,0.4277028689811733,0.6995662108684515,781.309327697161,2.0310806193282502,1.1371711885295996,778.3449430913761,0.7062561638896322,,COMPLETE
972,0.33145475025166493,2026-07-17 16:29:21.082197,2026-07-17 16:29:21.110415,0 days 00:00:00.028218,0.8069866553772582,783.3413431701064,3.210493435450985,4.980627837467348,0.5314105580832194,779.8727397152842,0.8697996879412654,0.20847216930304513,783.1537290464526,2.6755769158971807,,COMPLETE
973,0.3467036039437155,2026-07-17 16:29:21.110415,2026-07-17 16:29:21.138462,0 days 00:00:00.028047,0.2276129405322746,776.4066276715137,-225.41434474740487,5.642391540117345,0.0333766984243653,779.5754262654127,0.7916152095085996,0.2937036700849658,779.25512988439,1.6518382890439993,,COMPLETE
974,0.35591182542649136,2026-07-17 16:29:21.138462,2026-07-17 16:29:21.157675,0 days 00:00:00.019213,0.6543500560796458,777.270586648515,-109.0937514925806,4.8496907275618755,0.6658566441444194,778.8229133842842,1.2082945801580425,0.216535543683266,778.6603960990041,1.666236366573092,,COMPLETE
975,0.22279136963964355,2026-07-17 16:29:21.157675,2026-07-17 16:29:21.173180,0 days 00:00:00.015505,-0.3493683537356092,782.4922088423767,295.1894663328311,7.82523592107721,0.4897270973342692,780.0205638535685,1.8750698706130577,0.06962606766640247,783.6134410883434,0.9381835113903189,,COMPLETE
976,0.38889975094718726,2026-07-17 16:29:21.173180,2026-07-17 16:29:21.198947,0 days 00:00:00.025767,0.7626119750521518,783.5946704126783,83.23903519913765,6.026127124734763,0.9002672328989768,777.9257542939788,0.12629445809815742,0.11393777099230676,781.0085211971385,2.790453740027974,,COMPLETE
977,0.2654140519972642,2026-07-17 16:29:21.198947,2026-07-17 16:29:21.219122,0 days 00:00:00.020175,0.0042992096411342,777.2780473121678,-143.5808333399932,1.2828456289088108,0.4691575059882485,782.0057939284153,2.731048060361888,0.8139290289124493,778.9301792557303,1.685290962598196,,COMPLETE
978,1.6603612099106981,2026-07-17 16:29:21.219122,2026-07-17 16:29:21.245900,0 days 00:00:00.026778,-0.12067083142343689,778.9074834816874,1058.2297488835025,1.2033689838611377,1.1489116788393905,776.6070150477801,0.47996178044533555,1.4909001169940153,779.7566979415752,2.620302939987151,,COMPLETE
979,0.7213491038326006,2026-07-17 16:29:21.245900,2026-07-17 16:29:21.266414,0 days 00:00:00.020514,-0.6045661125237847,776.3143353872276,-236.50368696877223,2.3461176561642776,0.762053433443369,781.0497699558156,1.3500895835311941,0.27597853653157667,780.5657719114049,0.9853431037735262,,COMPLETE
980,0.21057345914797462,2026-07-17 16:29:21.266414,2026-07-17 16:29:21.287168,0 days 00:00:00.020754,0.058102563105554866,776.1786555301244,-15.02178175274787,6.714795857785529,0.568007482170898,780.9008968730243,1.4398560699507723,0.4135262392801285,779.1194993789525,1.4545332121677221,,COMPLETE
981,0.7625761918047632,2026-07-17 16:29:21.287168,2026-07-17 16:29:21.303346,0 days 00:00:00.016178,-0.8412348838765783,777.0655646701947,38.205704913214255,0.5995885636017577,0.5720417045804337,782.9517462837207,2.4220894105627604,0.9322662096970589,778.2928217297964,0.5074612469982,,COMPLETE
982,0.822242779252187,2026-07-17 16:29:21.303346,2026-07-17 16:29:21.319185,0 days 00:00:00.015839,0.1738182214931906,783.1120310833751,504.7094709370759,6.017663430443345,0.9880125098027451,778.6590083723717,2.5096624710890336,0.11917188054808805,783.6962162862436,2.235305185653264,,COMPLETE
983,0.4541806539676886,2026-07-17 16:29:21.319185,2026-07-17 16:29:21.334634,0 days 00:00:00.015449,0.40804900675801603,783.4090791271219,-173.10493214485743,3.880386475193699,0.6832875455503822,780.5126693669553,0.2623571019033666,0.08380142494736437,781.952698453563,2.1702520992113024,,COMPLETE
984,0.19237836763183183,2026-07-17 16:29:21.334634,2026-07-17 16:29:21.360789,0 days 00:00:00.026155,-0.32931109740602293,783.8702757342762,327.14706651456777,6.587714831707241,0.7817419388205513,779.2395933587088,1.2435396657915727,0.1740187608137161,782.3913254057555,2.346836834080806,,COMPLETE
985,0.44504411690746054,2026-07-17 16:29:21.360789,2026-07-17 16:29:21.390517,0 days 00:00:00.029728,0.699282815516603,783.1068902347538,192.2199307102871,2.747130404991686,0.7666590740688841,778.2452089386117,1.49658974131966,0.07415900334511158,783.7942259412642,2.9170614096249694,,COMPLETE
986,0.4269215053579626,2026-07-17 16:29:21.390517,2026-07-17 16:29:21.408816,0 days 00:00:00.018299,0.28859876539476564,780.4112980765979,-271.7097479426234,3.4203082337770887,0.8386504728250782,777.4975472545622,0.9526288400103409,0.2328565836361558,781.4845067197397,2.5588306980707682,,COMPLETE
987,0.443673140733264,2026-07-17 16:29:21.408816,2026-07-17 16:29:21.425758,0 days 00:00:00.016942,-0.3288113399207868,778.1402128301306,-302.1628009186867,1.5675693754516498,0.18861104258449737,782.2764823053361,2.454316935434859,0.599838817524468,778.876978777001,2.078815120084728,,COMPLETE
988,0.5502789701038059,2026-07-17 16:29:21.425758,2026-07-17 16:29:21.442219,0 days 00:00:00.016461,-0.2864281839177961,783.5122948728667,1113.2444141177025,6.161153789028556,0.7321545071210186,779.4202664144851,0.3831830463401331,0.01696610567425338,783.9892473989698,0.42002664412137053,,COMPLETE
989,0.20205214207383895,2026-07-17 16:29:21.442219,2026-07-17 16:29:21.458218,0 days 00:00:00.015999,0.16785670301226047,783.9230134101963,-92.89941993879592,3.9891987720121014,0.8041276255299447,780.1010130432356,1.1537099406182008,0.09031795505398574,782.2785341077569,2.9246807087387987,,COMPLETE
990,0.7751142340713785,2026-07-17 16:29:21.458218,2026-07-17 16:29:21.475864,0 days 00:00:00.017646,0.07700186586703388,776.7240891142707,906.526259451075,0.41080601517811766,1.15272631243671,779.8430995043536,0.1087941574324991,1.380397945141956,783.7508750635758,0.2983012377664447,,COMPLETE
991,0.30398257438233045,2026-07-17 16:29:21.475864,2026-07-17 16:29:21.493879,0 days 00:00:00.018015,-0.8527987324680197,783.450531233186,-57.36938335933689,2.4006506437405792,0.9415543652897091,781.0327533191685,1.7932136038713131,0.03361409745125424,782.2410720504437,2.1363894598476216,,COMPLETE
992,1.7791493107353598,2026-07-17 16:29:21.494885,2026-07-17 16:29:21.512135,0 days 00:00:00.017250,1.4951766368453132,780.3154641951983,155.11356160775165,0.15784446156067683,0.3553213528539446,782.5034719336811,2.4011787908337068,1.1048194099177733,780.1947648466368,2.8386672533713346,,COMPLETE
993,0.4220083374436263,2026-07-17 16:29:21.512135,2026-07-17 16:29:21.529873,0 days 00:00:00.017738,0.567648623959994,783.4273850033603,21.963456034532726,1.0952734803769137,0.04436279162453738,776.6937423080759,0.12883399455102462,0.179066074896173,778.6972648666471,0.9595553432796295,,COMPLETE
994,0.46786804101729634,2026-07-17 16:29:21.529873,2026-07-17 16:29:21.546153,0 days 00:00:00.016280,-1.0535917228293283,782.7357104755118,-231.62119408771517,5.966477837677424,1.3174878468271323,781.0765525061719,1.3036953766258605,0.5643913544047978,780.0588850910138,2.462874787835678,,COMPLETE
995,0.9725057143239139,2026-07-17 16:29:21.546153,2026-07-17 16:29:21.564013,0 days 00:00:00.017860,1.24631856454921,783.5343415250318,-182.14858161667755,3.8477392004065285,1.0728288213715322,781.7348940543744,1.7585225887625795,0.42703834985000594,783.606931289129,2.148233805330303,,COMPLETE
996,0.2608945768326551,2026-07-17 16:29:21.564013,2026-07-17 16:29:21.583004,0 days 00:00:00.018991,-0.09335788036593984,781.6120100149282,-92.73057406609695,1.0740812758260057,0.3334607148396036,782.4980339218723,2.1619420925245203,0.5594190792470621,779.9818666841579,1.9621536398981583,,COMPLETE
997,0.2988297266654643,2026-07-17 16:29:21.583004,2026-07-17 16:29:21.601563,0 days 00:00:00.018559,0.8123614229276948,783.5854738446191,-255.87526236411907,5.657615661348393,0.47414610304858607,778.1303046184996,1.5124017280027926,0.2710606272388544,781.9654219986464,2.8133519574683654,,COMPLETE
998,0.4613347642985436,2026-07-17 16:29:21.601563,2026-07-17 16:29:21.619155,0 days 00:00:00.017592,-0.08729665412846682,783.5373788399048,-276.95804943278915,7.2199292410812195,0.5395872205790757,779.0034996225852,1.0948083855260595,0.03182481861433763,782.2122415493247,2.963723289688648,,COMPLETE
999,1000.0093780812128,2026-07-17 16:29:21.620154,2026-07-17 16:29:21.643194,0 days 00:00:00.023040,0.16037747240068193,777.5386173352491,-87.41307196735212,1.179277080894996,0.44541548394108316,781.1870189065257,1.6126501275183027,0.2741300241104707,781.1611057481068,1.596051609889533,,COMPLETE
1000,0.2753680733917314,2026-07-17 16:29:21.643194,2026-07-17 16:29:21.662193,0 days 00:00:00.018999,0.7695841404871291,782.8100520730652,-138.55535400225693,1.6190388661531898,1.1141441288384595,779.581098059359,1.0031553658228543,0.2125987827141408,783.506565785122,2.4004914411455682,,COMPLETE
1001,0.7863600030191653,2026-07-17 16:29:21.662193,2026-07-17 16:29:21.682447,0 days 00:00:00.020254,0.8707258824751162,780.8829174600953,568.6120655477757,1.4694604764068686,0.1613149217852854,783.8800359289022,1.0894000182310548,0.451335911760365,777.1254773640474,1.1887662159943766,,COMPLETE
1002,0.9501727801921077,2026-07-17 16:29:21.682447,2026-07-17 16:29:21.701284,0 days 00:00:00.018837,0.047797069997600555,782.3813671366843,1123.320196957574,0.636627506730182,0.3296207653863228,782.2228563533919,1.3483965290231277,1.273180917639609,783.3734981386897,0.22912883321855126,,COMPLETE
1003,0.29426194458751453,2026-07-17 16:29:21.701284,2026-07-17 16:29:21.725519,0 days 00:00:00.024235,-1.1265761895895086,783.0832075114612,46.77083376091335,3.85865772077342,1.1363096424693975,778.6463412245733,1.7181830689428301,0.3050044180871685,783.3298326097726,2.3373248555392756,,COMPLETE
1004,0.29291249160830046,2026-07-17 16:29:21.725519,2026-07-17 16:29:21.744431,0 days 00:00:00.018912,-0.49563111089576195,781.1071578744156,641.7837872515557,5.104147664023335,0.11675087794504546,779.4759512760453,2.5185693717148094,0.1672960447789673,778.4496233967541,0.5895664928973613,,COMPLETE
1005,0.5021158347478565,2026-07-17 16:29:21.744431,2026-07-17 16:29:21.762740,0 days 00:00:00.018309,0.12147953526889727,776.2931876662991,-35.07535072665402,1.2770446257766321,1.1267756064204864,780.6370021933742,1.76535653903435,0.2035284718011959,780.1451495743189,1.0597448102208376,,COMPLETE
1006,0.912819421095493,2026-07-17 16:29:21.762740,2026-07-17 16:29:21.778559,0 days 00:00:00.015819,-1.474060530374703,776.1059701005134,1009.116429039879,0.14046259756143645,1.3894814628322618,779.8770972957619,0.1184466827298738,0.9536407550632285,783.3441792135847,1.3367768017964883,,COMPLETE
