number,value,datetime_start,datetime_complete,duration,params_background_amplitude_fraction,params_background_center,params_background_offset,params_background_width,params_peak_1_amplitude_fraction,params_peak_1_center,params_peak_1_sigma,params_peak_2_amplitude_fraction,params_peak_2_center,params_peak_2_sigma,system_attrs_fixed_params,state
287,0.3228497411743141,2026-07-17 16:29:07.919753,2026-07-17 16:29:07.930370,0 days 00:00:00.010617,-1.1598266903529377,783.232819800993,547.3416010275107,6.569100365770616,0.7584217025971417,780.1079749071332,1.8022096345421346,0.3366830090874119,781.6663787867353,2.8435581436844832,,COMPLETE
288,0.24956747693655107,2026-07-17 16:29:07.930370,2026-07-17 16:29:07.946216,0 days 00:00:00.015846,-0.4867646063955749,782.18383460574,-25.320172423284504,1.9752986766257354,1.34172074181408,779.139343686368,1.1804138826306252,0.08328119896950242,782.5859675940083,0.9584943164521892,,COMPLETE
289,0.3258448772779086,2026-07-17 16:29:07.946216,2026-07-17 16:29:07.961791,0 days 00:00:00.015575,-0.23486236886680928,782.4222648273695,97.41943705098679,0.8771181845150743,1.121324511730215,778.5724506546399,1.228265112600993,0.14984167364337272,783.2440875096175,1.315109170097072,,COMPLETE
290,0.31342537355122807,2026-07-17 16:29:07.961791,2026-07-17 16:29:07.971901,0 days 00:00:00.010110,-0.9811619151668046,783.2977446318309,71.68554025138222,2.3085699613131507,1.409951975056185,780.0386214204741,0.8541409968063223,0.05218608922676648,783.0456315462634,0.8170888286743181,,COMPLETE
291,0.19369872172291464,2026-07-17 16:29:07.971901,2026-07-17 16:29:07.987987,0 days 00:00:00.016086,-0.18260472663271182,783.5347256716304,9.444772925436183,2.346463348077558,1.3824470004976077,779.3307404523947,0.8957851352431976,0.4596527813786799,783.6849335932052,0.25776304724862265,,COMPLETE
292,0.11468715836274108,2026-07-17 16:29:07.987987,2026-07-17 16:29:08.001507,0 days 00:00:00.013520,-0.6016591882339696,783.2818339930627,117.42705999460657,7.796683339517751,0.9111361604724618,779.5770574304848,1.8091725339550222,0.05343443579766163,783.6824934845648,2.8006493918889825,,COMPLETE
293,0.3106914831021236,2026-07-17 16:29:08.001507,2026-07-17 16:29:08.015507,0 days 00:00:00.014000,-0.14830500164720098,783.4114745079053,-161.85993544515077,5.133439126662459,1.4005342243809584,779.8920605111869,0.7978657838910028,0.6569830247774108,783.5095802568638,0.5083600990791213,,COMPLETE
294,0.21689433461997515,2026-07-17 16:29:08.015507,2026-07-17 16:29:08.028506,0 days 00:00:00.012999,-1.1627285408708095,780.835612183009,661.4996311025061,7.306998639505342,1.1419439096061055,779.4953002959785,1.4972199558992938,0.43870885878275895,783.5711981482145,0.48772183513974154,,COMPLETE
295,0.3579343719893971,2026-07-17 16:29:08.028506,2026-07-17 16:29:08.042512,0 days 00:00:00.014006,-0.38662444791567674,782.205091209559,49.26857456954028,7.230084076760356,1.02124091386269,779.0051815419963,2.2906530560957217,0.28033464577187805,782.2073880069446,2.543552367288603,,COMPLETE
296,1.0209106330153463,2026-07-17 16:29:08.042512,2026-07-17 16:29:08.054975,0 days 00:00:00.012463,0.19915588118824867,777.2652918530573,-103.8543896770772,1.0546825960972044,1.164250261796406,779.4102431699316,2.84498013876634,0.8183231939714753,777.4563089993816,2.036136415988806,,COMPLETE
297,0.3427213614022934,2026-07-17 16:29:08.055975,2026-07-17 16:29:08.067976,0 days 00:00:00.012001,-0.30108189659919626,776.2901274238407,-181.79322329964543,2.1304686846067695,0.8372756304435283,782.3403766239478,1.980944805427415,0.7429570298486566,777.4751152203492,2.7738853634382536,,COMPLETE
298,0.583526299254814,2026-07-17 16:29:08.067976,2026-07-17 16:29:08.082974,0 days 00:00:00.014998,-0.038948417353042386,782.1983892024535,226.25502137631202,2.6874031539020873,1.419327436696956,778.553094133365,1.5115554678707384,0.5179558051270452,782.2637989174802,0.12545939998470526,,COMPLETE
299,0.4167731510229291,2026-07-17 16:29:08.082974,2026-07-17 16:29:08.096778,0 days 00:00:00.013804,-1.2545368586108083,783.8259558480288,49.115493586818985,6.739920851566278,0.7810951362752871,779.8762392941467,1.5478766696713584,0.0411013692311476,783.4915643373433,2.8403029105564324,,COMPLETE
300,0.7405970613039765,2026-07-17 16:29:08.096778,2026-07-17 16:29:08.110939,0 days 00:00:00.014161,0.5669557122262182,776.4899100918194,-1.8558290158468367,1.232587793288795,0.7113699316573694,779.9991235659143,2.4944846723714544,0.2927101068210867,777.0590597962228,1.442847481650233,,COMPLETE
301,0.4329755224912561,2026-07-17 16:29:08.110939,2026-07-17 16:29:08.124062,0 days 00:00:00.013123,-0.5616104384865404,783.3583603019206,494.96278983292655,7.55281413071074,1.0074948220265136,778.7244653566917,1.7515047153641734,0.04637918836118972,781.14113904569,2.5287798837247344,,COMPLETE
302,0.25684841236558237,2026-07-17 16:29:08.124062,2026-07-17 16:29:08.137418,0 days 00:00:00.013356,-1.2267798960112892,781.8753679904715,406.45929565499694,2.7046358783655085,1.1001761223394986,779.6502898396697,1.6479532579532559,0.1496010466036803,783.0057705132363,0.11122387641514428,,COMPLETE
303,0.6604247255593967,2026-07-17 16:29:08.138609,2026-07-17 16:29:08.152611,0 days 00:00:00.014002,-0.9195771577971295,779.1880441466839,660.6719081080158,1.416543435988389,1.3135200419537079,778.1248585029849,1.3434283644064755,0.6573305436732768,782.8154378311681,1.1417623856788266,,COMPLETE
304,0.3099683930549995,2026-07-17 16:29:08.152611,2026-07-17 16:29:08.161628,0 days 00:00:00.009017,-0.7122838137483036,781.7265447370658,737.2001388530806,0.22374390530275853,0.07698924399982635,776.3553129624413,1.458914547570886,0.036771149357937793,783.6612654669411,2.5496267967246746,,COMPLETE
305,0.40254848606773136,2026-07-17 16:29:08.161628,2026-07-17 16:29:08.171643,0 days 00:00:00.010015,-0.12153874136374221,781.6369810464026,304.6516276435542,0.10507067863834908,0.5808012289884769,780.9090748328482,0.6303119133362322,0.34718174778542327,782.1947704382843,2.4928543916023846,,COMPLETE
306,0.5340935555773598,2026-07-17 16:29:08.171643,2026-07-17 16:29:08.186599,0 days 00:00:00.014956,-0.5336003803801607,781.176897631167,159.3543290381137,1.5165394377312391,0.9732739772608124,782.6258145439615,1.2163991156458773,0.03948972169742397,782.3157997694298,0.2558709619702395,,COMPLETE
307,0.4150659227164487,2026-07-17 16:29:08.186599,2026-07-17 16:29:08.202131,0 days 00:00:00.015532,-1.245905552099132,782.6849462316665,439.8981792188887,3.2415364590730253,0.8917854655035153,781.6633220461329,1.3425209418973865,0.10739458756125156,783.4721222376749,1.874613018891258,,COMPLETE
308,0.4922691751728233,2026-07-17 16:29:08.202131,2026-07-17 16:29:08.216649,0 days 00:00:00.014518,-1.0952157022078572,783.6355550849215,47.72944556594119,2.4322918300176717,1.4516322134111352,778.5508829428301,0.7004770006330677,0.7814051590863907,783.1768861731194,0.42136837535087746,,COMPLETE
309,0.40387185520760327,2026-07-17 16:29:08.216649,2026-07-17 16:29:08.228643,0 days 00:00:00.011994,0.2695473772682249,783.8622322802755,259.17421205947386,0.9979269796923622,1.4758972562733363,779.1467767042134,0.7713689132265953,0.5131190673295447,783.9555716460864,0.7443608426299394,,COMPLETE
310,0.6624456693546683,2026-07-17 16:29:08.228643,2026-07-17 16:29:08.243065,0 days 00:00:00.014422,0.0834052930017658,782.013824874344,334.20060827868053,3.8458817857629453,0.9305700969578137,780.8665455485693,1.831971148205772,0.2016821547766624,783.766257919657,2.958056624645931,,COMPLETE
311,0.483483466649492,2026-07-17 16:29:08.243065,2026-07-17 16:29:08.258061,0 days 00:00:00.014996,-0.8415224749688277,780.4424553378851,523.5946627468843,6.708037673189594,1.2024569679873096,778.5354953966136,1.977616221481162,0.5286535020419229,783.7970844512646,0.26938544197307573,,COMPLETE
312,0.3069578679745155,2026-07-17 16:29:08.258061,2026-07-17 16:29:08.270422,0 days 00:00:00.012361,0.42617091015585873,783.8737424321896,-15.728116003081794,2.7732776397997525,0.7813407571764422,778.4675494716518,2.1586966449927365,0.06694957073112136,783.926517397841,2.178599771038922,,COMPLETE
313,0.7741425760144517,2026-07-17 16:29:08.270422,2026-07-17 16:29:08.280424,0 days 00:00:00.010002,-1.0668260784723822,776.2666314004998,90.42068492490132,1.0619891016569583,0.6146683583284742,780.0915651687491,2.331776338248215,0.46254995316031794,776.9319384213404,1.6721680294474204,,COMPLETE
314,0.31010769865452326,2026-07-17 16:29:08.280424,2026-07-17 16:29:08.295432,0 days 00:00:00.015008,-1.3410044132573589,782.0262471615251,800.0382832060964,6.317147132248838,1.0205071438032516,780.2071964343384,1.6716746670097935,0.5340124031681509,783.817589554671,0.3893623343290554,,COMPLETE
315,0.5673784970532871,2026-07-17 16:29:08.295432,2026-07-17 16:29:08.308947,0 days 00:00:00.013515,-0.08782538388424907,778.8113315293215,89.93843224966868,1.010389962497383,0.6779330727535701,779.4039354327834,2.311004422698857,0.7393697583645906,776.2444735693888,2.9379785718104907,,COMPLETE
316,0.3976320154467796,2026-07-17 16:29:08.308947,2026-07-17 16:29:08.322947,0 days 00:00:00.014000,-1.2676890758871213,782.9494111877988,308.01920195189575,0.44630967462115445,0.7476778565158182,782.437870459733,2.966542118261842,0.32639203875442857,780.713546226026,0.3803646753060535,,COMPLETE
317,0.19975180149562272,2026-07-17 16:29:08.322947,2026-07-17 16:29:08.336350,0 days 00:00:00.013403,0.05693320919769751,780.2212384273184,-110.83813541697626,1.1397812970795123,1.22192362243517,779.4126742185841,1.2960282399516418,0.4452052486594733,781.2577673559559,0.46090709644072897,,COMPLETE
318,0.22110570187053846,2026-07-17 16:29:08.336350,2026-07-17 16:29:08.350374,0 days 00:00:00.014024,-0.35476677642687005,782.9157189335493,-65.54265051162642,5.631911135918027,1.3699875455595822,779.8888372505819,1.470475544441932,0.15959967248055829,781.268645431994,0.26176410772903047,,COMPLETE
319,1000.0051398508652,2026-07-17 16:29:08.350374,2026-07-17 16:29:08.365374,0 days 00:00:00.015000,-1.0010869994449874,783.8125184079596,750.268092555773,3.378648410116077,0.9079170962123351,779.683672602146,1.4059451593477648,0.058186139693358105,779.6242774239814,1.503905136867638,,COMPLETE
320,0.6780432970074088,2026-07-17 16:29:08.365374,2026-07-17 16:29:08.380374,0 days 00:00:00.015000,0.44183423954584766,783.2958689097902,207.93454933596811,6.908669390261145,1.3246649628880391,780.7960393343626,1.0307061894322858,0.42812987699287264,781.821836099077,0.3202744637618698,,COMPLETE
321,0.3316346346415755,2026-07-17 16:29:08.380374,2026-07-17 16:29:08.394382,0 days 00:00:00.014008,-0.5418317814357778,782.5261030100145,-187.91980590084125,4.897734766964335,1.203250268312574,780.5324768846135,1.4480965392797278,0.05074308108018105,778.3384375362159,0.35971858120803046,,COMPLETE
322,0.35427677875644564,2026-07-17 16:29:08.394382,2026-07-17 16:29:08.408897,0 days 00:00:00.014515,0.06469945697637514,780.5878001085201,-262.33085752342333,0.5919435554966869,1.360108512221336,778.8956512953217,0.69115431685997,0.29232679173903553,782.0195181129427,0.3265595513794799,,COMPLETE
323,0.4777018072358666,2026-07-17 16:29:08.408897,2026-07-17 16:29:08.422986,0 days 00:00:00.014089,-0.40854152870095173,783.8841363089764,572.6435829368958,3.861883983217958,0.8057652961583213,780.572721681988,1.1977476987010185,0.24929875153481817,783.9069778203158,2.343972114161648,,COMPLETE
324,0.30858806724371135,2026-07-17 16:29:08.422986,2026-07-17 16:29:08.439132,0 days 00:00:00.016146,-0.1802676637831417,780.5725918620898,-58.814888333367946,0.9370909782178051,1.222351541758544,778.9704971741978,1.2269874869827384,0.5926583176055223,779.6110791846681,0.3435465258841914,,COMPLETE
325,0.3468364663939054,2026-07-17 16:29:08.439132,2026-07-17 16:29:08.453527,0 days 00:00:00.014395,-0.3403501424631298,781.7695081899608,-189.76991021947984,2.069285545838223,1.4301791380969948,778.68877357998,1.4006151598899428,0.20959068551855264,781.5072368527674,1.0645300083056313,,COMPLETE
326,0.2725553488264561,2026-07-17 16:29:08.453527,2026-07-17 16:29:08.468920,0 days 00:00:00.015393,-1.0225466188132784,780.3017769583117,340.12718407498204,1.5817498333777475,0.8240279208846927,779.2170779122616,1.9513318445412176,0.3395332809627843,783.412153072258,2.1642811461307208,,COMPLETE
327,0.2190814874208778,2026-07-17 16:29:08.468920,2026-07-17 16:29:08.482228,0 days 00:00:00.013308,-0.16349757161632808,776.3281328797641,-22.384651018875275,0.6016253359818248,0.520110880755571,779.4884888558408,2.663782867127098,0.427076936085506,779.3880421026838,2.4894194638610307,,COMPLETE
328,0.5091772871978166,2026-07-17 16:29:08.482228,2026-07-17 16:29:08.492454,0 days 00:00:00.010226,-0.3633318164650296,783.4402098426835,-212.39111675691166,2.1281704978775915,1.0155621844364147,777.4768688820247,1.8084832112057518,0.131697796283726,782.7889661675196,0.3365451060586129,,COMPLETE
329,0.3180140797081512,2026-07-17 16:29:08.492454,2026-07-17 16:29:08.505971,0 days 00:00:00.013517,-1.175913334617938,781.0054907744134,560.0959386524681,0.25392412627472566,0.3929940308505414,781.6419863652029,2.715220668630693,0.18341591745334618,782.2307816990312,0.48342090622757655,,COMPLETE
330,0.5306358312832904,2026-07-17 16:29:08.505971,2026-07-17 16:29:08.519668,0 days 00:00:00.013697,-0.4745088213337686,776.7033442262531,-241.950141568529,0.6823097609947,1.0045551785428066,778.9948586108093,1.5905100474011353,0.05041718009865015,778.5492826098539,2.339153960720302,,COMPLETE
331,0.30399094001368643,2026-07-17 16:29:08.519668,2026-07-17 16:29:08.532951,0 days 00:00:00.013283,0.004252706320347882,776.751776916446,202.37245962373277,0.9910541209903374,0.20392543634427268,779.5179870408971,2.9808227174427113,0.48958751680744766,778.5000114422355,1.7591473146362087,,COMPLETE
332,0.5180061131569266,2026-07-17 16:29:08.532951,2026-07-17 16:29:08.544999,0 days 00:00:00.012048,0.05568478593678994,782.6074325557275,413.4746431569347,6.002315064488085,0.8512412088015783,780.3679562304893,1.0321697033250523,0.2910989678704026,778.9645212721033,2.9727187712390934,,COMPLETE
333,0.2577581390507924,2026-07-17 16:29:08.544999,2026-07-17 16:29:08.553997,0 days 00:00:00.008998,-0.5217293293125222,781.7831712415755,-86.12750925433431,3.332170054246951,1.44966315142345,779.5077498103653,1.0537352105509015,0.4780064483493935,781.2001608731699,0.17325484515459072,,COMPLETE
334,0.26304962137933385,2026-07-17 16:29:08.553997,2026-07-17 16:29:08.566382,0 days 00:00:00.012385,-0.622247825986119,780.4653249549965,171.7295207858113,0.18264948746511478,0.10081266842984841,781.7513858077484,0.333548953231625,0.49384017573410943,781.253328573462,2.785883666782794,,COMPLETE
335,0.8678671432239947,2026-07-17 16:29:08.566382,2026-07-17 16:29:08.582290,0 days 00:00:00.015908,0.17403265948648072,777.2739382092074,121.8146187323863,0.3062328304474165,0.6370211214318695,781.1266918583619,2.696909131295612,0.7144826540372672,779.3495248655032,2.7737637085005487,,COMPLETE
336,0.38585813804230606,2026-07-17 16:29:08.582290,2026-07-17 16:29:08.598284,0 days 00:00:00.015994,-0.7700951175110914,776.4196512095288,380.65511040516037,0.5400451038858126,0.49263158964532855,779.0730439850475,2.913370836257952,0.27067934381496705,778.6201604505529,2.861481076203924,,COMPLETE
337,0.45085023435052646,2026-07-17 16:29:08.598284,2026-07-17 16:29:08.611797,0 days 00:00:00.013513,-0.7096791643937688,777.4921338339657,-240.81823456468595,0.8454877219526333,0.840216931519213,780.6410854441679,2.9028562739375197,0.24266315289103935,778.0776991982259,2.5647821979432646,,COMPLETE
338,0.3327825687036808,2026-07-17 16:29:08.611797,2026-07-17 16:29:08.627528,0 days 00:00:00.015731,-1.0739832572348296,783.0068920946288,390.6853621990963,0.19237516820605322,0.12095933298335326,779.8497132285897,0.6432509763070731,0.11567100342430159,782.4520849020155,2.808226382046308,,COMPLETE
339,0.17190968014465383,2026-07-17 16:29:08.627528,2026-07-17 16:29:08.640897,0 days 00:00:00.013369,-0.6886820572365273,777.099014183283,-40.252609749180294,3.0931765110317175,0.2894747327302284,782.1914938939682,2.9454336923876885,0.9391199106494744,779.6619806086672,2.3421611602798404,,COMPLETE
340,0.38230583251541717,2026-07-17 16:29:08.640897,2026-07-17 16:29:08.651899,0 days 00:00:00.011002,-1.402410649418767,782.0088250795555,312.3568936587892,1.104308300000556,0.3913858180777183,782.742034369709,2.648874996903363,0.09265737580833475,783.7646216288554,0.8546036814934739,,COMPLETE
341,0.8974972951227685,2026-07-17 16:29:08.651899,2026-07-17 16:29:08.667313,0 days 00:00:00.015414,-1.1576055437615942,777.254919739839,-2.7406327984048104,5.532003535708476,0.10773123157467374,783.4331976445673,2.915302105973684,0.8682598903887735,776.6100158960132,1.8365757791307256,,COMPLETE
342,0.4435958672376678,2026-07-17 16:29:08.667313,2026-07-17 16:29:08.682312,0 days 00:00:00.014999,-0.5630532592744659,783.3849511613895,-26.17595105189225,6.019381189696618,1.3165018673965658,778.2857658775116,1.3245334038236325,0.22386101301980726,781.4826095232143,0.3074943965030409,,COMPLETE
343,0.48347102744442566,2026-07-17 16:29:08.682312,2026-07-17 16:29:08.698289,0 days 00:00:00.015977,-1.453201693375425,779.8073575828398,453.9650302699788,2.845798083499034,1.1229087701014142,781.2644706712294,1.1958064847157541,0.6927770309868018,783.3642931645638,0.8301663730890448,,COMPLETE
344,0.38104934394342815,2026-07-17 16:29:08.698289,2026-07-17 16:29:08.714310,0 days 00:00:00.016021,-0.5115607610505908,779.5873221961991,888.274510716874,3.077258043752452,0.8036920387029391,780.3634943567142,0.695282333218505,0.3299321770363379,782.8865180390133,0.2904715776490838,,COMPLETE
345,0.2036099595706673,2026-07-17 16:29:08.714310,2026-07-17 16:29:08.729823,0 days 00:00:00.015513,-0.6278669436371179,777.9655332349184,49.32238677300212,5.3560905232623055,0.27581856570311003,780.8787511305923,2.6285811321327874,0.6235749332824405,779.8320978038048,2.383964904118282,,COMPLETE
346,0.34838913509719666,2026-07-17 16:29:08.729823,2026-07-17 16:29:08.744825,0 days 00:00:00.015002,-0.7398693994578618,779.0940642513641,-152.3023366145406,6.20401547296618,0.3623446349385906,780.4633795249958,2.4787510059603868,0.5352136867844735,780.3214529469491,2.312780967750356,,COMPLETE
347,0.17776789319082165,2026-07-17 16:29:08.744825,2026-07-17 16:29:08.759822,0 days 00:00:00.014997,-0.40842524861191243,780.3084430215292,138.5130977092959,0.7629608520007635,1.0675803453757982,778.9345613739437,0.49091689116460635,0.6408498918601246,781.0152192895648,1.6954202135452072,,COMPLETE
348,0.3535812696182274,2026-07-17 16:29:08.759822,2026-07-17 16:29:08.774845,0 days 00:00:00.015023,-1.1874787052035725,780.4348997563463,453.441226453268,3.9275265324980584,1.1234802375707487,778.5509386321992,1.6052701901849724,0.3041522679445376,782.6271970217302,1.493210229964154,,COMPLETE
349,0.3461733704367869,2026-07-17 16:29:08.774845,2026-07-17 16:29:08.791086,0 days 00:00:00.016241,-1.1063671382102147,781.5083621201746,168.29854208161493,0.4382583839958699,1.445625820655032,779.0065163139615,0.2520382332942892,0.650688129060013,782.5306300732396,1.5323345534390662,,COMPLETE
350,0.4733929932895339,2026-07-17 16:29:08.791086,2026-07-17 16:29:08.804997,0 days 00:00:00.013911,-0.8910775210060747,776.4608710860318,-271.30551265494415,2.5883042607712015,0.4533554343061539,781.9128547720816,2.548664743297423,1.0295901911229992,778.6880672365075,1.9532387712880452,,COMPLETE
351,0.21799305697227772,2026-07-17 16:29:08.804997,2026-07-17 16:29:08.817438,0 days 00:00:00.012441,-0.1902763126109414,781.0489150929268,110.1432495398783,0.6028217935492045,1.0742353255522334,779.8043977384582,0.2516828227210811,0.37343907413145944,779.55137184189,1.7260000682290673,,COMPLETE
352,0.39593005868605585,2026-07-17 16:29:08.817438,2026-07-17 16:29:08.828897,0 days 00:00:00.011459,-0.24021469345045787,781.2365212750447,319.79270305772735,1.9801523238322414,1.2924401379390635,777.2445673579625,0.16110568124826513,0.4186376602438827,780.9314576552439,1.9942408627596355,,COMPLETE
353,0.33999581546914165,2026-07-17 16:29:08.828897,2026-07-17 16:29:08.838897,0 days 00:00:00.010000,0.004952042721725364,780.3321458799737,362.52441231891237,0.576361408770513,0.7739780578822755,780.2533450787604,0.11847966176627628,0.4981764195255396,779.0379396481749,2.160743408071837,,COMPLETE
354,0.35264019433493726,2026-07-17 16:29:08.838897,2026-07-17 16:29:08.849177,0 days 00:00:00.010280,-0.409297543288557,780.1925245623912,-67.69889987405068,0.4745902586703687,0.7777490007465363,780.9225407251242,0.2417526298713889,0.8844921266289535,781.0474665114289,1.593166095938385,,COMPLETE
355,0.3011078759420026,2026-07-17 16:29:08.849177,2026-07-17 16:29:08.862531,0 days 00:00:00.013354,-0.02616850169155338,777.5333699716333,216.755083109351,6.785828445228378,0.16151425985445966,781.195039349611,2.0062810839279184,0.6335569734830483,780.0245271349137,1.7973595824029616,,COMPLETE
356,0.3907672885394382,2026-07-17 16:29:08.862531,2026-07-17 16:29:08.877914,0 days 00:00:00.015383,-0.5980351829459281,781.9832211329357,412.7278999955835,0.9599960596973,1.3345679406107551,780.0505951109136,0.7371077973607141,0.35591978196266205,777.9966751784735,1.2491713274982674,,COMPLETE
357,0.3344818758346917,2026-07-17 16:29:08.877914,2026-07-17 16:29:08.893923,0 days 00:00:00.016009,-0.9825498121246314,779.0993891911521,476.98856752448984,3.010346766633809,0.11858876812212785,782.0475063564024,2.854227476059951,1.0711541531301834,779.8055456292367,2.5008775765352973,,COMPLETE
358,0.3818032420580624,2026-07-17 16:29:08.893923,2026-07-17 16:29:08.909444,0 days 00:00:00.015521,0.2835646734042956,777.7306079887468,-242.29073334271365,0.963376095644868,0.5836865029501882,779.9704226201483,2.1787134083025554,0.41821666531950186,780.438698243324,2.3865304349514522,,COMPLETE
