number,value,datetime_start,datetime_complete,duration,params_background_amplitude_fraction,params_background_center,params_background_offset,params_background_width,params_peak_1_amplitude_fraction,params_peak_1_center,params_peak_1_sigma,params_peak_2_amplitude_fraction,params_peak_2_center,params_peak_2_sigma,system_attrs_fixed_params,state
1943,0.8069416357683173,2026-07-17 16:29:48.125145,2026-07-17 16:29:48.156693,0 days 00:00:00.031548,1.2474130369416645,778.4653345160509,116.52035806933509,1.01863617342598,0.16286907956358154,776.6579032783794,0.7790162594330691,0.9155925508353255,777.7590416822612,0.1238621331548111,,COMPLETE
1944,1.4602783583756564,2026-07-17 16:29:48.156693,2026-07-17 16:29:48.188320,0 days 00:00:00.031627,0.5796209644917689,777.9960414900171,1038.3379697659568,1.9942980340350465,0.6387533496747553,779.0822819130392,2.3989875764609594,0.6420673219560553,781.2585217620111,0.7148394763369912,,COMPLETE
1945,0.28246487575156815,2026-07-17 16:29:48.188320,2026-07-17 16:29:48.219964,0 days 00:00:00.031644,0.5598558329999265,783.0309190271728,-169.2977527587229,7.583544272939551,0.9854233183757068,780.0907838210001,1.611888941622388,0.00040405898977632915,777.6023698417379,2.0043343428506564,,COMPLETE
1946,0.13742638869337973,2026-07-17 16:29:48.219964,2026-07-17 16:29:48.257361,0 days 00:00:00.037397,0.2592251618951883,783.2888466980588,-280.13819755085933,6.51082185926318,0.7872359716225814,779.570767885269,1.8263488241724908,0.021829247588439044,778.2263431918097,2.496642599862227,,COMPLETE
1947,0.33659405738542303,2026-07-17 16:29:48.257361,2026-07-17 16:29:48.299981,0 days 00:00:00.042620,0.045857022002664546,778.1079053520184,249.48567077769343,0.9551150522869492,0.030806584486845038,780.9119684333247,0.34375472853477684,0.704231224587368,780.7349146448365,0.7108065566109257,,COMPLETE
1948,0.6257448910745252,2026-07-17 16:29:48.299981,2026-07-17 16:29:48.332085,0 days 00:00:00.032104,-0.9171289869713845,777.6243636406437,1177.6262760529594,0.13100648124020864,0.7154797609945212,780.9273691136592,1.368032754302829,0.5390547087251296,778.9031830466121,2.251819352275195,,COMPLETE
1949,0.41246041758866864,2026-07-17 16:29:48.332085,2026-07-17 16:29:48.363825,0 days 00:00:00.031740,-0.9155207152854865,781.3455044412104,978.1334606094285,5.524145295101152,0.5839198545329967,778.0571527944825,0.5819937571678041,0.22985216530770985,782.1672722435559,0.5728244969588948,,COMPLETE
1950,0.1115992088702079,2026-07-17 16:29:48.363825,2026-07-17 16:29:48.411773,0 days 00:00:00.047948,0.030423771241398556,782.910336996488,-116.61069982792309,6.633381606758048,0.7384992479933984,779.870437817276,1.495586052249519,0.17409142817506018,778.6327478965183,2.8469688110732365,,COMPLETE
1951,2.077087139373911,2026-07-17 16:29:48.411773,2026-07-17 16:29:48.443840,0 days 00:00:00.032067,0.4120067892177932,776.5399386731704,1127.0796657463243,0.7914193066013535,1.2294059298749769,781.7626655957822,2.4384149168430485,1.0523774722993773,780.5651168689329,0.9036334440883869,,COMPLETE
1952,0.5468632955924302,2026-07-17 16:29:48.443840,2026-07-17 16:29:48.476057,0 days 00:00:00.032217,0.18181259499384067,783.7918200766385,-270.17011253390365,6.8737117539859955,0.8780428340351907,781.9073182343444,1.0258400601991506,0.08509451426191199,778.6136190235264,2.431368860040334,,COMPLETE
1953,0.3865291221815482,2026-07-17 16:29:48.476057,2026-07-17 16:29:48.508143,0 days 00:00:00.032086,0.2854031977243473,782.8401666277098,21.151561046354374,3.016888468161856,0.5755050081011036,781.4677508523112,1.7445757586412265,0.3105736742007379,777.8817947984417,2.596486751376159,,COMPLETE
1954,1.0368910296988747,2026-07-17 16:29:48.508143,2026-07-17 16:29:48.540062,0 days 00:00:00.031919,-0.22880267203175875,777.6385771090223,997.428112886725,6.060334736588275,1.455041535859752,776.6869385768716,0.3890057398053466,1.0568308089404692,778.7182611353073,1.3035713327621772,,COMPLETE
1955,0.2030655865481878,2026-07-17 16:29:48.540062,2026-07-17 16:29:48.571673,0 days 00:00:00.031611,0.48636055119544314,782.9010186237244,-295.6300273884246,1.42676594985401,0.763207167194208,778.4160839788204,1.1380910819479741,0.4917390937551116,779.586184489395,1.681063206503878,,COMPLETE
1956,0.2649222078836606,2026-07-17 16:29:48.571673,2026-07-17 16:29:48.603492,0 days 00:00:00.031819,0.32508445267514374,779.3429448909462,-282.3407653951423,0.45205576536405595,0.00863898935696894,776.7782482620252,0.42220390541660535,1.4650966811380983,779.37884113172,1.311081125372049,,COMPLETE
1957,0.5042771223228686,2026-07-17 16:29:48.603492,2026-07-17 16:29:48.635440,0 days 00:00:00.031948,0.5778134815958332,776.107690973155,-248.94493020988443,0.863682869019292,0.030867748779064636,780.4502882290514,1.0717861175353947,0.9575116056795124,778.5793575184456,1.7703085912797931,,COMPLETE
1958,0.5956173336444849,2026-07-17 16:29:48.635440,2026-07-17 16:29:48.667506,0 days 00:00:00.032066,-0.5795014013345048,783.8974984924798,-49.044612410242735,0.6250805181083587,0.550833325046118,776.7987082472714,2.0337506793963795,1.2149788582481826,781.5851546773341,2.203321451184144,,COMPLETE
1959,0.25830636042112676,2026-07-17 16:29:48.667506,2026-07-17 16:29:48.699605,0 days 00:00:00.032099,-0.02652662841634218,783.8142805744162,-198.33618666476673,2.9931003459848964,0.8870817483606691,779.8491502465616,1.1786975890233096,0.6102327865849038,779.1120784997834,2.606167261943061,,COMPLETE
1960,0.31936266747840464,2026-07-17 16:29:48.699605,2026-07-17 16:29:48.731711,0 days 00:00:00.032106,-0.27694725126636077,781.9422301204812,-34.87844490403408,7.024478183438807,0.4432509229599425,779.4311324578315,0.43968396671680904,0.3827595677275511,779.0298517223621,1.5141692814875758,,COMPLETE
1961,1.2973733234666098,2026-07-17 16:29:48.731711,2026-07-17 16:29:48.763534,0 days 00:00:00.031823,1.226220203507684,782.0609163608605,608.8487709573214,5.302337424036801,1.034461966154887,779.0738633116783,0.8443928236266021,1.0080703693018946,780.6487881830525,1.1812457922982893,,COMPLETE
1962,1000.0105404016589,2026-07-17 16:29:48.763534,2026-07-17 16:29:48.795612,0 days 00:00:00.032078,-0.1019096653313753,782.3531236831067,-28.04918352439458,3.908493630398936,0.5949916445644688,779.2313244175747,1.695073506940899,0.3646859214393656,779.2145935906802,2.6070437371399313,,COMPLETE
1963,0.39052406481949825,2026-07-17 16:29:48.795612,2026-07-17 16:29:48.827460,0 days 00:00:00.031848,0.3909301957012098,783.4940522247967,-255.88845994582803,3.4961907401134593,0.6266257845633356,778.0086244900543,1.2646321744871702,0.07700818639555622,777.6908401724501,1.9348963714742373,,COMPLETE
1964,0.4539846532497523,2026-07-17 16:29:48.827460,2026-07-17 16:29:48.843292,0 days 00:00:00.015832,-1.2067782938828557,781.8127073043809,895.5760947176805,2.7233079992166904,1.309225816676319,780.4942884517876,0.9794471516328427,0.10726315520203919,782.3286965918539,0.1341199742786744,,COMPLETE
1965,0.5110473542240802,2026-07-17 16:29:48.843292,2026-07-17 16:29:48.875610,0 days 00:00:00.032318,-0.09432731295998806,776.701001048802,-50.36252904761918,2.4947816113329857,0.27578755018314827,782.1917713815378,1.7688950435528121,0.03684532920487471,777.3921771633466,0.5897194923677819,,COMPLETE
1966,1.4644428846476942,2026-07-17 16:29:48.875610,2026-07-17 16:29:48.907278,0 days 00:00:00.031668,-0.9402555164036968,780.4067230375405,1185.8680972142038,0.18710626581678635,0.9265163093256493,780.3804369356818,2.560416963532899,1.0424391311841548,778.2725776321398,1.7720935490141885,,COMPLETE
1967,0.1577636119288288,2026-07-17 16:29:48.907278,2026-07-17 16:29:48.938938,0 days 00:00:00.031660,0.3563357077293848,780.9015944592551,-251.12416143372104,3.2434953144481984,0.6101240687047307,778.9366119297194,1.4587301328166737,0.1903878391707407,779.1423560301082,1.2773120495932693,,COMPLETE
1968,0.7594785271254442,2026-07-17 16:29:48.938938,2026-07-17 16:29:48.970534,0 days 00:00:00.031596,0.5042922249025767,779.5672826154184,200.68811704588717,6.782992517754267,0.9330601278882545,782.9168379040458,1.7161434210334399,0.04199085523686244,778.7814409425791,1.3306223863116098,,COMPLETE
1969,1.475042949676122,2026-07-17 16:29:48.970534,2026-07-17 16:29:49.002195,0 days 00:00:00.031661,0.5163924491659015,782.2152902292755,616.438756863024,1.9816941249067985,1.3969646122768977,777.4179344864257,0.9772713930164147,1.2432198602443316,778.2958298726829,1.5515371195979935,,COMPLETE
1970,0.6097998628774149,2026-07-17 16:29:49.002195,2026-07-17 16:29:49.034301,0 days 00:00:00.032106,0.43363330933839966,780.6631528700733,134.95726494997524,3.4480729189124504,0.9536351520662476,776.8209796814609,0.9992907985160033,0.29035518489730194,778.4898567982887,1.8031843320151426,,COMPLETE
1971,0.6400420410518048,2026-07-17 16:29:49.034301,2026-07-17 16:29:49.066358,0 days 00:00:00.032057,-1.2701134793411928,780.869933900658,725.1849751550952,2.9810040162976925,0.8936428177507204,777.122977602894,1.1024344795667358,0.29863804822865714,783.0390301317246,0.262667384492263,,COMPLETE
1972,0.32085607949152445,2026-07-17 16:29:49.066358,2026-07-17 16:29:49.097916,0 days 00:00:00.031558,-0.7716551359145992,781.2038881820287,722.2773980206239,0.7450495074896074,0.933484740276306,780.3953605026544,0.740682659526064,0.26643301373090866,783.3485145314709,0.7975888701022434,,COMPLETE
1973,0.21597755731029197,2026-07-17 16:29:49.097916,2026-07-17 16:29:49.129541,0 days 00:00:00.031625,-0.5370684516833009,783.7772015556519,-38.09112012907417,4.3927387283025645,0.539406360899635,778.9367805229917,1.4089844156060682,0.3178745479899416,779.535621388576,2.481310546260849,,COMPLETE
1974,0.5953865785155104,2026-07-17 16:29:49.129541,2026-07-17 16:29:49.160718,0 days 00:00:00.031177,-0.7501906374514282,776.6751313534667,656.0661147132853,0.4221451604305346,0.8382836285632589,780.2135678964612,1.2944591222163575,1.1633086572002078,781.9600348310998,1.1687196691850301,,COMPLETE
1975,1.0729983181494966,2026-07-17 16:29:49.160718,2026-07-17 16:29:49.208369,0 days 00:00:00.047651,-1.499285230073224,781.9929127769586,333.26627700051324,0.3183031712160643,1.4828569564010738,781.2256736435897,2.9721445203011654,0.9051699009892664,778.691606014599,1.170763575925045,,COMPLETE
1976,0.37498310792994616,2026-07-17 16:29:49.208369,2026-07-17 16:29:49.240037,0 days 00:00:00.031668,0.5004917394398823,781.3589633533966,-270.1485519585287,6.261086439610374,0.6792516224612762,781.2986639087669,1.4305295243591614,0.11533522840839647,779.1328257332182,1.2818730746406268,,COMPLETE
1977,0.46977978264695497,2026-07-17 16:29:49.242728,2026-07-17 16:29:49.271969,0 days 00:00:00.029241,0.2078239957033774,782.2119576864603,39.00746274279521,7.760227326681478,0.9469579569877438,777.6379949541836,1.2357186022296804,0.041858389245778546,779.370355619079,2.500314936615391,,COMPLETE
1978,0.7351825396240964,2026-07-17 16:29:49.271969,2026-07-17 16:29:49.303587,0 days 00:00:00.031618,-1.0491203423794604,781.3514635215124,-285.46059834701157,0.3653884740637668,0.10195434822287353,778.8082731152583,2.720382202988038,0.8376815602080186,777.8749006421527,2.4448769083365463,,COMPLETE
1979,0.7114799276056467,2026-07-17 16:29:49.303587,2026-07-17 16:29:49.335674,0 days 00:00:00.032087,0.29824263898666764,783.3712486932898,380.48743828807073,0.12782664690324919,1.12165849169747,778.151918154965,2.025656864500788,0.1256128543536199,780.8205182791787,2.0165570387779956,,COMPLETE
1980,0.5126140586303694,2026-07-17 16:29:49.335674,2026-07-17 16:29:49.367378,0 days 00:00:00.031704,-0.13817204700441862,779.6440612238656,-229.16837140261316,0.11048045931786357,0.9439737535790289,782.596853227531,0.1796417497850764,1.2797538095844199,778.4237404209877,0.8848541531935904,,COMPLETE
1981,0.667680019423521,2026-07-17 16:29:49.367378,2026-07-17 16:29:49.399197,0 days 00:00:00.031819,-0.08839564166893507,779.2420705802141,155.73380845534402,6.4082968149731965,0.46565765060741854,778.1146908564783,1.152432271352878,1.0580018780211622,777.6723326287971,1.8382078460767193,,COMPLETE
1982,1.2189841497185787,2026-07-17 16:29:49.399197,2026-07-17 16:29:49.430847,0 days 00:00:00.031650,0.392865353171692,782.6311411914204,154.8467194497232,0.25732060222284014,1.3943847170646522,779.2090386194394,2.832917780646165,0.7670331009273301,779.6230197787635,1.542142425091935,,COMPLETE
1983,0.5177660744177256,2026-07-17 16:29:49.430847,2026-07-17 16:29:49.462460,0 days 00:00:00.031613,-0.6168999932893111,783.9747764810909,390.778863954296,5.396892004421718,0.9636742193237912,777.325182052269,1.874900874445271,0.020803223301031668,782.0920851879482,2.8948218625601942,,COMPLETE
1984,0.6935598767464529,2026-07-17 16:29:49.462460,2026-07-17 16:29:49.495297,0 days 00:00:00.032837,1.099827585769361,778.5545572901115,-107.99251778260412,0.10692518753054348,0.13360502256903511,781.7769948076531,0.16196372349838273,0.42513741710459846,780.260866366343,0.959233372720245,,COMPLETE
1985,0.7708939282110279,2026-07-17 16:29:49.495297,2026-07-17 16:29:49.526296,0 days 00:00:00.030999,-1.4533888427813537,782.1497803309283,43.723557813215734,0.29070794813888334,0.17876615262035256,777.5425276078582,1.193621898202839,0.42246095865611333,778.9865158958673,0.23998600921626712,,COMPLETE
1986,0.23502751669370806,2026-07-17 16:29:49.526296,2026-07-17 16:29:49.561643,0 days 00:00:00.035347,0.15908287521829415,783.0969793789038,208.34454662685386,5.470184126083363,0.5548015372365521,779.432726974319,1.3552329611998348,0.1708078806196048,777.7056698328338,2.460075890281138,,COMPLETE
1987,0.5197353601558549,2026-07-17 16:29:49.561643,2026-07-17 16:29:49.589751,0 days 00:00:00.028108,-0.17326853727116853,781.4545719548529,-241.6284657463587,4.618481523270473,0.4798268193420426,781.0340290551901,1.2735334882665033,0.050966824604371797,777.8322831486572,2.591115927658443,,COMPLETE
1988,1000.0098621453084,2026-07-17 16:29:49.589751,2026-07-17 16:29:49.621772,0 days 00:00:00.032021,-1.4363129371847463,778.1280417469887,167.61601740257862,0.1169282118631772,0.9083372516536936,782.2600323644253,2.2807832135996904,0.02920913739945341,782.2379433123618,2.2301379063353677,,COMPLETE
1989,0.42998768939677834,2026-07-17 16:29:49.621772,2026-07-17 16:29:49.653731,0 days 00:00:00.031959,-0.009329793427985594,777.1402170403238,237.68292935883204,0.5463094270707781,0.09794526597642109,780.5966905147527,1.1918158515602035,0.917111213146031,777.9654586203616,1.5350812913409384,,COMPLETE
1990,0.41497710223284495,2026-07-17 16:29:49.653731,2026-07-17 16:29:49.685803,0 days 00:00:00.032072,-0.31316666427579876,782.8555281474138,147.40890648436527,5.299261281292148,0.6121293562583281,780.0655414817384,0.2407314365095491,0.7408618025872407,781.7617971580794,1.4907296656051177,,COMPLETE
1991,1.6453569066055842,2026-07-17 16:29:49.685803,2026-07-17 16:29:49.717433,0 days 00:00:00.031630,-0.02256176941757776,782.6662500614505,1232.4403170187961,0.32254930567560014,1.285493892620746,781.1026486414878,0.52929356341664,1.055612447344041,782.3030427483618,2.8013391078689254,,COMPLETE
1992,1.3071115754287972,2026-07-17 16:29:49.717433,2026-07-17 16:29:49.750554,0 days 00:00:00.033121,0.16296883924267946,780.2136958850525,1185.3399951329234,1.2955917250717932,0.6304137524777712,777.996809827998,2.666790819292069,0.42969752047332216,782.0710846042191,1.983554292507031,,COMPLETE
1993,0.21310352647672623,2026-07-17 16:29:49.750554,2026-07-17 16:29:49.781393,0 days 00:00:00.030839,-0.41998513289559775,782.671666151095,53.02264987760236,5.516507153649623,0.9091934911939011,779.1712813540377,1.2804914903392797,0.2977823757540392,778.1890448970175,2.7724302477239813,,COMPLETE
1994,0.1297056314307214,2026-07-17 16:29:49.781393,2026-07-17 16:29:49.813484,0 days 00:00:00.032091,0.37105982202630206,783.26348837895,-81.50366051847493,2.262069280021838,0.5600828549975349,779.5303411431402,0.9431241364190951,0.22275300738905732,779.1619597929414,2.0023154581632876,,COMPLETE
1995,1.1351100098059723,2026-07-17 16:29:49.813484,2026-07-17 16:29:49.845122,0 days 00:00:00.031638,0.2783114310909674,777.1978513625677,820.3455990998629,5.434807313175615,0.10894381152395183,781.9614840021577,0.4034897794472301,1.1359549144642336,783.901283091715,2.3934662965505837,,COMPLETE
1996,0.34190620415199924,2026-07-17 16:29:49.845122,2026-07-17 16:29:49.877398,0 days 00:00:00.032276,0.4869067500763412,777.4244056068151,90.65875501280047,0.8961486457316533,0.06135556603475472,782.8383236508128,0.870798755408984,0.4931635427878351,778.7158899935249,0.8386175366190872,,COMPLETE
1997,0.3673444665180617,2026-07-17 16:29:49.877398,2026-07-17 16:29:49.909354,0 days 00:00:00.031956,-0.497870860045984,780.4465038642745,530.4868307166764,4.754319243305629,1.089412530224754,780.3570008937843,1.0330568008919332,0.45675910715433155,783.1860311281723,0.5820720780856534,,COMPLETE
1998,0.2185501660918962,2026-07-17 16:29:49.909354,2026-07-17 16:29:49.941418,0 days 00:00:00.032064,-0.2064354897991797,783.9350863576705,-297.5521303634511,1.679410565701043,0.6304535470058019,780.4675536519885,1.271551397577695,0.5014741590122633,777.7077992488042,2.3182295997988724,,COMPLETE
1999,0.3418940701724454,2026-07-17 16:29:49.941418,2026-07-17 16:29:49.973383,0 days 00:00:00.031965,0.29692801410791014,783.9506782900047,144.3340300902184,0.8476776889139866,0.7325143780709856,779.1456612058732,0.7164275936585948,0.5332025867964088,778.8164084486808,2.867906734953204,,COMPLETE
