number,value,datetime_start,datetime_complete,duration,params_background_amplitude_fraction,params_background_center,params_background_offset,params_background_width,params_peak_1_amplitude_fraction,params_peak_1_center,params_peak_1_sigma,params_peak_2_amplitude_fraction,params_peak_2_center,params_peak_2_sigma,system_attrs_fixed_params,state
863,0.22413047002289582,2026-07-17 16:29:19.014960,2026-07-17 16:29:19.039962,0 days 00:00:00.025002,-0.12264868534017145,783.8461728016167,-254.08273318259145,4.070711237049424,1.1346062540446347,780.446183624655,1.646526459299921,0.148300580124969,776.6193355676465,2.1063178701858822,,COMPLETE
864,0.14991222208626376,2026-07-17 16:29:19.040964,2026-07-17 16:29:19.066963,0 days 00:00:00.025999,-0.8721460419040536,783.4823231811496,335.2169510491851,7.708527872881551,1.0276017649914202,779.6662202510448,1.3817696722944846,0.19335685416231174,781.7311395360961,2.427191919973799,,COMPLETE
865,1.3688041318680877,2026-07-17 16:29:19.066963,2026-07-17 16:29:19.088982,0 days 00:00:00.022019,1.0346913373415187,778.3792064532776,1099.2482328243502,0.4577603906294247,0.5463172624017624,779.2073838142086,0.11135232277174278,1.0445556730373946,778.7560581493663,0.11997271258373954,,COMPLETE
866,0.5763441400707596,2026-07-17 16:29:19.088982,2026-07-17 16:29:19.110744,0 days 00:00:00.021762,-0.9248211731384118,780.339344383917,266.41432027525826,0.8726286238008403,0.7158112949063941,782.0041253698806,2.8664656364489427,0.9722984280653325,780.8381743094594,2.4523797775210934,,COMPLETE
867,0.26761670777091356,2026-07-17 16:29:19.110744,2026-07-17 16:29:19.135505,0 days 00:00:00.024761,-1.319734176373829,783.883343271527,576.9409628960871,5.424102215909844,1.0612832416918643,779.0986120792123,0.5988424487115837,0.012907031821355303,780.5808836913363,1.6628513310807758,,COMPLETE
868,0.4604351618077191,2026-07-17 16:29:19.135505,2026-07-17 16:29:19.162504,0 days 00:00:00.026999,0.30257692925378354,783.3981568210256,-100.90710944133264,5.462450678622835,1.0403061504114242,780.2486057738566,0.8717610165823455,0.7196590491822052,778.313593519453,2.576280119545916,,COMPLETE
869,0.3987457513344803,2026-07-17 16:29:19.162504,2026-07-17 16:29:19.187710,0 days 00:00:00.025206,-0.5462798866050373,783.8604393399401,88.81921884856553,6.304293412599733,0.952269939935718,778.0069236303056,1.3568932932487119,0.30518464858870753,779.8120689099865,2.3739977225398974,,COMPLETE
870,0.8369920114088726,2026-07-17 16:29:19.187710,2026-07-17 16:29:19.215070,0 days 00:00:00.027360,-1.0486535425969767,777.9015162100345,848.5232694283852,0.30657766389604396,0.7980294648055261,782.9934132046917,2.876563274343062,1.0728149019786914,777.5110606824663,2.7480618356335262,,COMPLETE
871,0.12905294074373888,2026-07-17 16:29:19.215070,2026-07-17 16:29:19.242838,0 days 00:00:00.027768,-0.23088072410660687,782.9649751126324,-7.1432976401097505,4.416689859723642,1.080860810226787,779.4106081857071,0.9896942788697065,0.026438111432537603,780.5163958355627,2.847611963380525,,COMPLETE
872,0.3418260132696419,2026-07-17 16:29:19.242838,2026-07-17 16:29:19.269839,0 days 00:00:00.027001,-0.8705861234730053,783.458248548409,179.72810820418147,2.4770747121123304,1.0355484016434895,778.7036238195165,1.169146327131279,0.2956266673311181,780.6390775715544,2.984416723793078,,COMPLETE
873,0.7923115728461264,2026-07-17 16:29:19.269839,2026-07-17 16:29:19.296838,0 days 00:00:00.026999,-0.9416240510486904,776.1685688000113,-265.0376087135868,0.25710516358819707,0.7889742428540851,781.520786089995,2.112099703632161,1.1097885547787008,777.6083131041678,1.0780322145837555,,COMPLETE
874,0.2907233113899338,2026-07-17 16:29:19.296838,2026-07-17 16:29:19.322898,0 days 00:00:00.026060,0.07090121077710565,779.508493262776,177.89808224006336,7.240702900651248,0.8079097401141939,778.5481773450671,0.22025640655264267,0.2646833449643461,779.4833204302608,2.780066330794582,,COMPLETE
875,1.2094887914831856,2026-07-17 16:29:19.323909,2026-07-17 16:29:19.349779,0 days 00:00:00.025870,1.443574968989928,783.0877142814309,323.3235519928132,0.5199057004234773,0.6863496632464001,777.0859867351552,0.3121891379387256,1.3641089348332491,782.7789938147065,1.4941065727871288,,COMPLETE
876,0.2866711038247909,2026-07-17 16:29:19.349779,2026-07-17 16:29:19.365900,0 days 00:00:00.016121,0.23196301220112814,783.0062291970909,-270.910025256877,2.008633178709891,0.9247408707349867,779.9884361172911,0.5052107878542518,0.4989580660981162,781.145494919126,2.8776749291414645,,COMPLETE
877,0.5564987715664027,2026-07-17 16:29:19.365900,2026-07-17 16:29:19.381918,0 days 00:00:00.016018,-0.625889168596932,783.9710395523978,42.486375177558145,2.6243292432804237,1.3201901736157091,778.5345526133893,1.8611453178400956,0.22765393671473436,780.3901479290813,2.9849777559343926,,COMPLETE
878,0.6870634517894543,2026-07-17 16:29:19.381918,2026-07-17 16:29:19.404870,0 days 00:00:00.022952,-1.0673650894259143,777.582869711903,259.01116530140575,1.6867990869454017,0.3488940400252744,783.614229151466,1.717211393114995,0.7676116498050488,778.5713598642328,1.1459897793966458,,COMPLETE
879,0.2812298712768143,2026-07-17 16:29:19.404870,2026-07-17 16:29:19.429420,0 days 00:00:00.024550,0.1542150405167434,782.1192276740153,-34.539350366676416,7.7909227074586855,1.1388469828349406,779.1586665680364,0.6529317332095234,0.5096686244722556,781.7693585651764,2.247990828483726,,COMPLETE
880,1.709531347431515,2026-07-17 16:29:19.429420,2026-07-17 16:29:19.446567,0 days 00:00:00.017147,1.0917091674806179,783.9459496090313,1068.2662532926668,0.17500255278492427,1.430252235319505,782.532942110316,1.664195920359947,0.7818766869005659,782.6653903135124,1.019826285465014,,COMPLETE
881,1.0416352317381716,2026-07-17 16:29:19.446567,2026-07-17 16:29:19.464822,0 days 00:00:00.018255,0.3235094126729219,783.0719761570688,829.0059104959942,6.0918364754180105,0.7752532729672902,782.2863719743998,0.5570600206767411,0.7894659011904952,778.0035048798467,2.080866822203462,,COMPLETE
882,0.18606408050701767,2026-07-17 16:29:19.464822,2026-07-17 16:29:19.481813,0 days 00:00:00.016991,-0.8869840030948136,783.4688615196227,179.31115645747178,7.410434070818067,0.8655837937252592,779.4327337540566,1.6859858590641734,0.0031085523535380882,781.0764894924777,2.3193001366710178,,COMPLETE
883,0.31112060034595135,2026-07-17 16:29:19.481813,2026-07-17 16:29:19.505824,0 days 00:00:00.024011,-0.4511785892199274,781.4720352268354,79.80001501480302,6.845347465142359,0.877248224604724,780.6969116470461,1.5318421965055689,0.2272812471093446,781.2189730785907,2.7059978339854793,,COMPLETE
884,0.2819746594221006,2026-07-17 16:29:19.505824,2026-07-17 16:29:19.527424,0 days 00:00:00.021600,0.23319382817365336,781.7691266087181,-159.039867685828,4.5181687008513975,1.3309065638921438,780.1368779729869,1.2119862432678068,0.008680380189935825,779.8179366298754,2.963523221820309,,COMPLETE
885,0.3339024567912763,2026-07-17 16:29:19.527424,2026-07-17 16:29:19.548430,0 days 00:00:00.021006,-0.7604600430662347,783.9785411640577,0.08096063593174563,3.7019261801884324,1.2330533167465538,779.5699851786995,0.7242363283232621,0.008166294331377125,779.0877939026727,2.8207869140860096,,COMPLETE
886,0.9953088794693378,2026-07-17 16:29:19.548430,2026-07-17 16:29:19.564697,0 days 00:00:00.016267,-0.9280603431996114,776.1969566112783,-250.98089456677448,5.327102392339337,0.02921949610878133,776.8596487263176,2.9369553042170566,1.3732900363011062,777.9921968293249,0.8648505304866849,,COMPLETE
887,2.0705042074192987,2026-07-17 16:29:19.564697,2026-07-17 16:29:19.583897,0 days 00:00:00.019200,0.8509149299406402,783.6172742687346,1122.7995575488617,1.229586094702543,1.3681475805322205,783.0394972779133,1.7060097715909794,1.236082968529319,779.5179998075598,2.2566325451975002,,COMPLETE
888,0.6055476901454028,2026-07-17 16:29:19.583897,2026-07-17 16:29:19.601587,0 days 00:00:00.017690,-0.8360434774988424,783.054437301641,658.0903220346536,7.660367571337789,1.0748191484705578,781.1577714347957,0.8722449102490626,0.36984914373022243,781.7622702808208,1.8698510277129343,,COMPLETE
889,0.19477743092216657,2026-07-17 16:29:19.601587,2026-07-17 16:29:19.618617,0 days 00:00:00.017030,-0.6531466271124551,776.2315112294925,376.8140830694616,0.4843118102933251,0.6615243113075978,780.6764424758743,2.2592028439335143,0.8148083988917683,778.3946369106526,1.2581863210462525,,COMPLETE
890,0.5562148706104165,2026-07-17 16:29:19.618617,2026-07-17 16:29:19.634617,0 days 00:00:00.016000,-1.1475349150979604,782.1725884619351,753.2715128181178,3.232987577153714,0.8547687422380368,777.8175161285171,2.441403343819457,0.02507710055608367,782.5510647134928,1.8448946479273465,,COMPLETE
891,0.4097119532366989,2026-07-17 16:29:19.634617,2026-07-17 16:29:19.655597,0 days 00:00:00.020980,0.18802765050051679,782.9716754171855,-210.29403419517308,6.560120039509417,1.4095057572096008,780.3613490549905,0.7277843596425133,0.24774072835604102,782.5011962155014,2.9704468935722743,,COMPLETE
892,0.5681045732694736,2026-07-17 16:29:19.655597,2026-07-17 16:29:19.677347,0 days 00:00:00.021750,-0.7513820558407603,777.852158855284,-291.1785267240807,4.833942209324997,0.022011273826815614,783.2369270635801,2.963490823364648,1.1329932595829508,780.6221768807052,1.5732619910855732,,COMPLETE
893,0.5236627330172245,2026-07-17 16:29:19.677347,2026-07-17 16:29:19.696243,0 days 00:00:00.018896,-0.48656259225927967,783.6202346731642,766.1403007289682,2.1609847663859427,0.7984272631480125,779.6918649145927,1.486567466648507,0.02935136224954024,783.9575399859442,1.0521940111389465,,COMPLETE
894,0.38908376051944876,2026-07-17 16:29:19.696243,2026-07-17 16:29:19.712250,0 days 00:00:00.016007,0.2456039510980424,782.8461927936331,-144.07699939614074,7.074138765435868,0.6836532507427778,778.8503327855763,0.3800194754223495,0.03513108927153001,778.3591336045638,2.9219884357116976,,COMPLETE
895,0.18191778397551234,2026-07-17 16:29:19.712250,2026-07-17 16:29:19.731518,0 days 00:00:00.019268,-0.4311454272951141,783.3018934272744,16.004723280942258,6.193940033701862,1.1139815802221622,779.2672299546376,1.1087632684722637,0.00422383097166882,782.6430942607082,2.442299498797347,,COMPLETE
896,0.29262812190856696,2026-07-17 16:29:19.731518,2026-07-17 16:29:19.748766,0 days 00:00:00.017248,-1.4416703145023995,782.5361125938202,639.1922609327329,2.7070421936200497,0.9649789491072571,780.835342353536,1.4122039205741195,0.005210856590623893,781.1404076136986,0.9052362156896708,,COMPLETE
897,0.41788467236125937,2026-07-17 16:29:19.748766,2026-07-17 16:29:19.764822,0 days 00:00:00.016056,-0.20148730582394347,783.6080512784707,164.28651950354217,1.9917581080347637,1.0109172632111096,778.0818632089588,0.42572540521066027,0.05222752056251344,780.7187180493535,2.3142864209313903,,COMPLETE
898,0.2491108481354931,2026-07-17 16:29:19.764822,2026-07-17 16:29:19.780823,0 days 00:00:00.016001,-0.6314548918350352,783.3117139708509,531.059427409533,1.9317107414888344,0.5744920625465116,778.8443984613622,0.9301423039924318,0.10216733803488046,781.5034798371705,2.4195895213149283,,COMPLETE
899,0.16845891040199015,2026-07-17 16:29:19.780823,2026-07-17 16:29:19.796824,0 days 00:00:00.016001,-0.1976231615615825,777.1490285506345,-107.41276497739847,5.544765006564619,0.8067935621457951,779.2292745440609,1.8296105679472676,0.16679215492302668,778.8150610406651,1.538804867255611,,COMPLETE
900,2.00517587370664,2026-07-17 16:29:19.796824,2026-07-17 16:29:19.812251,0 days 00:00:00.015427,1.030944250697472,776.7923629910728,1214.63896867503,0.18601904344476744,0.6217748742037088,782.0431234652733,1.9173925084518992,0.36082772287529863,778.1257067889841,0.9089477095712597,,COMPLETE
901,0.47877078750188096,2026-07-17 16:29:19.812251,2026-07-17 16:29:19.830698,0 days 00:00:00.018447,-0.4321975278337753,780.1134643269068,723.3035840876277,0.6302567495393813,0.9977329260074279,777.5536519891612,0.23923260712425976,0.2936324091518634,783.992079124559,0.6946206687560117,,COMPLETE
902,0.39216147929723927,2026-07-17 16:29:19.830698,2026-07-17 16:29:19.846698,0 days 00:00:00.016000,0.18412110988890507,782.0430195163335,-1.6290376018483812,5.210830945871573,1.322188960141695,778.4620674905208,0.5046273434787947,0.3471109055851346,779.9430121381583,2.6100268393999446,,COMPLETE
903,0.818855245901033,2026-07-17 16:29:19.846698,2026-07-17 16:29:19.861699,0 days 00:00:00.015001,-0.44067169444546017,780.8875110644004,1014.4817053381673,2.2774913868688156,0.984841941368562,779.6833205118058,1.273888428329478,0.38622002601982103,781.2533290042879,1.338772203515025,,COMPLETE
904,0.333515850939234,2026-07-17 16:29:19.861699,2026-07-17 16:29:19.877701,0 days 00:00:00.016002,-1.1528233408119102,782.0328055769851,131.49181708899076,1.0690158364740556,0.8665676125765924,780.2333200412062,0.9672549842133784,0.18856763209198865,782.4983236697127,2.9561887098678885,,COMPLETE
905,0.24504484346841887,2026-07-17 16:29:19.877701,2026-07-17 16:29:19.892698,0 days 00:00:00.014997,-0.4984372472969321,777.0497572720028,390.2835436120043,2.196531616038537,0.8787611712928538,778.9946655983861,1.892505153605613,0.1719063850937547,780.3298571843424,1.3157358148319864,,COMPLETE
906,0.32411775051411507,2026-07-17 16:29:19.892698,2026-07-17 16:29:19.910706,0 days 00:00:00.018008,-0.9097736087342936,780.4544142406579,529.6475501939157,6.9690978891251625,0.949077105902485,780.5278530101177,0.8128851407087835,0.00408872986382236,783.3490553655323,0.23778971888878253,,COMPLETE
907,0.6202437583046131,2026-07-17 16:29:19.910706,2026-07-17 16:29:19.927190,0 days 00:00:00.016484,0.3890061568259495,782.9465754072502,59.319023978939285,7.606457226470191,1.0098703981353758,778.2701505248496,1.418487791594277,0.42688436762186754,780.6037062909596,2.6857981786395326,,COMPLETE
908,1.022016308078658,2026-07-17 16:29:19.927190,2026-07-17 16:29:19.950585,0 days 00:00:00.023395,-0.10370286315133953,783.71791747459,439.85881764286046,1.3419294262864394,0.5123528762632299,777.7247468692365,2.362715122946074,1.2791078319109825,776.5641823302377,2.008660326817609,,COMPLETE
909,1.2419778511731718,2026-07-17 16:29:19.950585,2026-07-17 16:29:19.969953,0 days 00:00:00.019368,-1.2855380060829806,783.3564392783632,919.785078369337,1.0407733674003876,1.0043071742428327,778.7348888812119,2.124664795008254,0.6463066371108472,776.1191322844224,2.9761321481599468,,COMPLETE
910,0.55698342925206,2026-07-17 16:29:19.969953,2026-07-17 16:29:19.986956,0 days 00:00:00.017003,-0.3675889027975344,778.6108106291192,-253.65637492085952,3.7968688288560384,0.6568935895243615,777.3179246229938,2.424587756745013,0.14552795262514334,778.7448008699547,0.5851706624049562,,COMPLETE
911,0.4062498391387623,2026-07-17 16:29:19.986956,2026-07-17 16:29:20.007386,0 days 00:00:00.020430,-0.5190015203132851,783.6236726782839,9.506574325224989,4.448291785029495,0.6897541505904679,780.9230434294572,1.5204854822443206,0.3876439348027376,782.7949290085676,1.8567273880098065,,COMPLETE
912,0.7585718064598894,2026-07-17 16:29:20.008449,2026-07-17 16:29:20.031677,0 days 00:00:00.023228,0.2655533494612373,777.9593427958035,144.5609538761649,2.196861479686899,0.41447406774359863,782.4681949301086,2.9480404002841643,0.9000462227256857,778.9887641837654,2.1696248753726453,,COMPLETE
913,0.15004903159129554,2026-07-17 16:29:20.031677,2026-07-17 16:29:20.054099,0 days 00:00:00.022422,0.09004083039895,776.3082121799509,-281.27268622476015,3.050561494172499,0.6652840966929199,779.7557088106148,1.2954002334008097,0.26691957592291815,779.410127615258,1.5525994769358833,,COMPLETE
914,0.5113313345778454,2026-07-17 16:29:20.054099,2026-07-17 16:29:20.071526,0 days 00:00:00.017427,0.044544740834750574,777.3192924426822,-142.43396151552093,4.384374913261229,0.974815513560672,777.4614455905275,1.070909063650996,0.06548486376219378,779.847659733499,2.157308423981006,,COMPLETE
915,0.505948126274384,2026-07-17 16:29:20.071526,2026-07-17 16:29:20.087668,0 days 00:00:00.016142,0.5023074097907758,778.0949970276446,-6.967879059934248,1.5962664276521967,0.977459581415963,779.7840759710266,1.5281283678989441,0.07759660779376683,779.4930000079236,1.5311096106233995,,COMPLETE
916,0.32866232714615373,2026-07-17 16:29:20.087668,2026-07-17 16:29:20.102910,0 days 00:00:00.015242,-0.4435782365547183,778.0164815060051,-197.57720041072457,2.7199972132724617,0.8264019928901497,780.1235672260489,2.143888096074737,0.1717125176951551,776.9565880556054,0.88305694387367,,COMPLETE
917,0.23663339658355612,2026-07-17 16:29:20.102910,2026-07-17 16:29:20.122054,0 days 00:00:00.019144,-0.08401197708815633,783.163582228102,58.75012678151779,7.804678804300512,0.6186170469483006,779.9652511597101,0.9892180453844176,0.148380119601277,783.807952225934,1.8042928729799224,,COMPLETE
918,0.5404907290941198,2026-07-17 16:29:20.122054,2026-07-17 16:29:20.152740,0 days 00:00:00.030686,-0.36819319608807133,782.0759672368504,-292.9417058536777,4.473217126964998,1.153337692496018,779.8250798744572,0.4993310800600062,0.10222862842389645,781.0319082380174,2.8653033202089526,,COMPLETE
919,0.4394549248653854,2026-07-17 16:29:20.152740,2026-07-17 16:29:20.171340,0 days 00:00:00.018600,-1.3604285523463218,780.2234952561115,365.48711508362254,7.659302861193017,1.200729339288056,779.8299813309554,0.843769358179248,0.0840591992567554,783.6933075409285,1.433624782322851,,COMPLETE
920,0.8961448825654349,2026-07-17 16:29:20.171340,2026-07-17 16:29:20.188820,0 days 00:00:00.017480,-0.47612092316147175,782.3519948507005,-129.18601883687938,0.114292457057028,0.6544358402803911,783.4150918280008,2.9832801545061285,1.4203944527275327,782.0499975248562,1.77714082731561,,COMPLETE
921,0.2278885515411023,2026-07-17 16:29:20.188820,2026-07-17 16:29:20.204827,0 days 00:00:00.016007,-0.2282846617732498,778.2411070784258,-152.2104983127573,4.0353957024243305,1.1281377593046282,780.2341506351698,1.4285113659216857,0.06258043648037084,779.464878640521,1.841597964585408,,COMPLETE
922,0.30991782095811427,2026-07-17 16:29:20.204827,2026-07-17 16:29:20.220343,0 days 00:00:00.015516,-0.2765538684859147,776.7521568014056,78.95126588385767,2.452492060722542,0.46946113696001446,779.0797617269637,1.3461068094989892,0.2035750374643157,779.3086481136213,0.9000419781510255,,COMPLETE
923,1.7072074270887256,2026-07-17 16:29:20.220343,2026-07-17 16:29:20.236715,0 days 00:00:00.016372,1.00730481715731,779.3002345863179,697.610749352647,5.873592654550832,0.9250551937723953,782.891971039389,2.9142912617060572,0.9975326128606375,783.6750576972961,0.9941208015945826,,COMPLETE
924,0.1452760582417459,2026-07-17 16:29:20.236715,2026-07-17 16:29:20.254119,0 days 00:00:00.017404,-0.05840867930606586,776.9428280833273,-103.97697292532504,2.37118275383481,0.8234948621511833,780.1235484812374,1.6852147803049233,0.14580716515693853,779.6120218312224,1.0634092262520976,,COMPLETE
925,0.49373818463724173,2026-07-17 16:29:20.254119,2026-07-17 16:29:20.269118,0 days 00:00:00.014999,-0.7254943049634406,777.3860988733886,-163.04642642643682,5.98571892397267,1.0398581922584862,778.2784885960876,1.7527446524860433,0.20240984026984882,780.2784463720001,1.2029144815220347,,COMPLETE
926,0.5895434272592212,2026-07-17 16:29:20.269118,2026-07-17 16:29:20.285358,0 days 00:00:00.016240,0.04401344027984208,778.7327641047025,24.308608027746203,6.712838175750002,1.3061076355571513,778.5338528214854,1.6222291275653193,0.2862665980929466,777.312474872025,1.24551313131159,,COMPLETE
927,0.6268299088913064,2026-07-17 16:29:20.285358,2026-07-17 16:29:20.300750,0 days 00:00:00.015392,-0.5271946381461379,777.0631101695046,-90.07793379478572,3.7473837200057036,0.563916295016625,778.2733630757918,1.563490079673315,0.008776696670063477,779.3323843938897,1.6546876183888823,,COMPLETE
928,0.2835239726794399,2026-07-17 16:29:20.300750,2026-07-17 16:29:20.317419,0 days 00:00:00.016669,0.1033353781338116,777.4234982331104,6.263794702977748,1.0204074658223763,0.7027759872378844,780.797028812869,1.5316056962394637,0.15338677051045874,777.9978334027204,1.324987321209023,,COMPLETE
929,0.39270065631438017,2026-07-17 16:29:20.317419,2026-07-17 16:29:20.334793,0 days 00:00:00.017374,0.21032814971572722,776.52813639036,8.413044431715747,7.672926179895125,0.3699931479355221,781.8555832723804,1.5266508110706107,0.06979990176566184,781.0065713454748,2.105492862068304,,COMPLETE
930,0.3005187875143059,2026-07-17 16:29:20.334793,2026-07-17 16:29:20.355182,0 days 00:00:00.020389,0.0776449604207688,777.4415112270394,-2.679034198586862,3.674552510130957,0.6838000958907693,779.6654752039318,1.4277858545906537,0.5100177917551422,780.8031657033404,1.6288359060290083,,COMPLETE
931,0.2771317261765169,2026-07-17 16:29:20.355182,2026-07-17 16:29:20.372187,0 days 00:00:00.017005,0.2973989113099035,777.2792958422586,-103.6045086091519,4.00327927959573,0.5675085391054141,778.5525938241518,0.43660155367373743,0.196858815853175,779.9991335985364,0.7746469039368926,,COMPLETE
932,0.6514002867874692,2026-07-17 16:29:20.372187,2026-07-17 16:29:20.389638,0 days 00:00:00.017451,-1.1052641748300736,776.8413583447792,-53.551615000193955,1.545407736617414,0.8911503004918306,781.4944875428461,1.6511116301205915,0.6437441414239223,779.8412009010906,1.428960844426794,,COMPLETE
933,0.22937336558295252,2026-07-17 16:29:20.389638,2026-07-17 16:29:20.406648,0 days 00:00:00.017010,0.00587806879356409,777.7605582769003,-211.86740032671202,2.195728016623535,0.8526204301736185,780.7270205356839,0.9758989207930062,0.5024294314425476,779.0226934968838,1.0461378898972127,,COMPLETE
934,0.31094879519959695,2026-07-17 16:29:20.406648,2026-07-17 16:29:20.424383,0 days 00:00:00.017735,0.21424083447534698,777.4159987332808,157.3399960547555,3.8350433645271793,0.7803379046125521,780.4774591439405,1.083718669283259,0.060126020412375275,779.4295118375317,0.5700577469190424,,COMPLETE
