number,value,datetime_start,datetime_complete,duration,params_background_amplitude_fraction,params_background_center,params_background_offset,params_background_width,params_peak_1_amplitude_fraction,params_peak_1_center,params_peak_1_sigma,params_peak_2_amplitude_fraction,params_peak_2_center,params_peak_2_sigma,system_attrs_fixed_params,state
1295,0.589209919578983,2026-07-17 16:29:28.102227,2026-07-17 16:29:28.127402,0 days 00:00:00.025175,0.47070231469561974,776.9257366661747,96.48312370231329,3.8856711371046724,0.10938143106095571,781.2217142328936,1.4223861144391676,0.7185297879265518,780.6631343659443,1.9579352140413318,,COMPLETE
1296,0.21092720021335817,2026-07-17 16:29:28.127402,2026-07-17 16:29:28.150595,0 days 00:00:00.023193,-0.1321099941344997,777.027353130843,-157.7689384870469,3.238696571325732,0.5928003725840865,781.0062081983525,1.3183248033041393,0.8630933192677548,778.6644890038883,1.8982281557809775,,COMPLETE
1297,0.5617888631143193,2026-07-17 16:29:28.150595,2026-07-17 16:29:28.172672,0 days 00:00:00.022077,-0.4768658666000996,777.531349464386,69.23164777200763,0.28042355353697074,0.23496769122024375,783.4514480131514,0.3759390080303021,0.7339088844224338,778.5000141026667,1.2155955420036726,,COMPLETE
1298,0.47972570636173345,2026-07-17 16:29:28.173672,2026-07-17 16:29:28.195604,0 days 00:00:00.021932,-0.6025550274491194,777.1345211547629,101.5419269426281,0.313020079917495,0.36045984238697487,782.5929072262509,1.6919961571790991,1.0624408365840259,778.3966644418298,1.0788313042614748,,COMPLETE
1299,0.7101248200238354,2026-07-17 16:29:28.195604,2026-07-17 16:29:28.219655,0 days 00:00:00.024051,1.1799335131850204,780.4293955050177,-151.43948542136604,2.194483199340121,0.03269352721384952,781.7443736967084,0.37707376620007355,1.0366771718439538,777.9909546556341,2.36606148348521,,COMPLETE
1300,0.2557088344985853,2026-07-17 16:29:28.219655,2026-07-17 16:29:28.242012,0 days 00:00:00.022357,-0.9072810639946249,781.076448611366,567.6197411965467,4.9619893669655095,0.5944987216315117,780.1637326563031,0.8932697728146761,0.313873581375223,781.5939214148592,0.5742702143747096,,COMPLETE
1301,0.33039299364429026,2026-07-17 16:29:28.242012,2026-07-17 16:29:28.263878,0 days 00:00:00.021866,-0.7383923160762615,779.2034522383653,299.48259587677956,2.9871389441448577,0.3078331902439521,781.8222085706667,1.3938503204235615,1.0328574449578667,778.698775964834,2.0806954637900033,,COMPLETE
1302,0.5421750780998102,2026-07-17 16:29:28.263878,2026-07-17 16:29:28.286357,0 days 00:00:00.022479,-0.4408285827050598,781.6419795440364,835.8083295450692,7.281804665242827,0.6587397282329118,781.671093221068,1.1668307531496853,0.049516084126762186,783.8645750365476,0.20292469865724588,,COMPLETE
1303,0.3338627604791028,2026-07-17 16:29:28.286357,2026-07-17 16:29:28.310928,0 days 00:00:00.024571,-0.033658828559750914,776.888919011542,87.56640108903076,5.988948427027821,0.1466279795836138,780.4131202029313,0.4424798878395807,1.1124077998830588,780.0647674019452,1.6852509993171008,,COMPLETE
1304,0.4201802010117678,2026-07-17 16:29:28.310928,2026-07-17 16:29:28.337854,0 days 00:00:00.026926,-0.30735296998785516,776.2626863641838,-274.7770535186079,2.263956453706294,0.2484360732086603,779.1410009291469,1.2272312550090836,0.722067304229189,778.3138743204923,2.2692814843335425,,COMPLETE
1305,0.6404520731665825,2026-07-17 16:29:28.337854,2026-07-17 16:29:28.357239,0 days 00:00:00.019385,0.9497507416883566,777.0133428786486,-61.23064065076777,3.3329907664182206,0.05405525971231456,781.1902564574272,1.6736487940192566,0.7255430876387485,778.2026707139493,1.568500080176304,,COMPLETE
1306,0.47704704250754115,2026-07-17 16:29:28.357239,2026-07-17 16:29:28.383509,0 days 00:00:00.026270,-0.5868705176998529,779.4887334147581,-215.54763925529153,4.9247374039748735,0.28868702689087167,780.1447961355967,1.4565868046965331,0.6228552823398696,778.520141975195,1.620545921703899,,COMPLETE
1307,0.35677884116314196,2026-07-17 16:29:28.383509,2026-07-17 16:29:28.406405,0 days 00:00:00.022896,0.19413339149938857,777.0346091579845,-61.72488918328339,2.425303814164469,0.8259776703860948,780.2743150233537,2.1088134611873186,0.34306346658469955,778.6092912441807,0.7968373425559919,,COMPLETE
1308,1.0046863444698462,2026-07-17 16:29:28.406405,2026-07-17 16:29:28.430203,0 days 00:00:00.023798,1.0529717367877074,780.1596239183083,-281.37149079524727,5.062419732558165,0.10833370680842958,783.7385588695552,1.7253136047099142,1.4567134743825,779.1257234999188,2.7197085241497616,,COMPLETE
1309,0.44589346122091783,2026-07-17 16:29:28.430203,2026-07-17 16:29:28.450671,0 days 00:00:00.020468,-0.04077904707093338,780.1045699052295,211.0581554100045,2.6149534816944664,0.16817383610405276,777.8465424090487,0.4822708169757245,0.7659889573659309,781.5858079072294,1.794321047837041,,COMPLETE
1310,1.0560294913479726,2026-07-17 16:29:28.450671,2026-07-17 16:29:28.472907,0 days 00:00:00.022236,0.7777020107706383,777.1315854582181,580.903853781022,7.299907770980307,0.0928050565264904,776.4775356475028,0.8698612010097517,0.6585750003738396,779.2867565907526,2.5624330543834226,,COMPLETE
1311,1.350972334835986,2026-07-17 16:29:28.472907,2026-07-17 16:29:28.497231,0 days 00:00:00.024324,-0.687565609999894,779.8520750787764,787.5347951447118,0.780091635002547,1.1858001031188234,777.5234469534329,1.923264698985778,0.9328800534010865,779.7098422316996,2.8443432877002444,,COMPLETE
1312,0.7869192584228522,2026-07-17 16:29:28.497231,2026-07-17 16:29:28.517989,0 days 00:00:00.020758,-0.7963249166785497,779.8557423411467,30.732106402483396,1.5021329118244382,1.4638610552422455,781.806532723479,0.17857769464073048,1.093592555129403,777.456456092278,1.0966267347705636,,COMPLETE
1313,0.4524220300019811,2026-07-17 16:29:28.517989,2026-07-17 16:29:28.543813,0 days 00:00:00.025824,-1.2459777559136065,780.3475285238452,939.323727437565,2.8603302409215496,0.2748263946530251,781.728670462173,0.5383704150668085,0.31212633546942836,777.257168825121,0.7286563565171325,,COMPLETE
1314,0.35402583224679435,2026-07-17 16:29:28.543813,2026-07-17 16:29:28.564263,0 days 00:00:00.020450,-0.35542823835603904,777.6602598654326,-163.12933665968194,3.9275359940269983,0.07930922783886497,779.558717094865,0.5438725306755248,0.7793016296270041,780.5775824143082,1.8480430409022037,,COMPLETE
1315,0.7011107616620321,2026-07-17 16:29:28.564263,2026-07-17 16:29:28.594927,0 days 00:00:00.030664,0.7930636816733143,783.7071065632715,441.7539481286333,4.6417938734221655,1.1960178070686327,779.0801860401555,1.0491377480683048,0.08360268760410286,781.8589115740908,2.945485518816885,,COMPLETE
1316,0.5666588134720726,2026-07-17 16:29:28.594927,2026-07-17 16:29:28.618587,0 days 00:00:00.023660,-0.1179502870275187,777.5186623167222,-250.97793837059686,2.0418684753383727,0.14418398235465305,782.6131298294636,1.3435061827102976,0.49527206889156616,781.5724524404532,1.5168228969955044,,COMPLETE
1317,0.9035372841757684,2026-07-17 16:29:28.618587,2026-07-17 16:29:28.639141,0 days 00:00:00.020554,0.23269768308202812,780.6158408100948,-263.3473719424884,0.1578800687373844,0.8650918487415414,777.1246905682325,0.8615164532839125,1.4195390784314093,776.6636700476961,2.734539291537825,,COMPLETE
1318,0.826076610451736,2026-07-17 16:29:28.639141,2026-07-17 16:29:28.662875,0 days 00:00:00.023734,0.7655176689854124,778.635050454256,-63.02433488963361,3.525872597571508,0.6671750058999736,779.7198111809555,1.60945746946683,0.8049671059589025,779.4080016703043,1.855032519815241,,COMPLETE
1319,0.15915144855494726,2026-07-17 16:29:28.662875,2026-07-17 16:29:28.683977,0 days 00:00:00.021102,0.04617800173740222,776.1015652038669,-20.64113626047657,3.6203268909502704,0.7150990688045136,779.5115339742663,0.35994626401739827,0.48215927172558676,780.2479543368887,1.9905774143820878,,COMPLETE
1320,0.4630326969901919,2026-07-17 16:29:28.683977,2026-07-17 16:29:28.710062,0 days 00:00:00.026085,0.9322222692198865,783.2490090177536,-14.523538059555904,0.18985358955894033,0.1557955574581058,781.2624542740715,1.8615111121720707,1.2733379384555696,779.9999911174262,0.24885689087121254,,COMPLETE
1321,0.25914924369883885,2026-07-17 16:29:28.710062,2026-07-17 16:29:28.731293,0 days 00:00:00.021231,0.13387635082550717,779.0657173494409,-3.2913141367446683,0.6159635537319472,0.02368893898924006,783.2194072506604,1.0583978145252024,0.8324315310721299,779.0508698991955,2.066275791794714,,COMPLETE
1322,0.4556559344206215,2026-07-17 16:29:28.731293,2026-07-17 16:29:28.757119,0 days 00:00:00.025826,0.0446069919769255,776.4784669420419,-75.84740530902477,1.1860077178569157,0.07826320004950599,781.8478322001981,0.8197539294589882,0.7760465159642641,781.7241458078316,1.9685499661707053,,COMPLETE
1323,0.6925449048974053,2026-07-17 16:29:28.757119,2026-07-17 16:29:28.777695,0 days 00:00:00.020576,0.6573286243294719,777.5564904377927,-273.9392458588866,0.21611473513414672,0.004476557680702653,777.0143595437517,1.27992449318117,0.8626901320721555,782.3552842798414,1.5763423591812675,,COMPLETE
1324,1.3350260200812116,2026-07-17 16:29:28.777695,2026-07-17 16:29:28.803327,0 days 00:00:00.025632,0.059409911419289876,783.2314094397926,721.6159414930576,0.179952364111231,1.2348099233592482,776.1600291302896,1.6603838659850974,1.287059168763033,783.441885325828,2.7732199130655735,,COMPLETE
1325,0.4121154968832463,2026-07-17 16:29:28.803327,2026-07-17 16:29:28.827486,0 days 00:00:00.024159,-0.801548934810293,781.1479548609092,418.76598085279346,3.915665805745574,0.9401963778803295,780.7058772743502,0.48190315568320713,0.4081206304203464,783.6948077073245,1.11726833947913,,COMPLETE
1326,1.4011973681002194,2026-07-17 16:29:28.827486,2026-07-17 16:29:28.848571,0 days 00:00:00.021085,1.4834943862735723,779.043761813766,189.63237356994523,0.8781210029284103,1.0517210233313063,781.3710950983474,0.6283674383757959,0.3347881444223402,782.1808440442427,1.086332267716237,,COMPLETE
1327,0.9186800998829324,2026-07-17 16:29:28.848571,2026-07-17 16:29:28.878135,0 days 00:00:00.029564,-0.7840160196384487,776.6365318665895,-174.66441335098827,1.6241387859490717,0.1823049077086606,780.9498671801682,0.7770088417354927,0.6616611551101128,780.3546306205541,1.0976458990272717,,COMPLETE
1328,0.13631582226445343,2026-07-17 16:29:28.878135,2026-07-17 16:29:28.902137,0 days 00:00:00.024002,-0.07747826180325101,781.4886166829959,15.847858364249475,3.0789316247477916,0.8286604798089037,779.6718666263154,1.0295912341360065,0.013796401801768984,783.5566364630084,2.7447855270749413,,COMPLETE
1329,0.8356335611810893,2026-07-17 16:29:28.902137,2026-07-17 16:29:28.923646,0 days 00:00:00.021509,-1.2001616954814431,776.8744438955484,264.26914363176724,0.3795798556597124,0.06120340531634715,779.540598980494,0.2670291637307666,0.9769574862530973,780.4011602110598,1.4912821404976255,,COMPLETE
1330,0.4240026421139701,2026-07-17 16:29:28.923646,2026-07-17 16:29:28.950094,0 days 00:00:00.026448,-0.3470953028235512,779.1476757889903,-30.347433427551824,7.174804713111196,0.34274267466787645,780.0193961733111,2.4947273318532783,1.2455663206055083,779.0285531125596,1.8891119058861587,,COMPLETE
1331,0.33108676327900527,2026-07-17 16:29:28.950094,2026-07-17 16:29:28.973985,0 days 00:00:00.023891,0.09141595680213305,779.7794825111803,170.06286444746056,2.625945037349384,0.6996142188765346,780.1247473596097,1.3900955917009492,0.2175895272680229,783.4224973810152,2.716183002066019,,COMPLETE
1332,0.7414534960993153,2026-07-17 16:29:28.973985,2026-07-17 16:29:28.993663,0 days 00:00:00.019678,-0.08785517438133118,779.2496364678531,221.24006158514308,0.12270705953869727,0.7236483258762318,783.7387991632463,2.7310379801450497,1.3933450085659964,777.6512394632169,0.9749897139780911,,COMPLETE
1333,1000.002436506142,2026-07-17 16:29:28.993663,2026-07-17 16:29:29.014689,0 days 00:00:00.021026,0.603094211024362,778.9104805342807,-51.388420451378586,1.671155207061994,0.03758294635476353,780.8343692925916,0.5035372141000864,0.8646725671908807,780.9151208940698,1.3615999428371854,,COMPLETE
1334,0.5016307331243935,2026-07-17 16:29:29.014689,2026-07-17 16:29:29.040859,0 days 00:00:00.026170,-0.6076876702683847,782.5196260063855,552.7445020876742,1.7148439776612967,0.9205503630422397,778.2169195552948,1.3256672988312637,0.016461175985670522,779.9232952009587,2.919768048470384,,COMPLETE
1335,0.3888639699209524,2026-07-17 16:29:29.040859,2026-07-17 16:29:29.066269,0 days 00:00:00.025410,-0.5348198406119762,782.5955791100239,-198.12424075859488,5.307601174031159,0.6726114289235712,780.8641160311663,1.1290797289345136,0.33297247349588543,779.5604899503719,2.1648831674510713,,COMPLETE
1336,0.5004595482479829,2026-07-17 16:29:29.066269,2026-07-17 16:29:29.092078,0 days 00:00:00.025809,-0.05432530199022456,783.942685041202,840.8777448281008,7.7548075454620875,0.41146071776402193,779.4954195612482,1.18506860922026,0.045403796554277204,780.077809289147,2.56775240489652,,COMPLETE
1337,0.3086711290732203,2026-07-17 16:29:29.092078,2026-07-17 16:29:29.112937,0 days 00:00:00.020859,-0.1377293869014224,780.7403906353816,-118.32462337752904,3.0717804998825398,0.8330831250940419,780.0558584879078,0.578452582473111,0.30407549544043677,782.1832145941439,2.9364181009578014,,COMPLETE
1338,0.48084277811746656,2026-07-17 16:29:29.112937,2026-07-17 16:29:29.138666,0 days 00:00:00.025729,-0.8507152761107363,781.5989855917488,68.44559858726564,3.1925660929913633,0.5739794440980105,779.3461727352566,0.9062059633044688,0.05543299934919434,781.375523206186,2.713734705738315,,COMPLETE
1339,0.3583853335365072,2026-07-17 16:29:29.138666,2026-07-17 16:29:29.162758,0 days 00:00:00.024092,-0.3687423504187204,777.448284204774,-22.76587308203096,2.085582171634177,0.6378098777455429,778.3597653671351,1.1464396161467356,1.170282234533874,779.5501894926598,1.57876335402255,,COMPLETE
1340,0.35086077146065187,2026-07-17 16:29:29.162758,2026-07-17 16:29:29.185287,0 days 00:00:00.022529,0.3085242322944611,776.1073240337728,-272.5696247278646,1.1560591041151917,0.09364450506269156,779.707851010155,1.2869008449266857,0.5103002711180438,777.7922837956733,0.9126601994195362,,COMPLETE
1341,0.22708453156806574,2026-07-17 16:29:29.185287,2026-07-17 16:29:29.211456,0 days 00:00:00.026169,-0.6696599838010729,779.9416338367666,249.80961610321427,5.973896648818982,0.7840207560361776,778.94010377924,1.9371885936141133,0.09848322350739927,783.7856768245559,0.6909121099956639,,COMPLETE
1342,0.7550230399896027,2026-07-17 16:29:29.211456,2026-07-17 16:29:29.231642,0 days 00:00:00.020186,-0.4430985945021174,781.8186190787118,700.0648783808172,0.4239149867961913,0.8605593960859255,783.8697137563393,0.7298465222878605,0.7193617842872796,781.5080514557751,2.490530588066535,,COMPLETE
1343,0.38522720310261593,2026-07-17 16:29:29.231642,2026-07-17 16:29:29.258507,0 days 00:00:00.026865,-0.23276330471775059,782.9996029153552,270.43808299909483,2.5090772501188834,0.04417763826000787,781.5541956771575,1.5309365822257641,0.10830304706913388,783.8298583871036,0.29728771460185516,,COMPLETE
1344,0.34558001470421223,2026-07-17 16:29:29.258507,2026-07-17 16:29:29.279050,0 days 00:00:00.020543,-0.18951416438043683,782.1628096919482,-58.41644605133631,2.7639958077171456,0.7456225525184748,779.5277761861696,0.618586163953092,0.05601059595849837,783.4886097076209,2.965430045834395,,COMPLETE
1345,0.35768693247279126,2026-07-17 16:29:29.279050,2026-07-17 16:29:29.304510,0 days 00:00:00.025460,-0.3197712936109195,778.6123539617754,22.652012893791138,1.7218548515637557,0.5001938538463542,781.8490275408434,1.0414114122431297,0.6988898398437813,780.5338710217701,2.027387302586469,,COMPLETE
1346,0.8178569968731442,2026-07-17 16:29:29.304510,2026-07-17 16:29:29.328863,0 days 00:00:00.024353,0.09953318432100455,778.8420987545409,746.3680589018597,0.7046785783420125,1.2833805415962547,781.3185956510318,0.43209101696250407,1.1166182981391537,779.0394926499898,0.8517353419233271,,COMPLETE
1347,0.21376997330178668,2026-07-17 16:29:29.328863,2026-07-17 16:29:29.351640,0 days 00:00:00.022777,-0.463940929097716,783.5076462304257,-260.43298963938616,6.947906191255875,0.601049762022434,779.8192938705498,1.8078427260582501,0.44703240209542405,780.6913494500428,2.2453186816008706,,COMPLETE
1348,0.4675464851912953,2026-07-17 16:29:29.351640,2026-07-17 16:29:29.377313,0 days 00:00:00.025673,0.7483020703570704,776.1996869199788,-261.5761898847839,1.5415939625896908,0.5689893562619079,778.9464415611359,1.839192744939202,0.21750128587365158,779.3580664308444,1.2351484638092285,,COMPLETE
1349,1.043216872891925,2026-07-17 16:29:29.377313,2026-07-17 16:29:29.397962,0 days 00:00:00.020649,-1.3122686807338877,780.5320611883333,446.3229108322194,0.11800674622295806,1.201795661534407,778.2825561415361,1.7810334818027598,1.0715949564000775,776.7062270795069,0.2677839071373429,,COMPLETE
1350,0.4854239597042729,2026-07-17 16:29:29.397962,2026-07-17 16:29:29.424032,0 days 00:00:00.026070,0.1395583249344256,776.1828170466961,429.85108146914627,1.2154179592074155,0.15793949533326762,781.1617808473404,0.9794499039757695,0.7473749506856886,779.7765570321814,1.3660772852070457,,COMPLETE
1351,0.33939601742272085,2026-07-17 16:29:29.424032,2026-07-17 16:29:29.444595,0 days 00:00:00.020563,-0.6987337351717489,776.3597673909351,368.3602991917256,0.7675846851864835,0.18388280557545633,781.9949432569243,0.623358589767338,0.7340401553493491,779.0702857891611,2.512788400362059,,COMPLETE
1352,0.3369282429660077,2026-07-17 16:29:29.444595,2026-07-17 16:29:29.470092,0 days 00:00:00.025497,-0.5738450195531664,778.6566498834544,100.45027887230879,2.0242666453336513,0.282978633055023,778.19704502774,0.9646874638799785,0.7281920066354599,779.8830831188009,1.2124093958456927,,COMPLETE
1353,1.1674106239760054,2026-07-17 16:29:29.470092,2026-07-17 16:29:29.495756,0 days 00:00:00.025664,-0.9239190002271308,777.291876495564,-46.1373964149974,0.1507110503390232,0.29361342659936773,783.6432198274656,2.982387425750125,0.011046324328619406,777.200220968741,0.5697567017784334,,COMPLETE
1354,1.1133392689082555,2026-07-17 16:29:29.495756,2026-07-17 16:29:29.521430,0 days 00:00:00.025674,-0.6904608046604488,780.8517599197064,672.6886519350448,0.35232056819170654,1.0368350792034646,777.6812031317871,2.901090957830151,1.041834451973586,782.2171746802089,2.0270848516165887,,COMPLETE
1355,0.41319194186857117,2026-07-17 16:29:29.521430,2026-07-17 16:29:29.547460,0 days 00:00:00.026030,-0.10580087373368693,781.2421954934476,292.434884611552,2.847386813100829,1.2225496220061989,779.262825659118,1.4011629379157957,0.10715650833467207,783.5994496512981,2.4049417405395106,,COMPLETE
1356,0.14391543476650567,2026-07-17 16:29:29.547460,2026-07-17 16:29:29.579078,0 days 00:00:00.031618,-0.05699642909673751,777.7013083614532,-59.57354361087843,2.1616375232614295,0.1608957957130624,782.7346956919787,0.2415283953525944,0.7791558536954842,779.6228580885463,1.8499947567577713,,COMPLETE
1357,0.8832452593184983,2026-07-17 16:29:29.579078,2026-07-17 16:29:29.609946,0 days 00:00:00.030868,-0.24959197369105385,778.6955134722915,1177.718685161376,0.83130419977167,0.6154780741526497,779.8039580756467,0.14312256971882586,0.9505341133522658,783.2314108637969,1.084208901924721,,COMPLETE
1358,0.8754609941604118,2026-07-17 16:29:29.609946,2026-07-17 16:29:29.635761,0 days 00:00:00.025815,0.05310138414674333,780.3598260788516,-2.0280929796155647,1.3003600657659298,1.4145244355648878,781.2324292713125,0.9747786056187259,1.048023636795695,777.6726868423478,2.950673827863317,,COMPLETE
1359,0.29257302126566215,2026-07-17 16:29:29.635761,2026-07-17 16:29:29.671388,0 days 00:00:00.035627,-0.1357448514392719,783.7885663365446,-119.30511889267449,6.409584825607567,0.810645964858508,778.7369621722602,0.9893881549113018,0.0922284238707815,780.8987565001629,2.2998154311964347,,COMPLETE
1360,0.41365617389607856,2026-07-17 16:29:29.671388,2026-07-17 16:29:29.705483,0 days 00:00:00.034095,0.7816823647127527,780.6079935707413,-25.468757732300542,2.46864329827081,0.35297178169349736,779.3572634898893,0.716127424979967,0.31997141682649116,781.3687913681534,1.9368933984267696,,COMPLETE
1361,0.24748269402763287,2026-07-17 16:29:29.705483,2026-07-17 16:29:29.731791,0 days 00:00:00.026308,-0.07657702241950004,776.7089019271577,-206.0984548245579,5.949862868226626,0.07337436628460395,782.1271064495818,0.27179107396906815,0.9987799209379953,780.3778736734811,2.3472124904541074,,COMPLETE
1362,0.2597859308957089,2026-07-17 16:29:29.731791,2026-07-17 16:29:29.760927,0 days 00:00:00.029136,-0.20049270780857595,778.4229148262639,195.72152278930434,0.857119610868116,0.0622336871543749,782.794966413022,0.1795376231686313,0.8489067775149826,778.9860796622111,1.8948938444026597,,COMPLETE
1363,0.40975024078175865,2026-07-17 16:29:29.760927,2026-07-17 16:29:29.796811,0 days 00:00:00.035884,-0.16367959986033148,779.2885550863515,85.43830510143383,3.835928715689479,0.5213503709866005,779.4482409284882,0.38261606687798033,0.010030257597152223,783.5433056546468,2.37156062477802,,COMPLETE
1364,0.23586088971778707,2026-07-17 16:29:29.796811,2026-07-17 16:29:29.830127,0 days 00:00:00.033316,-1.0117536462082637,782.8203212380209,40.34162058354248,4.4986145303619045,0.723340371320984,778.9407741632756,1.9825751338431181,0.25721355528911505,782.3769463216619,2.9074431100999134,,COMPLETE
1365,0.15610704897285943,2026-07-17 16:29:29.830127,2026-07-17 16:29:29.868641,0 days 00:00:00.038514,0.04590037843113599,776.5061749032618,-68.48342777455294,0.6761563030477611,0.02718097479544095,783.8274532912492,0.4350223537665539,0.6825992858436514,779.8492760674295,1.515468048342341,,COMPLETE
1366,0.3803314922319621,2026-07-17 16:29:29.868641,2026-07-17 16:29:29.899654,0 days 00:00:00.031013,0.07464785388524142,776.1960209078524,-265.5475311575197,5.340381737941155,0.3860252800052773,779.2807079230723,1.5429306353909729,0.22948914630547124,777.3341060878533,1.083771996146132,,COMPLETE
