number,value,datetime_start,datetime_complete,duration,params_background_amplitude_fraction,params_background_center,params_background_offset,params_background_width,params_peak_1_amplitude_fraction,params_peak_1_center,params_peak_1_sigma,params_peak_2_amplitude_fraction,params_peak_2_center,params_peak_2_sigma,system_attrs_fixed_params,state
143,0.36218559373806913,2026-07-17 16:29:06.581939,2026-07-17 16:29:06.589464,0 days 00:00:00.007525,-1.0177319342400972,778.5848192204256,253.72199500867617,2.97070110554857,0.24436643024992583,781.7797267004332,2.7958672038330894,0.7389683336867555,780.4626883191684,1.405533914175145,,COMPLETE
144,0.2392032349257572,2026-07-17 16:29:06.589464,2026-07-17 16:29:06.595462,0 days 00:00:00.005998,-0.2763254051556836,780.7084961719492,107.95463617494599,1.589445373678121,1.1191550191320296,779.3734283082588,1.1707474981285386,0.5046159383715215,780.6511985812649,0.758888268586103,,COMPLETE
145,0.45500824199543016,2026-07-17 16:29:06.595462,2026-07-17 16:29:06.603156,0 days 00:00:00.007694,0.16902860541301434,779.8325663389456,525.4837167894259,2.138766143648496,1.3009302246703078,779.6814991797024,0.3643908239272695,0.42606805920851737,780.797234687855,0.6300815242242226,,COMPLETE
146,0.26677554027558953,2026-07-17 16:29:06.604215,2026-07-17 16:29:06.610215,0 days 00:00:00.006000,-0.6128294190104191,781.2908562019037,445.3517348259816,0.4806644830144306,0.22551073115850045,778.364550401369,0.8040636373616231,0.272612578821964,782.9771619917068,1.7716499557512788,,COMPLETE
147,0.5507887261166249,2026-07-17 16:29:06.610215,2026-07-17 16:29:06.618713,0 days 00:00:00.008498,-0.6314527673000102,783.1227297066881,533.4722647804788,0.7636310333208806,0.7846342295960321,777.8360994291011,1.2343282480095514,0.3359935071320264,781.2418708588075,1.952010707177934,,COMPLETE
148,0.27646444555227695,2026-07-17 16:29:06.618713,2026-07-17 16:29:06.625732,0 days 00:00:00.007019,-0.6551370386983627,782.7832413328314,178.63904633919276,0.9274661597366317,0.1670162049826038,778.8436023886899,1.2299689927682178,0.4617730904367251,782.8454709706981,2.20374687261584,,COMPLETE
149,0.5890491195519829,2026-07-17 16:29:06.625732,2026-07-17 16:29:06.632032,0 days 00:00:00.006300,0.26561191276180357,779.670888816062,-123.70127412188793,3.6899782079830534,0.9703323837325857,783.0765967697538,2.815843587487799,0.36901458032419476,778.5040303091006,1.7426640495411523,,COMPLETE
150,0.2858619431788593,2026-07-17 16:29:06.632032,2026-07-17 16:29:06.640222,0 days 00:00:00.008190,-0.5015072440714409,776.836856913088,-94.64281595364213,0.9878381075395742,0.6721381409450886,778.9633034007277,2.5549931798744416,0.581087096662331,782.1017211197997,2.0759700792959865,,COMPLETE
151,0.678087283370038,2026-07-17 16:29:06.640222,2026-07-17 16:29:06.649221,0 days 00:00:00.008999,-1.2805085806289727,780.257793725496,556.6361092655197,0.3022359818214519,0.07336574422581474,779.1037170978776,1.2383774994634293,0.13839401919660632,782.2742865010168,1.385527150188609,,COMPLETE
152,0.817086233822313,2026-07-17 16:29:06.649221,2026-07-17 16:29:06.656219,0 days 00:00:00.006998,-0.6877936034557135,777.1390146595625,-256.08865523950016,0.9025342500259651,0.6730413370084118,777.9760102411543,2.573922094437226,0.06822585582167606,782.9695292606162,2.191498899815526,,COMPLETE
153,0.3572397084779637,2026-07-17 16:29:06.656219,2026-07-17 16:29:06.663220,0 days 00:00:00.007001,-0.5004693045462577,780.087116872074,-229.08657718708002,0.14973047546072363,0.9248928731411861,782.7476306301662,2.6506528077975626,0.16305429122926263,779.5571384631279,1.2605354725472757,,COMPLETE
154,0.3431081103683171,2026-07-17 16:29:06.663220,2026-07-17 16:29:06.670403,0 days 00:00:00.007183,-0.6134659747684356,781.1943081062199,190.21178002453905,1.2066003291177216,0.24138312551947733,781.3805739388574,1.3789229737130901,0.4327894493133762,782.2989067993068,1.8954296424354458,,COMPLETE
155,0.3116574356120606,2026-07-17 16:29:06.670403,2026-07-17 16:29:06.681418,0 days 00:00:00.011015,-0.456366796522432,780.056426303064,255.91822682547476,1.0347543099125625,0.9930612950718309,780.3272586439737,1.4548220920770993,0.3998089137592475,781.0960223986195,0.7147341142452969,,COMPLETE
156,1000.0015219360828,2026-07-17 16:29:06.682481,2026-07-17 16:29:06.693831,0 days 00:00:00.011350,-0.14118336176118823,778.9504126573373,118.37016451368328,1.0945110153331514,1.1928549954482635,781.0915847609821,1.4307847590577882,0.2125782365422441,781.0036080560361,1.0593900314157283,,COMPLETE
157,0.47758652388546774,2026-07-17 16:29:06.693831,2026-07-17 16:29:06.701810,0 days 00:00:00.007979,0.29379206936864033,782.5817070123503,-276.11281280137246,1.5883700268761698,1.3301589992447977,779.8677989312642,0.3248331754080586,0.20827035691344417,779.5776618044978,0.4446265197035629,,COMPLETE
158,0.47325797411641396,2026-07-17 16:29:06.701810,2026-07-17 16:29:06.708848,0 days 00:00:00.007038,0.27762501148342555,783.675709725972,-51.126793362895256,1.221141486974571,0.12555405442288012,777.5732399539187,1.3094605010954021,0.2689751236210462,783.7034215238514,2.176777766095413,,COMPLETE
159,0.1931292197203117,2026-07-17 16:29:06.708848,2026-07-17 16:29:06.716321,0 days 00:00:00.007473,-1.1855818235109759,782.0552209440567,223.65985607656742,1.1084184365852598,0.8064082281852576,780.7580086061992,1.881592636604362,0.4343895731636911,783.1515876276983,0.6282833647700089,,COMPLETE
160,0.3264255995097701,2026-07-17 16:29:06.716321,2026-07-17 16:29:06.722729,0 days 00:00:00.006408,-0.6019008946093551,781.9510685514243,33.3210877046662,1.9740603308793503,1.0232517505944996,778.6197583517513,1.6776462735760131,0.6654761007323187,782.7551474923824,0.5264175241893491,,COMPLETE
161,0.36582850461887884,2026-07-17 16:29:06.722729,2026-07-17 16:29:06.729730,0 days 00:00:00.007001,-0.5754661656285933,783.2282322850953,438.04876662783454,1.0401451624777007,0.2438131682202437,778.6298114065594,0.7029569509779028,0.5237008053873821,783.4514365782164,2.85990456657876,,COMPLETE
162,0.37573153667536524,2026-07-17 16:29:06.729730,2026-07-17 16:29:06.737732,0 days 00:00:00.008002,-1.194171386792194,783.4525486136969,70.27062122354809,0.3047532384707727,0.7099513078188855,780.4999933244651,1.6539674682525685,0.3188295734339273,782.2726218936484,0.873747074633672,,COMPLETE
163,0.33253364393876694,2026-07-17 16:29:06.737732,2026-07-17 16:29:06.744220,0 days 00:00:00.006488,-0.5763530078829557,780.9817594017842,286.31491811626347,0.24102175266090278,0.320285774814462,779.1460330210436,0.6251148269197753,0.6306842440361092,783.6328385652113,1.0023979867236705,,COMPLETE
164,0.27064995374613654,2026-07-17 16:29:06.744220,2026-07-17 16:29:06.751435,0 days 00:00:00.007215,-1.184198307018541,781.5763405303092,361.0503461164707,1.258721506562106,0.6756386046277318,780.9269601567349,1.8931604835012843,0.3581166859514654,782.1367133109536,0.9276447047660638,,COMPLETE
165,0.2563939454035733,2026-07-17 16:29:06.751435,2026-07-17 16:29:06.758498,0 days 00:00:00.007063,-0.7197135557491541,781.0293320188368,192.07582336450747,0.4814428442057947,0.9061848547232221,781.3990519270374,1.054815345429759,0.6239817248814759,779.6693058290646,0.8052077309206118,,COMPLETE
166,0.25477536355893565,2026-07-17 16:29:06.759496,2026-07-17 16:29:06.767628,0 days 00:00:00.008132,-0.709294582173362,780.5289953960925,336.10872764384897,0.5458595862718769,0.8890805956557342,781.2556130187396,2.504330526670896,0.30330915773324907,782.7595622296686,0.1247664162863833,,COMPLETE
167,0.2806042756728817,2026-07-17 16:29:06.767628,2026-07-17 16:29:06.776885,0 days 00:00:00.009257,-0.842120071506035,782.2951005312436,346.07012142206054,0.9449133835344067,0.6362739984409802,780.9449940803783,2.2144758886715215,0.5819470045285146,782.9226688869437,0.21698929929705507,,COMPLETE
168,0.6353136636339557,2026-07-17 16:29:06.776885,2026-07-17 16:29:06.784892,0 days 00:00:00.008007,-0.17007249027264904,782.9877410108065,386.1156627515797,0.5359691722684768,0.865786563963182,781.8994232611944,1.8031828377260637,0.4222415208091279,783.5434791012331,0.3177069515395417,,COMPLETE
169,0.5618417965696306,2026-07-17 16:29:06.784892,2026-07-17 16:29:06.791638,0 days 00:00:00.006746,-1.3042734948159944,782.064982963273,285.8158309918835,2.6091379821553264,0.9801341824138359,782.3775629243861,2.4040279345668933,0.6721055818373386,782.9247783593561,0.8630478020878718,,COMPLETE
170,0.34063123101221016,2026-07-17 16:29:06.792637,2026-07-17 16:29:06.799155,0 days 00:00:00.006518,-1.4095331210848672,781.5338122553243,417.05332099343934,2.0999972235549307,0.5066727380208731,781.1623422986543,2.3428621982497173,0.16388330979768445,781.4777263487438,0.5614343462125853,,COMPLETE
171,0.6407736808054056,2026-07-17 16:29:06.799155,2026-07-17 16:29:06.809499,0 days 00:00:00.010344,-1.33204842656276,781.1367347205495,86.95840569848028,0.3354392534297303,0.7738387078323958,781.6315369817672,0.8092536923551166,0.930045134113324,778.406230766931,0.7907784901294026,,COMPLETE
172,0.31426357082750356,2026-07-17 16:29:06.809499,2026-07-17 16:29:06.816500,0 days 00:00:00.007001,-0.3371273529140824,776.3946390878242,-211.53687598108553,0.7036778855228554,0.6678467784238027,778.8326107087004,2.273659727867712,0.9903461802685496,781.6670819685527,2.429388025600599,,COMPLETE
173,0.7251977432461949,2026-07-17 16:29:06.816500,2026-07-17 16:29:06.824498,0 days 00:00:00.007998,-0.761452334058654,779.0891681732064,157.58445710219218,1.4660301183773792,0.03742307140635995,777.2071346387311,0.436194471948621,0.2283271974514864,783.7851027305159,2.228217500704413,,COMPLETE
174,0.4817701727116736,2026-07-17 16:29:06.824498,2026-07-17 16:29:06.831499,0 days 00:00:00.007001,-0.5081894333333591,778.0247049370529,266.23121736634744,0.7978852006288523,1.1113105951573217,782.1817257264435,2.9158109333461817,0.2659786400710561,783.6152668948051,0.14526644130159425,,COMPLETE
175,0.4437764729850039,2026-07-17 16:29:06.831499,2026-07-17 16:29:06.841852,0 days 00:00:00.010353,-0.8322368526310256,783.7620784999879,633.5609481161191,0.4607213121421102,0.23193071102840485,782.401710989673,2.422781142704619,0.7820376957857316,782.8728146213173,0.11585108834509188,,COMPLETE
176,0.2923851754414612,2026-07-17 16:29:06.841852,2026-07-17 16:29:06.848852,0 days 00:00:00.007000,-1.2408188781993734,781.6949581814273,321.0295253249637,0.7047545428306076,1.0905287150369938,783.195803107844,1.5521971776781458,0.2754012888553757,778.7383140056911,0.48385373140892657,,COMPLETE
177,0.5911204929797246,2026-07-17 16:29:06.848852,2026-07-17 16:29:06.858109,0 days 00:00:00.009257,-1.3178359724794897,780.7447587971985,170.14279276085432,1.1299111774900448,1.070053728075858,782.5131511878585,1.1273661176247178,0.2635317538366436,777.6195938944584,0.6719564209432083,,COMPLETE
178,0.40729732685161346,2026-07-17 16:29:06.858109,2026-07-17 16:29:06.865203,0 days 00:00:00.007094,-0.627827672309201,779.8490536422331,340.7154256131319,0.21832396549941827,1.0391501108302454,779.9239324317545,2.548691773093091,0.3026622061884124,782.2110007814377,0.12560214340102277,,COMPLETE
179,0.3815417059750732,2026-07-17 16:29:06.865203,2026-07-17 16:29:06.877673,0 days 00:00:00.012470,-1.439909340830435,781.9067762027211,440.51883298266,1.834918697096483,1.1870133997705652,782.9605022976241,2.267517048129328,0.09205735487974309,779.6640653313732,1.0531331645409867,,COMPLETE
180,0.8612172619920492,2026-07-17 16:29:06.877673,2026-07-17 16:29:06.887851,0 days 00:00:00.010178,-0.6915685679436595,783.5181793244047,596.8203748075694,1.018046678110486,1.248412916291912,781.6639562373168,1.7354865401171053,0.7326136434449197,777.8799340389977,0.4075685862876336,,COMPLETE
181,0.4267275688732695,2026-07-17 16:29:06.887851,2026-07-17 16:29:06.894895,0 days 00:00:00.007044,-0.7277788579157385,780.505468779781,396.91525250898223,0.2685810699046143,1.1650309244642278,782.983670811799,2.111100374123467,0.259539290012805,777.4681533336761,0.5839405729733551,,COMPLETE
182,0.34040794695377274,2026-07-17 16:29:06.894895,2026-07-17 16:29:06.904077,0 days 00:00:00.009182,-1.0819976700215503,781.5715460813873,449.4619308320235,0.6822471415323736,0.7385521209607616,780.1143122859129,2.303204853963766,0.6379560633720849,782.7007609586971,0.10174163847631884,,COMPLETE
183,0.617217447088634,2026-07-17 16:29:06.904077,2026-07-17 16:29:06.934077,0 days 00:00:00.030000,-0.09378847789162192,780.8405142014101,-16.68219954912705,1.0971219509951196,1.1755874169186007,779.5877370780157,1.623008688388226,0.8453054945290863,779.1935000709932,1.2486527326601138,,COMPLETE
184,0.5487150304964826,2026-07-17 16:29:06.934077,2026-07-17 16:29:06.945967,0 days 00:00:00.011890,-1.0719105157743944,778.3190275662008,-216.65554191813828,0.1527746045061366,1.1946769182958985,780.7281970198422,2.9228644388340683,0.4309240523018964,782.911507232325,1.3817817297705508,,COMPLETE
185,0.6663497332961196,2026-07-17 16:29:06.945967,2026-07-17 16:29:06.958482,0 days 00:00:00.012515,-0.48127601345037785,782.0990545469215,849.6062584337744,0.21632201443319982,0.4334347176514073,780.5052197448122,2.2088320297528865,0.34536307749537776,783.6677666462815,2.4841950906033974,,COMPLETE
186,0.9065931765632016,2026-07-17 16:29:06.958482,2026-07-17 16:29:06.971483,0 days 00:00:00.013001,0.7427357266628346,780.3818988939998,597.4868449142944,0.619449426921476,0.17956274648262255,779.7168686199063,1.0928548818908614,0.3986289821511327,783.7273471590086,2.1182825508738024,,COMPLETE
187,0.4473150326419196,2026-07-17 16:29:06.971483,2026-07-17 16:29:06.985491,0 days 00:00:00.014008,-0.2654136311638057,783.8515570838161,591.760615292002,0.3668575634746592,0.125993933573523,779.717925332412,1.8286597691849293,0.3479558560161964,781.5228707854523,1.504641979499592,,COMPLETE
188,0.6139469240771275,2026-07-17 16:29:06.985491,2026-07-17 16:29:06.998014,0 days 00:00:00.012523,-0.7193503857297757,781.5426263276985,995.2313041701863,1.828771179448829,0.5628687813912395,781.3604518473107,1.452984316329649,0.25586530011696673,782.253679870783,1.1480700713291037,,COMPLETE
189,0.524785386914056,2026-07-17 16:29:06.998014,2026-07-17 16:29:07.009012,0 days 00:00:00.010998,0.15133544487981104,780.9948099959171,-272.91963424143927,3.026961252052517,1.484280551675039,778.2853465867245,0.657966150860638,0.8241303904240251,776.8118739302956,0.10209179144400829,,COMPLETE
190,0.4047663058978664,2026-07-17 16:29:07.009012,2026-07-17 16:29:07.019010,0 days 00:00:00.009998,-0.11339798671467946,778.4616797953013,-47.37876148683317,1.9575350616219882,0.003891715145232205,783.4806493597359,2.5042573460137074,0.5743546309439315,777.0526458390425,2.572525015680465,,COMPLETE
191,0.4315770687939993,2026-07-17 16:29:07.019010,2026-07-17 16:29:07.026009,0 days 00:00:00.006999,0.6000731665477672,779.062660073834,-69.94609749488075,3.1213839763069724,1.4675986069215161,778.6075991675137,0.6531085897660183,0.09097208524971095,779.0617988015238,0.37965695532083515,,COMPLETE
192,0.3188484915758341,2026-07-17 16:29:07.026009,2026-07-17 16:29:07.034015,0 days 00:00:00.008006,-0.588145994938994,778.286917277368,117.55766165080956,1.0039297236126508,0.7234772205070138,782.9425340953078,2.600298874015352,0.3915621078587507,779.3207988667381,1.6441693682974425,,COMPLETE
193,0.8910186238078552,2026-07-17 16:29:07.034015,2026-07-17 16:29:07.042010,0 days 00:00:00.007995,-0.8798731563075295,778.9143350583702,52.82729182669918,1.5842223156313935,1.1541925993552464,777.7944988441163,0.6200081358338551,0.06436437645906506,781.7119130753574,0.8594167011205508,,COMPLETE
194,0.3420955195145354,2026-07-17 16:29:07.042010,2026-07-17 16:29:07.050016,0 days 00:00:00.008006,-0.5360215691207871,782.1656364478247,362.7463824395645,0.6948233879895109,0.25695001797322153,777.8413079766267,0.36925890240187603,0.13246371966840811,783.4213964058371,1.2046300555324814,,COMPLETE
195,0.5559176374824998,2026-07-17 16:29:07.050016,2026-07-17 16:29:07.058161,0 days 00:00:00.008145,-1.3945296643435194,782.4925233863136,121.60144082146134,0.8125133246793724,0.16962941964657735,779.5779211526619,1.3899146427122357,0.07872618524062264,783.7032107990057,2.179605857763365,,COMPLETE
196,0.3857781427808218,2026-07-17 16:29:07.058161,2026-07-17 16:29:07.065160,0 days 00:00:00.006999,-0.8694278499375447,780.917826014546,337.1687801230544,0.5015555278873617,0.8898391242570467,779.4219344112241,1.2001149684340322,0.7010538485248572,780.9869301170936,0.7756088697341972,,COMPLETE
197,0.27553150511514757,2026-07-17 16:29:07.065160,2026-07-17 16:29:07.072159,0 days 00:00:00.006999,-0.7928442543542351,780.214268742715,146.61218240046617,0.9744900014482434,1.0852137549192356,780.6596072852967,2.1316460560995187,0.4704058062394398,780.5477938523567,0.6420484930773442,,COMPLETE
198,0.6910293157073881,2026-07-17 16:29:07.072159,2026-07-17 16:29:07.079160,0 days 00:00:00.007001,-0.25227326179623244,777.951885560237,276.1835852814324,2.180354842358497,0.8938879470546622,779.6377013021524,2.597926366842914,0.5773310738904371,782.7504089194232,2.744069079642621,,COMPLETE
199,0.39972448812608286,2026-07-17 16:29:07.079160,2026-07-17 16:29:07.087169,0 days 00:00:00.008009,-0.886294934577695,780.0195949886513,-174.52947802215726,1.326787823595334,1.4986041349517707,781.4784660478238,2.852708161515918,0.42900666966759204,780.8220520003679,1.1827140508899998,,COMPLETE
200,0.5223521608438498,2026-07-17 16:29:07.087169,2026-07-17 16:29:07.094169,0 days 00:00:00.007000,-1.3652468281268266,783.6864998386981,119.00852098759938,0.785249933160711,1.16176601773819,781.6895484951042,1.059487342434573,0.22219643397350702,780.210548560865,0.35703770006770497,,COMPLETE
201,0.4563012148110152,2026-07-17 16:29:07.094169,2026-07-17 16:29:07.101687,0 days 00:00:00.007518,0.008681397525102219,781.9660810626762,1.3677048115007295,2.296402538641003,0.9904075155075216,777.882211944474,0.5938725595632579,0.6381689466508674,780.3869562865661,0.15279472859028792,,COMPLETE
202,0.6585872108043459,2026-07-17 16:29:07.101687,2026-07-17 16:29:07.108685,0 days 00:00:00.006998,-1.013873977916736,779.3548128087604,-97.50249503671321,0.5148959031129111,0.904395018925533,780.9580837815266,1.5609985290838237,0.12618745056010877,782.9990156134901,0.5774299374524154,,COMPLETE
203,0.297802272147446,2026-07-17 16:29:07.108685,2026-07-17 16:29:07.116393,0 days 00:00:00.007708,-0.06396976448724062,778.2241469297486,-268.2936514242785,0.48808018978818085,0.27772375107634334,783.8385227864559,2.7880578518680816,0.627984106343179,778.66317775439,1.7792014900878286,,COMPLETE
204,0.64193807828389,2026-07-17 16:29:07.116393,2026-07-17 16:29:07.120988,0 days 00:00:00.004595,-0.9145495218288441,781.1346110647539,192.27855612483728,0.8838630688538525,1.0804024533958894,777.8728464241358,2.095326314087705,0.07791809004445183,778.9711798938832,0.6781192899436059,,COMPLETE
205,0.22473913784715577,2026-07-17 16:29:07.120988,2026-07-17 16:29:07.131250,0 days 00:00:00.010262,-0.5226517990207156,781.4356750047172,268.92497835807234,0.11304612618567987,0.22375843395056272,780.3027924742777,0.6207386069506905,0.35218991484075335,782.2208124275656,2.7335926586714097,,COMPLETE
206,0.39713943524443746,2026-07-17 16:29:07.131250,2026-07-17 16:29:07.138917,0 days 00:00:00.007667,-0.40169751830374956,781.7063581649372,-166.94764709758005,0.11247007002143128,0.3567053738364647,777.9974526969488,0.6722281465832359,0.339142651382593,780.6245416161767,2.725010898469313,,COMPLETE
207,0.6504254639164692,2026-07-17 16:29:07.138917,2026-07-17 16:29:07.143971,0 days 00:00:00.005054,-0.307483933357581,776.8829242207877,-143.5188841109245,0.24528344675686478,0.4640772774432078,783.6627706834256,1.8471121183251462,0.40606248555889707,776.8094184015482,1.8339116478220552,,COMPLETE
208,0.2971617936687753,2026-07-17 16:29:07.143971,2026-07-17 16:29:07.154283,0 days 00:00:00.010312,-0.23488238704155018,783.7959207691958,266.8866149250441,1.8262746908204113,0.29340414195137593,779.2983431001912,2.04344563569419,0.4571906773021622,783.6365669504964,0.31635710752853824,,COMPLETE
209,0.33498813521793186,2026-07-17 16:29:07.154283,2026-07-17 16:29:07.164678,0 days 00:00:00.010395,-0.5663547294469811,783.3146752943945,79.68541282726679,0.1432342816285125,0.007948771822090167,782.118904409097,0.8881248475447403,0.2913382003564583,780.9515178459085,2.43832165629004,,COMPLETE
210,0.3352908893680728,2026-07-17 16:29:07.164678,2026-07-17 16:29:07.173582,0 days 00:00:00.008904,-0.02047261467902281,782.7550042658407,181.809853263467,1.4459240892883143,0.5928055727799356,778.0466825853779,1.8345588929611705,0.23881682699966567,783.2995629250663,0.5327468717335972,,COMPLETE
211,0.4361903971058101,2026-07-17 16:29:07.173582,2026-07-17 16:29:07.182982,0 days 00:00:00.009400,-0.45446412085672033,781.5623135873901,-22.731607392611295,0.20295519864243494,0.7869740184367309,782.2868303284281,0.9694591412879175,0.5900627664779702,780.0886100954823,0.23397829218522315,,COMPLETE
212,0.30222067742240954,2026-07-17 16:29:07.182982,2026-07-17 16:29:07.192221,0 days 00:00:00.009239,-0.5133300182621686,779.5367249094584,-51.17193055772273,0.44925056535699304,0.2863060282042818,783.9469190115697,2.9978675995638016,0.6452998841465126,779.3410550636993,2.11047867369235,,COMPLETE
213,0.4240754194256408,2026-07-17 16:29:07.192221,2026-07-17 16:29:07.202158,0 days 00:00:00.009937,-0.2056741709838817,780.9099941196845,410.0320645477201,0.11619191266308355,0.057307339629799864,779.1518677167668,0.9058277605147709,0.6848462130124842,780.9077122343192,2.6399842670648,,COMPLETE
214,0.39592447827100496,2026-07-17 16:29:07.202158,2026-07-17 16:29:07.209166,0 days 00:00:00.007008,-0.09464689974415652,783.4097010061186,292.77890744942096,1.2835594527396967,0.5628071512287323,780.4435291706395,2.217681594656376,0.5228883940600056,782.6741649853076,0.2514170736355834,,COMPLETE
