number,value,datetime_start,datetime_complete,duration,params_background_amplitude_fraction,params_background_center,params_background_offset,params_background_width,params_peak_1_amplitude_fraction,params_peak_1_center,params_peak_1_sigma,params_peak_2_amplitude_fraction,params_peak_2_center,params_peak_2_sigma,system_attrs_fixed_params,state
1871,0.18764206200274244,2026-07-17 16:29:45.768252,2026-07-17 16:29:45.800318,0 days 00:00:00.032066,0.10302153805827124,776.9474169841119,-270.2220698826246,2.890962045643722,0.630840272837269,779.5588308992043,1.9328945986574553,0.18747083494928887,777.3136105183555,1.9314038074247202,,COMPLETE
1872,0.20698472743348134,2026-07-17 16:29:45.800318,2026-07-17 16:29:45.832431,0 days 00:00:00.032113,0.08078076534285775,782.1020170363994,-102.5058194898046,7.514618363563632,0.8375721523790504,779.4555133814928,1.780135666320867,0.2840317594377974,779.2171631723829,1.6629735732373296,,COMPLETE
1873,0.6093608059540013,2026-07-17 16:29:45.832431,2026-07-17 16:29:45.880724,0 days 00:00:00.048293,0.7125186936459994,783.8615361661408,49.29075336862002,5.718601667132622,0.7758493533569903,780.8277313103491,2.233728734787239,0.2707562826739834,777.5925215182184,2.289067135628976,,COMPLETE
1874,0.16681581897195283,2026-07-17 16:29:45.880724,2026-07-17 16:29:45.910528,0 days 00:00:00.029804,0.14021936078668962,781.5250739376482,-244.19242373721147,3.684603989349705,0.6878608404803992,779.4569099263483,0.747850961561159,0.6075913708319965,778.7724721231117,1.3699455887676337,,COMPLETE
1875,1000.0018206417313,2026-07-17 16:29:45.910528,2026-07-17 16:29:45.952669,0 days 00:00:00.042141,0.17686366616013774,782.2547729396514,-225.45569246831639,6.8418649840425,0.8922390402379007,778.6899552993689,1.249288656984643,0.30291037477937355,778.7755722296912,2.0741801040221746,,COMPLETE
1876,0.3484509332423072,2026-07-17 16:29:45.952669,2026-07-17 16:29:45.985668,0 days 00:00:00.032999,0.11894100601189878,782.5612853966759,-126.1639086869848,6.487156193160968,0.33608092121504274,780.58315356327,1.1489346200273722,0.42481979949810056,780.8127246183961,1.0880853859695954,,COMPLETE
1877,1000.0050779798228,2026-07-17 16:29:45.985668,2026-07-17 16:29:46.020218,0 days 00:00:00.034550,-1.4440161028654637,778.6267378077613,1095.331644601454,1.4679975954861837,0.9058321312801384,783.8808190288148,2.4795049696072393,0.33687889085181044,783.8209350694143,0.44656350265920697,,COMPLETE
1878,0.31996596962452467,2026-07-17 16:29:46.020218,2026-07-17 16:29:46.054887,0 days 00:00:00.034669,-0.5735009259565174,782.349018863775,-116.09529514409633,2.15863350182509,0.48026842444066065,781.7920324720102,2.9831928750627776,0.3295494165767931,776.3776141071587,2.7434395617097698,,COMPLETE
1879,0.26488252934672246,2026-07-17 16:29:46.054887,2026-07-17 16:29:46.089283,0 days 00:00:00.034396,0.4386822813596997,780.3471881345648,-294.1062554450728,1.8660241949913807,1.1240986884134887,779.3908934586915,1.1382936633054297,0.48291905679956715,778.934438501633,1.11391111160663,,COMPLETE
1880,0.2404897672569619,2026-07-17 16:29:46.089283,2026-07-17 16:29:46.125881,0 days 00:00:00.036598,-0.3559939535679956,782.6526261874006,-157.75051927216364,7.153195387701703,0.7993668971248459,780.2353150296154,1.9152417282018273,0.04112140104051069,778.0209438747295,2.0453467487108394,,COMPLETE
1881,0.39504818619295945,2026-07-17 16:29:46.125881,2026-07-17 16:29:46.157805,0 days 00:00:00.031924,0.47271397153637174,781.0671857680726,-238.77738171524183,5.624030549615536,0.821830598507476,780.8738133623348,1.6815441076328856,0.2902270267899345,778.370380569746,2.86038894477622,,COMPLETE
1882,0.290197786093307,2026-07-17 16:29:46.157805,2026-07-17 16:29:46.191168,0 days 00:00:00.033363,0.09181282641021503,781.5737347315489,-277.95744324301586,1.5272855687430806,0.8535030634679639,780.609050312062,1.6080414328084325,0.06385016892388443,777.699521980368,2.0783355352061097,,COMPLETE
1883,0.7561959683916841,2026-07-17 16:29:46.191168,2026-07-17 16:29:46.211254,0 days 00:00:00.020086,-0.6081427189004353,778.049919714447,-272.1715004221163,0.819528841065329,0.10537251112359744,783.496657542134,1.0780893306603223,0.7211664379289899,779.9304474755378,1.2786891922172172,,COMPLETE
1884,0.5131038538744273,2026-07-17 16:29:46.211254,2026-07-17 16:29:46.252261,0 days 00:00:00.041007,-0.25227038302867666,783.0049898942997,-270.28551865724,6.212664473455336,1.0678789786723573,778.729010961961,0.45488207525574986,0.2627900680641293,778.8677845276501,1.3950717368990788,,COMPLETE
1885,0.1977924277003376,2026-07-17 16:29:46.252261,2026-07-17 16:29:46.276834,0 days 00:00:00.024573,-0.3586554427997979,782.97460939317,-283.9196856888341,1.5553391907254401,0.7208731004813296,779.4121853070678,1.8136149762158038,0.3937547608559153,778.830445715253,2.421561848643423,,COMPLETE
1886,0.1518003252009931,2026-07-17 16:29:46.276834,2026-07-17 16:29:46.310411,0 days 00:00:00.033577,0.2096054502469681,783.6865368381184,160.48907219116,4.092769163644102,0.6238490528980709,779.4097530590597,1.307581216166734,0.04082969480154608,778.7558155677895,1.001147138105103,,COMPLETE
1887,0.3809423338039128,2026-07-17 16:29:46.310411,2026-07-17 16:29:46.341899,0 days 00:00:00.031488,-0.4485198002356216,776.9623926109757,254.43199931587873,3.8490066763605335,0.7052987946055247,781.5528381885348,2.8146148524826464,1.1736497240295902,779.4656166264945,0.8829770479974997,,COMPLETE
1888,0.40570055529999505,2026-07-17 16:29:46.341899,2026-07-17 16:29:46.383665,0 days 00:00:00.041766,-0.29042991341393737,780.9736966212536,-297.38002652087414,7.8134592377673195,1.0703523584929475,781.019238383294,1.3819872000071685,0.2248235375565229,779.6400001747509,2.4739765507862743,,COMPLETE
1889,0.15804436032525773,2026-07-17 16:29:46.383665,2026-07-17 16:29:46.417086,0 days 00:00:00.033421,-0.27654688585908727,781.9244094854685,-101.92880230370727,3.609359623448144,1.1779523623461112,779.3655102123753,1.5608901889830147,0.03257376773084615,777.5284365675565,2.6336564956564543,,COMPLETE
1890,0.45336594581996,2026-07-17 16:29:46.417086,2026-07-17 16:29:46.447959,0 days 00:00:00.030873,-0.2935323240934961,782.8035562197437,-168.19100176820479,7.397707593835947,0.5268021821811781,778.8573447212314,1.3877451337995876,0.0058501794024015605,777.8985929851201,2.973736507753827,,COMPLETE
1891,0.41996794293451295,2026-07-17 16:29:46.448957,2026-07-17 16:29:46.481702,0 days 00:00:00.032745,-0.021349895955629555,782.4227549120218,394.0837370579279,5.13990282470926,0.791503146563721,778.9266850303457,0.6406081280542768,0.5300781739148145,780.1332240079792,1.9380023988207387,,COMPLETE
1892,0.23279270557688062,2026-07-17 16:29:46.481702,2026-07-17 16:29:46.513261,0 days 00:00:00.031559,-0.6144042634429692,783.6263262514404,131.6048015965073,6.548716462623502,0.5974761087269929,779.1449801778203,1.091690537162271,0.39764795574311584,778.5613402786553,1.5446637487119452,,COMPLETE
1893,0.31882930186945596,2026-07-17 16:29:46.513261,2026-07-17 16:29:46.545168,0 days 00:00:00.031907,0.24908966923396392,780.3556266096124,271.72637155708196,4.125806511763273,0.6702604503607601,779.9615421717385,0.7186828564639283,0.3664497951914436,777.1818544852218,1.416245487263945,,COMPLETE
1894,0.8894438135416508,2026-07-17 16:29:46.545168,2026-07-17 16:29:46.576578,0 days 00:00:00.031410,1.0637953065749466,781.6673470568145,655.5472215644618,0.323192506631069,0.5054353138298109,776.7898647934215,0.5059264651634918,0.23738006538366796,778.5062136762077,0.518636457742573,,COMPLETE
1895,0.4118100270614869,2026-07-17 16:29:46.576578,2026-07-17 16:29:46.611493,0 days 00:00:00.034915,-0.30005330867595287,783.6796748746824,-290.92536702888896,2.6979410793495284,0.6945230136505265,780.9937485375538,1.6210471485545155,0.1211743714563761,777.6930779263391,0.9739072945667114,,COMPLETE
1896,0.336923346906099,2026-07-17 16:29:46.611493,2026-07-17 16:29:46.643393,0 days 00:00:00.031900,0.20777915383203552,782.6099923138431,-103.78228449090264,6.835624026218823,0.40713633569773566,780.9332231386533,1.1525447385906595,0.5239834089820168,777.4780856497407,1.0344037401534827,,COMPLETE
1897,0.4713669186330285,2026-07-17 16:29:46.644405,2026-07-17 16:29:46.678624,0 days 00:00:00.034219,0.10022157291735033,783.2555806540691,158.35039600709138,5.451451883919958,0.8527871856100814,777.9095492715267,1.5725646152370372,0.19453051906309912,779.0524371124442,2.5720094281065977,,COMPLETE
1898,0.3263724609039811,2026-07-17 16:29:46.678624,2026-07-17 16:29:46.710724,0 days 00:00:00.032100,0.6091362934841071,783.2702351807972,-94.24388838285435,5.182670477409937,0.3285277927104986,780.7993406203606,1.6756825727216191,0.04303929070817855,777.2722622398845,1.4492447920508573,,COMPLETE
1899,0.5830044607570453,2026-07-17 16:29:46.710724,2026-07-17 16:29:46.741404,0 days 00:00:00.030680,-0.0010730713248442991,783.852662020267,-198.4230142697824,0.5930132623756706,1.0046481162094691,777.2681117700822,1.5620553939836963,0.47509201769847886,778.2055741364368,2.6570927947581624,,COMPLETE
1900,0.4084267007018683,2026-07-17 16:29:46.741404,2026-07-17 16:29:46.757198,0 days 00:00:00.015794,0.6747727677695137,783.8176641778775,-172.1360040132177,7.029398616477045,0.6213319225631105,781.4554118339558,1.2405015243759918,0.07689068283621098,778.538579697258,1.7127698488349654,,COMPLETE
1901,0.312227981088983,2026-07-17 16:29:46.757198,2026-07-17 16:29:46.803433,0 days 00:00:00.046235,-0.23761593424193794,779.465091651781,536.4956295299532,5.318949272892913,0.7897012182547167,778.9052608069755,0.5846541078790731,0.3466711744998754,783.8217926822933,0.8598284010229609,,COMPLETE
1902,1.0344158846079474,2026-07-17 16:29:46.803433,2026-07-17 16:29:46.833701,0 days 00:00:00.030268,0.39658757365515623,783.2954276783087,203.44778220510318,2.523172973010381,1.4677663539045185,781.8068296179056,2.049388804703668,0.26367445145563834,778.4538538746477,2.0972592510612618,,COMPLETE
1903,0.2561928518807692,2026-07-17 16:29:46.833701,2026-07-17 16:29:46.875673,0 days 00:00:00.041972,0.025837071030264128,782.5787806879333,-258.1797464479747,4.168349533584551,1.0620002385874912,780.0077299981327,0.9366618228716299,0.09788565617862523,778.2902095064203,2.4349488839999522,,COMPLETE
1904,0.3710716144785463,2026-07-17 16:29:46.875673,2026-07-17 16:29:46.912029,0 days 00:00:00.036356,-0.8226977339394712,783.1326510182424,-215.9800158201565,0.1451636243841509,0.4869859022789313,781.8085808079154,0.4162966796754235,1.1586311174863755,779.5634958090762,1.7525585213826997,,COMPLETE
1905,0.244255673901406,2026-07-17 16:29:46.912029,2026-07-17 16:29:46.945460,0 days 00:00:00.033431,-0.1550307295809048,783.4266593657012,-56.128116893913415,1.714107788010367,0.4829147727204589,780.3567250512758,1.1300435286311936,0.18558254125600987,778.9467387303312,2.7732754631241345,,COMPLETE
1906,0.4466137767568567,2026-07-17 16:29:46.945460,2026-07-17 16:29:46.980106,0 days 00:00:00.034646,-0.44779057188770566,782.6219220244823,-107.69316614779738,5.096063025597263,0.7935645229678806,780.6587660253044,0.7452291221864906,0.3377596412812837,777.0760102463015,1.5007107459274933,,COMPLETE
1907,0.2877693761718301,2026-07-17 16:29:46.980106,2026-07-17 16:29:47.013195,0 days 00:00:00.033089,0.20320109536513772,783.5048612570376,-15.021636436600517,5.161436350543119,0.5879695082739889,779.7072260548675,1.1651159072219037,0.4990264510463799,780.4969344251174,2.5740570142265,,COMPLETE
1908,0.17597003981250586,2026-07-17 16:29:47.013195,2026-07-17 16:29:47.047228,0 days 00:00:00.034033,-0.314282732778432,783.9453549856219,-54.51955542748016,7.313488607456703,1.0203491442383255,779.4187626392818,0.9639090539371857,0.15059823865847002,778.2120970876916,2.066340941236911,,COMPLETE
1909,0.3498367038346156,2026-07-17 16:29:47.047228,2026-07-17 16:29:47.079530,0 days 00:00:00.032302,-0.05969504640630863,780.7871612982017,83.21724941693691,2.803852379688593,0.828412657884872,779.1809185849932,1.4014010301746036,0.5002245085599314,778.3697838522552,1.4386406790810693,,COMPLETE
1910,0.20411111787286346,2026-07-17 16:29:47.079530,2026-07-17 16:29:47.112599,0 days 00:00:00.033069,0.4043542650849083,783.1124924166799,-171.32415895150712,7.373427295491494,0.5392934498140962,778.7812213596286,1.2401958774495023,0.12073973603631033,779.4667637340226,2.5695841646948168,,COMPLETE
1911,1.111127298556783,2026-07-17 16:29:47.112599,2026-07-17 16:29:47.148830,0 days 00:00:00.036231,-0.014318845379803793,782.3651597211095,783.6417206784955,0.1888383174419745,1.348110732721111,777.5224356481493,1.8484946676069662,0.1517595874429687,776.4363601241896,2.802120893076898,,COMPLETE
1912,0.3799138229508774,2026-07-17 16:29:47.148830,2026-07-17 16:29:47.187666,0 days 00:00:00.038836,-0.6093611178895098,783.9495996769839,-48.562517794829205,7.110673055810497,0.4813323422212305,778.2798289068463,0.5354296793138729,0.46228272277731636,780.6433344943031,1.8191818085402847,,COMPLETE
1913,0.3436650332313966,2026-07-17 16:29:47.187666,2026-07-17 16:29:47.216547,0 days 00:00:00.028881,0.642335455938417,783.3256779832033,-84.80687674765434,7.87362665423127,0.729607468719673,778.3665970026639,1.975294080205781,0.042860440209136375,779.4732582436648,2.3519677089603044,,COMPLETE
1914,1.4939547215979598,2026-07-17 16:29:47.216547,2026-07-17 16:29:47.241520,0 days 00:00:00.024973,1.114528493659105,779.8932134652283,787.3666682251826,0.1251914005381674,0.6610100803934906,779.8022182525258,2.3688149229216373,0.7841572250600575,776.955658130204,0.31820981801439485,,COMPLETE
1915,0.9138642208614614,2026-07-17 16:29:47.241520,2026-07-17 16:29:47.273852,0 days 00:00:00.032332,0.3777209737125027,783.0516212026479,335.71400235085207,1.8997896189043801,0.856186309616119,780.2959936433157,1.3625178229317938,0.8187071445328302,779.5811785913179,2.258529775945025,,COMPLETE
1916,0.27308242050067966,2026-07-17 16:29:47.273852,2026-07-17 16:29:47.309201,0 days 00:00:00.035349,-0.21688511338432265,778.5783486123255,-296.55097543229067,5.7364164764961965,0.006414098846029476,779.180774483343,1.5777353428975758,0.8680233330904759,780.1912729251251,2.0273710502031066,,COMPLETE
1917,1.3583269257412847,2026-07-17 16:29:47.309201,2026-07-17 16:29:47.342142,0 days 00:00:00.032941,0.27317515612133564,776.3290135477998,1165.1325037138247,0.6561860818823783,0.09996026416610748,778.8682233626515,1.043364988048509,0.8868033295287723,777.0224030515406,2.5949429949293803,,COMPLETE
1918,0.7208149626963477,2026-07-17 16:29:47.342142,2026-07-17 16:29:47.374461,0 days 00:00:00.032319,0.6144106428366726,782.4442331900232,-165.84381229187863,0.14083293309595837,0.0262685188584052,778.5684249232808,0.23840260495084342,0.6772557230965836,783.9327309169274,0.8000847181654168,,COMPLETE
1919,0.7976894677302788,2026-07-17 16:29:47.374461,2026-07-17 16:29:47.406320,0 days 00:00:00.031859,0.6741504057414429,780.6032064611994,210.68725194323332,0.2974156323979604,0.8000908001044984,777.4384212707743,0.298063426151576,0.9551192222273761,776.8460048837724,1.2360669648816474,,COMPLETE
1920,0.24380064398003978,2026-07-17 16:29:47.406320,2026-07-17 16:29:47.438414,0 days 00:00:00.032094,0.3750201530003184,782.0899186599672,-93.26276102601068,4.963154121825726,0.8479307504055282,778.8568856667985,1.6578469910812306,0.13001138954253547,776.3722927288195,0.7304138784907594,,COMPLETE
1921,0.4898244264984144,2026-07-17 16:29:47.438414,2026-07-17 16:29:47.461124,0 days 00:00:00.022710,-0.497122440933526,777.4399281179924,195.93343129253986,0.9586964541732071,0.1577590898446859,782.436072194372,1.092799277453882,0.8257782504205211,781.2227011674074,1.251947994765152,,COMPLETE
1922,0.3897985640165025,2026-07-17 16:29:47.461124,2026-07-17 16:29:47.503147,0 days 00:00:00.042023,0.0007996433372123649,783.4232352860959,-199.71127581914104,2.0912531968148356,0.7681238491810476,781.4152786105091,1.538798004543081,0.16807318031417257,776.3605353547424,2.5890721234163996,,COMPLETE
1923,0.3202258317337023,2026-07-17 16:29:47.503147,2026-07-17 16:29:47.536760,0 days 00:00:00.033613,0.5349522669677436,781.9821469819109,-240.68906314598019,0.8082666429217412,0.3312568104742752,778.5996654660419,1.9245974365719394,0.29203594101805486,777.8454697738714,2.6926029456728644,,COMPLETE
1924,1000.0078756868393,2026-07-17 16:29:47.536760,2026-07-17 16:29:47.559871,0 days 00:00:00.023111,-0.2440861654903416,777.9935197362646,314.1772344824396,4.066863643275098,0.3184582589319715,780.7759013754182,0.9297499206365942,0.7417297775685799,780.7381193014486,1.894579998141223,,COMPLETE
1925,0.6203045424454249,2026-07-17 16:29:47.559871,2026-07-17 16:29:47.591056,0 days 00:00:00.031185,-1.2296413354395468,776.2328526258027,465.50546499547636,0.149603458216936,0.2825425631640007,778.7184982318212,2.628697751995423,1.496543780393891,782.0291697808472,2.0414947365527487,,COMPLETE
1926,0.2760255635883195,2026-07-17 16:29:47.591056,2026-07-17 16:29:47.623230,0 days 00:00:00.032174,0.6208240555158634,780.4979800430559,-199.18453252253732,7.829196326887121,0.8014150710389562,780.2260040483279,0.44496002141742297,0.18545636052086426,780.1194586825832,1.789730938656918,,COMPLETE
1927,1000.0080317408411,2026-07-17 16:29:47.623230,2026-07-17 16:29:47.655472,0 days 00:00:00.032242,0.29352717203197115,781.4372771087153,-264.1288736248728,5.833382520006257,0.728468889182094,778.7650599039016,1.286566959909793,0.2971554541488298,778.8016091512567,0.7646315437536886,,COMPLETE
1928,1.7056741985822452,2026-07-17 16:29:47.655472,2026-07-17 16:29:47.686892,0 days 00:00:00.031420,0.5320518102936977,777.7615148094834,1045.774934865204,3.4888151569196664,1.2581288151856471,780.8176311779473,1.61545323128608,0.3660869010151241,779.823108671552,1.9801871590193687,,COMPLETE
1929,2.7117427711480553,2026-07-17 16:29:47.686892,2026-07-17 16:29:47.718626,0 days 00:00:00.031734,1.3753870336401226,777.7448555851698,906.2534202145819,0.12842301161540187,1.359154809160965,782.6758706844302,1.3585529407362777,0.8382580286411423,779.6857527913952,2.7740362177675215,,COMPLETE
1930,0.227450811636898,2026-07-17 16:29:47.718626,2026-07-17 16:29:47.755673,0 days 00:00:00.037047,-0.12140652090480462,783.9940088987382,-4.580681468908679,2.4486262185038266,0.9470827171758491,779.6645171593595,1.3589775855626467,0.38957616484049873,777.9271383536159,1.5131884715143826,,COMPLETE
1931,0.5323982989156049,2026-07-17 16:29:47.755673,2026-07-17 16:29:47.781984,0 days 00:00:00.026311,0.9750757783712374,782.586968614099,-58.085851066797346,2.990435769856584,0.941777298717475,781.4005852672246,0.6025675889132431,0.18593868567408006,777.2367579255125,1.4173010521958553,,COMPLETE
1932,0.3877409449164138,2026-07-17 16:29:47.781984,2026-07-17 16:29:47.813947,0 days 00:00:00.031963,-0.39087699038764,781.8432482692334,155.33181277295466,4.0648442026744,0.5945957223346295,778.9712979844876,0.3716333098003697,0.5449213408400415,778.4621716097143,0.4274024824885375,,COMPLETE
1933,0.31736621978414203,2026-07-17 16:29:47.813947,2026-07-17 16:29:47.845844,0 days 00:00:00.031897,0.01117849649988717,782.7165691366487,-145.59843306352565,3.1530324059387023,0.593843899521874,779.4659780080011,0.620868652415009,0.18308052096637992,780.2287138409473,1.4604818331828882,,COMPLETE
1934,0.49667456150307177,2026-07-17 16:29:47.845844,2026-07-17 16:29:47.884447,0 days 00:00:00.038603,0.7196874707843662,776.4176529199231,-191.08198331818323,3.7338520633917684,0.47530032240407755,780.269389816056,2.0896369277485434,0.4844483026491128,779.0616265253406,1.3143420394801646,,COMPLETE
1935,0.2513718024995483,2026-07-17 16:29:47.884447,2026-07-17 16:29:47.918617,0 days 00:00:00.034170,0.12687740327157354,781.7035693397418,-4.230135854179139,3.071991458420726,0.43890051839486477,779.1682722019983,1.647640129013166,0.6549820130657462,779.36368733484,1.6773851647963611,,COMPLETE
1936,0.4027579025656507,2026-07-17 16:29:47.918617,2026-07-17 16:29:47.945031,0 days 00:00:00.026414,0.07565645091434271,782.2962350179371,-301.158041955576,1.3067715968115445,0.6939482046129,778.2409100443236,0.9624845825788216,0.5895872480136461,777.7605731829484,2.515578389024585,,COMPLETE
1937,1000.0110491723707,2026-07-17 16:29:47.945031,2026-07-17 16:29:47.980103,0 days 00:00:00.035072,0.8991697247198024,782.7716931135179,158.70102407531715,6.953624911993005,0.41657553375693934,778.8389963318947,1.2117755420126621,0.14707106628893102,778.8517078701666,1.3055676143251538,,COMPLETE
1938,0.559410127678845,2026-07-17 16:29:47.980103,2026-07-17 16:29:48.014282,0 days 00:00:00.034179,0.7393450445612927,783.1506670791614,33.88227537018895,5.555040068896887,1.0724286503620364,779.5013451882975,1.447614368346394,0.2455386440635161,777.8314428587107,2.4224617375146256,,COMPLETE
1939,0.5687430060745854,2026-07-17 16:29:48.014282,2026-07-17 16:29:48.047330,0 days 00:00:00.033048,-0.5283660268648617,783.3372464662488,-249.04374361486654,3.1740264592716496,1.1654312075890865,783.2202528077199,1.664038747163507,0.29469746108424383,778.041826844073,2.1012468875388417,,COMPLETE
1940,0.3068133629722951,2026-07-17 16:29:48.047330,2026-07-17 16:29:48.077343,0 days 00:00:00.030013,0.35224366931720086,782.6999405928051,-241.19408129616545,2.8006449503255175,0.5097284363602226,780.9775825543749,0.9390410848162234,0.4846962673298505,777.6087365717668,1.6492560843307602,,COMPLETE
1941,1.102558020928085,2026-07-17 16:29:48.077343,2026-07-17 16:29:48.093192,0 days 00:00:00.015849,0.5180963109582003,779.2833644033607,884.4911044205314,6.511671182982431,0.499099706873282,781.5705723391252,2.705721980186266,0.7709232436463322,776.2428895599968,0.455809353123531,,COMPLETE
1942,0.5548416026608745,2026-07-17 16:29:48.093192,2026-07-17 16:29:48.125145,0 days 00:00:00.031953,-1.4284854246528584,782.6849739811108,-277.7969775875817,1.0884328243298675,1.290436997163848,778.4083381978908,2.65204337564849,0.08122054909590937,782.9342323249399,2.918071632523658,,COMPLETE
