number,value,datetime_start,datetime_complete,duration,params_background_amplitude_fraction,params_background_center,params_background_offset,params_background_width,params_peak_1_amplitude_fraction,params_peak_1_center,params_peak_1_sigma,params_peak_2_amplitude_fraction,params_peak_2_center,params_peak_2_sigma,system_attrs_fixed_params,state
575,0.2152703636849394,2026-07-17 16:29:12.651890,2026-07-17 16:29:12.671687,0 days 00:00:00.019797,-0.9296677837059655,778.2728611125742,358.3174230770729,3.9428617232554717,0.4909295909142737,781.5117497311056,2.790400875021383,0.4966698323140105,778.8460530648599,2.511046341645962,,COMPLETE
576,0.7078971168669731,2026-07-17 16:29:12.671687,2026-07-17 16:29:12.702795,0 days 00:00:00.031108,-0.16423589609619182,780.5997108749581,-243.60311638259566,0.38723885784671214,1.3841256017905756,777.6699290281509,1.0494254890811816,0.6484875899572283,778.7849845519626,1.3921434464480635,,COMPLETE
577,0.4715749587794917,2026-07-17 16:29:12.702795,2026-07-17 16:29:12.723004,0 days 00:00:00.020209,-0.4690726762554419,777.466121601247,-0.7148926867873087,2.2178639661067083,0.6121470888395406,780.0312406479986,1.1126481699656783,0.7410769460686826,783.3358614107138,0.8944625073914336,,COMPLETE
578,0.47203637885747834,2026-07-17 16:29:12.724015,2026-07-17 16:29:12.741603,0 days 00:00:00.017588,-0.7957830425717503,783.4917439836846,-99.06557146588169,2.2462504342269507,1.2869172335977115,780.3815091631063,0.6761191611158797,0.5451223665306753,781.7285383932134,0.18204107070906472,,COMPLETE
579,0.43166081146082824,2026-07-17 16:29:12.741603,2026-07-17 16:29:12.762602,0 days 00:00:00.020999,-1.4913607831488798,782.3622101894258,771.8950770269219,6.387671456473138,0.41841912825409766,778.099834288032,0.8892977859293552,0.4788796930035877,783.5419663046083,0.9351063315603197,,COMPLETE
580,1000.0043230980368,2026-07-17 16:29:12.762602,2026-07-17 16:29:12.783008,0 days 00:00:00.020406,-0.25699666243731917,781.7973332286822,-222.59588982218486,6.135564575224959,0.871104918752096,780.1858616592464,2.71743908583518,0.11821866107964035,780.2517091847558,2.1918443382156605,,COMPLETE
581,0.3108709910941433,2026-07-17 16:29:12.783008,2026-07-17 16:29:12.803690,0 days 00:00:00.020682,-0.9378600708212955,783.789599222669,569.5964662055738,6.115117910976536,0.7043771016050837,778.4644957324988,0.9152172515546528,0.011684316175643535,783.2089177311265,2.957533324605321,,COMPLETE
582,0.19891629422765564,2026-07-17 16:29:12.803690,2026-07-17 16:29:12.823719,0 days 00:00:00.020029,-0.7524264519839444,782.4992561927692,-145.83838818123917,1.5644795832971283,1.1449042305977986,780.2440861300071,2.048051507670792,0.18578333639949945,782.1183172453484,0.16248963320691734,,COMPLETE
583,0.3387575082153437,2026-07-17 16:29:12.823719,2026-07-17 16:29:12.845141,0 days 00:00:00.021422,-0.10834969735651512,780.0802268230434,3.1265206514644035,0.6910818102564199,0.7709587922157697,780.2189733706448,2.0578676202235457,0.6141889432951799,783.7360857913976,0.892528548987223,,COMPLETE
584,0.5275866471495226,2026-07-17 16:29:12.845141,2026-07-17 16:29:12.862523,0 days 00:00:00.017382,-0.49088856861702784,783.8483799897058,-194.64306553343556,2.3153356083030316,1.2315581325055656,782.3855191438502,2.6859539510780728,0.12178033856226934,781.8478246527146,0.2824891092100589,,COMPLETE
585,0.3440951181971066,2026-07-17 16:29:12.862523,2026-07-17 16:29:12.879104,0 days 00:00:00.016581,-1.403385316050417,783.5646103518778,184.44288348454285,0.5205336406662322,0.9084150400130581,779.5740975975751,1.9436994041016187,0.16072489835084997,782.4628838630246,0.1454010948423754,,COMPLETE
586,0.6988124014805128,2026-07-17 16:29:12.879104,2026-07-17 16:29:12.901203,0 days 00:00:00.022099,-0.277320255438795,781.264510548773,790.1228551325864,5.759533838040897,0.6462397856886918,781.5008553037785,0.7639197477606359,0.4217544972946444,782.294280871855,1.4516761844063701,,COMPLETE
587,0.38573480601318394,2026-07-17 16:29:12.901203,2026-07-17 16:29:12.919810,0 days 00:00:00.018607,-1.163320661774301,783.3785959986599,-150.33666679214843,1.03061064146916,1.3315763022786344,780.4645616749367,2.6788613125363328,0.043019842138925624,783.565901844543,0.34266245806439355,,COMPLETE
588,0.3888145757469398,2026-07-17 16:29:12.919810,2026-07-17 16:29:12.942161,0 days 00:00:00.022351,-1.0833862497389828,777.6470379443285,-200.0506498447588,2.2354527354063953,0.27132675455271793,779.0341763782967,2.9030156891071472,1.4743456700558486,779.5416477341993,2.13482575836001,,COMPLETE
589,0.6807212654136527,2026-07-17 16:29:12.942161,2026-07-17 16:29:12.962964,0 days 00:00:00.020803,-0.006514461823271131,779.228572755229,-253.9595602897129,1.0069051558624937,1.4762381864329088,780.8917904257319,1.2314919670434716,0.6395918601352679,782.2068367046163,0.8279738612100047,,COMPLETE
590,0.3526372228295764,2026-07-17 16:29:12.962964,2026-07-17 16:29:12.982218,0 days 00:00:00.019254,-0.4427522011382591,778.7126446783975,92.07012265876605,6.224652207091115,0.5248423740900036,781.8199038911844,2.6831464500270847,0.6620227723059718,780.0053099402792,2.3197671603056564,,COMPLETE
591,0.8378751507760462,2026-07-17 16:29:12.982218,2026-07-17 16:29:13.001226,0 days 00:00:00.019008,0.287506210700031,777.985472031276,391.7282939760563,6.398724776647803,1.02462557184329,779.2703760702216,2.3291827161265046,0.33327134457758045,781.857646620278,0.36946576816996046,,COMPLETE
592,0.2822099681036422,2026-07-17 16:29:13.001226,2026-07-17 16:29:13.019744,0 days 00:00:00.018518,0.4613573477825228,780.0976338242034,-102.48131587435469,0.9932640156507496,0.792180836026648,779.3385857835117,1.3989416712941982,0.5276845175646592,780.9051464526913,0.31257414594798527,,COMPLETE
593,0.44341368978449924,2026-07-17 16:29:13.019744,2026-07-17 16:29:13.036742,0 days 00:00:00.016998,-1.4664733049247998,776.817589539731,845.2850359718618,4.895856795761528,0.12548998802363132,778.1905641313009,0.44556093634489913,0.5682780466117743,781.9613795018524,2.253809711701373,,COMPLETE
594,0.5227347644201853,2026-07-17 16:29:13.036742,2026-07-17 16:29:13.056442,0 days 00:00:00.019700,-0.5453575460663711,782.2942344836101,379.5146481451179,5.06505596956326,1.1296605451611823,778.2403310802147,2.035762412186549,0.07277312987380243,783.7663859662593,2.921415721936364,,COMPLETE
595,0.25161746107984145,2026-07-17 16:29:13.057454,2026-07-17 16:29:13.075468,0 days 00:00:00.018014,-0.43782412356379674,783.9879050996623,611.4463152286411,2.556772665301185,0.9473402441443082,779.501696455029,0.6384163718446805,0.02805539587125923,782.6903090330976,0.43082174826669317,,COMPLETE
596,0.4633444876569974,2026-07-17 16:29:13.075468,2026-07-17 16:29:13.098580,0 days 00:00:00.023112,0.5713751592101783,783.2259508597241,-307.4449930946739,0.22209803846299483,1.165386225467572,783.9686924906326,0.21307159350872373,0.8682376717740261,779.4071128013875,0.8856681795442969,,COMPLETE
597,1.2433196775161792,2026-07-17 16:29:13.098580,2026-07-17 16:29:13.119348,0 days 00:00:00.020768,1.109350560744791,778.7803200211828,686.7437554098982,0.21438644858763167,1.130174912012012,778.812515287337,0.7304495964806443,0.12998202418938876,780.8695269493059,0.216498148745504,,COMPLETE
598,0.392331095717153,2026-07-17 16:29:13.119348,2026-07-17 16:29:13.131348,0 days 00:00:00.012000,-0.5147505623856091,782.4646795327576,-143.84768380418828,0.6648762856522803,1.2665502732356433,778.7191612081679,1.7470886489520432,0.14960160456866034,781.8375904925689,0.12561195847873924,,COMPLETE
599,0.3215425391915246,2026-07-17 16:29:13.132351,2026-07-17 16:29:13.151346,0 days 00:00:00.018995,-0.6383324803979473,783.4983961202819,782.8558066871075,5.406861165764508,0.11748710350848501,778.5745691288632,1.8407370543956496,0.0050170033167591666,782.3233740464291,1.377748489911255,,COMPLETE
600,0.4288680838590659,2026-07-17 16:29:13.151346,2026-07-17 16:29:13.173348,0 days 00:00:00.022002,-0.40505237427615415,783.6655609621876,581.7678585888382,4.298510380499919,1.1243561580103718,778.9587507801684,0.901103171293264,0.3275108963045597,781.3679528703191,1.2110897776270488,,COMPLETE
601,0.5251688425381371,2026-07-17 16:29:13.173348,2026-07-17 16:29:13.192663,0 days 00:00:00.019315,-1.1621893268147592,783.1892259852056,161.00051433561165,1.4820676251228961,0.8708358021160304,782.4038388809929,1.3703085155641408,0.725464736547585,783.2623631390547,0.38436475620150334,,COMPLETE
602,0.1782129257130563,2026-07-17 16:29:13.192663,2026-07-17 16:29:13.214193,0 days 00:00:00.021530,-0.17091692826401533,777.4801063137189,-259.44567085486227,4.888186571146449,0.6374118901498276,780.5126836701724,2.624075074641111,0.3227244688991901,779.1861402778801,1.6753369004386125,,COMPLETE
603,0.2621435757879186,2026-07-17 16:29:13.214193,2026-07-17 16:29:13.235709,0 days 00:00:00.021516,-0.19370824497484773,776.5179227568518,-41.45050004341283,3.6253954826806503,0.402013376255046,778.9949065081828,2.8257955788519467,0.23563471220380322,780.698803126879,1.680395103493797,,COMPLETE
604,0.39385984026070575,2026-07-17 16:29:13.235709,2026-07-17 16:29:13.256057,0 days 00:00:00.020348,-0.7057474948023396,783.3963734504619,607.6858688138561,5.072133935877004,0.8227725190541881,779.8545259659757,1.4488043255248824,0.39383151092367535,783.3253152504906,1.3242991328258522,,COMPLETE
605,0.6848412496464078,2026-07-17 16:29:13.256057,2026-07-17 16:29:13.271596,0 days 00:00:00.015539,0.20078834119917188,777.5118742362503,116.79246027170211,4.528111476366735,0.9822344120748652,781.4242190941012,2.93004249588771,0.09872420206361848,778.6115741255655,1.1002113076882551,,COMPLETE
606,0.2213507949009221,2026-07-17 16:29:13.271596,2026-07-17 16:29:13.282651,0 days 00:00:00.011055,-0.8180332684476652,783.1208052951557,170.84957612970845,0.3589869636762061,1.0146894876247392,779.3497950433278,1.3519879193911968,0.8794599220525885,783.4970298664672,0.3639908597577248,,COMPLETE
607,0.35481309528578664,2026-07-17 16:29:13.282651,2026-07-17 16:29:13.303568,0 days 00:00:00.020917,-0.33917572231771304,778.2589938316402,-159.12895621707818,3.4650779502604476,0.19605299564217377,782.1973789707062,2.7972882181151344,1.2785311098740877,779.3698612360485,2.602851297977727,,COMPLETE
608,0.41474870828627863,2026-07-17 16:29:13.303568,2026-07-17 16:29:13.326063,0 days 00:00:00.022495,0.027545352586642306,781.2960518619478,-200.0305556566658,2.445768410363491,1.000032300686628,777.8802816501876,1.5779784409524928,0.6805619389311899,782.388848251469,0.9235067934149195,,COMPLETE
609,0.368164038783577,2026-07-17 16:29:13.326063,2026-07-17 16:29:13.350128,0 days 00:00:00.024065,0.17091486526070265,780.0483813477164,-4.84787075372491,3.2774636342309047,0.8555612810667708,780.6287673548403,1.8086870035906566,0.11802551512326115,783.148141906742,0.634383554214925,,COMPLETE
610,0.49684349000175426,2026-07-17 16:29:13.350128,2026-07-17 16:29:13.370369,0 days 00:00:00.020241,0.1698872081317508,776.2685716299079,-223.49619827347087,2.814721876967555,0.8474952380689181,781.3166453459149,1.9534371972915037,0.7064007951670366,780.2720664406459,0.9048533682729392,,COMPLETE
611,0.8770092706978485,2026-07-17 16:29:13.370369,2026-07-17 16:29:13.386031,0 days 00:00:00.015662,-0.012359767625757745,776.2756942379132,802.2849973333322,2.082544329808863,0.10619661749321585,780.7259009636596,1.4542150969702554,0.7522517224879852,781.4032228860566,2.4891263152191105,,COMPLETE
612,0.4110641977306753,2026-07-17 16:29:13.386031,2026-07-17 16:29:13.396503,0 days 00:00:00.010472,-0.01895967320985517,776.5375724636879,-259.0291799198765,4.352133561931431,0.7679770363166206,782.2361294211743,2.2822459984300467,0.17577688242575407,778.9675483875585,1.6101274550112674,,COMPLETE
613,0.4522723194667576,2026-07-17 16:29:13.396503,2026-07-17 16:29:13.421365,0 days 00:00:00.024862,-0.5120410904391269,780.1191146321191,220.07331260132753,6.4645847575975415,0.4927338774232678,782.5701398708435,1.6989229439782094,0.07035747627011266,779.3907754238911,2.4384063471020516,,COMPLETE
614,0.44498632225297124,2026-07-17 16:29:13.421365,2026-07-17 16:29:13.436890,0 days 00:00:00.015525,-0.6935228500679615,783.6370621296506,314.00049269007945,1.9896240778008387,0.5286428833652497,776.4546994594092,1.3295944566894558,0.03949586997121025,780.0180859844859,2.4221474883145064,,COMPLETE
615,0.19919180921060628,2026-07-17 16:29:13.436890,2026-07-17 16:29:13.459598,0 days 00:00:00.022708,-0.927307238242553,783.5963551919532,175.81151145783602,1.652039118820187,0.5572689807208389,780.2539753038673,1.524837040912861,0.061422653084763114,782.1642827994833,2.8043339088815347,,COMPLETE
616,0.4137033119292618,2026-07-17 16:29:13.459598,2026-07-17 16:29:13.478086,0 days 00:00:00.018488,-0.3650993998208538,783.9084665782061,-124.33515204492195,1.8512059362509699,0.41319458797935926,781.9230620844689,1.9298975748617118,0.1961678999136085,782.1012595133187,2.892295989637368,,COMPLETE
617,0.2719058734893733,2026-07-17 16:29:13.478086,2026-07-17 16:29:13.558884,0 days 00:00:00.080798,-0.8429200330588698,783.7447902019233,620.2516453691858,5.218071344579847,1.0315187601194518,779.6350010500576,1.2534430370053309,0.013343158499398523,778.0623469022464,2.589415934716105,,COMPLETE
618,0.49739015040856865,2026-07-17 16:29:13.558884,2026-07-17 16:29:13.576244,0 days 00:00:00.017360,-1.1134169231491162,782.9792420247721,160.50197852737375,1.771199558082395,0.34260602806306906,781.1474996509298,0.8111415209923595,0.02209348284102062,782.3481763491391,2.0125610093833637,,COMPLETE
619,0.3297234874097215,2026-07-17 16:29:13.576244,2026-07-17 16:29:13.598394,0 days 00:00:00.022150,-1.183168614894941,782.1116072223241,243.46900282163247,0.774547956979226,0.4849827123793973,781.5263917174515,1.7794864208546737,0.03800316282981511,781.3712443846184,2.468535431785062,,COMPLETE
620,1.1309247208360043,2026-07-17 16:29:13.598394,2026-07-17 16:29:13.620584,0 days 00:00:00.022190,-0.3116587234985594,776.8001092598469,1075.3290853878098,0.15228296745249248,1.204145491918907,776.247043477304,2.667736803353188,0.6049847957891312,781.1188986446458,1.7238439110680965,,COMPLETE
621,0.38795226729341026,2026-07-17 16:29:13.621751,2026-07-17 16:29:13.642205,0 days 00:00:00.020454,-0.2202082593029123,779.1584902817622,-215.31029637889125,3.8133481831654588,0.4265139981516672,780.5903686240732,2.4222834992138487,0.16398676661510378,778.5480165118829,1.2959766588782018,,COMPLETE
622,0.24702765783894515,2026-07-17 16:29:13.642205,2026-07-17 16:29:13.665327,0 days 00:00:00.023122,-0.5484057817242916,782.7327526092804,152.1701663590128,2.4293911450346664,0.6467282254899103,778.8228412794605,1.5998850434580412,0.03301099492538818,782.6162745277304,2.604395927387028,,COMPLETE
623,0.32735530226529563,2026-07-17 16:29:13.665327,2026-07-17 16:29:13.687449,0 days 00:00:00.022122,-0.550726392357293,777.4196833675827,71.43839529961403,0.8442063955909184,1.0250857032872611,778.6208914461132,0.33836611263775895,0.8266853165595072,780.041710672584,1.6524309499087224,,COMPLETE
624,0.4522021107792172,2026-07-17 16:29:13.689457,2026-07-17 16:29:13.707810,0 days 00:00:00.018353,-0.738022744794665,783.9790774894566,635.5414964965317,7.397215707958159,0.8089227919544564,778.8538383684863,1.262213084661144,0.34684985350931496,780.1851165537124,2.471633070685212,,COMPLETE
625,0.3304767582066513,2026-07-17 16:29:13.707810,2026-07-17 16:29:13.728168,0 days 00:00:00.020358,-0.7073020240586667,783.4497234387763,251.29936443556713,1.4817244477075124,0.6870796433443581,780.4820839100341,0.7570318378613216,0.4483521018280698,782.0945779086763,2.737181153100755,,COMPLETE
626,0.1564094689420748,2026-07-17 16:29:13.728168,2026-07-17 16:29:13.746264,0 days 00:00:00.018096,-1.0165480455406861,783.8773048082202,-34.552364830167164,1.181230678712408,0.6966435703181036,779.609237720114,1.257414016912651,0.19589080277457954,781.2590980576547,2.8369638380796856,,COMPLETE
627,0.42348296888539755,2026-07-17 16:29:13.746264,2026-07-17 16:29:13.763797,0 days 00:00:00.017533,-0.9136256123898532,783.7512355691067,-53.20437503918566,2.246954434362131,0.6104950869506843,779.4923907140693,0.8849513088714384,0.046151152081906247,781.9971569993643,2.7232222908942902,,COMPLETE
628,0.5915769335912116,2026-07-17 16:29:13.763797,2026-07-17 16:29:13.781908,0 days 00:00:00.018111,-0.927744438454847,781.062252881462,58.93363582121425,1.2387707806487092,0.20054135268767492,781.2321735594445,1.0922597464690789,0.14865235770928797,782.1602348390263,2.89211224514864,,COMPLETE
629,0.1930776482528705,2026-07-17 16:29:13.781908,2026-07-17 16:29:13.797542,0 days 00:00:00.015634,-1.1299969928118707,778.3086411486722,195.97400892997646,6.808244815781701,0.6168604719217519,779.4884360358446,2.078948299458495,0.8262445146570396,780.2648369500217,2.5755266714652514,,COMPLETE
630,0.7220440081579884,2026-07-17 16:29:13.797542,2026-07-17 16:29:13.817326,0 days 00:00:00.019784,-1.3114717294486653,779.0889297672682,380.8594253964335,2.8208933188015792,0.9042408039652101,779.9629178272197,2.864225743203805,1.2560718463100549,782.1205895998058,2.7002500014230617,,COMPLETE
631,0.6254179822731923,2026-07-17 16:29:13.817326,2026-07-17 16:29:13.832839,0 days 00:00:00.015513,-1.3034745569872048,783.3065719408612,-57.81313308398204,0.4583546026755322,0.8642669281856397,777.2780983924745,0.9500632681310224,0.023787113875026633,781.4423737072032,2.3736288131536756,,COMPLETE
632,0.22023816543120497,2026-07-17 16:29:13.832839,2026-07-17 16:29:13.853571,0 days 00:00:00.020732,-0.8142314554366056,782.3687348427013,109.96104563460472,2.463187850355428,0.7855634921421081,780.4965002706829,1.6168752216306206,0.05229862465836869,780.1596741827027,2.509188530074163,,COMPLETE
633,0.551175610040504,2026-07-17 16:29:13.853571,2026-07-17 16:29:13.877864,0 days 00:00:00.024293,-0.16354897573104576,781.88701555277,39.83229809855703,0.7506289947407188,1.1021394898131989,780.2476347843722,2.4661047031979955,0.5173586462142006,781.7857000811423,0.4955682614575224,,COMPLETE
634,0.2789266072216477,2026-07-17 16:29:13.877864,2026-07-17 16:29:13.899556,0 days 00:00:00.021692,-1.3877974279476395,783.5966446795209,407.3208221379477,6.532147603530124,0.7156865922204294,778.910608781257,1.5004159705976252,0.12316148435794795,782.3225854172028,1.7999162657891905,,COMPLETE
635,0.21848578678438363,2026-07-17 16:29:13.899556,2026-07-17 16:29:13.919689,0 days 00:00:00.020133,-0.9129947084659538,779.2597833442526,289.3071075825297,7.041500431845571,0.21451154942561546,779.3434743981376,2.7024090681701827,0.8807106181992401,780.6636716587154,2.1009827460270993,,COMPLETE
636,0.30497747149793686,2026-07-17 16:29:13.919689,2026-07-17 16:29:13.942442,0 days 00:00:00.022753,-0.7348481798828079,783.8691250633183,215.26497808874652,0.7683961041372797,0.6585678875120202,780.3405490024898,1.6150148202122148,0.19753888625284713,781.0949265457579,2.982457067284087,,COMPLETE
637,0.26505351570324737,2026-07-17 16:29:13.942442,2026-07-17 16:29:13.961463,0 days 00:00:00.019021,-0.2895882942806155,776.7464309417139,-204.7035556476774,4.523921924192094,0.8490569118326055,779.7715312333834,2.457333340368501,0.5376530710085187,778.9921874131719,2.385133503983905,,COMPLETE
638,0.2155616189929327,2026-07-17 16:29:13.961463,2026-07-17 16:29:13.982527,0 days 00:00:00.021064,-0.42907762128165583,783.9938319537177,-225.43903886106906,1.4387425588044518,0.5310980808998615,779.8597663411039,1.5618066454081925,0.34555855560585036,780.9014890827324,2.0930239230892433,,COMPLETE
639,0.21399420055636328,2026-07-17 16:29:13.982527,2026-07-17 16:29:14.000047,0 days 00:00:00.017520,-1.1109022504580537,783.4622405236678,355.384142336803,4.217605958911778,0.4778880257223765,779.4635950950651,1.5172288298699472,0.14085767871449295,780.8417867927404,2.744122933700341,,COMPLETE
640,0.4461573680198348,2026-07-17 16:29:14.000047,2026-07-17 16:29:14.008317,0 days 00:00:00.008270,-0.5784963475652447,776.6551426909317,610.7601126600318,7.669780861278956,0.03537471685758514,780.0515045039274,2.2418734312081456,0.6935675328110298,782.2223227589388,2.904916725350978,,COMPLETE
641,0.6439388089227064,2026-07-17 16:29:14.008317,2026-07-17 16:29:14.024204,0 days 00:00:00.015887,0.13554330610569232,777.5562492742653,47.55173372900606,4.590659958739686,0.8596119424995112,779.7156966672612,2.831461549385892,0.478059590270702,779.1949459504767,1.6684962221628388,,COMPLETE
642,0.6727170047973193,2026-07-17 16:29:14.024204,2026-07-17 16:29:14.048809,0 days 00:00:00.024605,0.3028280623310823,783.5649120457409,78.33486821725896,7.893630858059793,1.2473679603468,776.6516190232115,1.3175242077320104,1.04110557883527,781.1419179159691,0.29012719626464256,,COMPLETE
643,1.141495501641307,2026-07-17 16:29:14.048809,2026-07-17 16:29:14.071951,0 days 00:00:00.023142,1.452304956125558,777.4919712631818,-272.08908797731704,0.976366125322452,0.3806348375447862,776.1114084913204,0.7576548315051571,1.0260657863933345,778.2197060435085,1.8393997380175802,,COMPLETE
644,0.3291597475180019,2026-07-17 16:29:14.071951,2026-07-17 16:29:14.090210,0 days 00:00:00.018259,-0.5470098343042324,776.2668225884316,40.219795884140154,0.7591044130872415,0.4765508759228441,779.8226936254362,2.885389309010738,0.6429760760983835,780.6313796095591,1.2891176241647568,,COMPLETE
645,0.6877967298482596,2026-07-17 16:29:14.090210,2026-07-17 16:29:14.110496,0 days 00:00:00.020286,-0.4028435066204103,783.6013652281592,766.4704270310051,5.6269179551892075,0.9046869346253408,782.4214734646358,0.9452915884695667,0.23271310580772028,783.9626850572072,0.5390477002285406,,COMPLETE
646,0.2926042747416352,2026-07-17 16:29:14.110496,2026-07-17 16:29:14.131319,0 days 00:00:00.020823,-0.46677667316744165,782.4275349244293,433.2033240035021,7.83880968147638,0.6056342276318221,780.4375561640687,0.8918078215277634,0.2629931176594322,783.734545423579,1.1351790580163221,,COMPLETE
