number,value,datetime_start,datetime_complete,duration,params_background_amplitude_fraction,params_background_center,params_background_offset,params_background_width,params_peak_1_amplitude_fraction,params_peak_1_center,params_peak_1_sigma,params_peak_2_amplitude_fraction,params_peak_2_center,params_peak_2_sigma,system_attrs_fixed_params,state
719,0.5199519498486703,2026-07-17 16:29:15.616693,2026-07-17 16:29:15.639750,0 days 00:00:00.023057,-1.4681793469326068,782.2560790882978,413.3832142264866,2.4505309283659757,0.844592433810729,778.4931512425381,0.8380493734519134,0.001265376070163797,779.9690158140837,2.6810952351699977,,COMPLETE
720,0.3835198442404003,2026-07-17 16:29:15.639750,2026-07-17 16:29:15.654776,0 days 00:00:00.015026,-0.7978781656042798,782.940018837408,472.0480244267595,3.1495542503735225,0.9939202356491859,779.8274283326052,1.9757453768405153,0.0035624002187635007,781.2495677798673,2.6003727828564744,,COMPLETE
721,0.6218361395459703,2026-07-17 16:29:15.654776,2026-07-17 16:29:15.672839,0 days 00:00:00.018063,-1.066387306271288,779.2123033182463,-284.32190188396373,0.7511289798025786,0.5001887813115901,781.4893211678996,1.783993555127413,0.8607465098638316,779.2728404724413,1.81796998638043,,COMPLETE
722,0.5847681289890667,2026-07-17 16:29:15.672839,2026-07-17 16:29:15.691199,0 days 00:00:00.018360,-0.9391385178861161,776.1828388872698,261.70724818150944,0.8016047191946609,0.47387154790339703,781.9890832212957,2.1660644941910046,0.8757776278775382,780.6003240433082,1.177180287984444,,COMPLETE
723,0.30530006613063804,2026-07-17 16:29:15.691199,2026-07-17 16:29:15.712150,0 days 00:00:00.020951,-1.4641457064229662,779.3437039025564,196.177229723705,4.721636310253863,0.6402811387368792,778.7177471924242,1.4891618915786358,0.659847341235908,781.0063456269814,2.821926979140021,,COMPLETE
724,0.26645308736892304,2026-07-17 16:29:15.712150,2026-07-17 16:29:15.736678,0 days 00:00:00.024528,0.18940293359126595,776.8434268401411,-105.51264283487272,0.6449010136578393,0.2518372953520216,782.1098087460773,2.7350382242732048,0.8785245207532194,779.368968481059,1.3795179598500737,,COMPLETE
725,0.17882707317897117,2026-07-17 16:29:15.736678,2026-07-17 16:29:15.760678,0 days 00:00:00.024000,-0.5896303625907588,781.3406896020833,199.3576736431658,5.574652098105981,0.650802705910616,779.6572016263532,2.0365146033648136,0.04643507816128211,780.8293340326122,2.6307778952196244,,COMPLETE
726,0.6172587868343186,2026-07-17 16:29:15.760678,2026-07-17 16:29:15.784810,0 days 00:00:00.024132,0.08123898381348693,777.4626660110005,97.23395212614722,1.1055357949192384,0.9945801529205511,781.0838418165363,1.8437706251981003,1.1629297028449375,778.7191609088025,0.670231364689261,,COMPLETE
727,0.21360269710997082,2026-07-17 16:29:15.785810,2026-07-17 16:29:15.805343,0 days 00:00:00.019533,-1.0279968217966953,781.0421169275505,279.51572260050074,4.19984467597343,0.9127005539072005,779.4820345495303,1.710128311568401,0.024449516755558058,782.9288586813199,2.6519744448353513,,COMPLETE
728,0.5526545222423701,2026-07-17 16:29:15.805343,2026-07-17 16:29:15.830800,0 days 00:00:00.025457,-0.24870400047510732,777.3244742703479,78.42125406112497,5.38966420857096,0.6119908741672829,778.9319387637256,1.8232863814022102,0.9087447694295918,779.5612085698559,2.6522972338421833,,COMPLETE
729,0.2778087553836425,2026-07-17 16:29:15.830800,2026-07-17 16:29:15.852532,0 days 00:00:00.021732,0.03913035326238845,782.6535486891809,440.986610958919,3.6763610751947,0.9064322642374284,779.836807993609,0.8976521671349612,3.4348142727815695e-05,781.4269249824056,2.8813754584108224,,COMPLETE
730,0.21863302014001124,2026-07-17 16:29:15.852532,2026-07-17 16:29:15.878536,0 days 00:00:00.026004,-0.4342339876344554,782.1176411610584,-150.06563955400117,5.803994992539429,0.7386331003286066,779.484471979796,1.9465240186682087,0.10881098267084088,780.9366974868261,2.863520842496202,,COMPLETE
731,0.776865166050021,2026-07-17 16:29:15.878536,2026-07-17 16:29:15.895613,0 days 00:00:00.017077,-0.5001004624571661,783.7796064864496,754.019183850059,3.0177625207440695,1.2027421750620293,778.7487608791165,1.6703158401958296,0.0367904843914269,783.6653196062456,1.983587583234009,,COMPLETE
732,0.6052987000935574,2026-07-17 16:29:15.895613,2026-07-17 16:29:15.922133,0 days 00:00:00.026520,-0.03378188747292743,777.576571256517,509.9969346544542,0.8317327697761867,0.4849485764897231,780.9791337510358,2.4468306571902234,0.9710043202468586,779.4334773419529,0.8627217392454134,,COMPLETE
733,0.39582435146088457,2026-07-17 16:29:15.922133,2026-07-17 16:29:15.937135,0 days 00:00:00.015002,0.6755459603755594,776.8925717110263,-283.45283494787805,4.345529584906627,0.44334952256132504,781.1455641169694,2.6460637964821867,0.24905334074687713,778.6548672935716,1.7113306321388058,,COMPLETE
734,0.4420196797697609,2026-07-17 16:29:15.937135,2026-07-17 16:29:15.955134,0 days 00:00:00.017999,-0.8537325289120024,778.796618602901,236.5732285825283,1.8803046915567667,0.4724476885286477,781.3023330765458,2.3285617186870313,0.7313670641114852,777.9924407321533,0.8188051233869229,,COMPLETE
735,0.23741482295902633,2026-07-17 16:29:15.955134,2026-07-17 16:29:15.976334,0 days 00:00:00.021200,-0.17809996432231356,776.6277004324214,-256.543031987905,1.9363836048238219,0.29705868668270685,781.9878392035707,2.490151214238209,0.8899544803778124,779.8164503399161,2.6624207612536503,,COMPLETE
736,0.47939014737205643,2026-07-17 16:29:15.976334,2026-07-17 16:29:16.001346,0 days 00:00:00.025012,-0.36951706903895315,776.7940472349861,151.8191743357965,0.5684774282287115,0.1779107780190089,780.5846673633948,2.1037283641012885,1.0467596853357832,778.7230020054483,0.2972642457782636,,COMPLETE
737,0.5060428462587205,2026-07-17 16:29:16.001346,2026-07-17 16:29:16.025888,0 days 00:00:00.024542,0.39695778373457236,776.5248602958598,-141.58776415058804,2.055266501441971,0.20813101771619846,782.9473466759536,0.9903959332144858,1.1079474427361646,780.8845563965158,0.7434625073533736,,COMPLETE
738,0.3492258813859143,2026-07-17 16:29:16.025888,2026-07-17 16:29:16.049068,0 days 00:00:00.023180,-0.4887064214182046,781.9105994993346,454.1546553519558,3.3903099614722163,0.6157266834341695,778.5124782994092,2.4579379121770133,0.016358244174992025,780.5772703069314,2.2368932396495347,,COMPLETE
739,1.183959096714952,2026-07-17 16:29:16.049068,2026-07-17 16:29:16.075072,0 days 00:00:00.026004,-0.40389316603127434,783.5808578281874,507.94318623402194,1.0094858615284972,0.8213673557906179,779.874534986845,2.8512568872037924,1.4591445626455068,783.0297587587811,1.0688336289551779,,COMPLETE
740,0.43918518421270153,2026-07-17 16:29:16.075072,2026-07-17 16:29:16.099078,0 days 00:00:00.024006,-0.474751709764888,782.5309565558831,-74.36745948271317,5.5023439366130935,1.0757355530832617,780.8805387669537,1.617176747578752,0.3628321568721871,783.6596785260942,2.7150307876911692,,COMPLETE
741,0.488919793986964,2026-07-17 16:29:16.099078,2026-07-17 16:29:16.125080,0 days 00:00:00.026002,-1.060672246504225,776.7363532292165,274.9745167996292,6.2648805611822596,0.49210832083903866,780.1983135495236,2.3569801490918647,1.23999724946367,778.2151734658554,2.69458543187575,,COMPLETE
742,1.397372345103176,2026-07-17 16:29:16.125080,2026-07-17 16:29:16.148092,0 days 00:00:00.023012,-1.3168548403196874,783.2952936429064,944.8914926857678,0.8357670669683069,0.560387940825951,781.5454328995194,2.278027731500025,1.1966207870919439,781.6654853349852,2.443485326923607,,COMPLETE
743,0.21956779211948965,2026-07-17 16:29:16.148092,2026-07-17 16:29:16.171094,0 days 00:00:00.023002,-0.16313277356675648,778.0520732134784,6.399541670821833,0.7108107347997067,0.6741562439923986,781.5449941054305,2.010655853196204,0.501577183061255,779.0866497021618,1.2062155850212228,,COMPLETE
744,0.3196124889059104,2026-07-17 16:29:16.172093,2026-07-17 16:29:16.196101,0 days 00:00:00.024008,-0.45739918535619567,781.2091967535787,106.84434161050486,4.94580969290712,0.2526379091513448,779.3105766576243,2.0448781888852583,0.2587148402226037,781.4863003121399,1.980262419458808,,COMPLETE
745,1.1008916671023912,2026-07-17 16:29:16.196101,2026-07-17 16:29:16.221789,0 days 00:00:00.025688,-0.13652070555276602,779.6339148168995,56.480785330984475,2.458816824656715,0.7782673491144007,776.8523952325232,2.5472297123370864,1.450794715396683,777.5010730207415,2.204401100043911,,COMPLETE
746,0.3018607846613222,2026-07-17 16:29:16.221789,2026-07-17 16:29:16.243044,0 days 00:00:00.021255,-0.6219414978989086,781.9392585228045,672.8493878052943,6.124516310432679,0.2691350704160893,780.9281519590869,2.0108555070997727,0.015425027116781318,783.1088736215712,2.2430884259958273,,COMPLETE
747,0.45936911651632,2026-07-17 16:29:16.243044,2026-07-17 16:29:16.265042,0 days 00:00:00.021998,-0.7309837445336665,776.2004541465518,236.82183641413258,0.8359979267197064,0.3849778150934195,779.3811323601562,2.0782370225928015,0.36732857682163916,780.5910470617996,1.9770570320284648,,COMPLETE
748,0.44910753964872313,2026-07-17 16:29:16.265042,2026-07-17 16:29:16.290801,0 days 00:00:00.025759,-0.09478218505788777,781.7915101133285,204.40484139495362,1.8172853958757527,0.5353687709831811,780.6001910686725,2.7905377099701982,0.3054105623860998,780.7085189105958,2.6511997706379478,,COMPLETE
749,1.707465778074563,2026-07-17 16:29:16.290801,2026-07-17 16:29:16.315275,0 days 00:00:00.024474,1.1633291436761208,780.8284385677649,643.1128276928356,0.4877780719237093,0.3948451493219551,783.5184051265757,1.5129452210812053,1.1720007773036898,781.4749916983606,1.649484549231871,,COMPLETE
750,0.5071392449714354,2026-07-17 16:29:16.315275,2026-07-17 16:29:16.343739,0 days 00:00:00.028464,0.11844861291390762,777.1460131890398,-105.98335252331381,1.3600911906780926,0.5328600598637503,781.5145174933737,1.4675911548408558,1.0519319923165862,776.3141411545944,0.7963469761961203,,COMPLETE
751,0.49693450458219024,2026-07-17 16:29:16.343739,2026-07-17 16:29:16.366731,0 days 00:00:00.022992,0.00907066015927993,776.9967701020599,-1.7649957319557785,0.1253536174716696,0.8061015224621618,781.4942890740242,1.6338395152986405,1.1914522501116778,779.4991757784452,1.023667150502245,,COMPLETE
752,0.5765141970326538,2026-07-17 16:29:16.366731,2026-07-17 16:29:16.389893,0 days 00:00:00.023162,-0.7136229933715987,776.641743876399,27.967919221371513,1.370937669384438,0.7386849292686655,782.203089337021,1.2852299694362839,1.1462283397815927,780.730149791892,1.3124478754894828,,COMPLETE
753,0.6841141638152081,2026-07-17 16:29:16.390895,2026-07-17 16:29:16.414642,0 days 00:00:00.023747,0.20483653524726597,780.4938429125814,157.66185239138483,0.8803160173114968,0.8616348718064025,777.5216058678,0.8123504576198011,1.0163427858461134,780.729883421103,1.8129291490842903,,COMPLETE
754,0.4287710567781272,2026-07-17 16:29:16.414642,2026-07-17 16:29:16.437408,0 days 00:00:00.022766,-0.8406245694644463,778.4865953947182,139.1716530459764,6.621153078924577,0.7298934070400104,779.0900969581214,2.568381085473041,0.884873666997107,781.8527002175512,2.8442265972420726,,COMPLETE
755,0.42052428799233055,2026-07-17 16:29:16.437408,2026-07-17 16:29:16.461412,0 days 00:00:00.024004,-1.1069061348804095,778.7500818552309,165.04530142337833,4.531116706499711,0.6453555371586079,780.2802210760512,2.502310816454403,0.08378638848424216,781.7503657696705,2.8296686410444045,,COMPLETE
756,1000.0123330804521,2026-07-17 16:29:16.461412,2026-07-17 16:29:16.486412,0 days 00:00:00.025000,-1.4495311339770498,777.0656389856207,463.7237494676116,7.352998524346934,0.49568546905356414,780.239789876559,1.322556112071185,1.2235497873661012,780.2423585409871,2.3832853301054526,,COMPLETE
757,0.14927189021223175,2026-07-17 16:29:16.487412,2026-07-17 16:29:16.509032,0 days 00:00:00.021620,-0.5413787517527797,778.4964683867615,-50.094540219742676,2.3703184437500044,0.38317343078799515,781.5502934223164,2.9137067465916435,0.9642955351839111,779.6890961312133,1.9132921305220432,,COMPLETE
758,0.5367856607137965,2026-07-17 16:29:16.509032,2026-07-17 16:29:16.529180,0 days 00:00:00.020148,-0.594027566586716,778.6928449333398,294.04474141793037,2.830283948849737,0.35011491412808016,780.3724718607738,2.717069442143645,1.0607456760274316,777.6078862336705,1.478089953667023,,COMPLETE
759,0.1836735758651319,2026-07-17 16:29:16.529180,2026-07-17 16:29:16.551180,0 days 00:00:00.022000,-0.17397643226978377,777.5023016808518,2.3943758245222213,0.7027238801450763,0.24561867686921762,780.9192419904217,1.478883428940371,1.1013569574254138,779.8402605862624,0.9761077216381983,,COMPLETE
760,0.8390694751646774,2026-07-17 16:29:16.551180,2026-07-17 16:29:16.573267,0 days 00:00:00.022087,0.2619953809411283,776.4068323835484,525.617220071552,2.595432552329541,0.44087332876384966,780.0437146068191,0.9383619583489031,1.0224191228224933,781.0520941807791,1.0356382592278963,,COMPLETE
761,0.8325661395408381,2026-07-17 16:29:16.573267,2026-07-17 16:29:16.592454,0 days 00:00:00.019187,0.4745093010367916,777.9404312545234,828.9066674945061,2.222043754074175,0.45980167639255,777.0907016014961,0.33332601740961976,0.11512213320286424,781.0789051177406,2.463439473984355,,COMPLETE
762,0.6327057836757916,2026-07-17 16:29:16.592454,2026-07-17 16:29:16.609979,0 days 00:00:00.017525,-0.3574798322584183,777.5348918742899,157.51202498019188,0.41705251295001006,0.34839653455159625,783.0391068370918,1.5098227898200605,1.0224572004082433,781.637821677113,1.0092246810786567,,COMPLETE
763,0.36659367002150867,2026-07-17 16:29:16.609979,2026-07-17 16:29:16.631089,0 days 00:00:00.021110,-0.6421780896260005,776.9085537541292,283.6940044517439,1.0607595098225473,0.5429915336303959,778.9704853551037,1.240672806010453,0.8265807929865088,779.2625531817856,0.819537086470266,,COMPLETE
764,0.6607981439143708,2026-07-17 16:29:16.631089,2026-07-17 16:29:16.654559,0 days 00:00:00.023470,0.30389475492840656,776.5927410730068,133.95915647550513,0.28495837633924664,0.5225717969177702,783.2702970220546,1.8113097058394512,0.8310283071707616,777.0478593412183,0.7698205269714736,,COMPLETE
765,1000.0025081209086,2026-07-17 16:29:16.654559,2026-07-17 16:29:16.673558,0 days 00:00:00.018999,0.6815366964076558,777.2628792529385,-43.98615673213473,0.6342257356922427,0.556140776204076,779.9073329707325,1.1603506165978386,0.6307363003688553,779.9875188155547,1.4219811596312728,,COMPLETE
766,0.47611513708706255,2026-07-17 16:29:16.673558,2026-07-17 16:29:16.710851,0 days 00:00:00.037293,0.6305369046419531,778.7189295314275,-280.5193396985941,0.6104637542954914,0.25018250830062505,782.8577770429496,2.0437890962412797,1.1506952011694063,779.8873395309811,0.13731121886824726,,COMPLETE
767,0.40518588675949485,2026-07-17 16:29:16.710851,2026-07-17 16:29:16.735774,0 days 00:00:00.024923,-0.14674626827678935,779.8514726283577,-173.41101769993136,2.1001609642526,0.5994127770063913,783.6797423044577,2.835199156801399,1.0273370804700694,780.3073130942819,1.5084450675100736,,COMPLETE
768,0.3972323212403596,2026-07-17 16:29:16.735774,2026-07-17 16:29:16.759675,0 days 00:00:00.023901,-0.4261344107227805,776.478348041167,-91.0898328925486,0.7902294358950239,0.4181868690417583,782.4731892053935,1.4815623158264104,1.2166642149521354,779.3202661963057,0.7709471189962568,,COMPLETE
769,0.8212582605364721,2026-07-17 16:29:16.760677,2026-07-17 16:29:16.786275,0 days 00:00:00.025598,0.11198930813004593,776.1186257406769,-166.01290691233444,1.4998580709921185,0.5480099976178757,780.1858189673895,2.92716004349243,1.1682278120003178,780.4682455094929,2.2584648115122716,,COMPLETE
770,0.35998612916095757,2026-07-17 16:29:16.786275,2026-07-17 16:29:16.810568,0 days 00:00:00.024293,-0.9068264323466417,779.8489018693313,91.95319096849516,2.4532458213498107,0.42345651286514463,780.3125797993872,2.9136811157376834,0.8723826212853547,778.606661393246,2.3875330286678285,,COMPLETE
771,0.7871029979244536,2026-07-17 16:29:16.810568,2026-07-17 16:29:16.834565,0 days 00:00:00.023997,-0.7628455573175399,777.0469445210921,669.2459984432886,2.064847298064493,1.3493075718694678,783.3142744426704,1.9708630047263247,1.032117462893697,776.8991068185957,1.404880666713329,,COMPLETE
772,0.7086958812608154,2026-07-17 16:29:16.834565,2026-07-17 16:29:16.860565,0 days 00:00:00.026000,1.038970290439698,780.3575385666844,362.00387289144095,4.95128402532387,0.2866018207269522,780.0456916805183,2.2940344132344306,0.028102016452826693,779.3771856322431,2.483951626897577,,COMPLETE
773,1.7261631730421265,2026-07-17 16:29:16.860565,2026-07-17 16:29:16.880650,0 days 00:00:00.020085,0.8909619976513594,783.289444638168,756.7512466189701,0.9464140741307864,1.0546699829161768,779.8591321269964,2.406090596555434,0.8838701708850564,781.8248528583223,2.794993027404905,,COMPLETE
774,0.4065908018668462,2026-07-17 16:29:16.880650,2026-07-17 16:29:16.904680,0 days 00:00:00.024030,-0.310584771596403,777.7861367079846,-193.7352845339345,1.7026525019804384,0.09615373535591151,781.1495741177765,1.1934008881723548,1.4289586335258395,780.0557339866087,0.9223044297692448,,COMPLETE
775,0.956414578248874,2026-07-17 16:29:16.904680,2026-07-17 16:29:16.930174,0 days 00:00:00.025494,-1.0869827764395574,776.489032711173,-30.441397373453192,0.9132825427108253,0.531723125833403,780.3814857229961,1.7059866217930848,0.8648575640852526,778.2560975994567,0.6903072794705807,,COMPLETE
776,0.8380732198754272,2026-07-17 16:29:16.930174,2026-07-17 16:29:16.951899,0 days 00:00:00.021725,-0.1363607313390448,779.6306664736368,-164.7639193555948,0.42929833602682266,1.1168377739006836,778.9807409293168,2.6579533220710196,1.1944436768218858,783.6819394672307,2.8204350596316847,,COMPLETE
777,0.9787132896372005,2026-07-17 16:29:16.951899,2026-07-17 16:29:16.977108,0 days 00:00:00.025209,-1.1726140637321179,777.7525745118701,59.711755275684425,0.5641574144757445,0.23037981451467954,779.9442191377328,1.7243649751010799,1.1953479595351233,780.9011528632423,0.7497319969159633,,COMPLETE
778,0.4148002662607248,2026-07-17 16:29:16.977108,2026-07-17 16:29:16.999870,0 days 00:00:00.022762,0.5288305591097957,776.6014602335473,-191.86961517842292,0.2379310201381572,0.21101561592979529,781.8983794148722,1.3116240778908277,1.2231107873315974,779.384841335904,0.8654990028681618,,COMPLETE
779,0.354616353957414,2026-07-17 16:29:16.999870,2026-07-17 16:29:17.021663,0 days 00:00:00.021793,-0.029029094827305923,776.9923270624529,135.29478617955613,2.8136346162316475,0.39756896832989286,781.6117627030562,1.9761848336937893,0.8537300909642623,778.4868637274277,1.448678381601789,,COMPLETE
780,0.3858538680597714,2026-07-17 16:29:17.021663,2026-07-17 16:29:17.045920,0 days 00:00:00.024257,-1.4540505494724776,783.1758522291029,-171.70421929298675,3.0348310006979355,0.6019240337882095,781.8101639082776,2.908086072829667,1.2870725652102148,780.5863322673779,1.5688837222170962,,COMPLETE
781,0.624487136128316,2026-07-17 16:29:17.045920,2026-07-17 16:29:17.070436,0 days 00:00:00.024516,-0.07612567249858089,778.9172805468653,437.9880539578622,1.5349898707596095,0.32418932248010485,782.6612270881558,1.5230698320733147,1.3443163962704858,780.4606760767513,0.9640039785308323,,COMPLETE
782,1.232836541211693,2026-07-17 16:29:17.070436,2026-07-17 16:29:17.095446,0 days 00:00:00.025010,0.713084649869995,778.292927987263,217.64849198673127,0.8166552550612901,0.03745430545128947,780.2928696081784,1.568242543946979,1.4084362037531872,782.5158229196097,1.3433964812866974,,COMPLETE
783,0.4721431719344852,2026-07-17 16:29:17.095446,2026-07-17 16:29:17.119818,0 days 00:00:00.024372,-0.27329953788581773,776.3453822617302,-90.56491047918527,1.480199296691363,0.30485641143646514,781.7289524564148,2.4464690630933625,0.9284848668322587,777.8325643393333,0.9122942547382018,,COMPLETE
784,0.198261586009393,2026-07-17 16:29:17.119818,2026-07-17 16:29:17.134813,0 days 00:00:00.014995,-0.9767344527071969,780.100095416163,279.15646358195096,7.067163715571253,0.6983465201637465,779.3254676400676,2.3074533606433856,0.2204602814919472,779.5282258455203,2.7189882768756735,,COMPLETE
785,0.5242509536986897,2026-07-17 16:29:17.134813,2026-07-17 16:29:17.154817,0 days 00:00:00.020004,-0.7688457049630473,777.4087014159518,-38.70309833057417,1.2994506611292038,0.7430518700282069,781.2408730301622,2.057200033850258,1.4399799158632343,777.8355101210814,1.120168062893856,,COMPLETE
786,0.26936312945561236,2026-07-17 16:29:17.154817,2026-07-17 16:29:17.179818,0 days 00:00:00.025001,-0.4317301737643824,783.4839239698639,296.95920751635435,6.091002345070549,0.9200063897359316,778.7454360745357,1.4644563100695231,0.059183265179175756,783.7206818489974,0.10433110835344994,,COMPLETE
787,0.41984361569706025,2026-07-17 16:29:17.179818,2026-07-17 16:29:17.205827,0 days 00:00:00.026009,0.014749596226226958,783.3933095131143,317.06692822482376,3.3093106850073535,0.5165485213561763,780.7623261034621,1.8270635685271985,0.20326300297260924,779.9724008022007,2.987067656723709,,COMPLETE
788,0.12928600687058428,2026-07-17 16:29:17.205827,2026-07-17 16:29:17.230871,0 days 00:00:00.025044,-1.026895624862387,783.4807686154842,234.33280140925572,3.7403788188916427,0.9133925426014681,779.4901857575128,1.136220057029764,0.15468094089779091,780.7960583990867,2.6301658424824543,,COMPLETE
789,1.9253152617051266,2026-07-17 16:29:17.230871,2026-07-17 16:29:17.253872,0 days 00:00:00.023001,1.2764138181097588,782.1907423122537,775.6760219368628,7.470159074875107,1.1018925229533023,783.9478455466578,2.497465946785648,1.007331362929229,777.7343411068719,2.8465572621044366,,COMPLETE
790,0.29407097277391225,2026-07-17 16:29:17.253872,2026-07-17 16:29:17.280366,0 days 00:00:00.026494,-0.748116987601442,783.3535310901934,278.4083981895778,6.810069262247519,1.1175060336257192,779.1754515315204,0.5756891298587695,0.025895493331958938,782.0111807856479,1.1810755395778343,,COMPLETE
