number,value,datetime_start,datetime_complete,duration,params_background_amplitude_fraction,params_background_center,params_background_offset,params_background_width,params_peak_1_amplitude_fraction,params_peak_1_center,params_peak_1_sigma,params_peak_2_amplitude_fraction,params_peak_2_center,params_peak_2_sigma,system_attrs_fixed_params,state
1223,0.3729007478168602,2026-07-17 16:29:26.395679,2026-07-17 16:29:26.426077,0 days 00:00:00.030398,0.11085981659353927,778.8284774932529,-162.30474132985847,4.480139737603328,0.3202727335588867,777.6339672224271,0.7496419512235919,0.8715128449993892,778.6643213394152,2.4676981796622015,,COMPLETE
1224,0.2929256636305838,2026-07-17 16:29:26.426077,2026-07-17 16:29:26.450650,0 days 00:00:00.024573,0.22408261507654728,777.9709645108629,-113.88636598382683,3.0043169800152345,0.32309647806674596,778.7424932764229,1.5350640369162378,0.062404348125806586,778.1897664547637,1.2675349473408741,,COMPLETE
1225,0.3457271612147441,2026-07-17 16:29:26.450650,2026-07-17 16:29:26.474820,0 days 00:00:00.024170,0.29127168948203275,776.9064504333774,-113.70707809121102,1.1859396257401031,0.5184916208647333,782.1048273264888,0.16398876973081578,1.0066251255391514,778.7497778913289,1.5846086896020366,,COMPLETE
1226,0.5758179766446843,2026-07-17 16:29:26.474820,2026-07-17 16:29:26.496879,0 days 00:00:00.022059,-0.9189905756423529,776.9162470721292,62.64732455088168,3.308162234096688,0.2756699225639861,778.9075827748063,0.2107429711127482,0.7996905577997329,779.284917460982,1.6971424578729803,,COMPLETE
1227,0.6615128183176914,2026-07-17 16:29:26.496879,2026-07-17 16:29:26.523270,0 days 00:00:00.026391,0.047071904727865044,776.269493338357,364.1537448415135,3.5612387322239902,0.4981380369596674,780.0582288203799,0.18205914358827302,1.1580637460708236,777.4486285739116,1.4892437677010604,,COMPLETE
1228,0.5131715926985992,2026-07-17 16:29:26.523270,2026-07-17 16:29:26.544085,0 days 00:00:00.020815,-0.088362567100295,776.5478517689298,-147.56381903640664,3.943093350170948,0.8104751515013403,777.6480532991296,1.0657715512757888,0.5618453539951987,778.5184145093077,0.8769827167282868,,COMPLETE
1229,0.5750751861789942,2026-07-17 16:29:26.544085,2026-07-17 16:29:26.566441,0 days 00:00:00.022356,-0.24349554676022955,776.7998204283051,-28.76235675560781,2.376158445309229,0.002641971222587247,780.3030387094569,1.4999685802351252,1.3061830765571871,776.8667233084772,2.3923817124044255,,COMPLETE
1230,0.25285184646267944,2026-07-17 16:29:26.566441,2026-07-17 16:29:26.588876,0 days 00:00:00.022435,0.11879861342736255,776.3942187792649,-305.6101435095241,7.6880073082517715,0.982749854877094,780.079634935035,1.5023899818622888,0.46351678348099257,779.4241182764547,1.736097668663843,,COMPLETE
1231,0.15013418754591687,2026-07-17 16:29:26.588876,2026-07-17 16:29:26.615737,0 days 00:00:00.026861,0.0776060337130478,779.1945119880518,-293.35357776323144,2.275281971179643,0.3684836708364225,779.1690276602541,0.6744383446709259,0.8721391229578437,779.742989588973,1.2923474160314496,,COMPLETE
1232,0.33261695198612085,2026-07-17 16:29:26.615737,2026-07-17 16:29:26.636365,0 days 00:00:00.020628,-1.0570235367828742,783.2762273933117,525.8695506926322,3.2371622767434394,0.44669097007492337,778.0384993271731,1.038589457057547,0.42204568646619306,782.286364247838,2.807527793438769,,COMPLETE
1233,0.5509498825788103,2026-07-17 16:29:26.636365,2026-07-17 16:29:26.656884,0 days 00:00:00.020519,-0.9406521220404096,779.473615385421,123.97717419452454,1.940160545704676,0.15165176621106838,782.4977314062949,0.5381418672365185,0.7673061028683846,778.6742115836888,1.6728893174292456,,COMPLETE
1234,0.8465124660997287,2026-07-17 16:29:26.656884,2026-07-17 16:29:26.686000,0 days 00:00:00.029116,0.31729243846264554,778.3801786471435,916.8779317211479,3.484596931316767,0.24055744743505636,776.1664071966358,1.1013128809267372,1.0455136874766877,778.1552989663593,0.40156256452042083,,COMPLETE
1235,0.4803403027325484,2026-07-17 16:29:26.686000,2026-07-17 16:29:26.703256,0 days 00:00:00.017256,-1.4670366985161687,783.1003734407917,509.2316933976753,0.17505925283388674,0.791385867480998,782.7809194100506,0.14453870395851953,0.1468289221533916,781.8462385401425,0.7069356596798816,,COMPLETE
1236,0.14947677999639292,2026-07-17 16:29:26.703256,2026-07-17 16:29:26.733848,0 days 00:00:00.030592,0.01071864920665011,778.1135659873479,-95.10390044996544,3.35535315596654,0.10900083423069595,781.5589546153916,0.8407202458958234,0.7317080476222065,779.299749162113,1.7380301046800124,,COMPLETE
1237,0.18928083993276898,2026-07-17 16:29:26.733848,2026-07-17 16:29:26.754882,0 days 00:00:00.021034,-0.007127760278488392,778.3150953332774,-101.54932315587273,5.961785214442338,0.4064436031937515,780.5225957027749,0.7463081535984083,0.7502758674024337,779.6765737575465,1.9425572018567803,,COMPLETE
1238,0.23088975701848372,2026-07-17 16:29:26.754882,2026-07-17 16:29:26.775636,0 days 00:00:00.020754,-0.045541284908966695,783.8600759366556,174.62303686455252,6.226139662115815,0.876253979899414,778.9289824814284,1.302229809676884,0.08700618089785742,780.2654170367415,2.6004026091329084,,COMPLETE
1239,0.7053474483701067,2026-07-17 16:29:26.775636,2026-07-17 16:29:26.796377,0 days 00:00:00.020741,-0.5401381565326512,778.4016800498116,-140.94410564236853,5.324097631631524,0.15206268786919808,781.9200338227612,0.5053448464735871,0.37308736024648215,780.7961673413165,1.162521768658233,,COMPLETE
1240,0.23833998595106476,2026-07-17 16:29:26.796377,2026-07-17 16:29:26.827087,0 days 00:00:00.030710,0.1331209948191701,782.3291339033192,-207.5599082652335,7.893193449321083,0.4769808414868371,779.1736121104565,1.793547541616398,0.12459353743915676,780.3137157924301,1.778067724920405,,COMPLETE
1241,0.4145231184520025,2026-07-17 16:29:26.827087,2026-07-17 16:29:26.852972,0 days 00:00:00.025885,-0.14602615870509536,777.199895083234,-24.377623930540853,1.923029189185406,0.31461454233716596,779.7861137680711,0.9320654697329319,0.9512402148706012,781.8515612218672,2.28912760616214,,COMPLETE
1242,0.09954094926611703,2026-07-17 16:29:26.852972,2026-07-17 16:29:26.876865,0 days 00:00:00.023893,-0.011803524238046488,776.9757722708179,-0.41227696664144275,0.7378473433062451,0.029814555919599264,782.3290644882095,0.7534797935283455,0.8587291332095587,779.5771132111721,1.562234225206538,,COMPLETE
1243,0.5114120273131773,2026-07-17 16:29:26.876865,2026-07-17 16:29:26.904780,0 days 00:00:00.027915,0.27023030699727635,777.0285878253724,78.7790045099414,0.9929027814774111,0.020591094818331577,783.2550436381421,0.8166723559635113,1.1872364201160328,779.5039212191135,1.5783654575373987,,COMPLETE
1244,0.2942027528214652,2026-07-17 16:29:26.904780,2026-07-17 16:29:26.927831,0 days 00:00:00.023051,-0.10203422394809268,777.5033846321675,298.4724762263803,1.9280419730171419,0.2287268603313192,780.7895013536247,0.8386606666078436,0.5501014043323911,778.0434128496258,1.388779079567553,,COMPLETE
1245,0.20282173973895576,2026-07-17 16:29:26.927831,2026-07-17 16:29:26.948392,0 days 00:00:00.020561,-0.13106989398710622,778.3521424696146,8.291057091214377,4.832671621470626,0.3045196961355197,781.399102756192,1.3304885333727816,0.7955272525983047,778.5330807992556,1.2398039910216827,,COMPLETE
1246,0.4422931936495114,2026-07-17 16:29:26.948392,2026-07-17 16:29:26.974013,0 days 00:00:00.025621,-0.6955972044170957,780.0295657731828,182.75412579213418,2.7337016349037095,0.37618049704704604,779.4334121839474,1.7460176988710312,0.15291098518527318,782.5927160924815,0.2088946153489078,,COMPLETE
1247,0.7563436037214526,2026-07-17 16:29:26.974013,2026-07-17 16:29:26.994203,0 days 00:00:00.020190,0.9555838114537389,777.23454479508,47.008900542507234,3.5990271690403928,0.057455476334632466,782.6709329791998,0.5979284775686978,0.871999872804801,779.181202817876,1.6113838409499954,,COMPLETE
1248,0.42566066270952074,2026-07-17 16:29:26.994203,2026-07-17 16:29:27.018653,0 days 00:00:00.024450,0.3234997318831913,778.8179855795355,-226.84404149497337,1.2660453017671387,0.10503316872229104,779.475510821188,1.2113199251333222,1.173324085371744,778.0180842589806,1.9303963924704164,,COMPLETE
1249,0.3019057990984375,2026-07-17 16:29:27.018653,2026-07-17 16:29:27.039875,0 days 00:00:00.021222,-0.8249710893230643,777.766966074286,-117.1757718177493,1.7999629472794496,0.2133416189577419,779.8607387255016,1.03769236328302,1.2390098932646687,779.7072778908653,2.1561299915652268,,COMPLETE
1250,1000.009953183005,2026-07-17 16:29:27.039875,2026-07-17 16:29:27.067426,0 days 00:00:00.027551,-0.3200212313071551,776.1964804970761,63.89372780240413,5.123116918873589,0.5088575198931575,781.0698348649531,0.8436468251695795,0.809300356662572,781.0484650106927,1.5238580131002968,,COMPLETE
1251,0.5290020360905808,2026-07-17 16:29:27.067426,2026-07-17 16:29:27.086421,0 days 00:00:00.018995,0.07094443801533615,777.6859694030612,-113.23611199920533,0.27663067850969975,0.2806350877884439,782.2977188633319,0.6995623407550385,0.7979808145986906,781.6014665886246,1.5177769642407453,,COMPLETE
1252,0.18664860241367578,2026-07-17 16:29:27.086421,2026-07-17 16:29:27.106811,0 days 00:00:00.020390,-0.1860075172181629,779.1099800485698,36.32517634016059,1.8759569341855837,0.010934300271423558,781.1248325785672,1.1912262196009582,0.8352000389085197,780.3045337781615,1.732778591900476,,COMPLETE
1253,0.6580443034584313,2026-07-17 16:29:27.106811,2026-07-17 16:29:27.132000,0 days 00:00:00.025189,-0.59994282171102,783.7928227641281,723.9897032999097,1.7435334770624844,0.36951324159767845,778.6802887251355,0.8251136185567409,1.1944356221068069,776.9197191532355,0.48321300249456156,,COMPLETE
1254,1.0156341931492925,2026-07-17 16:29:27.132000,2026-07-17 16:29:27.168264,0 days 00:00:00.036264,0.485339340457858,776.5130246294614,690.2863399797071,0.8628228325765191,0.03018421598939769,783.6439970781419,0.631284380706388,0.7298212345751122,779.875791960614,1.7122611304104705,,COMPLETE
1255,0.2772622614647518,2026-07-17 16:29:27.168264,2026-07-17 16:29:27.188499,0 days 00:00:00.020235,0.4981376531625401,782.988934147572,-258.0885522871388,7.822839819340589,0.5714877756279455,780.3296071322018,1.150249794259735,0.4162905570427094,780.551714585131,2.36728707373114,,COMPLETE
1256,0.698654895830968,2026-07-17 16:29:27.188499,2026-07-17 16:29:27.208922,0 days 00:00:00.020423,-0.1674605251519633,776.5708762475256,32.185852668920745,5.526260672907576,0.6150263544512224,776.7376010328455,1.20516843957817,0.9826376207312983,777.0812755748057,2.3422578971895813,,COMPLETE
1257,0.685731805073463,2026-07-17 16:29:27.208922,2026-07-17 16:29:27.235543,0 days 00:00:00.026621,-0.8064770301208216,776.1848389415318,-16.307335962126032,2.7142260672293257,0.15576129814127954,781.4601955252334,1.2356028601570546,0.9617029779847032,777.9253192941053,1.6085998565153907,,COMPLETE
1258,0.39699567540009434,2026-07-17 16:29:27.235543,2026-07-17 16:29:27.257671,0 days 00:00:00.022128,-0.04977314037703996,778.1486861438998,-204.89474441229424,3.2287337926803343,0.5416232423864447,782.5014627239168,0.4354310569988274,0.660281459865529,779.9205038696438,0.9033115736682005,,COMPLETE
1259,0.6244388175594495,2026-07-17 16:29:27.257671,2026-07-17 16:29:27.281095,0 days 00:00:00.023424,-0.057659795161595584,776.2468788375382,433.7300044913969,0.7536333589269752,0.6856431976636979,782.281431595955,2.210125561279379,0.997976536767178,778.4660712347495,0.8045340114502127,,COMPLETE
1260,0.3042083961252401,2026-07-17 16:29:27.281095,2026-07-17 16:29:27.304171,0 days 00:00:00.023076,-1.135597720147762,783.6879593187813,675.0435731678988,2.457098261838717,0.5451451797023901,779.0692416636928,1.5710485195275044,0.005164138741505231,781.8548234911382,2.702450889185289,,COMPLETE
1261,0.41870537354340076,2026-07-17 16:29:27.304171,2026-07-17 16:29:27.327558,0 days 00:00:00.023387,-0.4816208287687515,780.295094728117,1.730732269899356,5.323977858270451,0.0015349132164298451,778.919610920799,0.5587407171285093,0.6356810808456334,778.0579673482331,2.0587310365621945,,COMPLETE
1262,0.5985461514479314,2026-07-17 16:29:27.327558,2026-07-17 16:29:27.348044,0 days 00:00:00.020486,-0.5615769585839897,778.2743499950033,-42.18843992752206,0.5946997048556594,0.34165187040417483,780.4439116804189,0.33309497809688215,0.5319992866606744,781.3604754701976,1.8418249028548541,,COMPLETE
1263,0.4274476165750222,2026-07-17 16:29:27.348044,2026-07-17 16:29:27.374029,0 days 00:00:00.025985,-0.7264866921509412,779.5952476786433,410.15522694071313,6.832012192069068,0.3598886462437865,781.6162492395545,1.5259025816413279,0.04793683635030367,783.7608081121588,0.3291281740696844,,COMPLETE
1264,0.48100377704256847,2026-07-17 16:29:27.376038,2026-07-17 16:29:27.399271,0 days 00:00:00.023233,0.18740052781871216,778.5413868991415,-39.58392484000641,6.091496655184036,0.24191149926023678,782.5605961257219,1.028726451956452,0.9775610927537968,780.3412539563112,2.0713076694179837,,COMPLETE
1265,0.3600154238972209,2026-07-17 16:29:27.399271,2026-07-17 16:29:27.421975,0 days 00:00:00.022704,-0.3472671659231993,778.886807789969,22.08155426501733,2.813182611022924,0.6807658657605513,781.1419049203952,0.6958785048027292,0.7336805118625421,777.8316312313774,1.6101239670698115,,COMPLETE
1266,0.5392905953655851,2026-07-17 16:29:27.421975,2026-07-17 16:29:27.445592,0 days 00:00:00.023617,0.19846621199888095,776.5023588218453,426.71039460469046,0.1555753173312525,0.11778415402347506,780.9670527601079,0.30993824551273513,0.7025010766865034,780.430553474289,1.421218023772821,,COMPLETE
1267,0.5212415662518726,2026-07-17 16:29:27.445592,2026-07-17 16:29:27.468262,0 days 00:00:00.022670,0.8415050469697548,777.0367344702826,-165.70704729910213,3.4676591169415323,0.7109177236052854,780.0358893144991,1.556491331537767,0.28393124090223193,776.3295033649989,1.110911555058734,,COMPLETE
1268,0.25696567453262514,2026-07-17 16:29:27.468262,2026-07-17 16:29:27.492541,0 days 00:00:00.024279,-0.08879039409852121,776.3203172229269,-36.30220795270474,1.0193952978424552,0.17903855696162235,782.3937171448255,0.8554118500545219,0.9756737867344889,778.5796084960618,1.7022630206155784,,COMPLETE
1269,0.2195192525104762,2026-07-17 16:29:27.492541,2026-07-17 16:29:27.515452,0 days 00:00:00.022911,0.25753052666063536,778.1476263144461,-132.82154971946716,0.6065927792521435,0.08902886724392937,781.2161137136927,0.6845072180916323,0.49665425765821464,778.3694764892573,1.7113444265918298,,COMPLETE
1270,0.5421213896935086,2026-07-17 16:29:27.515452,2026-07-17 16:29:27.538437,0 days 00:00:00.022985,-0.6645068011203452,778.3547718550121,126.7893797752163,3.8131126259505215,0.3273436827451705,780.0229182943632,0.41893750650712724,0.25680428885026485,779.1718081823915,1.7158918579913958,,COMPLETE
1271,0.634729684019157,2026-07-17 16:29:27.538437,2026-07-17 16:29:27.560880,0 days 00:00:00.022443,-0.19474001505059557,777.594074142467,-247.40435176658926,5.429135102138607,0.5488844000419552,779.7947164370304,0.14818332873266193,0.8981977822529486,777.3265798654963,1.0202294021419496,,COMPLETE
1272,0.4588380043056783,2026-07-17 16:29:27.560880,2026-07-17 16:29:27.584135,0 days 00:00:00.023255,-0.09794378468854419,778.4938853684891,-291.6032084294003,3.3960081672413245,0.12490852475075018,781.5569915488693,0.6567132733302014,1.0202758122595705,777.6230573714037,1.8804591726877289,,COMPLETE
1273,0.5154136619863143,2026-07-17 16:29:27.584135,2026-07-17 16:29:27.610138,0 days 00:00:00.026003,0.572569067263289,781.5446491770555,556.5413863529845,6.950570388420184,0.40984524939557077,779.2886182884341,1.0157359689113388,0.06431447558438855,783.427944560479,0.26412784070255535,,COMPLETE
1274,0.3548288886417005,2026-07-17 16:29:27.610138,2026-07-17 16:29:27.633794,0 days 00:00:00.023656,-0.6556358253848402,778.446267072996,479.1398687505884,5.580599768055988,0.11081742155123865,778.9968039547723,0.8883796266611558,0.496172395049403,781.5564307422297,1.2693638619290835,,COMPLETE
1275,0.3532811813640073,2026-07-17 16:29:27.633794,2026-07-17 16:29:27.656691,0 days 00:00:00.022897,-0.2527908002210675,782.3120512693057,-270.9387947247518,3.921304285224836,0.6639635343510655,779.1203388519186,1.3380654306058068,0.17411274542595687,778.5263234659855,1.9936027695256882,,COMPLETE
1276,0.3894495552169462,2026-07-17 16:29:27.656691,2026-07-17 16:29:27.677747,0 days 00:00:00.021056,0.03587947630325844,776.2625982068714,-86.57865274996696,1.965639045903855,0.9463488009347096,778.7874114484458,1.2229535026414522,0.47236851579748784,778.5316632222807,2.843247556678793,,COMPLETE
1277,0.5571534596158263,2026-07-17 16:29:27.677747,2026-07-17 16:29:27.702885,0 days 00:00:00.025138,-1.4198833371723358,780.4308068761152,-295.4904160338452,2.5893548853643433,1.1839413616371726,781.2425216490913,1.8935596681675901,0.23255928607924342,782.0359358586879,2.9519551901881615,,COMPLETE
1278,0.493137024097801,2026-07-17 16:29:27.702885,2026-07-17 16:29:27.725610,0 days 00:00:00.022725,0.31341290278182,778.6092435059858,176.15642011083366,1.9434904577998504,0.09218918206382143,781.2777566490885,1.0790970689014459,1.0513168420968786,778.7910508438932,1.4708067121549715,,COMPLETE
1279,0.892495161061595,2026-07-17 16:29:27.725610,2026-07-17 16:29:27.749110,0 days 00:00:00.023500,1.0474889575556783,778.725695625339,127.94959560637113,7.125828970499642,0.726180482910383,783.8686810383734,0.3503976182242856,0.5703519559939093,781.8208799314785,2.5959619814629895,,COMPLETE
1280,0.4664276499865606,2026-07-17 16:29:27.749110,2026-07-17 16:29:27.773037,0 days 00:00:00.023927,0.0394715422533615,777.2477742976001,176.2464450342952,2.197211913846521,0.1291002524498891,778.4799601044538,1.1670489419522772,1.0872489479827818,780.4563048507757,1.684020544686396,,COMPLETE
1281,0.2958242427259623,2026-07-17 16:29:27.773037,2026-07-17 16:29:27.795135,0 days 00:00:00.022098,-0.3519702852982677,777.5087737628509,36.75015179498029,4.022183124945553,0.02182020352168426,779.6267808702206,0.8593682464826404,0.640964945237734,778.9391629691197,1.9286882097029738,,COMPLETE
1282,0.23040301846585148,2026-07-17 16:29:27.795135,2026-07-17 16:29:27.815860,0 days 00:00:00.020725,-0.02857575474181895,781.3668083966909,371.1522912207717,2.413448358745401,0.6648755565727639,779.1173114357659,1.1875798249479148,0.07926396145953746,782.8657965024656,0.4885269679902775,,COMPLETE
1283,0.3969417954077711,2026-07-17 16:29:27.815860,2026-07-17 16:29:27.837337,0 days 00:00:00.021477,0.7128882051484685,778.3474500441565,-259.2937998142377,1.4245271226825107,0.4243474282282443,779.0752543067729,0.9714130418301903,0.6592188946636894,777.7228863051847,1.9106265283550128,,COMPLETE
1284,0.4072840692700228,2026-07-17 16:29:27.837337,2026-07-17 16:29:27.862526,0 days 00:00:00.025189,-0.2902035791983395,779.0542345436214,80.93671787730594,2.0687049516770277,0.012552817782021261,782.4904109851705,1.2834015968144976,0.43062659187659785,778.5747876161857,1.3525333263102075,,COMPLETE
1285,0.37811147608426077,2026-07-17 16:29:27.862526,2026-07-17 16:29:27.883724,0 days 00:00:00.021198,-0.2387050459372901,776.5879205817263,-245.2307901835951,2.532658095856489,0.6081761266309883,780.0612399951249,1.6043203578480327,0.47980891754193633,779.1841438176671,0.5085203359490239,,COMPLETE
1286,0.6045709234521972,2026-07-17 16:29:27.883724,2026-07-17 16:29:27.904947,0 days 00:00:00.021223,-1.0457922713177585,780.8458714958915,1099.596252746037,5.532523450375242,0.4301326302525821,783.9432080304817,1.2477729325345293,0.6814669150725075,776.4244711005585,1.9483013041072672,,COMPLETE
1287,0.5912361996054585,2026-07-17 16:29:27.904947,2026-07-17 16:29:27.931092,0 days 00:00:00.026145,-0.1869790166680907,780.0840460248577,217.75076249638533,0.7550210605535038,0.3134545918574415,780.2536236091814,2.9673106506205222,1.0087426077875163,780.9259934675448,1.8991852810787546,,COMPLETE
1288,0.40903739412782675,2026-07-17 16:29:27.931092,2026-07-17 16:29:27.958605,0 days 00:00:00.027513,0.5425417457414247,778.6121817423526,30.027539431248364,1.141874887582647,0.23862039166852184,783.2174000267358,0.2858015092948593,0.4074387452530042,779.8000325448656,1.78833684518257,,COMPLETE
1289,0.9742897986134991,2026-07-17 16:29:27.958605,2026-07-17 16:29:27.982708,0 days 00:00:00.024103,-0.7294478059433225,783.2904493346969,1075.0452428743338,0.2551773180160209,0.023506500599365876,780.9349587734108,0.7506189014991853,1.3529769056470182,776.6193417192827,0.8592645133037772,,COMPLETE
1290,0.47339209894333134,2026-07-17 16:29:27.983712,2026-07-17 16:29:28.006359,0 days 00:00:00.022647,-0.4324420343387887,782.4196845649237,-270.51701486192076,0.16651656099042497,0.6047593413507335,781.2889995047809,2.211371333325017,0.9550326702251497,779.3477019370431,2.8906057746134195,,COMPLETE
1291,0.3932237725623645,2026-07-17 16:29:28.006359,2026-07-17 16:29:28.030059,0 days 00:00:00.023700,-0.07947697918288618,782.4774525430611,-286.8271217451263,3.7548128222964547,0.619193016647957,780.6358391494794,1.4938471263740334,0.06410435431890887,779.8811420126835,2.520751026682087,,COMPLETE
1292,0.40203793472230875,2026-07-17 16:29:28.030059,2026-07-17 16:29:28.054493,0 days 00:00:00.024434,0.10160024485965755,783.3648895231656,281.8311296832073,3.216462341210523,0.5387919969096784,777.672723709483,1.1055686190773073,0.19205123843410116,781.4812413873176,2.9378282044636492,,COMPLETE
1293,0.823182810574963,2026-07-17 16:29:28.054493,2026-07-17 16:29:28.076894,0 days 00:00:00.022401,0.5215769394150562,778.5746674561898,183.1782478056803,1.5280742800641696,0.4375465052175776,780.9322324010424,1.2475157396553684,0.6630517370473895,779.5115491451005,2.704853384039491,,COMPLETE
1294,0.4597969701978267,2026-07-17 16:29:28.076894,2026-07-17 16:29:28.102227,0 days 00:00:00.025333,-0.2693325442214455,783.933675886878,295.52406002201644,5.759653980118168,0.9528743355731815,779.633038264956,2.457311871799334,0.008073260996803916,782.4246932079432,2.926766449418136,,COMPLETE
