number,value,datetime_start,datetime_complete,duration,params_background_amplitude_fraction,params_background_center,params_background_offset,params_background_width,params_peak_1_amplitude_fraction,params_peak_1_center,params_peak_1_sigma,params_peak_2_amplitude_fraction,params_peak_2_center,params_peak_2_sigma,system_attrs_fixed_params,state
1511,0.3277219126150493,2026-07-17 16:29:34.015431,2026-07-17 16:29:34.044045,0 days 00:00:00.028614,0.24262760576072034,782.5653953339173,-229.14611789171437,5.26966750476639,1.076211518126071,779.4109781397658,1.5317595896261775,0.4316813529996869,781.4632325425546,2.0116210290610352,,COMPLETE
1512,0.9923877965571161,2026-07-17 16:29:34.044045,2026-07-17 16:29:34.071264,0 days 00:00:00.027219,-0.4054137225473454,777.6580551055923,224.76422812322915,0.2476421396460323,1.4125245428057536,777.7844296699187,2.1477235703282522,1.3828299678896667,780.6587228302127,1.5577483771764558,,COMPLETE
1513,0.7795794323977203,2026-07-17 16:29:34.071264,2026-07-17 16:29:34.099264,0 days 00:00:00.028000,-1.2482124580937846,777.774547866148,1131.6542391172393,2.768785546483903,0.28543241701542105,783.5382251625517,0.4713340802457635,1.4764302871451673,783.1404700457488,1.8738060657958284,,COMPLETE
1514,0.3068758142444996,2026-07-17 16:29:34.099264,2026-07-17 16:29:34.127314,0 days 00:00:00.028050,-0.7316935546679133,777.2800441309895,-232.74177654501267,6.7255249057108335,0.5444585677685185,778.8044029755071,0.8409458416653871,0.9494909568036396,779.9386558776825,2.070502640167093,,COMPLETE
1515,1.1875944743497888,2026-07-17 16:29:34.127314,2026-07-17 16:29:34.161670,0 days 00:00:00.034356,0.2093105253910221,779.6048748571377,1188.3770179658586,0.7037907835222257,0.452949942421069,783.8313154409952,2.5961790186329288,1.2289740318148654,777.3917798926452,0.41572523163994024,,COMPLETE
1516,0.5397654586366396,2026-07-17 16:29:34.161670,2026-07-17 16:29:34.187489,0 days 00:00:00.025819,-0.013246686810918867,783.8599389749511,-263.74723942898254,3.635320033336939,0.7183945710306967,780.0622276017797,0.4589035925365622,0.014285253084003108,777.7009625611787,1.9317328573792034,,COMPLETE
1517,0.27237003686237365,2026-07-17 16:29:34.187489,2026-07-17 16:29:34.211493,0 days 00:00:00.024004,-0.11429206073551962,783.9849691369286,54.16114719957591,7.5526057675139935,1.0076465155744274,779.95797541438,1.213950610138032,0.2687435523565793,780.784982252898,2.9925574481984976,,COMPLETE
1518,0.25958779980665503,2026-07-17 16:29:34.211493,2026-07-17 16:29:34.236021,0 days 00:00:00.024528,0.8473646475715995,780.8068744542113,-253.32356088591575,2.5777959213674797,0.968852608158948,779.3588022490942,0.9563149793012488,0.15859785995917025,781.5002853842686,1.6952938708211172,,COMPLETE
1519,0.2057866152792268,2026-07-17 16:29:34.236021,2026-07-17 16:29:34.261789,0 days 00:00:00.025768,0.31245077501550184,782.9636436452902,-216.13877548886836,1.0839023167094979,0.9287222298105151,778.6685070325525,1.4464288682640671,0.1099559059827487,781.7259374802195,2.785029134579821,,COMPLETE
1520,0.05454136935245594,2026-07-17 16:29:34.261789,2026-07-17 16:29:34.287094,0 days 00:00:00.025305,0.3956570978844445,781.799862032709,-284.7815562488524,4.105639352566315,0.7208612845006822,779.376977185398,1.067283861286572,0.296443744318363,779.5588085001946,1.872099098407339,,COMPLETE
1521,0.29592471211827015,2026-07-17 16:29:34.287094,2026-07-17 16:29:34.312142,0 days 00:00:00.025048,0.12171986287506374,783.5874064581583,-237.68949595908884,4.145907167843935,1.0273880908590192,780.8839681602853,1.2062725710139681,0.36173965271022923,778.4547092882445,1.674206132822561,,COMPLETE
1522,0.23680442997798928,2026-07-17 16:29:34.312142,2026-07-17 16:29:34.338887,0 days 00:00:00.026745,0.7894383463760708,783.0037954574502,-200.7809915101776,4.690484588963352,0.8215035878623029,778.7519670296747,0.6478393116986909,0.3504410374345661,779.0768836192233,1.8803213399164596,,COMPLETE
1523,0.7451874540942767,2026-07-17 16:29:34.338887,2026-07-17 16:29:34.365504,0 days 00:00:00.026617,-1.2995602953963363,783.5236679720284,687.5454582255167,0.9621659980884626,0.9443600043968181,781.406007911632,2.325846593441582,0.10245947241261187,779.6224222970999,2.7309430686807015,,COMPLETE
1524,0.315271268719656,2026-07-17 16:29:34.365504,2026-07-17 16:29:34.390518,0 days 00:00:00.025014,-0.2478160485415407,782.6523104623068,-27.422814041537848,5.425644068818254,0.8712847221921596,780.5482230582492,0.9979708470141937,0.08561413515105751,779.2286563896623,1.8305802001918194,,COMPLETE
1525,0.2729193848447607,2026-07-17 16:29:34.390518,2026-07-17 16:29:34.416925,0 days 00:00:00.026407,0.3034647255362922,782.6642605665187,-232.51563045054323,5.821220398485024,0.8674581559461768,779.7431395185409,1.8085426927350636,0.3503628466005056,778.2147581428719,2.314593230203922,,COMPLETE
1526,0.22934537934951202,2026-07-17 16:29:34.416925,2026-07-17 16:29:34.442583,0 days 00:00:00.025658,0.5047831129353892,781.5231184115526,31.746301126681658,3.7834783654620643,0.7316241345912392,779.5143627962286,1.3962092491839484,0.028717119579990152,778.7956715190809,2.2252862217009604,,COMPLETE
1527,0.45284173790010873,2026-07-17 16:29:34.442583,2026-07-17 16:29:34.468261,0 days 00:00:00.025678,-0.3435433863633677,783.7575732811456,415.66894215900015,2.474431397260293,0.42571540734322233,782.1606804867025,1.0684467653729304,0.30571876668563125,781.0441327034729,2.3749897222922542,,COMPLETE
1528,0.5315669059990051,2026-07-17 16:29:34.468261,2026-07-17 16:29:34.497808,0 days 00:00:00.029547,1.160752639882601,781.0147155758387,-67.7150918898619,7.661883222499971,0.941377962185883,780.6260296618882,0.6546076866669738,0.0844911449298811,783.9498508101024,2.774025914419338,,COMPLETE
1529,1.0760166928393762,2026-07-17 16:29:34.497808,2026-07-17 16:29:34.520176,0 days 00:00:00.022368,0.7576497156200328,776.7986303947704,754.0250772743507,5.452833131124093,0.48036569529756556,783.3026390436135,1.6319652872709214,0.10111162242889371,783.1431595091317,2.870534743739549,,COMPLETE
1530,0.3861854236578988,2026-07-17 16:29:34.520176,2026-07-17 16:29:34.547074,0 days 00:00:00.026898,0.4259713416049371,783.0475948402365,-124.42725480683019,7.0175295531312125,1.1999282561822988,780.5889745020743,1.1172480519745502,0.03784814737965203,778.8263430536921,1.9014271114712717,,COMPLETE
1531,1000.0058115612173,2026-07-17 16:29:34.547074,2026-07-17 16:29:34.572013,0 days 00:00:00.024939,0.3004259075286084,783.9684577603991,-16.069707881317186,0.22414723131333675,1.2126384974046953,777.1005553186949,2.0206654392251466,1.1098187701970568,777.0464666523121,2.5766648362129976,,COMPLETE
1532,2.0402514538199727,2026-07-17 16:29:34.572013,2026-07-17 16:29:34.597798,0 days 00:00:00.025785,1.320683712128106,783.3683680873155,305.32595779485166,2.787914395190784,1.4983700188307947,782.547219818625,2.298274159414282,1.293122396035146,783.812524495381,2.3740460444491402,,COMPLETE
1533,0.7615188998466513,2026-07-17 16:29:34.597798,2026-07-17 16:29:34.628240,0 days 00:00:00.030442,0.4945056218072531,781.7857071483778,276.1245008018278,0.5552627619990658,0.6552741171544171,781.4893794648684,1.150759702895883,0.3540064915709791,783.7367545920464,2.4487623557845377,,COMPLETE
1534,0.37022156207713786,2026-07-17 16:29:34.628240,2026-07-17 16:29:34.658843,0 days 00:00:00.030603,-1.027064677218709,782.2090377864756,58.901933466967805,5.624607647303422,1.1136442857889808,780.7459224686727,1.4414456924242538,0.1738790339548046,783.9148693145353,2.867957945715591,,COMPLETE
1535,0.09841106860438233,2026-07-17 16:29:34.658843,2026-07-17 16:29:34.684503,0 days 00:00:00.025660,-0.4567268958977986,776.8095335443631,109.01829901738273,1.5002886870879169,0.45339410092421567,781.9870345930078,1.9168626911699982,1.3079891882796888,779.2343659081359,1.0646033642218418,,COMPLETE
1536,0.43841000949643105,2026-07-17 16:29:34.684503,2026-07-17 16:29:34.719388,0 days 00:00:00.034885,-0.9723160894228011,778.4785838317036,132.82612468601153,3.0601925709060516,1.0393249499117432,781.439590292234,1.1091445934462616,1.4514743021053147,778.3583398049491,1.6932692075481448,,COMPLETE
1537,0.4136426371186054,2026-07-17 16:29:34.719388,2026-07-17 16:29:34.745395,0 days 00:00:00.026007,-0.2118901841766175,776.1653037811466,28.37180672963616,1.2456499694419703,0.7588369497228742,782.806806728234,1.6915649661541394,1.1877374665155196,778.4025332342085,0.7577574272137457,,COMPLETE
1538,0.510158398539888,2026-07-17 16:29:34.745395,2026-07-17 16:29:34.767507,0 days 00:00:00.022112,-0.6819679653650225,783.3382103336533,-184.92943498032895,2.3919797881048823,0.9931720451902387,778.9524514297437,2.2632068342400675,0.5641727163330825,777.3075043548062,2.1661644936709283,,COMPLETE
1539,0.4094601157379139,2026-07-17 16:29:34.767507,2026-07-17 16:29:34.798023,0 days 00:00:00.030516,-0.3136428619690732,777.7885586915796,-48.49194539445365,2.4898042598524364,0.2965293728312829,778.9915953165926,0.8236505670892643,0.9126489721705353,778.315616478851,1.3600645973412386,,COMPLETE
1540,1000.010931407405,2026-07-17 16:29:34.798023,2026-07-17 16:29:34.823759,0 days 00:00:00.025736,-0.03797892950288567,782.4987182309105,-300.0191265277185,4.645482567151647,0.9421874933139769,781.2566963468918,1.9485842463617054,0.2680258482642322,781.2703382283923,1.2345636404143399,,COMPLETE
1541,0.37933876271723455,2026-07-17 16:29:34.823759,2026-07-17 16:29:34.851228,0 days 00:00:00.027469,-0.37235967614287163,781.8929826772345,65.42594596146591,3.7952969617306427,1.0016009645391848,778.5324774774587,1.9179042659693453,0.14512923940805023,777.8997918710405,1.5334745664626257,,COMPLETE
1542,0.6885033134534448,2026-07-17 16:29:34.851228,2026-07-17 16:29:34.875384,0 days 00:00:00.024156,-0.4725661272106382,779.4223796791429,-87.96889224219814,0.7131465490977225,0.26349877837678237,782.2775656622758,2.683058606649468,1.1172357846934324,777.3058363474576,0.8511541745402521,,COMPLETE
1543,0.8419036904119456,2026-07-17 16:29:34.875384,2026-07-17 16:29:34.905950,0 days 00:00:00.030566,-0.22472487055250528,778.04280838343,567.9378759446212,1.5627668450605983,0.3698074726958456,782.1723177950732,1.4057907608187583,1.4451660221485028,776.3805705688068,1.802170115840601,,COMPLETE
1544,0.5223808927935181,2026-07-17 16:29:34.905950,2026-07-17 16:29:34.932999,0 days 00:00:00.027049,-0.20622437725927995,776.4493862114899,271.5361929844756,2.9120709870588337,0.06516468217461718,782.3645477413211,1.8743423329399465,1.199340053531184,777.845448931475,1.08377500083649,,COMPLETE
1545,0.562535110660305,2026-07-17 16:29:34.932999,2026-07-17 16:29:34.956982,0 days 00:00:00.023983,0.3195183724614432,778.7764768127219,-61.013776103738536,1.1349247828756455,0.5106436891301019,780.8445433362764,1.717613492803634,1.3517099822962024,778.3897267352107,1.0795485240910758,,COMPLETE
1546,0.449408860765268,2026-07-17 16:29:34.956982,2026-07-17 16:29:34.985573,0 days 00:00:00.028591,-0.34593373723363674,783.9875050198286,-193.131115184402,7.503014670743512,0.9616003326707014,780.9539423550059,1.2575785898634784,0.14529397270778455,781.6064566161914,1.9318472012469923,,COMPLETE
1547,0.4763794767773722,2026-07-17 16:29:34.985573,2026-07-17 16:29:35.016404,0 days 00:00:00.030831,-0.5950322533350716,783.289240866008,-41.6604228383101,7.084087367193692,0.49077279281504904,779.6913558990175,0.738009107810063,0.1148781680031778,779.9701907939226,2.321594875916821,,COMPLETE
1548,0.49746901319719006,2026-07-17 16:29:35.016404,2026-07-17 16:29:35.047908,0 days 00:00:00.031504,0.3464948658498139,782.0520462959711,-289.185783986456,2.7546527191478245,1.0891828065778895,778.0103983061323,0.7564595601157266,0.08640237882635854,777.3303304504268,1.4482968576009392,,COMPLETE
1549,0.43179011570243114,2026-07-17 16:29:35.047908,2026-07-17 16:29:35.074811,0 days 00:00:00.026903,-1.1909553584404038,782.6592165653406,613.2638268564418,0.8178639467541923,0.20148475820877687,780.6914157405045,2.0361455172462244,1.232938495795865,780.1689118743826,0.513345281385531,,COMPLETE
1550,1.1180820987855615,2026-07-17 16:29:35.074811,2026-07-17 16:29:35.101931,0 days 00:00:00.027120,-1.2182989498793964,782.0903007960839,1175.9915796748087,0.12184161213932765,1.3456681424664376,781.433987666806,1.743419200744569,0.22283617416171897,779.5316917821391,0.7205558390580834,,COMPLETE
1551,0.5465604371672822,2026-07-17 16:29:35.101931,2026-07-17 16:29:35.130036,0 days 00:00:00.028105,-1.2770250706897146,783.0028785782354,-272.3789514936552,3.940533248612094,0.7693443686795658,783.0611960289219,1.2747686884619909,1.1128137994626195,781.4228133398484,2.6032741310652994,,COMPLETE
1552,0.5245861898019274,2026-07-17 16:29:35.130036,2026-07-17 16:29:35.157399,0 days 00:00:00.027363,0.08409899023639472,783.8995052205489,-224.00846191218062,5.226069090925436,1.035852158534768,778.667878679279,0.229871116372395,0.05922913468847277,782.0594914575086,2.458390599003816,,COMPLETE
1553,0.7906342674042047,2026-07-17 16:29:35.157399,2026-07-17 16:29:35.186474,0 days 00:00:00.029075,1.1283620307402158,783.9354385917414,36.06051174209162,1.958246894249697,1.054306223043717,781.891815812685,1.1932255916680417,0.14121363588884836,781.5940047516008,2.7997237609953918,,COMPLETE
1554,0.5988346316867447,2026-07-17 16:29:35.186474,2026-07-17 16:29:35.212069,0 days 00:00:00.025595,-0.14208244024409936,783.9169175656647,-261.1840244805983,5.846819672812373,0.9915634304413614,777.578371552957,1.5881752125538207,0.48605060325986843,777.8502634279873,1.500605267794057,,COMPLETE
1555,1.2878825857388876,2026-07-17 16:29:35.212069,2026-07-17 16:29:35.237813,0 days 00:00:00.025744,1.342514518080113,777.0976066212817,-19.703910167807294,5.529726799492638,0.530816687123852,781.9298666294153,2.474755227885255,1.2842647808626098,776.8280775721772,1.4944326560411392,,COMPLETE
1556,0.3550344568355655,2026-07-17 16:29:35.237813,2026-07-17 16:29:35.263214,0 days 00:00:00.025401,0.5400853563639891,781.0174108552324,-291.0753366322739,6.4106728871790075,0.49696220300056587,778.2010250424985,0.8266244577257238,0.07651549092877652,780.4500054182524,2.291970660569272,,COMPLETE
1557,0.5004189973634945,2026-07-17 16:29:35.263214,2026-07-17 16:29:35.294317,0 days 00:00:00.031103,-0.7247809534681473,777.8770455039208,160.4205719897195,1.9413197638478392,0.2251991559902892,781.883597824901,1.684462018716816,1.184163938404812,778.3802416879678,1.001844420503614,,COMPLETE
1558,0.5193320398078111,2026-07-17 16:29:35.294317,2026-07-17 16:29:35.319778,0 days 00:00:00.025461,-0.58143976504856,778.6889503558315,241.71962495754602,1.5370396976576104,0.8070271708396832,781.023384083676,2.008878248499654,1.2809452184151429,780.0497507946579,1.1351878154197674,,COMPLETE
1559,0.5732131579333019,2026-07-17 16:29:35.319778,2026-07-17 16:29:35.350145,0 days 00:00:00.030367,-0.3102309110888958,783.6238298344705,198.35987413178265,0.10886232462094342,0.7650933596189766,777.0392907030314,2.286891468718319,0.4446057892016106,776.7916611637534,0.6391966621568624,,COMPLETE
1560,0.5083538985938076,2026-07-17 16:29:35.350145,2026-07-17 16:29:35.378662,0 days 00:00:00.028517,0.15384507115795742,777.1169008532538,-20.079856247328337,2.1318945003839094,0.44478373324224985,783.4621058399616,2.0571180460127225,1.3548572082921857,780.3232509074837,0.8451211227132833,,COMPLETE
1561,0.5951705580155423,2026-07-17 16:29:35.378662,2026-07-17 16:29:35.405824,0 days 00:00:00.027162,-0.6387209303521676,777.3648448771982,179.51179120616507,3.273280601476918,0.4977340279568417,782.247348440855,2.4745732588958065,1.426016633599658,777.3062740382168,1.6193787997386946,,COMPLETE
1562,0.18711473345657575,2026-07-17 16:29:35.405824,2026-07-17 16:29:35.431783,0 days 00:00:00.025959,0.21092270624990217,782.2070151134125,-245.91753438828852,3.8589898134885403,0.9329861380294894,779.7589647950847,1.0055062254913087,0.19047059175361747,781.1989808532642,1.4404424054117388,,COMPLETE
1563,0.39834305120100444,2026-07-17 16:29:35.431783,2026-07-17 16:29:35.459215,0 days 00:00:00.027432,-0.14419052509884145,781.0447159974515,-156.11808087192372,0.8818270310890727,0.4271407778775637,779.9709074757928,1.0544428584878762,0.1096023501720263,780.220866215979,1.3925530038115101,,COMPLETE
1564,0.16168066797529743,2026-07-17 16:29:35.459215,2026-07-17 16:29:35.489995,0 days 00:00:00.030780,0.3462068073516074,781.5638740578066,-41.466110288240166,3.7411219823023343,0.6829836927850174,779.2350246743927,1.2245019053942214,0.12694231335073874,783.8399315283606,2.63919177743459,,COMPLETE
1565,0.40458506033200586,2026-07-17 16:29:35.489995,2026-07-17 16:29:35.525095,0 days 00:00:00.035100,1.110859047414334,781.9709223119098,-203.92868803408058,3.870679648275257,0.6122626858813927,780.3738800027949,1.2704448525165892,0.16016684499684858,780.1870066193037,2.224017109508642,,COMPLETE
1566,0.1429374268570565,2026-07-17 16:29:35.525095,2026-07-17 16:29:35.556191,0 days 00:00:00.031096,0.01593275400690014,782.5829984438234,-170.57933573133755,3.099678410217759,0.926672283744281,779.2497337601102,1.4792596332618437,0.29925709410084284,780.1846338851957,2.0656554022792024,,COMPLETE
1567,0.7227753098650953,2026-07-17 16:29:35.556191,2026-07-17 16:29:35.590092,0 days 00:00:00.033901,-0.9551300716819983,777.8579544654011,100.22942363061206,2.76171993109256,0.4361384857407312,782.4727432843266,2.0705036510092314,1.2768541023602138,781.0029278144676,0.43680448211781503,,COMPLETE
1568,1.9500673006610514,2026-07-17 16:29:35.590092,2026-07-17 16:29:35.619377,0 days 00:00:00.029285,0.2588487195825621,779.0196012231665,1173.8208121397747,2.8857520900200235,1.2667514159283986,779.9627239764794,2.598029689877632,0.6493691223665191,776.3285588108513,2.9580442016732107,,COMPLETE
1569,0.41086945724149476,2026-07-17 16:29:35.619377,2026-07-17 16:29:35.648338,0 days 00:00:00.028961,-0.13674697073980424,778.142632505255,-55.109484799984855,3.3837436568774493,0.8130707432094932,777.7849615814149,1.2265438500101644,0.6955653927780008,779.5443149304098,1.9937313508581282,,COMPLETE
1570,0.5075847926038402,2026-07-17 16:29:35.648338,2026-07-17 16:29:35.681705,0 days 00:00:00.033367,0.6560590166809173,783.5598124019297,-251.14980493020704,4.089386149719595,0.802486139135572,779.7578286696098,2.5656293637877727,0.43313559662444295,780.7344832435258,1.9521668563400427,,COMPLETE
1571,0.2722217895955081,2026-07-17 16:29:35.681705,2026-07-17 16:29:35.711846,0 days 00:00:00.030141,-0.838945854490903,783.8017145713235,405.6966190819616,3.6456272888118004,0.6884180032041642,780.4377260527523,1.1124646551624187,0.2836241721110325,781.1808333655657,2.6602198910315527,,COMPLETE
1572,0.5797230439830583,2026-07-17 16:29:35.711846,2026-07-17 16:29:35.743987,0 days 00:00:00.032141,0.5364561503192148,783.9737261219304,-222.07219972535245,2.6751836552767596,1.3945540704795003,777.005418193596,2.0841005675767463,0.23362031619723306,780.8976759178707,1.899031550143971,,COMPLETE
1573,0.22270027077051982,2026-07-17 16:29:35.743987,2026-07-17 16:29:35.770418,0 days 00:00:00.026431,1.1139038120476046,783.6960156529217,-239.62438849657593,7.877615518960183,0.7790603211191729,779.3953763821053,1.2538493898845244,0.033432941548058204,780.9505606094186,2.5171782092070214,,COMPLETE
1574,0.2424839911829118,2026-07-17 16:29:35.770418,2026-07-17 16:29:35.803113,0 days 00:00:00.032695,-0.2614402795164712,780.107578788898,195.99642281914936,2.126517709673535,1.0010659850631363,779.7563987984473,0.5455678153917989,0.01734513542173677,781.8194427891765,2.3616663834388216,,COMPLETE
1575,0.33913954827915027,2026-07-17 16:29:35.803113,2026-07-17 16:29:35.831006,0 days 00:00:00.027893,-0.5261011426953761,776.1953747956236,86.10847488504277,0.9241659981944915,0.6223542035185038,781.2681167083049,1.4616429516940714,1.1270465271565866,779.8483806020752,0.908991183357279,,COMPLETE
1576,0.6795714189647631,2026-07-17 16:29:35.831006,2026-07-17 16:29:35.863468,0 days 00:00:00.032462,-0.7093168643400147,777.9090132113558,-181.94596568635473,2.2367161991304703,0.4507425777947617,783.5068608405277,1.5517328713851148,1.443576881379361,778.965853157106,0.5805806718727418,,COMPLETE
1577,0.48472735702007147,2026-07-17 16:29:35.863468,2026-07-17 16:29:35.892272,0 days 00:00:00.028804,-0.41088110856929105,781.6713018158371,-295.3770619792151,2.7089447022337545,0.693089427659223,778.909887771104,1.5133071549366734,0.7705373759283097,778.2946125774123,0.6695742115979745,,COMPLETE
1578,0.37749655907199087,2026-07-17 16:29:35.892272,2026-07-17 16:29:35.919857,0 days 00:00:00.027585,-0.029214868512438485,781.7999793985392,-245.46268126025436,7.136868007198497,0.776839026619518,778.1995153923672,1.042122112071354,0.6553088844946134,778.8587871741121,1.855695242316553,,COMPLETE
1579,0.7407385257426213,2026-07-17 16:29:35.919857,2026-07-17 16:29:35.948963,0 days 00:00:00.029106,1.0876590864752833,781.3909251816256,-52.77258701870741,4.118396462614413,0.6667572632676656,781.3998745737023,0.9300538682028939,0.5612808775656234,780.8807784491598,1.2949352137851857,,COMPLETE
1580,0.34725506345040286,2026-07-17 16:29:35.948963,2026-07-17 16:29:35.978605,0 days 00:00:00.029642,0.055340802595805566,783.9736686026885,-143.6445308912232,5.842825503513304,0.7519730322181213,779.2237785692428,0.44928791970920356,0.10756182065955004,780.6934955549049,2.755902508678781,,COMPLETE
1581,0.7100103408131047,2026-07-17 16:29:35.978605,2026-07-17 16:29:36.010060,0 days 00:00:00.031455,0.9275023582079414,780.6677118220376,-133.989488455579,5.95644886077748,1.112845621307394,778.7108458154585,1.223601463975736,0.49305129400582226,777.7280460217492,1.834490072305738,,COMPLETE
1582,0.8668049990485017,2026-07-17 16:29:36.010060,2026-07-17 16:29:36.037584,0 days 00:00:00.027524,-0.17677433004416188,783.489784518164,614.5966152656977,0.17947249677510596,0.10114764389263486,776.9087313553222,2.7853440761332484,1.215946443405549,781.3917181709805,1.526892078490456,,COMPLETE
