number,value,datetime_start,datetime_complete,duration,params_background_amplitude_fraction,params_background_center,params_background_offset,params_background_width,params_peak_1_amplitude_fraction,params_peak_1_center,params_peak_1_sigma,params_peak_2_amplitude_fraction,params_peak_2_center,params_peak_2_sigma,system_attrs_fixed_params,state
1799,0.6511719101347417,2026-07-17 16:29:43.310260,2026-07-17 16:29:43.350929,0 days 00:00:00.040669,0.4848411293973428,782.9439432074186,-257.8360579667023,2.6162795592753874,0.9241559934478637,782.5352586098028,1.1718587514241912,0.04594859585950943,778.1816165421095,2.0929894228478725,,COMPLETE
1800,1000.0061211477994,2026-07-17 16:29:43.353102,2026-07-17 16:29:43.410831,0 days 00:00:00.057729,0.8147744709100562,782.1778918779112,-215.87923570585912,2.91901775417553,0.8337409493285091,778.8902810045146,1.060857449081874,0.5945975801287541,778.8386380721292,2.742455294373347,,COMPLETE
1801,0.48133875719523983,2026-07-17 16:29:43.410831,2026-07-17 16:29:43.464249,0 days 00:00:00.053418,0.30832047989843764,783.0344761675203,56.678726723889,5.865199040576711,1.2641994136029506,781.0280658868072,0.5113526615822288,0.28954904886505906,778.0665919392762,2.975910022810477,,COMPLETE
1802,1000.01120491716,2026-07-17 16:29:43.465250,2026-07-17 16:29:43.498738,0 days 00:00:00.033488,-0.30675182698705783,783.5770023171034,226.4741544742914,6.869275750148131,0.5441975084705973,777.9083663529253,0.26086557621289036,0.21479626762194481,777.9198475073622,1.9023520340436952,,COMPLETE
1803,1000.0097608272546,2026-07-17 16:29:43.498738,2026-07-17 16:29:43.536697,0 days 00:00:00.037959,-0.3773044467193013,783.1241121770773,-25.944489895362636,2.1053951847049843,0.6622894477703801,778.8493858164327,0.7874549291135354,0.824496378729014,778.826496351744,2.57226182021972,,COMPLETE
1804,0.14125115811143152,2026-07-17 16:29:43.536697,2026-07-17 16:29:43.574443,0 days 00:00:00.037746,0.28863977094745374,783.072286509321,20.130215512632677,1.1828738111288652,1.0134600829719114,779.233651975843,0.7492147303103498,0.14465822468834139,780.0051977645765,2.8842984678159294,,COMPLETE
1805,0.6798501076953353,2026-07-17 16:29:43.575444,2026-07-17 16:29:43.610949,0 days 00:00:00.035505,0.7356497133841307,781.0925681019347,-14.66602077648605,0.1229980120677674,0.7451257078403383,781.5103460487552,0.17738519011423826,0.10584620227558805,782.0528730869821,0.5351580270384018,,COMPLETE
1806,0.14096575337712616,2026-07-17 16:29:43.611948,2026-07-17 16:29:43.644439,0 days 00:00:00.032491,0.09860168459898633,783.6682458454856,-120.66120507103938,7.312080137074016,0.7648989821162909,779.466343196056,1.37950044679685,0.23836904144877016,776.2920446107606,1.9065507563581185,,COMPLETE
1807,0.5873290834013939,2026-07-17 16:29:43.644439,2026-07-17 16:29:43.677188,0 days 00:00:00.032749,-0.9674117570736738,783.458698080366,973.2552812453196,0.3498797334357411,0.2921995027383293,782.8568212592667,0.8498516507460272,0.12138108405959847,782.5036313383171,1.5781304892168038,,COMPLETE
1808,0.15660314436770204,2026-07-17 16:29:43.677188,2026-07-17 16:29:43.715273,0 days 00:00:00.038085,-0.18425038132767455,783.4596986061954,4.114591429979669,6.729736792993655,0.7905111353366275,780.1450505675233,1.0989588302724298,0.348365908706726,779.0631200173423,2.432513466928272,,COMPLETE
1809,0.07771546978579875,2026-07-17 16:29:43.715273,2026-07-17 16:29:43.747635,0 days 00:00:00.032362,0.3820332197346364,782.2157587681163,-266.0101906793373,3.969141873616012,0.7623526616496484,779.5027270392815,1.3503128698798472,0.1610367149558353,779.2412670863436,1.4767759171049215,,COMPLETE
1810,1.0658670087132334,2026-07-17 16:29:43.747635,2026-07-17 16:29:43.790936,0 days 00:00:00.043301,-0.6875542289155281,782.7431219169215,1229.5719416541651,0.28572637352942964,0.5375979024592111,779.8183980691389,2.5326647342345336,0.21605304668419634,779.5234780735834,2.7755883606357363,,COMPLETE
1811,0.7717323543809862,2026-07-17 16:29:43.790936,2026-07-17 16:29:43.827078,0 days 00:00:00.036142,0.22336208501870305,781.8979390659728,1029.0348931606482,0.17101369169365752,0.34179807088282976,780.6258202581846,0.24725597879925876,0.6867831392018278,777.8567559531899,0.5174715282839442,,COMPLETE
1812,0.44497442487678446,2026-07-17 16:29:43.827078,2026-07-17 16:29:43.858174,0 days 00:00:00.031096,-0.29129495361549923,777.8487317317002,386.48642937962035,0.5123568270290579,1.2084714634545932,782.9762639264065,0.2024776848081855,0.3981738428590893,779.7755690633454,2.9800524730009768,,COMPLETE
1813,0.16137099653635326,2026-07-17 16:29:43.858174,2026-07-17 16:29:43.892172,0 days 00:00:00.033998,-0.01225986896057088,782.8715603706637,-128.19249384185136,1.2895429559979505,0.8230869500216602,780.1324268293185,1.0223260838746622,0.35575178634994126,779.352943485508,2.503044392500899,,COMPLETE
1814,0.28167740529324137,2026-07-17 16:29:43.892172,2026-07-17 16:29:43.924626,0 days 00:00:00.032454,0.7884348420435652,782.5426922176604,-202.72679576351436,1.8032919959765945,0.3658981902114556,780.1472092545483,1.27676211930697,0.3285778793894136,779.8263194282501,1.6330501923303302,,COMPLETE
1815,0.8913997450169229,2026-07-17 16:29:43.924626,2026-07-17 16:29:43.969620,0 days 00:00:00.044994,-1.3359947669219499,778.6894888769722,103.16966515296298,0.5212292640520778,1.0887423530816018,782.7661106483358,0.45653892439075294,0.9531543369402662,777.7544764605443,2.898976791014596,,COMPLETE
1816,0.18015546035356778,2026-07-17 16:29:43.969620,2026-07-17 16:29:43.992833,0 days 00:00:00.023213,-0.2852792310872221,779.2180492672397,-12.908677788689388,3.6279939481621994,0.41436909382408427,779.3202404271833,1.4811400177368768,0.7602998373403459,779.5795464113558,2.126403466510754,,COMPLETE
1817,0.12582859301999794,2026-07-17 16:29:43.992833,2026-07-17 16:29:44.022007,0 days 00:00:00.029174,0.46705168661310087,782.5067831292466,-257.09208972874296,2.41420312622784,0.9267815386146435,779.7591738990928,1.0659698776899105,0.3575768860678731,777.8085918895291,2.9874722624748933,,COMPLETE
1818,0.2094317985364174,2026-07-17 16:29:44.022007,2026-07-17 16:29:44.057599,0 days 00:00:00.035592,-0.05966012955420516,782.8963834087928,-146.23131441106435,1.507705100699176,0.726025088589114,779.3380371381934,1.0779123937757746,0.5628132132450054,782.3106029712127,2.079854070803271,,COMPLETE
1819,0.2773292792638344,2026-07-17 16:29:44.057599,2026-07-17 16:29:44.094009,0 days 00:00:00.036410,0.6742758903478394,780.9497909860595,-250.9201178927561,5.268828978151343,0.8813482983163871,780.1415344532926,1.5971826709256365,0.18383103082222002,779.4288866622269,0.24856581985911497,,COMPLETE
1820,0.07301309589447949,2026-07-17 16:29:44.094009,2026-07-17 16:29:44.124636,0 days 00:00:00.030627,0.03557449702824937,782.869672072378,-176.74876085210073,4.539377317488358,1.0141987306890947,779.6193374906788,1.4570902576060538,0.049360232521758904,778.4866583301322,2.770868569342122,,COMPLETE
1821,0.34767504413175965,2026-07-17 16:29:44.124636,2026-07-17 16:29:44.157125,0 days 00:00:00.032489,-0.03857916188435201,780.3250647257294,-195.70106326885255,0.7334215242314076,0.8541822654829796,780.4700582538583,0.3586751918603267,0.5341364918627145,777.0902834481263,2.7542947436993104,,COMPLETE
1822,0.3644473270392718,2026-07-17 16:29:44.157125,2026-07-17 16:29:44.194625,0 days 00:00:00.037500,0.06705801537771336,783.7027225876166,-204.7889093146551,3.6360857406688503,0.6816976286663093,781.323206087429,0.5023232384214857,0.4004102130946451,778.6887339693797,2.9350044463892875,,COMPLETE
1823,0.1568497938733144,2026-07-17 16:29:44.194625,2026-07-17 16:29:44.224101,0 days 00:00:00.029476,0.2853673493466134,783.126200712989,-226.42269925659224,1.319091275668579,1.2400136987645227,779.5912497260501,0.7918708242497728,0.2351469855561713,776.9659238805802,2.2465346259015524,,COMPLETE
1824,0.35244211799682695,2026-07-17 16:29:44.224101,2026-07-17 16:29:44.262421,0 days 00:00:00.038320,-0.009686561753477568,781.7769218153222,-193.95758991394257,4.685398849139811,0.9714277808366427,778.2663915230992,1.5000683317122632,0.1407734734078119,778.4213042475088,2.696946363919139,,COMPLETE
1825,1.3814646784437958,2026-07-17 16:29:44.262421,2026-07-17 16:29:44.306480,0 days 00:00:00.044059,-1.2998968285719017,776.3456144256769,-248.6600485383217,0.11533312832295757,1.4672307161983322,782.8804723523849,1.1371990205328997,1.086305785805909,776.3244918102489,1.449712572357672,,COMPLETE
1826,0.76187189169628,2026-07-17 16:29:44.306480,2026-07-17 16:29:44.321984,0 days 00:00:00.015504,1.0563983365783396,781.4874930193668,-83.55520500147395,5.199668522235308,0.3896884695190985,783.1464887657842,2.461292407526333,1.199671955445697,778.1500497907773,1.3714218963480527,,COMPLETE
1827,0.6780366090760084,2026-07-17 16:29:44.321984,2026-07-17 16:29:44.361089,0 days 00:00:00.039105,0.5396652118521528,781.7690875321678,126.99118749018822,2.2790774424920035,0.8066430433028742,780.9354638849375,1.4949885762840038,0.5260474112238603,777.4974049728557,2.9210861723423687,,COMPLETE
1828,1000.0111485279483,2026-07-17 16:29:44.361089,2026-07-17 16:29:44.395835,0 days 00:00:00.034746,0.5564565190032518,781.4877218074278,-257.0235265836323,2.2988479924105936,0.6898034185928213,779.3330527504869,1.9395980681704408,0.3057486353372507,779.3449793796951,1.558621789685409,,COMPLETE
1829,1000.009579169975,2026-07-17 16:29:44.395835,2026-07-17 16:29:44.425012,0 days 00:00:00.029177,0.21695399798456533,783.62339066078,1068.401029665496,6.385790271346862,0.8640514903496657,777.9694461590645,0.45025184924144157,1.354837276871468,777.9451216018675,2.4038594922913394,,COMPLETE
1830,0.17897872644022889,2026-07-17 16:29:44.425012,2026-07-17 16:29:44.458474,0 days 00:00:00.033462,0.011542355591891096,780.7229404057246,-252.2109352732516,4.107269074801282,0.919310474558495,779.4925320492945,1.1214310575734223,0.12071397107287012,779.8331210311128,1.9236974831462739,,COMPLETE
1831,0.26346726644645624,2026-07-17 16:29:44.458474,2026-07-17 16:29:44.497919,0 days 00:00:00.039445,0.28235682438723303,781.4566416781447,-91.08785560209736,1.8581393249897655,0.8954514667997301,779.8059781092445,0.15746343931412676,0.41114971217234375,778.2899378503824,2.9524697079886613,,COMPLETE
1832,0.6342284357567449,2026-07-17 16:29:44.497919,2026-07-17 16:29:44.524443,0 days 00:00:00.026524,0.15329455203154546,781.6277228521119,-47.58335882606869,3.458416453451235,0.780527298794456,777.5926367752525,1.3391952772123883,0.6813230286021523,776.596284388886,2.791267112004344,,COMPLETE
1833,1.012876464869295,2026-07-17 16:29:44.524443,2026-07-17 16:29:44.559227,0 days 00:00:00.034784,0.2716141103091145,781.3219492565609,752.1962820291566,0.3339608386614389,1.4259173441815292,781.3621194315335,0.9663719791976754,0.0022941026311270596,778.06554609713,2.709852002823906,,COMPLETE
1834,0.5753414378300258,2026-07-17 16:29:44.559227,2026-07-17 16:29:44.591865,0 days 00:00:00.032638,1.2974608163889847,781.4507186878647,-151.3067277491299,7.038119017395537,0.7392680832225315,780.3083352686563,1.121410463436332,0.24837480251306332,778.7390275551093,2.7598081976113034,,COMPLETE
1835,0.134376863959517,2026-07-17 16:29:44.591865,2026-07-17 16:29:44.623244,0 days 00:00:00.031379,-0.0432459369290516,779.6730649386234,-70.82837377319757,3.2687159675685553,1.192434565193091,779.4240902115152,1.0063741907855568,0.1817506283006342,776.3822154375866,2.7288827526084223,,COMPLETE
1836,0.4589147565629168,2026-07-17 16:29:44.623244,2026-07-17 16:29:44.648362,0 days 00:00:00.025118,1.2158898301952692,782.6945257877762,-176.5169645584786,1.5402067307464635,0.6595079690492245,779.8534018693241,2.583939554203913,0.15463397057523387,779.3869701912411,0.30783034528961983,,COMPLETE
1837,0.37150890678776677,2026-07-17 16:29:44.648362,2026-07-17 16:29:44.677082,0 days 00:00:00.028720,0.39624955995831823,781.2114886215527,-112.64335095828702,3.5709937496155844,0.7972476839815771,781.2964551239752,1.237423861806425,0.3559133090681021,778.8949540815278,1.2541079873404148,,COMPLETE
1838,0.6358174708358543,2026-07-17 16:29:44.677082,2026-07-17 16:29:44.713728,0 days 00:00:00.036646,0.4905276565132985,782.6507751818162,-233.6061016145669,1.2675505311059798,0.8797455362677125,782.2510085752774,1.249977060208141,0.08376986566349193,778.553411074151,2.984792930116128,,COMPLETE
1839,0.4682208252237343,2026-07-17 16:29:44.713728,2026-07-17 16:29:44.741052,0 days 00:00:00.027324,0.5226527584643519,783.8915936044782,-297.7695842148566,1.1923112368775208,0.6654170130642063,777.4398423675052,1.815081796037314,0.11247991306228272,776.3249149048567,1.783431806345734,,COMPLETE
1840,2.149109303643158,2026-07-17 16:29:44.741052,2026-07-17 16:29:44.773845,0 days 00:00:00.032793,1.0871287984602995,776.369805415104,733.8942977316068,2.432569013501729,1.4274556038619377,780.1161781070475,2.631361282931155,0.6391764481793916,778.8666168959306,0.20030140588773748,,COMPLETE
1841,0.10551127616251521,2026-07-17 16:29:44.773845,2026-07-17 16:29:44.805277,0 days 00:00:00.031432,0.20128876606249227,782.5750211935011,-225.1183466258838,6.151075858465535,0.899033063857998,779.7909517892838,1.3824183731599842,0.04994469731078649,778.5640967873176,2.4067823989511776,,COMPLETE
1842,0.13995431221953666,2026-07-17 16:29:44.805277,2026-07-17 16:29:44.839113,0 days 00:00:00.033836,0.3312687988838764,782.3415882662521,-189.61343871702093,3.2895661009574084,0.9518535961737,779.6446058297955,0.7175572781502069,0.4470311365381557,776.948879803406,2.952631147526592,,COMPLETE
1843,1.644757800015364,2026-07-17 16:29:44.839113,2026-07-17 16:29:44.870593,0 days 00:00:00.031480,0.64380460294225,783.6317799017361,1130.8159952608748,0.306920733081039,0.7725101889202199,781.2224705765914,1.3209328020987796,1.3942061880433598,783.2930700121741,1.6126228312699775,,COMPLETE
1844,0.15494651212150468,2026-07-17 16:29:44.870593,2026-07-17 16:29:44.902544,0 days 00:00:00.031951,0.8484341290414572,783.6270418899317,-178.2311874039557,5.793296455854413,0.7786616015892884,779.1874618451226,0.7749863708270968,0.1616757509891428,778.7180279748119,2.4919831561480175,,COMPLETE
1845,0.6851883803393435,2026-07-17 16:29:44.902544,2026-07-17 16:29:44.934455,0 days 00:00:00.031911,-0.6952941057266212,778.9218965520718,654.5360954670807,0.24282691365741033,0.7112746919702178,776.9707172106938,0.22010392902203435,1.00499815506956,778.6584000804401,1.6790591232462155,,COMPLETE
1846,0.5340298869511656,2026-07-17 16:29:44.934455,2026-07-17 16:29:44.966379,0 days 00:00:00.031924,0.960736411369864,782.8333301141425,-179.20986421364742,5.3010752001367,0.7823754601350755,777.7943279212545,1.4124442482603792,0.37588364368161176,777.6783621636876,1.6036896976761184,,COMPLETE
1847,0.4953769840431006,2026-07-17 16:29:44.966379,2026-07-17 16:29:45.000252,0 days 00:00:00.033873,-0.1639570309796038,781.4366560029993,84.82344485827522,4.256547623304117,1.0476713672650002,781.5680339205275,1.8816399443061675,0.031181113501097486,777.8474158496041,2.901348273117734,,COMPLETE
1848,0.26780112313904053,2026-07-17 16:29:45.000252,2026-07-17 16:29:45.030245,0 days 00:00:00.029993,0.5282768379044448,783.4442865100275,18.42063803138911,3.8352474205044444,0.7683770097382203,779.4652869854873,1.1657509125240948,0.2496397050619783,778.5510628903536,2.944185217024652,,COMPLETE
1849,0.3266779364938386,2026-07-17 16:29:45.030245,2026-07-17 16:29:45.065702,0 days 00:00:00.035457,0.7510395916130248,782.5641024243971,-36.37292984517529,7.396805863914616,0.32841752067509,778.4879410734836,0.48458895874558083,0.26098772545453836,776.9285788618063,2.3308136059994817,,COMPLETE
1850,0.5284087019711334,2026-07-17 16:29:45.065702,2026-07-17 16:29:45.098756,0 days 00:00:00.033054,0.558944828386285,783.1126203378195,46.794004901667506,4.7411143375683835,0.6034158608038108,779.0410992144132,1.2600032566632422,0.6363433128809843,777.5615869849031,2.658453073261928,,COMPLETE
1851,0.36623662181597644,2026-07-17 16:29:45.098756,2026-07-17 16:29:45.125651,0 days 00:00:00.026895,-0.1859688625083647,782.1733394214,-271.12300079104716,0.8935879496096771,1.0149632770365888,780.9892612351597,1.2514945950690688,0.7151419491590878,777.5679520230375,2.9848448196039947,,COMPLETE
1852,0.1783186363481732,2026-07-17 16:29:45.125651,2026-07-17 16:29:45.160823,0 days 00:00:00.035172,-0.5070825326991399,783.5268762372878,-81.39773821832298,5.776944031838111,0.9653536703884518,780.1892632617997,2.12578049567002,0.03865089287872619,783.2132270079086,2.8626104002197215,,COMPLETE
1853,0.16605201624298394,2026-07-17 16:29:45.160823,2026-07-17 16:29:45.190779,0 days 00:00:00.029956,0.3781643086150155,782.6771836522157,-167.5497551881721,3.863288102949711,1.188816164766174,779.5896780138329,1.360263681042555,0.010965498186886781,778.8755533894648,2.5491901153171304,,COMPLETE
1854,0.22982752119392766,2026-07-17 16:29:45.190779,2026-07-17 16:29:45.245177,0 days 00:00:00.054398,-0.3417779175723854,782.7265349159677,-306.8996111633494,6.574376578459911,1.1244655925894176,780.4788813732902,1.3313883367175816,0.5658612068510928,777.4237100602744,2.6293445673173754,,COMPLETE
1855,0.21407685994731668,2026-07-17 16:29:45.245177,2026-07-17 16:29:45.278112,0 days 00:00:00.032935,0.19397214146614855,781.9592327363486,-192.658118347196,2.957212628618693,0.9972296060896215,780.3123900801102,0.8373033705484413,0.359524037268678,777.7463413170839,2.226698775247635,,COMPLETE
1856,0.4896625737841668,2026-07-17 16:29:45.278112,2026-07-17 16:29:45.314172,0 days 00:00:00.036060,0.024495714774437044,781.9100835882558,-221.0922358434634,4.433248783167002,0.18625609577075153,779.7468457349228,1.0052199741239667,0.11894445952581917,777.8454799212917,2.253754919873608,,COMPLETE
1857,1.0587063544099597,2026-07-17 16:29:45.314172,2026-07-17 16:29:45.354649,0 days 00:00:00.040477,1.4967206880926283,782.1882686073758,305.98690817391014,0.9418524274951547,0.5410770431899318,780.3079831004886,1.2456433193428915,1.0553423088836955,779.5278301211546,1.6318811962639819,,COMPLETE
1858,0.5916594791404094,2026-07-17 16:29:45.354649,2026-07-17 16:29:45.392850,0 days 00:00:00.038201,-0.2775295077909633,778.9456327663247,518.7619454783454,0.1647099459817923,0.8832610071113067,777.5927098513307,1.5012714138032148,0.0669939111585216,783.8385559786454,1.49275890582702,,COMPLETE
1859,0.3942172217254164,2026-07-17 16:29:45.392850,2026-07-17 16:29:45.429331,0 days 00:00:00.036481,0.7387025367594214,781.6470313287305,-259.637014214036,5.603496724081442,0.86183420293477,780.8368636841801,1.5461662888113141,0.0774408176677512,776.6401982381784,1.7397391537024727,,COMPLETE
1860,0.7914629113046612,2026-07-17 16:29:45.429331,2026-07-17 16:29:45.462091,0 days 00:00:00.032760,1.3771426624349663,779.0417477404279,-189.9187475602056,0.19527928918175838,0.27068735618278517,776.5281561020781,2.4530717702583775,0.3868432660375391,779.2186152465783,1.1104506620769645,,COMPLETE
1861,0.6522003799564098,2026-07-17 16:29:45.462091,2026-07-17 16:29:45.496074,0 days 00:00:00.033983,0.032802891392642156,782.0671205847406,292.56297457387615,0.12775069129848482,0.19390664331219343,778.6468863642224,2.422310350581103,0.8825774482541131,780.2849942836586,2.6084189092996266,,COMPLETE
1862,0.11432488630903219,2026-07-17 16:29:45.496074,2026-07-17 16:29:45.527122,0 days 00:00:00.031048,0.1745917975090897,783.8846399862699,-207.22306481198274,2.960310256108416,0.839094727059227,779.4853724049941,1.2486643176001582,0.38538301163991573,778.8081839216803,2.2572438826959025,,COMPLETE
1863,0.177460208246763,2026-07-17 16:29:45.527122,2026-07-17 16:29:45.558361,0 days 00:00:00.031239,0.40226902975717754,778.1280786314002,-296.2315071062133,6.263607687534141,0.5243135644482775,780.5827082359926,1.8421851272368415,0.7777690261828034,778.7676492424864,0.6504628368372871,,COMPLETE
1864,0.25700774424806483,2026-07-17 16:29:45.558361,2026-07-17 16:29:45.591634,0 days 00:00:00.033273,0.045281495313442166,783.781825948363,-244.56530737721263,1.2290649804202123,0.4204054821940767,779.3403227878512,0.5310080782228349,0.439275590124049,779.7851049765268,2.070969892014878,,COMPLETE
1865,0.09621714446926409,2026-07-17 16:29:45.591634,2026-07-17 16:29:45.623533,0 days 00:00:00.031899,0.34514015252520946,782.4026555315041,-95.18457200914115,6.467253963219884,0.6583979907655777,779.8667135492416,1.0274753361573048,0.26145740452786637,778.1684920328586,1.3917915883450962,,COMPLETE
1866,0.27285077216725373,2026-07-17 16:29:45.623533,2026-07-17 16:29:45.650644,0 days 00:00:00.027111,0.43183303217584806,783.8728131704893,-236.53582268671383,1.9826286913356608,0.530594792828585,780.0664337149221,1.3882579164713378,0.7480321965337584,779.3319612766038,2.387846726126153,,COMPLETE
1867,0.3586394559537819,2026-07-17 16:29:45.650644,2026-07-17 16:29:45.671801,0 days 00:00:00.021157,-0.012467140437576907,782.3995155016336,108.31650777748153,2.6129022437361673,0.49999248348598113,781.0086221592148,1.036326556473938,0.24792885660725916,777.0071865658435,0.6911237739250676,,COMPLETE
1868,0.720954563149977,2026-07-17 16:29:45.671801,2026-07-17 16:29:45.708067,0 days 00:00:00.036266,-0.4091440637360646,776.2700938629465,522.6216887233322,0.8337829740256519,1.367866837868538,776.8299757502451,2.8614377249221157,0.7497371178881244,781.3177891155444,0.22226359736863532,,COMPLETE
1869,0.3401375440784159,2026-07-17 16:29:45.708067,2026-07-17 16:29:45.741579,0 days 00:00:00.033512,0.1601506106305958,781.2379614912053,-92.4377693220232,6.92518676518143,0.9698203073328552,778.6934060263122,1.559122889233053,0.21081159555549528,777.6748159695394,1.5392468375236723,,COMPLETE
1870,0.27433099720946214,2026-07-17 16:29:45.741579,2026-07-17 16:29:45.768252,0 days 00:00:00.026673,0.7068742141032499,783.9621285401957,-165.1263097047753,3.513772754838677,0.5692191284296875,779.1613508206868,1.594579815558126,0.4381022703014643,776.5489004101047,2.130347002509608,,COMPLETE
