number,value,datetime_start,datetime_complete,duration,params_background_amplitude_fraction,params_background_center,params_background_offset,params_background_width,params_peak_1_amplitude_fraction,params_peak_1_center,params_peak_1_sigma,params_peak_2_amplitude_fraction,params_peak_2_center,params_peak_2_sigma,system_attrs_fixed_params,state
0,1000.0126582278481,2026-07-17 16:29:06.143581,2026-07-17 16:29:06.144582,0 days 00:00:00.001001,-0.04565173362716924,780.0450000000001,4.50849,0.7899999999999978,0.5,780.0450000000001,1.55,0.5,780.0450000000001,1.55,"{'background_offset': 4.50849, 'background_amplitude_fraction': -0.04565173362716924, 'background_center': 780.0450000000001, 'background_width': 0.7899999999999978, 'peak_1_amplitude_fraction': 0.5, 'peak_1_center': 780.0450000000001, 'peak_1_sigma': 1.55, 'peak_2_amplitude_fraction': 0.5, 'peak_2_center': 780.0450000000001, 'peak_2_sigma': 1.55}",COMPLETE
1,0.8000760345162252,2026-07-17 16:29:06.144582,2026-07-17 16:29:06.145625,0 days 00:00:00.001043,0.8397563767203438,779.5584329283831,-188.71829536895945,2.359756119762022,1.4669842679949041,780.3491173762425,1.55324934461382,0.10807670003964231,778.2156679428048,1.549659252394124,,COMPLETE
2,1.1575317329020431,2026-07-17 16:29:06.145625,2026-07-17 16:29:06.147629,0 days 00:00:00.002004,0.9112171083131262,779.1044349518735,753.1445233618963,0.1333897928750789,0.4322183989619903,783.2807888689849,0.7188175253817549,0.6781859427265247,783.4515275555433,0.17220775989600923,,COMPLETE
3,2.1821625848504915,2026-07-17 16:29:06.147629,2026-07-17 16:29:06.148629,0 days 00:00:00.001000,1.350388501240937,777.9143927442657,630.231744314129,1.0985740346594772,1.3636925623300968,777.1470386214982,1.617896483953921,1.1256147886530523,781.380204602983,1.4564832932604441,,COMPLETE
4,0.4189493771019432,2026-07-17 16:29:06.149630,2026-07-17 16:29:06.151639,0 days 00:00:00.002009,-0.02770233272678868,779.036839046142,12.083566174987197,0.8052474623454742,0.5488355786708894,782.7145521550432,2.329077768906577,0.47099201581899325,780.6187401278872,0.9005422401590157,,COMPLETE
5,0.8964490127809188,2026-07-17 16:29:06.151639,2026-07-17 16:29:06.153683,0 days 00:00:00.002044,-0.4410649021668158,781.2884557559601,399.4907148550514,0.5044152967256912,0.6886394668371472,781.7776605678214,1.2976763044301203,1.359634903746508,777.5205677917012,2.2492447314484663,,COMPLETE
6,0.5660555823413681,2026-07-17 16:29:06.153683,2026-07-17 16:29:06.153683,0 days 00:00:00,-0.22063928194517302,781.1066009622074,351.89330168368457,0.9823833049609625,0.6223289676591648,776.1062723564459,0.367560802955581,1.064091590587819,780.237330214445,2.11886534419921,,COMPLETE
7,2.265291772644361,2026-07-17 16:29:06.153683,2026-07-17 16:29:06.156082,0 days 00:00:00.002399,0.5487415631262524,776.5147166563164,1184.674200079518,0.38555578341493424,0.8888920309850594,777.952451217334,2.898415898654768,1.4175723356891907,782.7973669586178,1.4697395892363667,,COMPLETE
8,0.44793966891673076,2026-07-17 16:29:06.156082,2026-07-17 16:29:06.157080,0 days 00:00:00.000998,-1.1066680729562584,778.5339958926529,1006.600569424767,0.7561265725136751,1.1127708010252002,779.9330193068002,0.4969407445126075,0.5153047945565374,778.6579667404123,0.9712148225223152,,COMPLETE
9,0.7484711640263871,2026-07-17 16:29:06.157080,2026-07-17 16:29:06.158103,0 days 00:00:00.001023,-0.255294682280244,779.6351531942715,-49.383993610971004,2.954418037925568,1.1945860511738227,780.2218820112128,1.435827858873503,1.167320402315845,783.1045827196366,2.057264432613684,,COMPLETE
10,2.076529645072484,2026-07-17 16:29:06.158103,2026-07-17 16:29:06.159101,0 days 00:00:00.000998,1.317334061196556,776.4161808945498,942.5554757852674,4.58879216565127,0.4148446086767013,779.8535395454516,2.410606775102517,1.075863348412845,777.2574658183394,2.010369950967022,,COMPLETE
11,0.48163094236480875,2026-07-17 16:29:06.159101,2026-07-17 16:29:06.160101,0 days 00:00:00.001000,-0.42878811494136304,782.5163534462932,-199.7412699699783,0.6480735222312544,0.8997816563151695,781.8474741368624,2.4815600640890225,1.1407726799704245,776.1514318747041,1.3187448176503518,,COMPLETE
12,0.6508578922222963,2026-07-17 16:29:06.160101,2026-07-17 16:29:06.161607,0 days 00:00:00.001506,-1.333501490661832,780.3723928435522,415.57051888062875,1.4233845359977146,1.242679792494188,783.5352932187125,0.47162877660792535,0.3456460116153292,781.3023513368574,0.4841745675685708,,COMPLETE
13,0.8172893439390274,2026-07-17 16:29:06.161607,2026-07-17 16:29:06.162617,0 days 00:00:00.001010,0.2245877627674473,777.4342374161731,42.123279137081795,3.0505709256591227,1.2854634391676403,776.3610262155726,1.6446699343366535,1.1954270361653465,783.7986034811412,0.8953499202638215,,COMPLETE
14,0.6539342570259421,2026-07-17 16:29:06.162617,2026-07-17 16:29:06.163618,0 days 00:00:00.001001,1.130102790544906,783.2775414637107,-43.76072842221731,0.23705207569310985,0.6622946140539596,781.7769339193694,2.551500960415523,0.2524129580508665,781.3482548069476,2.4427228319586014,,COMPLETE
15,0.9986485455039896,2026-07-17 16:29:06.163618,2026-07-17 16:29:06.164618,0 days 00:00:00.001000,-1.0058500236629615,776.3756775581599,550.8194353207693,0.34217336429964146,1.2118062696803273,776.4486534606766,0.12382786461400491,0.5424249715680859,776.5976160570186,0.5335102796402682,,COMPLETE
16,0.6649176212705303,2026-07-17 16:29:06.164618,2026-07-17 16:29:06.166617,0 days 00:00:00.001999,0.07415951030589563,781.5988976272964,-271.69722032216043,0.6462317295443843,0.20185568796703146,778.712721966603,1.812002977488372,1.4109920900945823,783.9362059814639,0.8006484582961644,,COMPLETE
17,0.8596612050112665,2026-07-17 16:29:06.167618,2026-07-17 16:29:06.168618,0 days 00:00:00.001000,0.991920977981414,783.4152422083835,-291.39683365785214,0.7417514216562672,1.1571635168455234,782.9379723692667,1.8678829151702219,1.3089407747162807,776.2838339065245,0.8876261387527351,,COMPLETE
18,0.8051576931424484,2026-07-17 16:29:06.168618,2026-07-17 16:29:06.169617,0 days 00:00:00.000999,-1.1381027150815255,783.2896362888771,125.13817210263932,0.11422531833417056,1.008841544283169,776.658583529332,1.1462634319771414,0.6271493140163489,777.5280938835532,1.6109408995183114,,COMPLETE
19,0.2544435013374652,2026-07-17 16:29:06.170617,2026-07-17 16:29:06.171617,0 days 00:00:00.001000,-0.5488683541914116,781.9179956704631,527.8206890275037,0.20137448116405407,0.28876232843978306,778.8956370425603,1.197290786951116,0.3094287847509815,783.3528027206239,2.5014713516861478,,COMPLETE
20,0.3297495747117831,2026-07-17 16:29:06.171617,2026-07-17 16:29:06.172617,0 days 00:00:00.001000,-0.39154225301884793,777.9331016554926,-140.96534377032967,0.7177595460972028,0.41447577931619006,780.0592744398356,2.775549143926075,0.5737667083947506,781.2310137961662,1.827301227759085,,COMPLETE
21,0.5975729095619265,2026-07-17 16:29:06.172617,2026-07-17 16:29:06.173618,0 days 00:00:00.001001,-1.315004009490394,781.9791070220863,866.7506867701604,6.247105427256117,0.9053393275432298,778.3668815427473,2.0498707334449304,1.0680731801720922,781.280957263655,0.5260979155112763,,COMPLETE
22,1.7975173888466367,2026-07-17 16:29:06.173618,2026-07-17 16:29:06.174619,0 days 00:00:00.001001,1.3661503554626369,779.4495417090856,1212.8044773522518,1.338142236196217,0.0594428608003415,783.9052112430393,2.4743604786075664,0.9547535136445009,782.1075694793514,0.6452867928894999,,COMPLETE
23,0.4286350457386221,2026-07-17 16:29:06.174619,2026-07-17 16:29:06.175618,0 days 00:00:00.000999,-0.7608190671428374,780.8037880489887,172.68265679396302,0.14941738701936552,1.343414977822413,779.7469799428328,1.3899558583676983,0.15706695535986565,781.505741892775,2.4689925835930997,,COMPLETE
24,0.914937443863715,2026-07-17 16:29:06.175618,2026-07-17 16:29:06.176619,0 days 00:00:00.001001,-0.7739321776076015,782.2998237005255,675.5364705029738,0.18899279135117306,1.2409144934693956,780.6825724278339,0.9391811535774649,0.7698650997656085,781.0629260842107,0.8499095459186727,,COMPLETE
25,0.9596365364165202,2026-07-17 16:29:06.176619,2026-07-17 16:29:06.177617,0 days 00:00:00.000998,-0.23623887420217993,783.1444659123164,1015.0828807906871,3.849530594329412,0.14902127123944592,781.2004074646454,1.0004342428376531,1.1310797954747622,780.3817900938371,1.4270367364899794,,COMPLETE
26,0.5649300000638636,2026-07-17 16:29:06.177617,2026-07-17 16:29:06.178619,0 days 00:00:00.001002,-1.3282393205994971,780.4978092443571,1090.7857170541838,0.4190375921402388,0.052910004470194116,782.047796297753,1.7290479025997418,1.3412180054343232,780.8212636978175,1.077399410347777,,COMPLETE
27,0.444426364977756,2026-07-17 16:29:06.178619,2026-07-17 16:29:06.179628,0 days 00:00:00.001009,-1.1528578481720837,776.5105537663725,1231.1506719989504,2.4560838140178918,0.5563123489342263,778.9505741211655,2.6419432538197594,0.4909404697730799,783.1180099153845,1.9675651397717047,,COMPLETE
28,1000.0077149737849,2026-07-17 16:29:06.179628,2026-07-17 16:29:06.180628,0 days 00:00:00.001000,-1.3214020367625992,778.0313638858604,206.1050916830181,6.881563571082429,0.6079014603509325,777.3592643454181,0.9642384226824751,1.3493636682919872,777.3983160525172,2.355794193045116,,COMPLETE
29,1.2705618855515393,2026-07-17 16:29:06.180628,2026-07-17 16:29:06.181627,0 days 00:00:00.000999,1.3841811403137707,780.2836225501234,-97.24366319845336,0.12075925896291877,1.3964320166102995,778.9249818012271,2.2211217088103092,0.7855620221996226,776.8263962448452,0.40757173225961996,,COMPLETE
30,1.1556020347798812,2026-07-17 16:29:06.181627,2026-07-17 16:29:06.184632,0 days 00:00:00.003005,-1.016399972349459,776.5117707656837,-74.81048380394077,0.12280426654704199,1.4226424440880778,776.816205140918,1.5742198600763297,0.17794473056036425,777.7918240245489,2.312909011065143,,COMPLETE
31,1.3329752380495814,2026-07-17 16:29:06.184632,2026-07-17 16:29:06.185630,0 days 00:00:00.000998,-0.09086191583034808,776.1395714359601,1157.5964205841733,7.872718856343035,0.07165981902890373,779.1716384418413,1.6632644319767442,1.337600156331329,782.5975856821183,1.8672212590294102,,COMPLETE
32,1.0901945885749635,2026-07-17 16:29:06.185630,2026-07-17 16:29:06.186630,0 days 00:00:00.001000,1.0034361574868003,782.9605612518149,314.7579162384099,4.51388378210596,1.076454653120023,776.8675200174256,0.965880341589757,0.7288830839812095,780.0849216008907,2.5153328969387903,,COMPLETE
33,0.4175635037583714,2026-07-17 16:29:06.186630,2026-07-17 16:29:06.188634,0 days 00:00:00.002004,0.4937722666465736,779.0511791899467,63.61575041660211,2.961943035306571,0.2936614939836813,779.8603556178049,0.4003198830538798,0.31798526119946674,783.4828800221197,1.0165366204727024,,COMPLETE
34,1.0099547276817773,2026-07-17 16:29:06.188634,2026-07-17 16:29:06.189633,0 days 00:00:00.000999,0.07290926245686391,776.4033618966544,1087.0524871458372,3.1973009984428424,0.07793534269873437,782.6278538740755,0.12551742103081057,1.0111669910200116,777.4041400054944,1.0943381905656324,,COMPLETE
35,0.7825816171524798,2026-07-17 16:29:06.189633,2026-07-17 16:29:06.190632,0 days 00:00:00.000999,-0.04129958060744032,781.2886684427787,1180.4299115902459,2.5447140410587927,0.16489196480581797,782.7214864890767,2.7503678222953996,0.2331309785241134,780.4102835882687,0.9221648572430515,,COMPLETE
36,0.6408184767168826,2026-07-17 16:29:06.190632,2026-07-17 16:29:06.191633,0 days 00:00:00.001001,-1.4151888214275021,780.144121327187,849.0875591674599,3.1949712014167067,1.1021053616887901,776.9496522683257,2.51552631532795,0.35676109517560994,782.476522286613,1.541673612401093,,COMPLETE
37,0.4819725256353089,2026-07-17 16:29:06.191633,2026-07-17 16:29:06.192632,0 days 00:00:00.000999,0.7021220327010234,782.4775123218997,-56.68810461008019,2.119599245977964,1.4472695085404423,778.1185411645271,0.783710748294147,0.2208451377174001,780.3563090586102,1.2584015849185752,,COMPLETE
38,1.0399281412944765,2026-07-17 16:29:06.192632,2026-07-17 16:29:06.193632,0 days 00:00:00.001000,-0.11908619720441638,778.2638836006397,249.24036337469676,0.10187898466034244,0.7076260332771183,778.2744876804144,1.4043724658966756,1.3933126710173906,777.5091427139944,1.9487023762197477,,COMPLETE
39,0.6033138387615983,2026-07-17 16:29:06.193632,2026-07-17 16:29:06.194633,0 days 00:00:00.001001,-0.6561204493301039,779.8150151741596,698.7576142156913,6.91769355145233,0.5136901881017106,781.7225269413723,2.536635551475798,0.5410366615754488,783.9153216590205,1.9150207973851308,,COMPLETE
40,0.8925681331186844,2026-07-17 16:29:06.194633,2026-07-17 16:29:06.195708,0 days 00:00:00.001075,0.6447225525187514,779.4432564775458,474.69696088387656,2.247659328732886,0.41220357500190424,783.419945683331,1.6716922300079025,0.36247424038088344,779.5488536806089,2.695779967800596,,COMPLETE
41,1.8409954279797418,2026-07-17 16:29:06.195708,2026-07-17 16:29:06.196709,0 days 00:00:00.001001,-0.046593143884009924,778.8734432462486,952.8286906969045,0.5175797613797583,1.4717930363936145,776.9814810025405,2.6781692971507063,1.2864133101400488,777.8676684069046,1.1131403290871396,,COMPLETE
42,0.8195071539489525,2026-07-17 16:29:06.196709,2026-07-17 16:29:06.197709,0 days 00:00:00.001000,0.9071781112207402,783.6035187021713,581.8217840910058,7.6222478294226725,0.4218475603233378,777.6146722372928,1.5144029427357157,0.8363458514011024,781.2829669751069,0.4120142837115758,,COMPLETE
43,1.30799107973131,2026-07-17 16:29:06.197709,2026-07-17 16:29:06.199709,0 days 00:00:00.002000,1.264137242035014,783.3250884358533,701.7899675828812,6.179183737663202,1.3835093962978258,783.6851448371128,0.24120835763741344,1.374027286053399,778.2375811823476,1.029930632851851,,COMPLETE
44,1.2569996589672832,2026-07-17 16:29:06.199709,2026-07-17 16:29:06.200709,0 days 00:00:00.001000,1.3658411850229042,780.8752023309803,408.50644730925177,0.46696056183348583,0.5612364713291509,783.243935061703,2.484807947884315,0.20630658035396382,778.0595867426416,1.1786410831007952,,COMPLETE
45,0.5550172014766707,2026-07-17 16:29:06.200709,2026-07-17 16:29:06.201709,0 days 00:00:00.001000,0.1904452581408531,777.8617462035733,30.662231007178946,1.2330829703188142,1.4040369321092823,782.7995402067154,0.3878640429394473,0.3103571975556416,779.3557190138856,1.9737699723118176,,COMPLETE
46,0.6186570991653589,2026-07-17 16:29:06.201709,2026-07-17 16:29:06.202708,0 days 00:00:00.000999,-0.7451628949793735,778.817806393317,295.955817926061,0.24386063974119726,1.2928000792840244,781.6032885275123,1.2919843969772342,1.0506471423149564,780.2008616080819,1.6261604123598539,,COMPLETE
47,0.9088714824160905,2026-07-17 16:29:06.202708,2026-07-17 16:29:06.203733,0 days 00:00:00.001025,-0.03534492428307878,783.8805783093934,265.94546159078124,3.0805040519345863,1.2415504389776153,777.0775376262511,1.5623945509454966,0.550351410603094,776.7973650687476,1.2463033760854094,,COMPLETE
48,0.8370153788413403,2026-07-17 16:29:06.203733,2026-07-17 16:29:06.204722,0 days 00:00:00.000989,-0.7979408566042578,782.4052254188878,-192.03104404183253,2.005325486330506,1.04781995751989,776.7219272277534,0.5755486050029562,0.03237621610630076,776.8653647625893,0.3935345270415377,,COMPLETE
49,2.4613863576146935,2026-07-17 16:29:06.204722,2026-07-17 16:29:06.205721,0 days 00:00:00.000999,1.1818537904140025,777.7086064305721,1191.9794565976522,0.30313936669858543,1.4413167737036898,780.5979814122917,1.1687175488001724,0.6998164372126598,778.2454585945551,1.7923741119692465,,COMPLETE
50,0.7999341129703909,2026-07-17 16:29:06.205721,2026-07-17 16:29:06.206722,0 days 00:00:00.001001,0.046344767214601124,782.5782640428544,825.0694246945436,0.1639952912113553,0.9054794607868679,783.9128581487132,0.5323292446159138,0.742554099593665,781.0731477470898,1.0788353186142174,,COMPLETE
51,0.8495878398114414,2026-07-17 16:29:06.206722,2026-07-17 16:29:06.207721,0 days 00:00:00.000999,-0.043768776923634345,779.8767196219101,1198.966436201943,5.163201804518287,0.023865616866659722,782.9591927559156,0.4743128622844849,0.5687526273395945,779.9538037464048,1.4820202210554099,,COMPLETE
52,0.41827661802608995,2026-07-17 16:29:06.207721,2026-07-17 16:29:06.208721,0 days 00:00:00.001000,-0.5486786178171416,778.913678053902,-246.36174136704392,6.523366736832525,1.3754780624678864,780.7113542101531,2.806766344318212,1.2955686050166966,779.0632093388206,0.43920386806144474,,COMPLETE
53,1.0698636008641036,2026-07-17 16:29:06.208721,2026-07-17 16:29:06.209721,0 days 00:00:00.001000,-0.530971682405325,776.171965773002,640.524266581549,7.276332225201416,1.4539141431734988,780.3357709216547,1.892738536436428,1.0033002026415545,783.414655801448,1.4557751662849052,,COMPLETE
54,0.7129080828320549,2026-07-17 16:29:06.209721,2026-07-17 16:29:06.211721,0 days 00:00:00.002000,-0.8203810304886895,778.0099461157898,602.6271420083515,0.9789809600396351,0.34380742711535267,776.3339970048975,1.1683830824959065,1.124917716204829,778.2838544440846,2.6018414216154344,,COMPLETE
55,0.6497481256745564,2026-07-17 16:29:06.211721,2026-07-17 16:29:06.212722,0 days 00:00:00.001001,0.45995732744414775,783.1456168131348,789.4998200640346,0.13805934594376545,0.26814809925747524,783.2782347574292,2.730408392777393,0.1174008838477344,782.2114292651862,0.14475400476698294,,COMPLETE
56,1.1785943912573444,2026-07-17 16:29:06.212722,2026-07-17 16:29:06.213721,0 days 00:00:00.000999,-1.1707182789188693,778.4175650647652,-96.66422210380185,0.5454923616768497,1.3663107964062926,779.5425427209063,0.4591623244414096,0.4085231207261005,776.1453769420002,0.18134326839894993,,COMPLETE
57,0.2878713983886453,2026-07-17 16:29:06.213721,2026-07-17 16:29:06.214721,0 days 00:00:00.001000,0.036564804575328624,778.069696507905,365.47519285863433,0.5258890664831061,0.155053459037309,781.2996903380183,1.238556154356206,0.24228839921198858,780.0244096871611,0.7042870352835254,,COMPLETE
58,0.5619976758645903,2026-07-17 16:29:06.214721,2026-07-17 16:29:06.216719,0 days 00:00:00.001998,-1.1274887014157464,782.2627708802016,148.42956708502032,0.3388723576389524,1.4335149838580716,779.2979120960852,0.5500640258781263,1.05781945349014,781.8901093712435,2.6558269734678044,,COMPLETE
59,1.0119792991760177,2026-07-17 16:29:06.216719,2026-07-17 16:29:06.216719,0 days 00:00:00,0.8696578772329708,782.887096790947,-102.48028109045035,0.378322496402849,0.6817232724168208,780.9901714764311,0.8119881156217299,1.3070338794473875,781.6186346137976,2.584380833021062,,COMPLETE
60,0.5781767312420941,2026-07-17 16:29:06.216719,2026-07-17 16:29:06.218229,0 days 00:00:00.001510,0.05699508879826909,777.6296101157379,394.9168808830636,0.39436755130398027,1.0942682392798813,783.671161447525,0.5410983184206973,0.07596529159980353,776.6278761255451,1.3628681295837066,,COMPLETE
61,0.5645641135512114,2026-07-17 16:29:06.218229,2026-07-17 16:29:06.219240,0 days 00:00:00.001011,-0.8253681898819534,779.8643433640219,930.3584529186182,0.9506948616589612,1.256553597115753,777.3908623351688,0.14268395763420313,0.7599825484884644,778.9014427425668,0.9472795899846794,,COMPLETE
62,1.4024418966010286,2026-07-17 16:29:06.219240,2026-07-17 16:29:06.220240,0 days 00:00:00.001000,0.5504012141415666,776.7581034666725,898.436904853042,1.0967200669599235,1.1967669286658928,783.2815062660542,0.10053626518682472,1.2113251480287053,776.4366586285187,2.078149683190669,,COMPLETE
63,1.4077329341714866,2026-07-17 16:29:06.220240,2026-07-17 16:29:06.221240,0 days 00:00:00.001000,1.3560488767199872,781.0868448286976,626.2610132949399,0.13574325618067648,1.0055969747222475,778.1088712915246,2.5126375812507535,0.04719313486590526,778.6556730077953,2.0616640722420705,,COMPLETE
64,0.2752415277818582,2026-07-17 16:29:06.221240,2026-07-17 16:29:06.222240,0 days 00:00:00.001000,0.4388160277671058,781.6030759616978,-64.79724526563754,2.4685184413772223,1.3130027882266169,779.3590123168107,0.5132006231245985,0.3904663955867184,779.173514671397,0.25827495351223506,,COMPLETE
65,0.4253501461660943,2026-07-17 16:29:06.222240,2026-07-17 16:29:06.223240,0 days 00:00:00.001000,-1.3109680566776332,776.5508991821049,798.9453611392319,5.882153917568709,1.2093688175112622,778.0990802698277,1.090953466238271,1.238879549701829,780.986960170801,0.8682610870080585,,COMPLETE
66,1.176972085144962,2026-07-17 16:29:06.223240,2026-07-17 16:29:06.224240,0 days 00:00:00.001000,1.066678761950699,776.1004616857932,393.517409701306,7.641761623466419,0.8489003009782198,777.5329586066433,2.4205591367054975,0.11429278204114529,779.334000627022,1.7620835634777234,,COMPLETE
67,0.7592993299028677,2026-07-17 16:29:06.224240,2026-07-17 16:29:06.225240,0 days 00:00:00.001000,1.1556984523126759,781.6004629047547,78.23382017737754,0.20281004457607477,0.22889925259313254,776.5842722603568,1.7573456909258867,0.2809005151984689,780.3845631411552,2.476470186557327,,COMPLETE
68,0.8229400760395537,2026-07-17 16:29:06.226240,2026-07-17 16:29:06.227240,0 days 00:00:00.001000,-1.150948990189324,778.7196756675949,1065.507141967791,0.6194745496185644,0.5751262148351995,779.4037487638881,1.4339636959249908,1.1348254432119984,778.5085747350408,1.095930550987724,,COMPLETE
69,0.47787031967658666,2026-07-17 16:29:06.227240,2026-07-17 16:29:06.228240,0 days 00:00:00.001000,-1.0463446044325746,781.0749501218415,301.7020399806109,0.5748012401269004,1.3742288635646325,782.5841854146946,0.7675217212801296,0.36347095828681464,782.2749376728291,1.72367217054655,,COMPLETE
70,0.6884109765895485,2026-07-17 16:29:06.228240,2026-07-17 16:29:06.229240,0 days 00:00:00.001000,0.38964915795975674,779.2148120075522,-291.9735866879794,3.0906008058949306,1.1202705517251377,783.381391267481,2.1279293166666653,1.3694678802646583,778.3437730674226,1.0822755007774796,,COMPLETE
