number,value,datetime_start,datetime_complete,duration,params_background_amplitude_fraction,params_background_center,params_background_offset,params_background_width,params_peak_1_amplitude_fraction,params_peak_1_center,params_peak_1_sigma,params_peak_2_amplitude_fraction,params_peak_2_center,params_peak_2_sigma,system_attrs_fixed_params,state
1151,0.3611127923666304,2026-07-17 16:29:24.703407,2026-07-17 16:29:24.724555,0 days 00:00:00.021148,0.36195920490350664,781.3363569242224,-306.5866313212103,7.576491189138343,0.8554185160037743,781.1638929962522,1.7107230054760278,0.3563330097499431,778.9490691370344,2.0018017293219104,,COMPLETE
1152,0.5235742438209703,2026-07-17 16:29:24.724555,2026-07-17 16:29:24.745874,0 days 00:00:00.021319,0.14920053741150202,783.0246387184831,268.5435552677509,1.9357699245285447,1.210282991255087,780.1228464400452,1.4682902701499747,0.05851699846644313,780.5836726548231,2.7616171885718543,,COMPLETE
1153,0.45641581257396047,2026-07-17 16:29:24.745874,2026-07-17 16:29:24.766442,0 days 00:00:00.020568,0.5872246162126463,783.9345667885202,-84.91328099989192,5.209571546038162,1.1934051970822936,779.667802446371,1.7105824252563915,0.10306632238503663,783.2047939552269,2.957445173448537,,COMPLETE
1154,0.2394353587196977,2026-07-17 16:29:24.766442,2026-07-17 16:29:24.787344,0 days 00:00:00.020902,-0.7941045161242078,781.9972420746611,502.5119627617686,7.840461027553135,0.8569273554932039,779.993691733254,1.9552985832684815,0.012506392036145172,783.740101555656,1.3382113377102536,,COMPLETE
1155,1.0841101483119018,2026-07-17 16:29:24.787344,2026-07-17 16:29:24.813841,0 days 00:00:00.026497,0.5474380740714255,776.1796550876988,61.40180515472059,1.8196744416487893,1.3954040861718344,783.8571107300951,2.4395038823056847,0.5259972140209936,776.2003702323893,1.3213492370811015,,COMPLETE
1156,1.2897866619965033,2026-07-17 16:29:24.813841,2026-07-17 16:29:24.834430,0 days 00:00:00.020589,1.3847236868656223,782.8221878302394,62.25869238947581,0.7203842656823092,1.4026632009694406,783.5373520913156,2.892237031268917,0.8639907150179986,779.525256292372,1.4278189581486884,,COMPLETE
1157,0.3611804107726901,2026-07-17 16:29:24.834430,2026-07-17 16:29:24.864136,0 days 00:00:00.029706,-0.4582058046270736,781.8453904727929,171.5985786785007,2.9030278850159004,1.2907209051039508,779.3102823004347,1.7174928647734604,0.03442712303667757,780.7844148491437,1.9645348878438078,,COMPLETE
1158,1.4465166242502638,2026-07-17 16:29:24.864136,2026-07-17 16:29:24.884787,0 days 00:00:00.020651,-0.8017194046923855,781.2315913161001,1165.9951036053747,2.693310361616406,1.4462662961752297,779.1557766679942,2.757234854898302,1.093814709753836,780.9778550915374,0.33002789592540993,,COMPLETE
1159,0.2719219243331183,2026-07-17 16:29:24.884787,2026-07-17 16:29:24.905645,0 days 00:00:00.020858,0.3786318878533073,776.4893722739181,-157.51196090825823,3.6693029135378454,0.2869938000834356,779.2239546769409,0.2008304318094366,0.7824828800407513,778.8866429876508,1.9236441449398318,,COMPLETE
1160,0.35005100996590355,2026-07-17 16:29:24.905645,2026-07-17 16:29:24.931612,0 days 00:00:00.025967,0.5202919239119924,778.8372076035776,-55.84920491035847,2.360095739702512,0.16191938502814357,779.392680353212,2.518992412993498,0.6995807631337462,779.7468715191418,1.3943373856856665,,COMPLETE
1161,0.6593829562091152,2026-07-17 16:29:24.931612,2026-07-17 16:29:24.952259,0 days 00:00:00.020647,-0.6053996490293725,777.3882200880138,-139.6478713043952,3.2621011885345044,0.4638604166539276,777.3608286337679,0.9220496098986587,0.46317307469107305,780.2075582989353,1.2596767994193159,,COMPLETE
1162,0.3606658186783837,2026-07-17 16:29:24.952259,2026-07-17 16:29:24.978301,0 days 00:00:00.026042,-0.5917970839147764,782.5115971040341,-71.93517185370266,2.061959144783677,0.9264181258316935,778.5248765326103,1.4982311441241203,0.10529738333592198,779.6065450251435,2.5611080842905487,,COMPLETE
1163,0.11668163111920381,2026-07-17 16:29:24.978301,2026-07-17 16:29:24.994231,0 days 00:00:00.015930,0.24389824887255265,776.3675783113792,-302.9806384130349,3.0183657101873638,0.5796425652915443,779.7726715907428,1.87057784110312,0.34675649221109867,778.7305328989871,1.298383304276308,,COMPLETE
1164,0.5492777400218014,2026-07-17 16:29:24.994231,2026-07-17 16:29:25.016057,0 days 00:00:00.021826,0.33139828057801257,783.7735790057192,-180.02478185068355,7.122631179455941,0.9216912730260144,781.4242899071455,1.5316413279523757,0.24512461802778573,781.7023401960312,2.3852550847437266,,COMPLETE
1165,0.7196290503275503,2026-07-17 16:29:25.016057,2026-07-17 16:29:25.042572,0 days 00:00:00.026515,0.9220876272634397,776.99544002883,-96.61610109145809,7.029193525636228,0.7160909342236979,779.5578259551863,1.9777054780205345,0.5329937177634214,779.7114738040825,1.0941589284506201,,COMPLETE
1166,1.3039134272945385,2026-07-17 16:29:25.042572,2026-07-17 16:29:25.063694,0 days 00:00:00.021122,1.0103731198027444,777.3201236348336,811.6353742797737,7.023044933181368,0.6826011047372935,782.7985823890176,1.8898798819816378,0.001425208822842583,779.1004883110149,0.3223505490471412,,COMPLETE
1167,0.25097651021662076,2026-07-17 16:29:25.063694,2026-07-17 16:29:25.098901,0 days 00:00:00.035207,0.11315481275007377,777.3102540401377,-123.14883992452377,2.074768991479814,0.6477772102422817,778.0581631151606,2.0761763425173387,0.6267725618186812,779.8399877595364,1.1947244897863962,,COMPLETE
1168,0.27614332488836096,2026-07-17 16:29:25.098901,2026-07-17 16:29:25.121396,0 days 00:00:00.022495,-0.44118287611248397,783.1227100589614,470.61788692954457,7.661683688879694,0.8007799121780141,779.6706377701574,1.4772661079288025,0.10387606377807568,782.5904318124432,2.9456471882037527,,COMPLETE
1169,0.4264083765059803,2026-07-17 16:29:25.121396,2026-07-17 16:29:25.143750,0 days 00:00:00.022354,-0.3220257164300945,776.7203052181167,-194.4249335773119,3.360366813489293,0.37362607782990076,780.5226862987487,1.7988965693092982,0.782364966390545,780.9309578296758,1.2494160807503782,,COMPLETE
1170,0.21648461659541426,2026-07-17 16:29:25.143750,2026-07-17 16:29:25.166763,0 days 00:00:00.023013,-0.2647988055254727,776.8632954380415,-68.29726158675068,1.3567267677226675,0.8134058818957637,779.8465701905293,2.0609920429922384,0.008884361600327795,779.0999946259569,1.1521566189347598,,COMPLETE
1171,0.20344329115659499,2026-07-17 16:29:25.166763,2026-07-17 16:29:25.187855,0 days 00:00:00.021092,-0.35857786023923494,776.1464123005094,-41.29454723555244,5.66341645281845,0.38626808089609344,779.2363091237665,1.4950761703412383,0.6242174677225478,779.0604683310038,1.9069437935981595,,COMPLETE
1172,0.8007364384980429,2026-07-17 16:29:25.187855,2026-07-17 16:29:25.208677,0 days 00:00:00.020822,0.6686542585271643,783.2100436195765,408.66754402861943,0.8002684424824059,0.018632406502697707,781.0024032455914,1.5095111537846515,1.1891607409227507,776.646380214142,2.788680425755736,,COMPLETE
1173,0.23819491762865544,2026-07-17 16:29:25.208677,2026-07-17 16:29:25.229374,0 days 00:00:00.020697,-0.36104386562480795,781.9683800146539,-109.42283641057566,1.7455385505132186,0.9057728816587542,779.4278658022245,0.9554917378936669,0.10556557248620904,780.807361474568,2.6218260991267544,,COMPLETE
1174,0.7985089580465593,2026-07-17 16:29:25.229374,2026-07-17 16:29:25.256539,0 days 00:00:00.027165,-1.3294968273430738,783.3667308501883,-161.1509193394179,0.30636822419284626,1.4524709993059466,777.7632755954149,0.30984067488900635,1.0777246443959054,777.6108482652771,2.078067422069131,,COMPLETE
1175,0.3563369967761663,2026-07-17 16:29:25.256539,2026-07-17 16:29:25.281785,0 days 00:00:00.025246,-0.2466626106794318,778.7101901729809,-303.4092736799032,6.690746523068281,0.671536525090775,778.5803820094852,0.7978715623797449,0.48170650726721764,779.47444781301,2.1516659209548594,,COMPLETE
1176,1.304681912457546,2026-07-17 16:29:25.281785,2026-07-17 16:29:25.302567,0 days 00:00:00.020782,1.0429144061273505,777.059248112688,713.9742375586056,6.937433770410617,1.3640913928369915,776.8306582941793,0.20224986028342706,1.2393734969160395,783.1359789988272,0.4871818767739755,,COMPLETE
1177,0.5484866166090689,2026-07-17 16:29:25.302567,2026-07-17 16:29:25.323432,0 days 00:00:00.020865,0.31412471128409747,776.9800215052923,-136.5474794848587,2.326436066686855,0.8019804084032268,781.8107890790646,1.2399789051703447,0.20405005494812267,780.513450453085,2.1855842982858658,,COMPLETE
1178,1000.0035436016899,2026-07-17 16:29:25.323432,2026-07-17 16:29:25.344703,0 days 00:00:00.021271,-0.42869232894911485,783.7736836300245,185.3550268737711,7.3932859559150375,0.640237040811755,780.9664237113782,2.1472316104463895,0.21118284074876148,780.8944181647283,2.388893776766563,,COMPLETE
1179,1.1698853604392048,2026-07-17 16:29:25.344703,2026-07-17 16:29:25.365753,0 days 00:00:00.021050,1.076837269652597,776.1320265308817,-252.28004992168155,0.3831033617763056,1.3909588551669314,781.9939679335752,0.2741102045165087,0.7253425995634714,782.5255067933552,1.9478759889591348,,COMPLETE
1180,0.27151588918172,2026-07-17 16:29:25.365753,2026-07-17 16:29:25.386632,0 days 00:00:00.020879,-0.5840380578093654,783.3247269873198,256.8097483847899,6.808989348129313,0.9970304594920927,778.8216730039261,0.8394405272859461,0.005304726598197695,780.6686640882606,2.5223874477286308,,COMPLETE
1181,0.5042077345907624,2026-07-17 16:29:25.386632,2026-07-17 16:29:25.407456,0 days 00:00:00.020824,-0.2872280374082852,777.0049167759003,900.776184016974,0.28715585582344916,0.4832767926462763,778.8509805572942,2.343683699097884,0.016493008445195967,781.8439523361517,1.1509658717085756,,COMPLETE
1182,0.14323494226412709,2026-07-17 16:29:25.407456,2026-07-17 16:29:25.427548,0 days 00:00:00.020092,-0.6010184467341415,782.1109320345362,419.15699447078623,3.78655756026225,0.6370184384895661,779.9730715761889,1.3372083870438676,0.018452326827446797,783.8885260874305,0.5374822152969765,,COMPLETE
1183,0.5008256456358964,2026-07-17 16:29:25.427548,2026-07-17 16:29:25.466788,0 days 00:00:00.039240,-0.5121112975185371,780.021774011152,89.34935210576614,3.48747427264875,0.3237118437381817,782.46424163778,2.268741119455386,1.386932176564737,779.9700553465786,2.0206392290867705,,COMPLETE
1184,0.8042357097141306,2026-07-17 16:29:25.466788,2026-07-17 16:29:25.490563,0 days 00:00:00.023775,-0.9478726947694371,783.4386802903206,-302.42067664873366,6.443531797802179,0.7131462151678815,782.9382376896007,1.4340650003305764,0.12376142152835348,781.3812723467677,2.8800433346327425,,COMPLETE
1185,0.3872317340207652,2026-07-17 16:29:25.490563,2026-07-17 16:29:25.511378,0 days 00:00:00.020815,0.10268816453570327,782.9856014391764,-55.343179791769074,4.128018847829364,1.2834305671831234,778.6127086042235,0.34570614147804696,0.09661076129392909,781.6799575849097,2.3143999912858004,,COMPLETE
1186,0.430335875647978,2026-07-17 16:29:25.511378,2026-07-17 16:29:25.531964,0 days 00:00:00.020586,-1.4598049544385654,782.0383429000508,428.1342259742264,1.9801817899345775,0.6984797382844209,781.639811804026,1.0541657353479919,0.11636938176632103,783.4426898203582,0.6115592084702095,,COMPLETE
1187,0.7072218517825555,2026-07-17 16:29:25.531964,2026-07-17 16:29:25.558131,0 days 00:00:00.026167,-0.9114120491529294,778.2362873806165,771.9266936995957,7.397380548648959,1.3677003089524558,783.8085733900335,2.459026636663735,0.2234244995872221,778.4835127643395,0.5134303784702752,,COMPLETE
1188,0.7711887434118316,2026-07-17 16:29:25.558131,2026-07-17 16:29:25.584097,0 days 00:00:00.025966,-0.6233276330814619,783.1513480055737,-44.13192311515869,4.872075931838028,1.4622247945384195,777.1349913580941,0.9064998334778482,0.011368550944643032,780.7940892835768,2.9919748370369446,,COMPLETE
1189,2.1325964523486585,2026-07-17 16:29:25.584097,2026-07-17 16:29:25.608521,0 days 00:00:00.024424,1.1397400104564208,778.1625385688875,901.713507264273,0.7010534127088438,1.2012410049782187,783.7326579907366,2.131311848932374,0.7772836077428337,777.3743825112796,2.3561266396868534,,COMPLETE
1190,1.3387972720576853,2026-07-17 16:29:25.608521,2026-07-17 16:29:25.631710,0 days 00:00:00.023189,0.8201607360884766,780.9295183445761,1183.400976157876,0.19442675345850835,0.05228680827994614,778.419815559559,2.751754091939447,0.39881691009644304,781.1277748906747,2.1670519382209426,,COMPLETE
1191,0.543742178177174,2026-07-17 16:29:25.631710,2026-07-17 16:29:25.658576,0 days 00:00:00.026866,-0.0247158374112888,783.9295373515738,-20.521499776757622,5.173183426791985,0.9626199447975465,780.1309304831565,1.8085145568557852,0.5321770359383035,780.2686863333084,2.3542327240145187,,COMPLETE
1192,1.5587512461414432,2026-07-17 16:29:25.658576,2026-07-17 16:29:25.680864,0 days 00:00:00.022288,0.4831925418048987,779.6039727186682,1246.42197456204,5.18824723761163,0.06592690465093443,782.8744021560394,1.8085228769535826,1.1269976258864922,781.9827320873903,1.6123401808202062,,COMPLETE
1193,0.379529880024578,2026-07-17 16:29:25.680864,2026-07-17 16:29:25.705064,0 days 00:00:00.024200,0.10751411836677399,782.4043838832471,226.13853722603625,6.408118094562306,0.3004522913975257,776.7096145679793,1.3844741790390152,0.02935008209359409,781.8265916451531,2.075330359511926,,COMPLETE
1194,0.3910747770474867,2026-07-17 16:29:25.705064,2026-07-17 16:29:25.731536,0 days 00:00:00.026472,-0.13341276951958708,781.9407063915154,744.4005873488186,1.5692246946433348,0.4813582564321826,779.5473703988789,0.7836402031994625,0.3125107098786258,783.61431712364,0.28515048052893294,,COMPLETE
1195,0.261462950875872,2026-07-17 16:29:25.731536,2026-07-17 16:29:25.747685,0 days 00:00:00.016149,-0.3403904229357541,782.9492655194649,469.7240482927716,1.6419249298614578,0.6441057068749153,780.121662328775,1.3235105737707082,0.16887508568354798,783.9772971047821,0.41215483146829046,,COMPLETE
1196,0.7507940507990266,2026-07-17 16:29:25.747685,2026-07-17 16:29:25.774483,0 days 00:00:00.026798,0.8131755477344262,783.952990330163,329.0571445792816,3.318369253024072,0.9837536941970739,778.6217195363399,0.6282902375503955,0.588148455993092,781.9573582141937,2.6651978703281483,,COMPLETE
1197,0.1697598685000798,2026-07-17 16:29:25.774483,2026-07-17 16:29:25.795931,0 days 00:00:00.021448,0.24004808819478252,777.6865206572039,-235.89377613958465,1.342916299290532,0.018246207283505372,780.4981046120191,2.217731521778199,0.5952639510241148,779.3758189443054,1.7733310173592078,,COMPLETE
1198,0.5571995676761062,2026-07-17 16:29:25.795931,2026-07-17 16:29:25.817224,0 days 00:00:00.021293,0.195731232195469,777.89206013629,20.24948486009606,7.183537056774993,0.5412175764354298,781.2521075865544,1.0581796315531533,0.9262561851372744,777.7070778176139,2.5497730283567583,,COMPLETE
1199,0.637892616757821,2026-07-17 16:29:25.817224,2026-07-17 16:29:25.833196,0 days 00:00:00.015972,-0.6355635678125615,783.2947382593811,527.2363077510765,7.1285753963663705,1.1001559472075053,780.412218058629,1.3972194525448305,0.4188611627288584,780.6100018079676,2.308224316353365,,COMPLETE
1200,0.9293384589522388,2026-07-17 16:29:25.833196,2026-07-17 16:29:25.859099,0 days 00:00:00.025903,0.9999114065560137,776.1338703512096,-140.76448830869592,1.4005819927330625,0.7135331380243446,778.2352109154681,1.180161471118311,0.6934494976377034,777.4828249733063,0.8473610570681773,,COMPLETE
1201,0.9330960347092865,2026-07-17 16:29:25.859099,2026-07-17 16:29:25.879839,0 days 00:00:00.020740,0.7702520567895594,783.0170519112594,446.13879621147004,2.3671194190500664,1.0579046206396052,781.1230748440829,0.8453738879481285,0.4665209254057038,780.8978407246334,1.740983380092646,,COMPLETE
1202,0.469730888473715,2026-07-17 16:29:25.879839,2026-07-17 16:29:25.900442,0 days 00:00:00.020603,0.7322287828776898,776.7224303972853,-48.50188411451737,3.0250277141681217,0.36479048566953776,780.2735997924652,1.8208263526004136,0.08596422831153622,779.0723805561622,2.3077294139657925,,COMPLETE
1203,0.48058630767805577,2026-07-17 16:29:25.900442,2026-07-17 16:29:25.937373,0 days 00:00:00.036931,-1.0947682925495419,781.8610633092707,917.2948554934203,4.966075892967973,0.09504802401925294,781.4648933021249,2.897469275085682,1.031428980008811,779.4969008727584,1.5039889540489157,,COMPLETE
1204,0.18099354081477848,2026-07-17 16:29:25.937373,2026-07-17 16:29:25.958180,0 days 00:00:00.020807,-0.6218343460571841,783.848500240626,192.81661535048616,3.0051178995990093,0.6797063341014183,779.1436847054329,1.609374170894707,0.04380687879087271,783.0327676500008,1.9244613228604615,,COMPLETE
1205,0.22252490628690194,2026-07-17 16:29:25.958180,2026-07-17 16:29:25.979059,0 days 00:00:00.020879,0.6032062858757308,776.174962158465,-276.2508450799106,5.504388456412091,0.5290148390293108,779.3916013861019,1.8630382519834572,0.02813135007013806,779.1585269737558,0.17763678539824368,,COMPLETE
1206,0.10685252465599855,2026-07-17 16:29:25.979059,2026-07-17 16:29:26.006052,0 days 00:00:00.026993,-0.17597634249657665,777.4291478812328,-47.39042384137733,3.1479219518908144,0.499935466341349,779.74026200857,0.8202232430629828,0.7802055362473843,779.4076400216147,1.6169268954760703,,COMPLETE
1207,0.6300192554928716,2026-07-17 16:29:26.006052,2026-07-17 16:29:26.028874,0 days 00:00:00.022822,0.6163694160306021,781.7933648704867,544.4316963059617,0.14080569627223674,0.09693465500658205,777.665071824985,2.342600937639694,0.24382682871445338,776.1796240453634,1.7718762526214196,,COMPLETE
1208,0.5608882842514563,2026-07-17 16:29:26.028874,2026-07-17 16:29:26.049563,0 days 00:00:00.020689,0.1892336990964914,783.8815615629474,86.2482523862443,4.294112428083725,1.194094528350415,780.5241553928655,1.1986715595433686,0.43543183560508236,783.8416868290963,2.0507216232348107,,COMPLETE
1209,0.24151298302297294,2026-07-17 16:29:26.049563,2026-07-17 16:29:26.070182,0 days 00:00:00.020619,0.32406818494756306,776.8535825981581,-246.30255991531754,3.3826156449921063,0.9333401759786497,778.7664182070513,1.4205660222629601,0.2693636752861308,781.9734302341869,1.7631004504039174,,COMPLETE
1210,0.43710106898278445,2026-07-17 16:29:26.070182,2026-07-17 16:29:26.091507,0 days 00:00:00.021325,-0.5648595443833224,776.4136722663251,-254.36334405961003,5.106569931590004,0.8377311027934727,779.789139683641,1.1108647900699002,0.4671399977444331,778.0812135094894,2.119669111920385,,COMPLETE
1211,0.38725655403005,2026-07-17 16:29:26.091507,2026-07-17 16:29:26.117601,0 days 00:00:00.026094,-0.5809790015076783,778.842822180826,-23.187482492301683,2.040328184032479,0.5948128238494201,779.9461214429374,0.304940389878525,1.2711698176632675,779.2994856722042,1.090840014586517,,COMPLETE
1212,0.743203475153935,2026-07-17 16:29:26.117601,2026-07-17 16:29:26.138539,0 days 00:00:00.020938,0.3742449688361208,778.0518679038051,-86.0333046788976,5.5613391875609,0.759019300690739,778.891969292792,1.9099054117551568,1.0326171864495266,777.1906333019529,1.2005373150273568,,COMPLETE
1213,0.3459418659725938,2026-07-17 16:29:26.138539,2026-07-17 16:29:26.158903,0 days 00:00:00.020364,-0.07910661835575211,778.6112638495172,-30.342916820408778,7.384462994754272,0.8207639946508376,779.4104242989921,0.5591457776336064,0.8377648013710317,781.8400331582317,1.3712169977801558,,COMPLETE
1214,0.11137374749567895,2026-07-17 16:29:26.158903,2026-07-17 16:29:26.185024,0 days 00:00:00.026121,-0.24835878873196598,778.1138005539839,-43.17415875783404,3.576631693728363,0.22929915757223335,779.9282823584643,0.9926273570169151,0.791649636768843,779.5885774037259,1.7896189390677617,,COMPLETE
1215,0.3345004259381558,2026-07-17 16:29:26.185024,2026-07-17 16:29:26.208709,0 days 00:00:00.023685,-0.17811010723646475,781.8548480915165,85.76618356902397,4.330143154314836,0.6134096084137302,781.4315751558873,0.7497419899023452,0.2898638562036263,779.2397745352629,1.7668762716838307,,COMPLETE
1216,1.0577627963431,2026-07-17 16:29:26.208709,2026-07-17 16:29:26.233883,0 days 00:00:00.025174,-0.4128584710073839,782.5372848786316,315.02365190624903,1.8813469406210899,1.0481755584438444,777.4157504656979,2.6132764371419803,1.3666251421921465,778.1711789396173,0.7995575290489674,,COMPLETE
1217,0.1990573083044645,2026-07-17 16:29:26.233883,2026-07-17 16:29:26.255288,0 days 00:00:00.021405,-0.3731508191460541,783.4337400260251,-272.34473750093076,3.5710039900845216,1.0769878772779702,779.905850095189,1.856319336960159,0.2864989883399994,781.0106931148734,2.394903615621744,,COMPLETE
1218,0.46460527418296593,2026-07-17 16:29:26.255288,2026-07-17 16:29:26.277391,0 days 00:00:00.022103,-1.0545799249707242,782.2303950691189,61.02644876581283,7.498129241978281,0.46905447753733126,779.6277127708166,1.2939761510627037,0.3008907544999405,783.2739365977815,2.8833557827965537,,COMPLETE
1219,0.273153036148055,2026-07-17 16:29:26.277391,2026-07-17 16:29:26.307650,0 days 00:00:00.030259,0.0748457512613094,780.1395722360131,324.3320069927936,5.137534449742822,0.31735584509171266,780.1585794532846,1.0607453156964177,0.7677520677396402,779.5246613790034,0.9655681011201496,,COMPLETE
1220,0.31134399215882824,2026-07-17 16:29:26.307650,2026-07-17 16:29:26.338620,0 days 00:00:00.030970,0.42653514926794234,782.4716795554988,-80.33226062734407,4.737620041503466,0.8829386328916176,778.3589346646688,1.677569589446505,0.024680646216646333,781.7045870226189,2.6330543459473215,,COMPLETE
1221,0.4539267358617676,2026-07-17 16:29:26.338620,2026-07-17 16:29:26.364838,0 days 00:00:00.026218,-0.40252736787441434,778.0299146136977,498.43410216331057,2.462554453631723,0.8344377600949419,778.7769834465964,0.9122419221815332,0.6272477352808041,779.3822432392107,1.9387998373539186,,COMPLETE
1222,0.851521700179764,2026-07-17 16:29:26.364838,2026-07-17 16:29:26.395679,0 days 00:00:00.030841,0.585376768227403,777.3794076118569,-3.1366706407988545,1.2547770385458645,0.09751880165921445,783.3693753822678,0.5437681199181814,0.8699281212641252,781.3245275716124,2.906374647931475,,COMPLETE
